#
# A fatal error has been detected by the Java Runtime Environment:
#
#  EXCEPTION_ACCESS_VIOLATION (0xc0000005) at pc=0x00007ffc623feb3a, pid=16876, tid=18956
#
# JRE version: Java(TM) SE Runtime Environment (8.0_60-b27) (build 1.8.0_60-b27)
# Java VM: Java HotSpot(TM) 64-Bit Server VM (25.60-b23 mixed mode windows-amd64 compressed oops)
# Problematic frame:
# C  [jcef.dll+0x1eb3a]
#
# Failed to write core dump. Minidumps are not enabled by default on client versions of Windows
#
# If you would like to submit a bug report, please visit:
#   http://bugreport.java.com/bugreport/crash.jsp
#

---------------  T H R E A D  ---------------

Current thread (0x0000000017c48000):  VMThread [stack: 0x0000000018cd0000,0x0000000018dd0000] [id=18956]

siginfo: ExceptionCode=0xc0000005, reading address 0x00000000000000b0

Registers:
RAX=0x0000000000000000, RBX=0x0000000000000001, RCX=0x0000000017c481f8, RDX=0x000000001af4b048
RSP=0x0000000018dcefe0, RBP=0x0000000017b55500, RSI=0x00007ffc624ad190, RDI=0x000000001fb2d1b0
R8 =0x0000000000000001, R9 =0x0000000000000000, R10=0x0000000018dcf028, R11=0x0000000000000064
R12=0x0000000001351350, R13=0x0000000000000040, R14=0x00000000013513a8, R15=0x0000000000000001
RIP=0x00007ffc623feb3a, EFLAGS=0x0000000000010202

Top of Stack: (sp=0x0000000018dcefe0)
0x0000000018dcefe0:   0000000000000001 000000001fbb53a0
0x0000000018dceff0:   00000000013513a8 0000000001280000
0x0000000018dcf000:   fffffffffffffffe 0000000001351350
0x0000000018dcf010:   000000001fb2d140 00007ffc623febe5
0x0000000018dcf020:   0000000001351301 0000000017c481f8
0x0000000018dcf030:   0000000000000001 00007ffca0060abd
0x0000000018dcf040:   000000001fb22f00 00007ffc624016b4
0x0000000018dcf050:   000000001fb057c0 00007ffc624ad190
0x0000000018dcf060:   0000000000000001 000000001fb22f00
0x0000000018dcf070:   0000000017b55500 00007ffc6242abe2
0x0000000018dcf080:   00000000013513a8 00007ffc624ad190
0x0000000018dcf090:   0000000000000001 000000001fb22f00
0x0000000018dcf0a0:   0000000021fe1040 00007ffc62431642
0x0000000018dcf0b0:   000000001fb2d240 000000001fb2d240
0x0000000018dcf0c0:   0000000000000001 000000001fb22f00
0x0000000018dcf0d0:   000000001fb2d240 00007ffc4a7a0e40 

Instructions: (pc=0x00007ffc623feb3a)
0x00007ffc623feb1a:   48 8d 4c 24 48 e8 8c 91 00 00 90 85 c0 75 23 48
0x00007ffc623feb2a:   8b 4c 24 48 48 85 c9 74 19 48 8b 01 48 8b 57 a0
0x00007ffc623feb3a:   ff 90 b0 00 00 00 90 48 8d 4c 24 40 e8 05 85 00
0x00007ffc623feb4a:   00 90 48 8d 4f c8 e8 9b 51 04 00 90 4c 8b 47 b8 


Register to memory mapping:

RAX=0x0000000000000000 is an unknown value
RBX=0x0000000000000001 is an unknown value
RCX=0x0000000017c481f8 is an unknown value
RDX=0x000000001af4b048 is a global jni handle
RSP=0x0000000018dcefe0 is an unknown value
RBP=0x0000000017b55500 is an unknown value
RSI=0x00007ffc624ad190 is an unknown value
RDI=0x000000001fb2d1b0 is an unknown value
R8 =0x0000000000000001 is an unknown value
R9 =0x0000000000000000 is an unknown value
R10=0x0000000018dcf028 is an unknown value
R11=0x0000000000000064 is an unknown value
R12=0x0000000001351350 is an unknown value
R13=0x0000000000000040 is an unknown value
R14=0x00000000013513a8 is an unknown value
R15=0x0000000000000001 is an unknown value


Stack: [0x0000000018cd0000,0x0000000018dd0000],  sp=0x0000000018dcefe0,  free space=1019k
Native frames: (J=compiled Java code, j=interpreted, Vv=VM code, C=native code)
C  [jcef.dll+0x1eb3a]
C  [jcef.dll+0x1ebe5]
C  [jcef.dll+0x216b4]
C  [jcef.dll+0x4abe2]
C  [jcef.dll+0x51642]
C  [libcef.dll+0x1980e40]
C  [libcef.dll+0x227bc96]
C  [libcef.dll+0x227c048]
C  [libcef.dll+0x2283ccf]
C  [libcef.dll+0x19897be]
C  [libcef.dll+0x1985ba0]
C  [jcef.dll+0x39cc8]
C  [jcef.dll+0x3734d]
C  [jcef.dll+0x37720]
C  [jcef.dll+0x86b84]
C  [jcef.dll+0x702b7]
C  [jcef.dll+0x7055d]
C  [jcef.dll+0x6fa48]
C  [jcef.dll+0x649a3]
C  [jcef.dll+0x651a2]
C  [jcef.dll+0x65298]
C  [ntdll.dll+0x152c8]
C  [ntdll.dll+0x5b2ea]
C  [ntdll.dll+0x5b17a]
C  [KERNEL32.DLL+0x24d8a]
C  [msvcr100.dll+0x20ccd]
V  [jvm.dll+0x210a25]
V  [jvm.dll+0x249747]
V  [jvm.dll+0x2489e6]
V  [jvm.dll+0x248e81]
V  [jvm.dll+0x24909e]
V  [jvm.dll+0x299f6a]
C  [msvcr100.dll+0x21d9f]
C  [msvcr100.dll+0x21e3b]
C  [KERNEL32.DLL+0x18102]
C  [ntdll.dll+0x5c5b4]

VM_Operation (0x000000001d94cf90): Exit, mode: safepoint, requested by thread 0x000000001b03f000


---------------  P R O C E S S  ---------------

Java Threads: ( => current thread )
  0x000000001b0c4000 JavaThread "Thread-8" daemon [_thread_in_native, id=18800, stack(0x0000000021a90000,0x0000000021b90000)]
  0x000000001b03e000 JavaThread "Thread-6" daemon [_thread_in_native, id=4768, stack(0x0000000021190000,0x0000000021290000)]
  0x000000001b043800 JavaThread "DestroyJavaVM" [_thread_blocked, id=9652, stack(0x0000000002f30000,0x0000000003030000)]
  0x000000001b040800 JavaThread "TimerQueue" daemon [_thread_blocked, id=18388, stack(0x000000001dc20000,0x000000001dd20000)]
  0x000000001b03f000 JavaThread "AWT-EventQueue-0" [_thread_blocked, id=6016, stack(0x000000001d850000,0x000000001d950000)]
  0x000000001b03f800 JavaThread "AWT-Shutdown" [_thread_blocked, id=13364, stack(0x000000001d750000,0x000000001d850000)]
  0x0000000019ddd800 JavaThread "Java2D Disposer" daemon [_thread_blocked, id=14972, stack(0x000000001a490000,0x000000001a590000)]
  0x0000000017cde800 JavaThread "Service Thread" daemon [_thread_blocked, id=16660, stack(0x00000000199b0000,0x0000000019ab0000)]
  0x0000000017c89000 JavaThread "C1 CompilerThread2" daemon [_thread_blocked, id=10516, stack(0x00000000194b0000,0x00000000195b0000)]
  0x0000000017c82800 JavaThread "C2 CompilerThread1" daemon [_thread_blocked, id=12880, stack(0x00000000193b0000,0x00000000194b0000)]
  0x0000000017c7f800 JavaThread "C2 CompilerThread0" daemon [_thread_blocked, id=18152, stack(0x00000000192b0000,0x00000000193b0000)]
  0x0000000017c7e000 JavaThread "Attach Listener" daemon [_thread_blocked, id=18576, stack(0x00000000191b0000,0x00000000192b0000)]
  0x0000000017c7d000 JavaThread "Signal Dispatcher" daemon [_thread_blocked, id=13524, stack(0x00000000190b0000,0x00000000191b0000)]
  0x000000000312b800 JavaThread "Finalizer" daemon [_thread_blocked, id=6440, stack(0x0000000018ed0000,0x0000000018fd0000)]
  0x0000000003122800 JavaThread "Reference Handler" daemon [_thread_blocked, id=15896, stack(0x0000000018dd0000,0x0000000018ed0000)]

Other Threads:
=>0x0000000017c48000 VMThread [stack: 0x0000000018cd0000,0x0000000018dd0000] [id=18956]

VM state:at safepoint (shutting down)

VM Mutex/Monitor currently owned by a thread:  ([mutex/lock_event])
[0x00000000030320d0] Threads_lock - owner thread: 0x0000000017c48000

Heap:
 PSYoungGen      total 201216K, used 33751K [0x00000000d5d80000, 0x00000000e7400000, 0x0000000100000000)
  eden space 192000K, 13% used [0x00000000d5d80000,0x00000000d75f02d0,0x00000000e1900000)
  from space 9216K, 94% used [0x00000000e6b00000,0x00000000e7385c18,0x00000000e7400000)
  to   space 12288K, 0% used [0x00000000e5c00000,0x00000000e5c00000,0x00000000e6800000)
 ParOldGen       total 68096K, used 14581K [0x0000000081800000, 0x0000000085a80000, 0x00000000d5d80000)
  object space 68096K, 21% used [0x0000000081800000,0x000000008263d4c0,0x0000000085a80000)
 Metaspace       used 26216K, capacity 26904K, committed 27136K, reserved 1073152K
  class space    used 3134K, capacity 3263K, committed 3328K, reserved 1048576K

Card table byte_map: [0x00000000124f0000,0x00000000128f0000] byte_map_base: 0x00000000120e4000

Marking Bits: (ParMarkBitMap*) 0x000000005e35a5b0
 Begin Bits: [0x0000000012fa0000, 0x0000000014f40000)
 End Bits:   [0x0000000014f40000, 0x0000000016ee0000)

Polling page: 0x0000000001680000

CodeCache: size=245760Kb used=12841Kb max_used=12876Kb free=232918Kb
 bounds [0x0000000003130000, 0x0000000003de0000, 0x0000000012130000]
 total_blobs=4256 nmethods=3677 adapters=488
 compilation: enabled

Compilation events (10 events):
Event: 44.514 Thread 0x0000000017c89000 4362       3       sun.awt.windows.WWindowPeer::preprocessPostEvent (72 bytes)
Event: 44.515 Thread 0x0000000017c89000 nmethod 4362 0x00000000036c5590 code [0x00000000036c5740, 0x00000000036c5e38]
Event: 45.202 Thread 0x0000000017c89000 4363       1       java.awt.Window::getContainer (2 bytes)
Event: 45.202 Thread 0x0000000017c89000 nmethod 4363 0x00000000033beb10 code [0x00000000033bec60, 0x00000000033bed70]
Event: 45.205 Thread 0x0000000017c82800 4364       4       javax.swing.JComponent::getFlag (20 bytes)
Event: 45.205 Thread 0x0000000017c7f800 4365       4       java.awt.Component::getInputContext (16 bytes)
Event: 45.206 Thread 0x0000000017c82800 nmethod 4364 0x000000000398f790 code [0x000000000398f8c0, 0x000000000398f938]
Event: 45.206 Thread 0x0000000017c7f800 nmethod 4365 0x0000000003d3bd50 code [0x0000000003d3be80, 0x0000000003d3bf18]
Event: 45.206 Thread 0x0000000017c89000 4366       3       java.util.ArrayList::get (11 bytes)
Event: 45.207 Thread 0x0000000017c89000 nmethod 4366 0x00000000039d3450 code [0x00000000039d35e0, 0x00000000039d3938]

GC Heap History (10 events):
Event: 4.431 GC heap before
{Heap before GC invocations=5 (full 0):
 PSYoungGen      total 71680K, used 71482K [0x00000000d5d80000, 0x00000000da880000, 0x0000000100000000)
  eden space 66560K, 100% used [0x00000000d5d80000,0x00000000d9e80000,0x00000000d9e80000)
  from space 5120K, 96% used [0x00000000da380000,0x00000000da84eb20,0x00000000da880000)
  to   space 5120K, 0% used [0x00000000d9e80000,0x00000000d9e80000,0x00000000da380000)
 ParOldGen       total 87552K, used 32K [0x0000000081800000, 0x0000000086d80000, 0x00000000d5d80000)
  object space 87552K, 0% used [0x0000000081800000,0x0000000081808000,0x0000000086d80000)
 Metaspace       used 12521K, capacity 12724K, committed 12800K, reserved 1060864K
  class space    used 1399K, capacity 1465K, committed 1536K, reserved 1048576K
Event: 4.444 GC heap after
Heap after GC invocations=5 (full 0):
 PSYoungGen      total 71680K, used 5096K [0x00000000d5d80000, 0x00000000dec80000, 0x0000000100000000)
  eden space 66560K, 0% used [0x00000000d5d80000,0x00000000d5d80000,0x00000000d9e80000)
  from space 5120K, 99% used [0x00000000d9e80000,0x00000000da37a2d0,0x00000000da380000)
  to   space 6656K, 0% used [0x00000000de600000,0x00000000de600000,0x00000000dec80000)
 ParOldGen       total 87552K, used 1131K [0x0000000081800000, 0x0000000086d80000, 0x00000000d5d80000)
  object space 87552K, 1% used [0x0000000081800000,0x000000008191ac60,0x0000000086d80000)
 Metaspace       used 12521K, capacity 12724K, committed 12800K, reserved 1060864K
  class space    used 1399K, capacity 1465K, committed 1536K, reserved 1048576K
}
Event: 4.931 GC heap before
{Heap before GC invocations=6 (full 0):
 PSYoungGen      total 71680K, used 71656K [0x00000000d5d80000, 0x00000000dec80000, 0x0000000100000000)
  eden space 66560K, 100% used [0x00000000d5d80000,0x00000000d9e80000,0x00000000d9e80000)
  from space 5120K, 99% used [0x00000000d9e80000,0x00000000da37a2d0,0x00000000da380000)
  to   space 6656K, 0% used [0x00000000de600000,0x00000000de600000,0x00000000dec80000)
 ParOldGen       total 87552K, used 1131K [0x0000000081800000, 0x0000000086d80000, 0x00000000d5d80000)
  object space 87552K, 1% used [0x0000000081800000,0x000000008191ac60,0x0000000086d80000)
 Metaspace       used 12526K, capacity 12788K, committed 13056K, reserved 1060864K
  class space    used 1399K, capacity 1465K, committed 1536K, reserved 1048576K
Event: 4.944 GC heap after
Heap after GC invocations=6 (full 0):
 PSYoungGen      total 138752K, used 6298K [0x00000000d5d80000, 0x00000000dee80000, 0x0000000100000000)
  eden space 132096K, 0% used [0x00000000d5d80000,0x00000000d5d80000,0x00000000dde80000)
  from space 6656K, 94% used [0x00000000de600000,0x00000000dec26ba8,0x00000000dec80000)
  to   space 7680K, 0% used [0x00000000dde80000,0x00000000dde80000,0x00000000de600000)
 ParOldGen       total 87552K, used 1203K [0x0000000081800000, 0x0000000086d80000, 0x00000000d5d80000)
  object space 87552K, 1% used [0x0000000081800000,0x000000008192cc70,0x0000000086d80000)
 Metaspace       used 12526K, capacity 12788K, committed 13056K, reserved 1060864K
  class space    used 1399K, capacity 1465K, committed 1536K, reserved 1048576K
}
Event: 7.543 GC heap before
{Heap before GC invocations=7 (full 0):
 PSYoungGen      total 138752K, used 104880K [0x00000000d5d80000, 0x00000000dee80000, 0x0000000100000000)
  eden space 132096K, 74% used [0x00000000d5d80000,0x00000000dbdc5820,0x00000000dde80000)
  from space 6656K, 94% used [0x00000000de600000,0x00000000dec26ba8,0x00000000dec80000)
  to   space 7680K, 0% used [0x00000000dde80000,0x00000000dde80000,0x00000000de600000)
 ParOldGen       total 87552K, used 1203K [0x0000000081800000, 0x0000000086d80000, 0x00000000d5d80000)
  object space 87552K, 1% used [0x0000000081800000,0x000000008192cc70,0x0000000086d80000)
 Metaspace       used 20849K, capacity 21178K, committed 21248K, reserved 1069056K
  class space    used 2404K, capacity 2524K, committed 2560K, reserved 1048576K
Event: 7.574 GC heap after
Heap after GC invocations=7 (full 0):
 PSYoungGen      total 139776K, used 7648K [0x00000000d5d80000, 0x00000000e7680000, 0x0000000100000000)
  eden space 132096K, 0% used [0x00000000d5d80000,0x00000000d5d80000,0x00000000dde80000)
  from space 7680K, 99% used [0x00000000dde80000,0x00000000de5f82b0,0x00000000de600000)
  to   space 11776K, 0% used [0x00000000e6b00000,0x00000000e6b00000,0x00000000e7680000)
 ParOldGen       total 87552K, used 7322K [0x0000000081800000, 0x0000000086d80000, 0x00000000d5d80000)
  object space 87552K, 8% used [0x0000000081800000,0x0000000081f26be0,0x0000000086d80000)
 Metaspace       used 20849K, capacity 21178K, committed 21248K, reserved 1069056K
  class space    used 2404K, capacity 2524K, committed 2560K, reserved 1048576K
}
Event: 7.574 GC heap before
{Heap before GC invocations=8 (full 1):
 PSYoungGen      total 139776K, used 7648K [0x00000000d5d80000, 0x00000000e7680000, 0x0000000100000000)
  eden space 132096K, 0% used [0x00000000d5d80000,0x00000000d5d80000,0x00000000dde80000)
  from space 7680K, 99% used [0x00000000dde80000,0x00000000de5f82b0,0x00000000de600000)
  to   space 11776K, 0% used [0x00000000e6b00000,0x00000000e6b00000,0x00000000e7680000)
 ParOldGen       total 87552K, used 7322K [0x0000000081800000, 0x0000000086d80000, 0x00000000d5d80000)
  object space 87552K, 8% used [0x0000000081800000,0x0000000081f26be0,0x0000000086d80000)
 Metaspace       used 20849K, capacity 21178K, committed 21248K, reserved 1069056K
  class space    used 2404K, capacity 2524K, committed 2560K, reserved 1048576K
Event: 7.678 GC heap after
Heap after GC invocations=8 (full 1):
 PSYoungGen      total 139776K, used 0K [0x00000000d5d80000, 0x00000000e7680000, 0x0000000100000000)
  eden space 132096K, 0% used [0x00000000d5d80000,0x00000000d5d80000,0x00000000dde80000)
  from space 7680K, 0% used [0x00000000dde80000,0x00000000dde80000,0x00000000de600000)
  to   space 11776K, 0% used [0x00000000e6b00000,0x00000000e6b00000,0x00000000e7680000)
 ParOldGen       total 68096K, used 14573K [0x0000000081800000, 0x0000000085a80000, 0x00000000d5d80000)
  object space 68096K, 21% used [0x0000000081800000,0x000000008263b4c0,0x0000000085a80000)
 Metaspace       used 20849K, capacity 21178K, committed 21248K, reserved 1069056K
  class space    used 2404K, capacity 2524K, committed 2560K, reserved 1048576K
}
Event: 31.793 GC heap before
{Heap before GC invocations=9 (full 1):
 PSYoungGen      total 139776K, used 132096K [0x00000000d5d80000, 0x00000000e7680000, 0x0000000100000000)
  eden space 132096K, 100% used [0x00000000d5d80000,0x00000000dde80000,0x00000000dde80000)
  from space 7680K, 0% used [0x00000000dde80000,0x00000000dde80000,0x00000000de600000)
  to   space 11776K, 0% used [0x00000000e6b00000,0x00000000e6b00000,0x00000000e7680000)
 ParOldGen       total 68096K, used 14573K [0x0000000081800000, 0x0000000085a80000, 0x00000000d5d80000)
  object space 68096K, 21% used [0x0000000081800000,0x000000008263b4c0,0x0000000085a80000)
 Metaspace       used 26178K, capacity 26898K, committed 27136K, reserved 1073152K
  class space    used 3130K, capacity 3262K, committed 3328K, reserved 1048576K
Event: 31.805 GC heap after
Heap after GC invocations=9 (full 1):
 PSYoungGen      total 201216K, used 8727K [0x00000000d5d80000, 0x00000000e7400000, 0x0000000100000000)
  eden space 192000K, 0% used [0x00000000d5d80000,0x00000000d5d80000,0x00000000e1900000)
  from space 9216K, 94% used [0x00000000e6b00000,0x00000000e7385c18,0x00000000e7400000)
  to   space 12288K, 0% used [0x00000000e5c00000,0x00000000e5c00000,0x00000000e6800000)
 ParOldGen       total 68096K, used 14581K [0x0000000081800000, 0x0000000085a80000, 0x00000000d5d80000)
  object space 68096K, 21% used [0x0000000081800000,0x000000008263d4c0,0x0000000085a80000)
 Metaspace       used 26178K, capacity 26898K, committed 27136K, reserved 1073152K
  class space    used 3130K, capacity 3262K, committed 3328K, reserved 1048576K
}

Deoptimization events (10 events):
Event: 14.682 Thread 0x000000001b03f000 Uncommon trap: reason=class_check action=maybe_recompile pc=0x000000000383a2b4 method=javax.swing.text.html.StyleSheet$ViewAttributeSet.getAttribute(Ljava/lang/Object;)Ljava/lang/Object; @ 33
Event: 14.683 Thread 0x000000001b03f000 Uncommon trap: reason=class_check action=maybe_recompile pc=0x000000000383a2b4 method=javax.swing.text.html.StyleSheet$ViewAttributeSet.getAttribute(Ljava/lang/Object;)Ljava/lang/Object; @ 33
Event: 14.684 Thread 0x000000001b03f000 Uncommon trap: reason=class_check action=maybe_recompile pc=0x000000000383a2b4 method=javax.swing.text.html.StyleSheet$ViewAttributeSet.getAttribute(Ljava/lang/Object;)Ljava/lang/Object; @ 33
Event: 14.705 Thread 0x000000001b03f000 Uncommon trap: reason=class_check action=maybe_recompile pc=0x00000000037beb54 method=sun.reflect.GeneratedMethodAccessor1.invoke(Ljava/lang/Object;[Ljava/lang/Object;)Ljava/lang/Object; @ 13
Event: 14.705 Thread 0x000000001b03f000 Uncommon trap: reason=class_check action=maybe_recompile pc=0x00000000037beb54 method=sun.reflect.GeneratedMethodAccessor1.invoke(Ljava/lang/Object;[Ljava/lang/Object;)Ljava/lang/Object; @ 13
Event: 14.726 Thread 0x000000001b03f000 Uncommon trap: reason=class_check action=maybe_recompile pc=0x00000000037beb54 method=sun.reflect.GeneratedMethodAccessor1.invoke(Ljava/lang/Object;[Ljava/lang/Object;)Ljava/lang/Object; @ 13
Event: 14.726 Thread 0x000000001b03f000 Uncommon trap: reason=class_check action=maybe_recompile pc=0x00000000037beb54 method=sun.reflect.GeneratedMethodAccessor1.invoke(Ljava/lang/Object;[Ljava/lang/Object;)Ljava/lang/Object; @ 13
Event: 14.751 Thread 0x000000001b03f000 Uncommon trap: reason=bimorphic action=maybe_recompile pc=0x000000000372e8bc method=java.util.regex.Matcher.match(II)Z @ 86
Event: 45.189 Thread 0x000000001b03f000 Uncommon trap: reason=unstable_if action=reinterpret pc=0x0000000003397dc4 method=java.util.ArrayList.rangeCheck(I)V @ 5
Event: 45.213 Thread 0x000000001b0c2000 Uncommon trap: reason=unstable_if action=reinterpret pc=0x0000000003ceb70c method=java.util.concurrent.locks.ReentrantLock$Sync.tryRelease(I)Z @ 14

Internal exceptions (10 events):
Event: 11.795 Thread 0x000000001b044800 Exception <a 'java/lang/ClassNotFoundException': java/util/DateBeanInfo> (0x00000000da82f3b0) thrown at [C:\re\workspace\8-2-build-windows-amd64-cygwin\jdk8u60\4407\hotspot\src\share\vm\classfile\systemDictionary.cpp, line 210]
Event: 11.796 Thread 0x000000001b044800 Exception <a 'java/lang/ClassNotFoundException': java/util/DateCustomizer> (0x00000000da837dc0) thrown at [C:\re\workspace\8-2-build-windows-amd64-cygwin\jdk8u60\4407\hotspot\src\share\vm\classfile\systemDictionary.cpp, line 210]
Event: 14.504 Thread 0x000000001b03f000 Exception <a 'java/security/PrivilegedActionException'> (0x00000000dab97d38) thrown at [C:\re\workspace\8-2-build-windows-amd64-cygwin\jdk8u60\4407\hotspot\src\share\vm\prims\jvm.cpp, line 1386]
Event: 14.504 Thread 0x000000001b03f000 Exception <a 'java/security/PrivilegedActionException'> (0x00000000dab98318) thrown at [C:\re\workspace\8-2-build-windows-amd64-cygwin\jdk8u60\4407\hotspot\src\share\vm\prims\jvm.cpp, line 1386]
Event: 14.505 Thread 0x000000001b03f000 Exception <a 'java/security/PrivilegedActionException'> (0x00000000daba00a8) thrown at [C:\re\workspace\8-2-build-windows-amd64-cygwin\jdk8u60\4407\hotspot\src\share\vm\prims\jvm.cpp, line 1386]
Event: 14.505 Thread 0x000000001b03f000 Exception <a 'java/security/PrivilegedActionException'> (0x00000000daba0688) thrown at [C:\re\workspace\8-2-build-windows-amd64-cygwin\jdk8u60\4407\hotspot\src\share\vm\prims\jvm.cpp, line 1386]
Event: 14.519 Thread 0x000000001b03f000 Exception <a 'java/lang/ClassNotFoundException': TagabukidConnectControllerBeanInfo> (0x00000000dafa87e0) thrown at [C:\re\workspace\8-2-build-windows-amd64-cygwin\jdk8u60\4407\hotspot\src\share\vm\classfile\systemDictionary.cpp, line 210]
Event: 14.520 Thread 0x000000001b03f000 Exception <a 'java/lang/ClassNotFoundException': TagabukidConnectControllerCustomizer> (0x00000000dafdc6f0) thrown at [C:\re\workspace\8-2-build-windows-amd64-cygwin\jdk8u60\4407\hotspot\src\share\vm\classfile\systemDictionary.cpp, line 210]
Event: 14.782 Thread 0x000000001b03f000 Exception <a 'java/lang/ClassNotFoundException': Script1BeanInfo> (0x00000000dc8acd40) thrown at [C:\re\workspace\8-2-build-windows-amd64-cygwin\jdk8u60\4407\hotspot\src\share\vm\classfile\systemDictionary.cpp, line 210]
Event: 14.783 Thread 0x000000001b03f000 Exception <a 'java/lang/ClassNotFoundException': Script1Customizer> (0x00000000dc8c20f0) thrown at [C:\re\workspace\8-2-build-windows-amd64-cygwin\jdk8u60\4407\hotspot\src\share\vm\classfile\systemDictionary.cpp, line 210]

Events (10 events):
Event: 45.212 Thread 0x0000000019db9800 Thread exited: 0x0000000019db9800
Event: 45.213 Thread 0x000000001b0c2000 Uncommon trap: trap_request=0xffffff65 fr.pc=0x0000000003ceb70c
Event: 45.213 Thread 0x000000001b0c2000 DEOPT PACKING pc=0x0000000003ceb70c sp=0x00000000263aeef0
Event: 45.213 Thread 0x000000001b0c2000 DEOPT UNPACKING pc=0x000000000317582a sp=0x00000000263aee70 mode 2
Event: 45.213 Thread 0x000000001b0c2000 Thread exited: 0x000000001b0c2000
Event: 45.214 Thread 0x000000001b0c3800 Thread exited: 0x000000001b0c3800
Event: 45.271 Executing VM operation: RevokeBias
Event: 45.271 Executing VM operation: RevokeBias done
Event: 45.311 Thread 0x000000001b0c0800 Thread exited: 0x000000001b0c0800
Event: 45.312 Executing VM operation: Exit


Dynamic libraries:
0x00007ff626160000 - 0x00007ff626197000 	C:\Program Files\Java\jdk1.8.0_60\jre\bin\java.exe
0x00007ffca0040000 - 0x00007ffca0201000 	C:\WINDOWS\SYSTEM32\ntdll.dll
0x00007ffc9eb60000 - 0x00007ffc9ec0d000 	C:\WINDOWS\system32\KERNEL32.DLL
0x00007ffc9d020000 - 0x00007ffc9d208000 	C:\WINDOWS\system32\KERNELBASE.dll
0x00007ffc9ff20000 - 0x00007ffc9ffc7000 	C:\WINDOWS\system32\ADVAPI32.dll
0x00007ffc9f950000 - 0x00007ffc9f9ed000 	C:\WINDOWS\system32\msvcrt.dll
0x00007ffc9ee70000 - 0x00007ffc9eecb000 	C:\WINDOWS\system32\sechost.dll
0x00007ffc9fd40000 - 0x00007ffc9fe5c000 	C:\WINDOWS\system32\RPCRT4.dll
0x00007ffc9f1a0000 - 0x00007ffc9f2f6000 	C:\WINDOWS\system32\USER32.dll
0x00007ffc9ec70000 - 0x00007ffc9edf6000 	C:\WINDOWS\system32\GDI32.dll
0x00007ffc87510000 - 0x00007ffc87784000 	C:\WINDOWS\WinSxS\amd64_microsoft.windows.common-controls_6595b64144ccf1df_6.0.10586.839_none_a2ddba30a539a2ae\COMCTL32.dll
0x00007ffc9fac0000 - 0x00007ffc9fd3d000 	C:\WINDOWS\system32\combase.dll
0x00007ffc9c940000 - 0x00007ffc9c9aa000 	C:\WINDOWS\system32\bcryptPrimitives.dll
0x00007ffc9f160000 - 0x00007ffc9f19b000 	C:\WINDOWS\system32\IMM32.DLL
0x000000005d780000 - 0x000000005d852000 	C:\Program Files\Java\jdk1.8.0_60\jre\bin\msvcr100.dll
0x000000005db50000 - 0x000000005e3d9000 	C:\Program Files\Java\jdk1.8.0_60\jre\bin\server\jvm.dll
0x00007ffc9fe60000 - 0x00007ffc9fe68000 	C:\WINDOWS\system32\PSAPI.DLL
0x00007ffc98840000 - 0x00007ffc9884a000 	C:\WINDOWS\SYSTEM32\VERSION.dll
0x00007ffc9acd0000 - 0x00007ffc9acf3000 	C:\WINDOWS\SYSTEM32\WINMM.dll
0x00007ffc90510000 - 0x00007ffc90519000 	C:\WINDOWS\SYSTEM32\WSOCK32.dll
0x00007ffc9ee00000 - 0x00007ffc9ee6b000 	C:\WINDOWS\system32\WS2_32.dll
0x00007ffc9aca0000 - 0x00007ffc9accc000 	C:\WINDOWS\SYSTEM32\WINMMBASE.dll
0x00007ffc9c7a0000 - 0x00007ffc9c7e3000 	C:\WINDOWS\system32\cfgmgr32.dll
0x000000005db00000 - 0x000000005db0f000 	C:\Program Files\Java\jdk1.8.0_60\jre\bin\verify.dll
0x000000005dad0000 - 0x000000005daf9000 	C:\Program Files\Java\jdk1.8.0_60\jre\bin\java.dll
0x000000005dab0000 - 0x000000005dac6000 	C:\Program Files\Java\jdk1.8.0_60\jre\bin\zip.dll
0x00007ffc9d4b0000 - 0x00007ffc9ea0c000 	C:\WINDOWS\system32\SHELL32.dll
0x00007ffc9c9b0000 - 0x00007ffc9cff4000 	C:\WINDOWS\system32\windows.storage.dll
0x00007ffc9ec10000 - 0x00007ffc9ec62000 	C:\WINDOWS\system32\shlwapi.dll
0x00007ffc9c6e0000 - 0x00007ffc9c6ef000 	C:\WINDOWS\system32\kernel.appcore.dll
0x00007ffc9c7f0000 - 0x00007ffc9c8a5000 	C:\WINDOWS\system32\shcore.dll
0x00007ffc9c680000 - 0x00007ffc9c6cb000 	C:\WINDOWS\system32\powrprof.dll
0x00007ffc9c660000 - 0x00007ffc9c674000 	C:\WINDOWS\system32\profapi.dll
0x000000005d5c0000 - 0x000000005d758000 	C:\Program Files\Java\jdk1.8.0_60\jre\bin\awt.dll
0x00007ffc9f9f0000 - 0x00007ffc9fab6000 	C:\WINDOWS\system32\OLEAUT32.dll
0x00007ffc9abf0000 - 0x00007ffc9ac69000 	C:\WINDOWS\system32\apphelp.dll
0x00007ffc9af30000 - 0x00007ffc9afc6000 	C:\WINDOWS\system32\uxtheme.dll
0x00007ffc9eef0000 - 0x00007ffc9f04a000 	C:\WINDOWS\system32\MSCTF.dll
0x00007ffc9a2f0000 - 0x00007ffc9a312000 	C:\WINDOWS\system32\dwmapi.dll
0x00007ffc9ea10000 - 0x00007ffc9eb53000 	C:\WINDOWS\system32\ole32.dll
0x000000005d570000 - 0x000000005d5b7000 	C:\Program Files\Java\jdk1.8.0_60\jre\bin\fontmanager.dll
0x000000005da90000 - 0x000000005daaa000 	C:\Program Files\Java\jdk1.8.0_60\jre\bin\net.dll
0x00007ffc9bf30000 - 0x00007ffc9bf8c000 	C:\WINDOWS\system32\mswsock.dll
0x000000005d760000 - 0x000000005d771000 	C:\Program Files\Java\jdk1.8.0_60\jre\bin\nio.dll
0x000000005c2c0000 - 0x000000005c2f1000 	C:\Program Files\Java\jdk1.8.0_60\jre\bin\jpeg.dll
0x00007ffc9bfe0000 - 0x00007ffc9bff7000 	C:\WINDOWS\SYSTEM32\CRYPTSP.dll
0x00007ffc9bc70000 - 0x00007ffc9bca4000 	C:\WINDOWS\system32\rsaenh.dll
0x00007ffc9c590000 - 0x00007ffc9c5b9000 	C:\WINDOWS\SYSTEM32\bcrypt.dll
0x00007ffc9bdc0000 - 0x00007ffc9bddf000 	C:\WINDOWS\SYSTEM32\USERENV.dll
0x00007ffc9c100000 - 0x00007ffc9c10b000 	C:\WINDOWS\SYSTEM32\CRYPTBASE.dll
0x00007ffc99800000 - 0x00007ffc99838000 	C:\WINDOWS\SYSTEM32\IPHLPAPI.DLL
0x00007ffc9ffd0000 - 0x00007ffc9ffd8000 	C:\WINDOWS\system32\NSI.dll
0x00007ffc93b10000 - 0x00007ffc93b26000 	C:\WINDOWS\SYSTEM32\dhcpcsvc6.DLL
0x00007ffc93bd0000 - 0x00007ffc93bea000 	C:\WINDOWS\SYSTEM32\dhcpcsvc.DLL
0x000000005d430000 - 0x000000005d454000 	C:\Program Files\Java\jdk1.8.0_60\jre\bin\sunec.dll
0x00007ffc906f0000 - 0x00007ffc90706000 	C:\WINDOWS\system32\napinsp.dll
0x00007ffc906c0000 - 0x00007ffc906da000 	C:\WINDOWS\system32\pnrpnsp.dll
0x00007ffc9a350000 - 0x00007ffc9a368000 	C:\WINDOWS\system32\NLAapi.dll
0x00007ffc9b0d0000 - 0x00007ffc9b17a000 	C:\WINDOWS\SYSTEM32\DNSAPI.dll
0x00007ffc90500000 - 0x00007ffc9050d000 	C:\WINDOWS\System32\winrnr.dll
0x000000005eb40000 - 0x000000005eb66000 	C:\Program Files\Bonjour\mdnsNSP.dll
0x00007ffc8fbf0000 - 0x00007ffc8fc05000 	C:\WINDOWS\System32\wshbth.dll
0x00007ffc908e0000 - 0x00007ffc908ea000 	C:\Windows\System32\rasadhlp.dll
0x00007ffc93ff0000 - 0x00007ffc94057000 	C:\WINDOWS\System32\fwpuclnt.dll
0x000000005d520000 - 0x000000005d562000 	C:\Program Files\Java\jdk1.8.0_60\jre\bin\t2k.dll
0x00007ffc9fe70000 - 0x00007ffc9ff17000 	C:\WINDOWS\system32\clbcatq.dll
0x00007ffc993c0000 - 0x00007ffc99571000 	C:\WINDOWS\SYSTEM32\WindowsCodecs.dll
0x00007ffc6d0f0000 - 0x00007ffc6d13a000 	C:\WINDOWS\system32\dataexchange.dll
0x00007ffc9a040000 - 0x00007ffc9a2e8000 	C:\WINDOWS\system32\d3d11.dll
0x00007ffc9a590000 - 0x00007ffc9a673000 	C:\WINDOWS\system32\dcomp.dll
0x00007ffc99f90000 - 0x00007ffc9a032000 	C:\WINDOWS\system32\dxgi.dll
0x00007ffc9b180000 - 0x00007ffc9b280000 	C:\WINDOWS\system32\twinapi.appcore.dll
0x000000005d420000 - 0x000000005d427000 	C:\Program Files\Java\jdk1.8.0_60\jre\bin\jawt.dll
0x00007ffc85640000 - 0x00007ffc856d4000 	D:\java-cef\src\binary_distrib\win64\bin\lib\win64\chrome_elf.dll
0x00007ffc48e20000 - 0x00007ffc4e77b000 	D:\java-cef\src\binary_distrib\win64\bin\lib\win64\libcef.dll
0x00007ffc9f050000 - 0x00007ffc9f15b000 	C:\WINDOWS\system32\COMDLG32.dll
0x00007ffc877e0000 - 0x00007ffc8784a000 	C:\WINDOWS\SYSTEM32\OLEACC.dll
0x00007ffc9c8b0000 - 0x00007ffc9c936000 	C:\WINDOWS\system32\FirewallAPI.dll
0x00007ffc9a980000 - 0x00007ffc9a993000 	C:\WINDOWS\SYSTEM32\WTSAPI32.dll
0x00007ffc9d000000 - 0x00007ffc9d017000 	C:\WINDOWS\system32\NETAPI32.dll
0x00007ffc9d270000 - 0x00007ffc9d438000 	C:\WINDOWS\system32\CRYPT32.dll
0x00007ffc9c6d0000 - 0x00007ffc9c6e0000 	C:\WINDOWS\system32\MSASN1.dll
0x00007ffc93970000 - 0x00007ffc93afc000 	C:\WINDOWS\SYSTEM32\dbghelp.dll
0x00007ffc6e990000 - 0x00007ffc6e9a8000 	C:\WINDOWS\SYSTEM32\USP10.dll
0x00007ffc9d210000 - 0x00007ffc9d265000 	C:\WINDOWS\system32\WINTRUST.dll
0x00007ffc78ee0000 - 0x00007ffc78f16000 	C:\WINDOWS\SYSTEM32\credui.dll
0x00007ffc6aab0000 - 0x00007ffc6ab49000 	C:\WINDOWS\SYSTEM32\CRYPTUI.dll
0x00007ffc95420000 - 0x00007ffc9567e000 	C:\WINDOWS\SYSTEM32\DWrite.dll
0x00007ffc887a0000 - 0x00007ffc887ac000 	C:\WINDOWS\SYSTEM32\DAVHLPR.DLL
0x00007ffc9c1d0000 - 0x00007ffc9c1f7000 	C:\WINDOWS\SYSTEM32\ncrypt.dll
0x00007ffc99790000 - 0x00007ffc9979c000 	C:\WINDOWS\SYSTEM32\Secur32.dll
0x00007ffc928e0000 - 0x00007ffc92a97000 	C:\WINDOWS\SYSTEM32\urlmon.dll
0x00007ffc996c0000 - 0x00007ffc99787000 	C:\WINDOWS\SYSTEM32\WINHTTP.dll
0x00007ffc61d80000 - 0x00007ffc61f90000 	C:\WINDOWS\SYSTEM32\d3d9.dll
0x00007ffc934a0000 - 0x00007ffc934c3000 	C:\WINDOWS\SYSTEM32\dxva2.dll
0x00007ffc98770000 - 0x00007ffc987f4000 	C:\WINDOWS\SYSTEM32\WINSPOOL.DRV
0x00007ffc85580000 - 0x00007ffc855a1000 	C:\WINDOWS\SYSTEM32\FONTSUB.dll
0x00007ffc9c190000 - 0x00007ffc9c1ca000 	C:\WINDOWS\SYSTEM32\NTASN1.dll
0x00007ffc959c0000 - 0x00007ffc95d49000 	C:\WINDOWS\SYSTEM32\iertutil.dll
0x00007ffc96d90000 - 0x00007ffc96da9000 	C:\WINDOWS\SYSTEM32\SAMCLI.DLL
0x00007ffc9ba70000 - 0x00007ffc9ba7c000 	C:\WINDOWS\SYSTEM32\NETUTILS.DLL
0x00007ffc9c2e0000 - 0x00007ffc9c30d000 	C:\WINDOWS\SYSTEM32\SSPICLI.DLL
0x00007ffc9b440000 - 0x00007ffc9b472000 	C:\WINDOWS\SYSTEM32\fwbase.dll
0x00007ffc623e0000 - 0x00007ffc624bd000 	D:\java-cef\src\binary_distrib\win64\bin\lib\win64\jcef.dll
0x00007ffc9f4c0000 - 0x00007ffc9f8e9000 	C:\WINDOWS\system32\SETUPAPI.dll
0x00007ffc9b080000 - 0x00007ffc9b0a7000 	C:\WINDOWS\SYSTEM32\DEVOBJ.dll
0x00007ffc951d0000 - 0x00007ffc95258000 	C:\WINDOWS\system32\audioses.dll
0x00007ffc97d30000 - 0x00007ffc97da0000 	C:\WINDOWS\system32\MMDevAPI.DLL
0x00007ffc98a10000 - 0x00007ffc98b46000 	C:\WINDOWS\SYSTEM32\wintypes.dll
0x00007ffc9a9a0000 - 0x00007ffc9ab26000 	C:\WINDOWS\system32\PROPSYS.dll
0x000000005c980000 - 0x000000005c9aa000 	C:\Program Files\Java\jdk1.8.0_60\jre\bin\dcpr.dll
0x00007ffc5df50000 - 0x00007ffc5dfe1000 	C:\WINDOWS\SYSTEM32\mscms.dll
0x00007ffc9c530000 - 0x00007ffc9c586000 	C:\WINDOWS\SYSTEM32\WINSTA.dll
0x00007ffc87b40000 - 0x00007ffc87bcb000 	C:\WINDOWS\system32\directmanipulation.dll
0x00007ffc664f0000 - 0x00007ffc66500000 	C:\WINDOWS\SYSTEM32\atlthunk.dll
0x00007ffc9b660000 - 0x00007ffc9b684000 	C:\WINDOWS\SYSTEM32\gpapi.dll
0x00007ffc91c70000 - 0x00007ffc91c9f000 	C:\WINDOWS\SYSTEM32\cryptnet.dll
0x00007ffc97760000 - 0x00007ffc9776b000 	C:\WINDOWS\SYSTEM32\WINNSI.DLL

VM Arguments:
jvm_args: -Dfile.encoding=UTF-8 -Djava.library.path=D:\java-cef\src\binary_distrib\win64\bin\lib\win64 
java_command: Main
java_class_path (initial): D:\ETRACS25\ETRACStraining\libnew\RXTXcomm.jar;D:\ETRACS25\ETRACStraining\libnew\SigPlus2_60.jar;D:\ETRACS25\ETRACStraining\libnew\activation.jar;D:\ETRACS25\ETRACStraining\libnew\antlr-runtime-3.1.3.jar;D:\ETRACS25\ETRACStraining\libnew\anubis-cms2.jar;D:\ETRACS25\ETRACStraining\libnew\barbecue-1.5.jar;D:\ETRACS25\ETRACStraining\libnew\client-system.jar;D:\ETRACS25\ETRACStraining\libnew\client-ui-extended.jar;D:\ETRACS25\ETRACStraining\libnew\commons-beanutils-1.8.0.jar;D:\ETRACS25\ETRACStraining\libnew\commons-collections-3.2.1.jar;D:\ETRACS25\ETRACStraining\libnew\commons-digester-1.7.jar;D:\ETRACS25\ETRACStraining\libnew\commons-fileupload-1.2.1.jar;D:\ETRACS25\ETRACStraining\libnew\commons-io-1.4.jar;D:\ETRACS25\ETRACStraining\libnew\commons-lang-2.5.jar;D:\ETRACS25\ETRACStraining\libnew\commons-logging-1.1.jar;D:\ETRACS25\ETRACStraining\libnew\db-dialect.jar;D:\ETRACS25\ETRACStraining\libnew\dpuareu.jar;D:\ETRACS25\ETRACStraining\libnew\drools-api-5.1.1.jar;D:\ETRACS25\ETRACStraining\libnew\drools-compiler-5.1.1.jar;D:\ETRACS25\ETRACStraining\libnew\drools-core-5.1.1.jar;D:\ETRACS25\ETRACStraining\libnew\drools-decisiontables-5.1.1.jar;D:\ETRACS25\ETRACStraining\libnew\ezmorph-1.0.6.jar;D:\ETRACS25\ETRACStraining\libnew\groovy-all-1.5.5.jar;D:\ETRACS25\ETRACStraining\libnew\guava-14.0-rc1.jar;D:\ETRACS25\ETRACStraining\libnew\itext-1.3.1.jar;D:\ETRACS25\ETRACStraining\libnew\itextpdf-5.1.2.jar;D:\ETRACS25\ETRACStraining\libnew\janino-2.5.15.jar;D:\ETRACS25\ETRACStraining\libnew\jasperreports-3.0.0.jar;D:\ETRACS25\ETRACStraining\libnew\jcommon-1.0.0.jar;D:\ETRACS25\ETRACStraining\libnew\jdt-compiler-3.1.1.jar;D:\ETRACS25\ETRACStraining\libnew\jetty-continuation-8.1.3.v20120416.jar;D:\ETRACS25\ETRACStraining\libnew\jetty-http-8.1.3.v20120416.jar;D:\ETRACS25\ETRACStraining\libnew\jetty-io-8.1.3.v20120416.jar;D:\ETRACS25\ETRACStraining\libnew\jetty-security-8.1.3.v20120416.jar;D:\ETRACS25\ETRACStraining\libnew\jetty-server-8.1.3.v20120
Launcher Type: SUN_STANDARD

Environment Variables:
PATH=C:\Program Files (x86)\NVIDIA Corporation\PhysX\Common;C:\ProgramData\Oracle\Java\javapath;C:\Program Files (x86)\Intel\iCLS Client\;C:\Program Files\Intel\iCLS Client\;C:\Program Files (x86)\AMD APP\bin\x86_64;C:\Program Files (x86)\AMD APP\bin\x86;C:\WINDOWS\system32;C:\WINDOWS;C:\WINDOWS\System32\Wbem;C:\WINDOWS\System32\WindowsPowerShell\v1.0\;C:\Program Files (x86)\Windows Live\Shared;C:\Program Files (x86)\ATI Technologies\ATI.ACE\Core-Static;C:\Program Files\Intel\Intel(R) Management Engine Components\DAL;C:\Program Files\Intel\Intel(R) Management Engine Components\IPT;C:\Program Files (x86)\Intel\Intel(R) Management Engine Components\DAL;C:\Program Files (x86)\Intel\Intel(R) Management Engine Components\IPT;C:\Program Files (x86)\MySQL\MySQL Server 5.1\bin;C:\Program Files (x86)\Bitvise SSH Client;C:\Program Files\Microsoft SQL Server\120\Tools\Binn\;C:\Program Files (x86)\Windows Kits\10\Windows Performance Toolkit\;C:\Program Files\Microsoft SQL Server\Client SDK\ODBC\110\Tools\Binn\;C:\Program Files (x86)\Microsoft SQL Server\120\Tools\Binn\;C:\Program Files\Microsoft SQL Server\120\DTS\Binn\;C:\Program Files (x86)\QuickTime\QTSystem\;C:\Program Files\Microsoft SQL Server\130\Tools\Binn\;C:\Program Files\Git\cmd;C:\xampp\php;C:\ProgramData\ComposerSetup\bin;C:\Program Files (x86)\nodejs\;C:\Program Files\dotnet\;C:\HashiCorp\Vagrant\bin;C:\Program Files (x86)\Skype\Phone\;C:\Program Files\Amazon\AWSCLI\;C:\Program Files\MySQL\MySQL Server 5.1\bin;C:\Program Files\OpenVPN\bin;C:\Program Files\CMake\bin;C:\Program Files (x86)\Cracklock\Bin;C:\Users\rufino\.dnx\bin;C:\Users\rufino\AppData\Roaming\Composer\vendor\bin;C:\Program Files (x86)\Microsoft VS Code\bin;C:\Users\rufino\AppData\Roaming\npm;C:\Program Files\Java\jdk1.8.0_60\bin;C:\Python27
USERNAME=rufino
OS=Windows_NT
PROCESSOR_IDENTIFIER=Intel64 Family 6 Model 58 Stepping 9, GenuineIntel



---------------  S Y S T E M  ---------------

OS: Windows 10.0 , 64 bit Build 10586 (10.0.10586.589)

CPU:total 4 (2 cores per cpu, 2 threads per core) family 6 model 58 stepping 9, cmov, cx8, fxsr, mmx, sse, sse2, sse3, ssse3, sse4.1, sse4.2, popcnt, avx, aes, clmul, erms, ht, tsc, tscinvbit, tscinv

Memory: 4k page, physical 8282396k(1679756k free), swap 16671004k(6275044k free)

vm_info: Java HotSpot(TM) 64-Bit Server VM (25.60-b23) for windows-amd64 JRE (1.8.0_60-b27), built on Aug  4 2015 11:06:27 by "java_re" with MS VC++ 10.0 (VS2010)

time: Tue May 09 15:28:40 2017
elapsed time: 45 seconds (0d 0h 0m 45s)

