#
# A fatal error has been detected by the Java Runtime Environment:
#
#  EXCEPTION_ACCESS_VIOLATION (0xc0000005) at pc=0x00007ffc6310eb3a, pid=11716, tid=12692
#
# JRE version: Java(TM) SE Runtime Environment (8.0_60-b27) (build 1.8.0_60-b27)
# Java VM: Java HotSpot(TM) 64-Bit Server VM (25.60-b23 mixed mode windows-amd64 compressed oops)
# Problematic frame:
# C  [jcef.dll+0x1eb3a]
#
# Failed to write core dump. Minidumps are not enabled by default on client versions of Windows
#
# If you would like to submit a bug report, please visit:
#   http://bugreport.java.com/bugreport/crash.jsp
#

---------------  T H R E A D  ---------------

Current thread (0x00000000178a7000):  VMThread [stack: 0x0000000018930000,0x0000000018a30000] [id=12692]

siginfo: ExceptionCode=0xc0000005, reading address 0x00000000000000b0

Registers:
RAX=0x0000000000000000, RBX=0x0000000000000001, RCX=0x00000000178a71f8, RDX=0x000000001bd30b78
RSP=0x0000000018a2ec20, RBP=0x00000000177b5400, RSI=0x00007ffc631bd190, RDI=0x000000001e018ee0
R8 =0x0000000000000001, R9 =0x0000000000000000, R10=0x0000000018a2ec68, R11=0x0000000000000064
R12=0x000000000109ecb0, R13=0x0000000000000040, R14=0x000000000109ed08, R15=0x0000000000000001
RIP=0x00007ffc6310eb3a, EFLAGS=0x0000000000010202

Top of Stack: (sp=0x0000000018a2ec20)
0x0000000018a2ec20:   0000000000000001 0000000022825c10
0x0000000018a2ec30:   000000000109ed08 0000000000fc0000
0x0000000018a2ec40:   fffffffffffffffe 000000000109ecb0
0x0000000018a2ec50:   000000001e018e70 00007ffc6310ebe5
0x0000000018a2ec60:   000000000109ed01 00000000178a71f8
0x0000000018a2ec70:   0000000000000001 00007ffca0060abd
0x0000000018a2ec80:   000000001e0997d0 00007ffc631116b4
0x0000000018a2ec90:   00000000227b7060 00007ffc631bd190
0x0000000018a2eca0:   0000000000000001 000000001e0997d0
0x0000000018a2ecb0:   00000000177b5400 00007ffc6313abe2
0x0000000018a2ecc0:   000000000109ed08 00007ffc631bd190
0x0000000018a2ecd0:   0000000000000001 000000001e0997d0
0x0000000018a2ece0:   000000001e004fc0 00007ffc63141642
0x0000000018a2ecf0:   000000001e0192f0 000000001e0192f0
0x0000000018a2ed00:   0000000000000001 000000001e0997d0
0x0000000018a2ed10:   000000001e0192f0 00007ffc4a7a0e40 

Instructions: (pc=0x00007ffc6310eb3a)
0x00007ffc6310eb1a:   48 8d 4c 24 48 e8 8c 91 00 00 90 85 c0 75 23 48
0x00007ffc6310eb2a:   8b 4c 24 48 48 85 c9 74 19 48 8b 01 48 8b 57 a0
0x00007ffc6310eb3a:   ff 90 b0 00 00 00 90 48 8d 4c 24 40 e8 05 85 00
0x00007ffc6310eb4a:   00 90 48 8d 4f c8 e8 9b 51 04 00 90 4c 8b 47 b8 


Register to memory mapping:

RAX=0x0000000000000000 is an unknown value
RBX=0x0000000000000001 is an unknown value
RCX=0x00000000178a71f8 is an unknown value
RDX=0x000000001bd30b78 is a global jni handle
RSP=0x0000000018a2ec20 is an unknown value
RBP=0x00000000177b5400 is an unknown value
RSI=0x00007ffc631bd190 is an unknown value
RDI=0x000000001e018ee0 is an unknown value
R8 =0x0000000000000001 is an unknown value
R9 =0x0000000000000000 is an unknown value
R10=0x0000000018a2ec68 is an unknown value
R11=0x0000000000000064 is an unknown value
R12=0x000000000109ecb0 is an unknown value
R13=0x0000000000000040 is an unknown value
R14=0x000000000109ed08 is an unknown value
R15=0x0000000000000001 is an unknown value


Stack: [0x0000000018930000,0x0000000018a30000],  sp=0x0000000018a2ec20,  free space=1019k
Native frames: (J=compiled Java code, j=interpreted, Vv=VM code, C=native code)
C  [jcef.dll+0x1eb3a]
C  [jcef.dll+0x1ebe5]
C  [jcef.dll+0x216b4]
C  [jcef.dll+0x4abe2]
C  [jcef.dll+0x51642]
C  [libcef.dll+0x1980e40]
C  [libcef.dll+0x227bc96]
C  [libcef.dll+0x227c048]
C  [libcef.dll+0x2283ccf]
C  [libcef.dll+0x19897be]
C  [libcef.dll+0x1985ba0]
C  [jcef.dll+0x39cc8]
C  [jcef.dll+0x3734d]
C  [jcef.dll+0x37720]
C  [jcef.dll+0x86b84]
C  [jcef.dll+0x702b7]
C  [jcef.dll+0x7055d]
C  [jcef.dll+0x6fa48]
C  [jcef.dll+0x649a3]
C  [jcef.dll+0x651a2]
C  [jcef.dll+0x65298]
C  [ntdll.dll+0x152c8]
C  [ntdll.dll+0x5b2ea]
C  [ntdll.dll+0x5b17a]
C  [KERNEL32.DLL+0x24d8a]
C  [msvcr100.dll+0x20ccd]
V  [jvm.dll+0x210a25]
V  [jvm.dll+0x249747]
V  [jvm.dll+0x2489e6]
V  [jvm.dll+0x248e81]
V  [jvm.dll+0x24909e]
V  [jvm.dll+0x299f6a]
C  [msvcr100.dll+0x21d9f]
C  [msvcr100.dll+0x21e3b]
C  [KERNEL32.DLL+0x18102]
C  [ntdll.dll+0x5c5b4]

VM_Operation (0x000000001ea3d300): Exit, mode: safepoint, requested by thread 0x000000001b247000


---------------  P R O C E S S  ---------------

Java Threads: ( => current thread )
  0x000000001d456000 JavaThread "Keep-Alive-Timer" daemon [_thread_blocked, id=14492, stack(0x000000002c000000,0x000000002c100000)]
  0x0000000019d91800 JavaThread "Thread-8" daemon [_thread_in_native, id=18240, stack(0x00000000222a0000,0x00000000223a0000)]
  0x0000000019d94000 JavaThread "Thread-6" daemon [_thread_in_native, id=10948, stack(0x00000000219a0000,0x0000000021aa0000)]
  0x0000000002c94800 JavaThread "DestroyJavaVM" [_thread_blocked, id=6216, stack(0x0000000002ad0000,0x0000000002bd0000)]
  0x000000001b248800 JavaThread "TimerQueue" daemon [_thread_blocked, id=7708, stack(0x000000001ea40000,0x000000001eb40000)]
  0x000000001b247000 JavaThread "AWT-EventQueue-0" [_thread_blocked, id=15008, stack(0x000000001e940000,0x000000001ea40000)]
  0x000000001b246800 JavaThread "AWT-Shutdown" [_thread_blocked, id=11760, stack(0x000000001e350000,0x000000001e450000)]
  0x0000000019aec800 JavaThread "Java2D Disposer" daemon [_thread_blocked, id=16684, stack(0x000000001a0f0000,0x000000001a1f0000)]
  0x00000000178f1000 JavaThread "Service Thread" daemon [_thread_blocked, id=18048, stack(0x0000000019610000,0x0000000019710000)]
  0x00000000178eb000 JavaThread "C1 CompilerThread2" daemon [_thread_blocked, id=2208, stack(0x0000000019110000,0x0000000019210000)]
  0x00000000178e0800 JavaThread "C2 CompilerThread1" daemon [_thread_blocked, id=11852, stack(0x0000000019010000,0x0000000019110000)]
  0x00000000178dd800 JavaThread "C2 CompilerThread0" daemon [_thread_blocked, id=9052, stack(0x0000000018f10000,0x0000000019010000)]
  0x00000000178dc000 JavaThread "Attach Listener" daemon [_thread_blocked, id=6836, stack(0x0000000018e10000,0x0000000018f10000)]
  0x00000000178db800 JavaThread "Signal Dispatcher" daemon [_thread_blocked, id=18000, stack(0x0000000018d10000,0x0000000018e10000)]
  0x0000000002d8a800 JavaThread "Finalizer" daemon [_thread_blocked, id=11268, stack(0x0000000018b30000,0x0000000018c30000)]
  0x00000000178a8800 JavaThread "Reference Handler" daemon [_thread_blocked, id=10964, stack(0x0000000018a30000,0x0000000018b30000)]

Other Threads:
=>0x00000000178a7000 VMThread [stack: 0x0000000018930000,0x0000000018a30000] [id=12692]

VM state:at safepoint (shutting down)

VM Mutex/Monitor currently owned by a thread:  ([mutex/lock_event])
[0x0000000002c91cd0] Threads_lock - owner thread: 0x00000000178a7000

Heap:
 PSYoungGen      total 196608K, used 91198K [0x00000000d5d80000, 0x00000000e7780000, 0x0000000100000000)
  eden space 184832K, 42% used [0x00000000d5d80000,0x00000000dab176f8,0x00000000e1200000)
  from space 11776K, 99% used [0x00000000e6c00000,0x00000000e77782d0,0x00000000e7780000)
  to   space 15360K, 0% used [0x00000000e5980000,0x00000000e5980000,0x00000000e6880000)
 ParOldGen       total 70656K, used 18220K [0x0000000081800000, 0x0000000085d00000, 0x00000000d5d80000)
  object space 70656K, 25% used [0x0000000081800000,0x00000000829cb0a8,0x0000000085d00000)
 Metaspace       used 27147K, capacity 28028K, committed 28288K, reserved 1075200K
  class space    used 3245K, capacity 3382K, committed 3456K, reserved 1048576K

Card table byte_map: [0x0000000012150000,0x0000000012550000] byte_map_base: 0x0000000011d44000

Marking Bits: (ParMarkBitMap*) 0x000000005e35a5b0
 Begin Bits: [0x0000000012c00000, 0x0000000014ba0000)
 End Bits:   [0x0000000014ba0000, 0x0000000016b40000)

Polling page: 0x0000000001330000

CodeCache: size=245760Kb used=14410Kb max_used=14423Kb free=231349Kb
 bounds [0x0000000002d90000, 0x0000000003bc0000, 0x0000000011d90000]
 total_blobs=4773 nmethods=4192 adapters=490
 compilation: enabled

Compilation events (10 events):
Event: 179.123 Thread 0x00000000178eb000 nmethod 4925 0x0000000003bb0a10 code [0x0000000003bb0b80, 0x0000000003bb0eb0]
Event: 179.131 Thread 0x00000000178e0800 nmethod 4926 0x0000000003bb2c10 code [0x0000000003bb2d80, 0x0000000003bb30e8]
Event: 179.140 Thread 0x00000000178eb000 4927       3       java.util.concurrent.ThreadPoolExecutor::runStateAtLeast (11 bytes)
Event: 179.142 Thread 0x00000000178eb000 nmethod 4927 0x0000000003bb28d0 code [0x0000000003bb2a20, 0x0000000003bb2bb0]
Event: 179.153 Thread 0x00000000178eb000 4928       3       java.util.concurrent.ScheduledThreadPoolExecutor$DelayedWorkQueue::isEmpty (13 bytes)
Event: 179.154 Thread 0x00000000178eb000 nmethod 4928 0x0000000003bb3b90 code [0x0000000003bb3d40, 0x0000000003bb4468]
Event: 179.155 Thread 0x00000000178eb000 4929   !   3       java.util.concurrent.ScheduledThreadPoolExecutor$DelayedWorkQueue::size (27 bytes)
Event: 179.156 Thread 0x00000000178eb000 nmethod 4929 0x0000000003bb6090 code [0x0000000003bb6240, 0x0000000003bb68a8]
Event: 179.165 Thread 0x00000000178eb000 4930       1       java.awt.Window::getContainer (2 bytes)
Event: 179.165 Thread 0x00000000178eb000 nmethod 4930 0x0000000003baca90 code [0x0000000003bacbe0, 0x0000000003baccf0]

GC Heap History (10 events):
Event: 2.982 GC heap before
{Heap before GC invocations=5 (full 0):
 PSYoungGen      total 71680K, used 71341K [0x00000000d5d80000, 0x00000000da880000, 0x0000000100000000)
  eden space 66560K, 100% used [0x00000000d5d80000,0x00000000d9e80000,0x00000000d9e80000)
  from space 5120K, 93% used [0x00000000da380000,0x00000000da82b518,0x00000000da880000)
  to   space 5120K, 0% used [0x00000000d9e80000,0x00000000d9e80000,0x00000000da380000)
 ParOldGen       total 87552K, used 104K [0x0000000081800000, 0x0000000086d80000, 0x00000000d5d80000)
  object space 87552K, 0% used [0x0000000081800000,0x000000008181a010,0x0000000086d80000)
 Metaspace       used 12504K, capacity 12724K, committed 12800K, reserved 1060864K
  class space    used 1397K, capacity 1465K, committed 1536K, reserved 1048576K
Event: 2.990 GC heap after
Heap after GC invocations=5 (full 0):
 PSYoungGen      total 71680K, used 5117K [0x00000000d5d80000, 0x00000000dec80000, 0x0000000100000000)
  eden space 66560K, 0% used [0x00000000d5d80000,0x00000000d5d80000,0x00000000d9e80000)
  from space 5120K, 99% used [0x00000000d9e80000,0x00000000da37f7c0,0x00000000da380000)
  to   space 6656K, 0% used [0x00000000de600000,0x00000000de600000,0x00000000dec80000)
 ParOldGen       total 87552K, used 1034K [0x0000000081800000, 0x0000000086d80000, 0x00000000d5d80000)
  object space 87552K, 1% used [0x0000000081800000,0x0000000081902880,0x0000000086d80000)
 Metaspace       used 12504K, capacity 12724K, committed 12800K, reserved 1060864K
  class space    used 1397K, capacity 1465K, committed 1536K, reserved 1048576K
}
Event: 3.510 GC heap before
{Heap before GC invocations=6 (full 0):
 PSYoungGen      total 71680K, used 71677K [0x00000000d5d80000, 0x00000000dec80000, 0x0000000100000000)
  eden space 66560K, 100% used [0x00000000d5d80000,0x00000000d9e80000,0x00000000d9e80000)
  from space 5120K, 99% used [0x00000000d9e80000,0x00000000da37f7c0,0x00000000da380000)
  to   space 6656K, 0% used [0x00000000de600000,0x00000000de600000,0x00000000dec80000)
 ParOldGen       total 87552K, used 1034K [0x0000000081800000, 0x0000000086d80000, 0x00000000d5d80000)
  object space 87552K, 1% used [0x0000000081800000,0x0000000081902880,0x0000000086d80000)
 Metaspace       used 12517K, capacity 12724K, committed 12800K, reserved 1060864K
  class space    used 1398K, capacity 1465K, committed 1536K, reserved 1048576K
Event: 3.522 GC heap after
Heap after GC invocations=6 (full 0):
 PSYoungGen      total 139264K, used 6365K [0x00000000d5d80000, 0x00000000ded80000, 0x0000000100000000)
  eden space 132608K, 0% used [0x00000000d5d80000,0x00000000d5d80000,0x00000000ddf00000)
  from space 6656K, 95% used [0x00000000de600000,0x00000000dec377c0,0x00000000dec80000)
  to   space 7168K, 0% used [0x00000000ddf00000,0x00000000ddf00000,0x00000000de600000)
 ParOldGen       total 87552K, used 1042K [0x0000000081800000, 0x0000000086d80000, 0x00000000d5d80000)
  object space 87552K, 1% used [0x0000000081800000,0x0000000081904880,0x0000000086d80000)
 Metaspace       used 12517K, capacity 12724K, committed 12800K, reserved 1060864K
  class space    used 1398K, capacity 1465K, committed 1536K, reserved 1048576K
}
Event: 5.413 GC heap before
{Heap before GC invocations=7 (full 0):
 PSYoungGen      total 139264K, used 108752K [0x00000000d5d80000, 0x00000000ded80000, 0x0000000100000000)
  eden space 132608K, 77% used [0x00000000d5d80000,0x00000000dc17ca00,0x00000000ddf00000)
  from space 6656K, 95% used [0x00000000de600000,0x00000000dec377c0,0x00000000dec80000)
  to   space 7168K, 0% used [0x00000000ddf00000,0x00000000ddf00000,0x00000000de600000)
 ParOldGen       total 87552K, used 1042K [0x0000000081800000, 0x0000000086d80000, 0x00000000d5d80000)
  object space 87552K, 1% used [0x0000000081800000,0x0000000081904880,0x0000000086d80000)
 Metaspace       used 20850K, capacity 21184K, committed 21248K, reserved 1069056K
  class space    used 2405K, capacity 2525K, committed 2560K, reserved 1048576K
Event: 5.432 GC heap after
Heap after GC invocations=7 (full 0):
 PSYoungGen      total 139776K, used 7163K [0x00000000d5d80000, 0x00000000e7780000, 0x0000000100000000)
  eden space 132608K, 0% used [0x00000000d5d80000,0x00000000d5d80000,0x00000000ddf00000)
  from space 7168K, 99% used [0x00000000ddf00000,0x00000000de5fedc8,0x00000000de600000)
  to   space 11776K, 0% used [0x00000000e6c00000,0x00000000e6c00000,0x00000000e7780000)
 ParOldGen       total 87552K, used 7785K [0x0000000081800000, 0x0000000086d80000, 0x00000000d5d80000)
  object space 87552K, 8% used [0x0000000081800000,0x0000000081f9a760,0x0000000086d80000)
 Metaspace       used 20850K, capacity 21184K, committed 21248K, reserved 1069056K
  class space    used 2405K, capacity 2525K, committed 2560K, reserved 1048576K
}
Event: 5.432 GC heap before
{Heap before GC invocations=8 (full 1):
 PSYoungGen      total 139776K, used 7163K [0x00000000d5d80000, 0x00000000e7780000, 0x0000000100000000)
  eden space 132608K, 0% used [0x00000000d5d80000,0x00000000d5d80000,0x00000000ddf00000)
  from space 7168K, 99% used [0x00000000ddf00000,0x00000000de5fedc8,0x00000000de600000)
  to   space 11776K, 0% used [0x00000000e6c00000,0x00000000e6c00000,0x00000000e7780000)
 ParOldGen       total 87552K, used 7785K [0x0000000081800000, 0x0000000086d80000, 0x00000000d5d80000)
  object space 87552K, 8% used [0x0000000081800000,0x0000000081f9a760,0x0000000086d80000)
 Metaspace       used 20850K, capacity 21184K, committed 21248K, reserved 1069056K
  class space    used 2405K, capacity 2525K, committed 2560K, reserved 1048576K
Event: 5.525 GC heap after
Heap after GC invocations=8 (full 1):
 PSYoungGen      total 139776K, used 0K [0x00000000d5d80000, 0x00000000e7780000, 0x0000000100000000)
  eden space 132608K, 0% used [0x00000000d5d80000,0x00000000d5d80000,0x00000000ddf00000)
  from space 7168K, 0% used [0x00000000ddf00000,0x00000000ddf00000,0x00000000de600000)
  to   space 11776K, 0% used [0x00000000e6c00000,0x00000000e6c00000,0x00000000e7780000)
 ParOldGen       total 70656K, used 14570K [0x0000000081800000, 0x0000000085d00000, 0x00000000d5d80000)
  object space 70656K, 20% used [0x0000000081800000,0x000000008263a8f0,0x0000000085d00000)
 Metaspace       used 20850K, capacity 21184K, committed 21248K, reserved 1069056K
  class space    used 2405K, capacity 2525K, committed 2560K, reserved 1048576K
}
Event: 26.528 GC heap before
{Heap before GC invocations=9 (full 1):
 PSYoungGen      total 139776K, used 132608K [0x00000000d5d80000, 0x00000000e7780000, 0x0000000100000000)
  eden space 132608K, 100% used [0x00000000d5d80000,0x00000000ddf00000,0x00000000ddf00000)
  from space 7168K, 0% used [0x00000000ddf00000,0x00000000ddf00000,0x00000000de600000)
  to   space 11776K, 0% used [0x00000000e6c00000,0x00000000e6c00000,0x00000000e7780000)
 ParOldGen       total 70656K, used 14570K [0x0000000081800000, 0x0000000085d00000, 0x00000000d5d80000)
  object space 70656K, 20% used [0x0000000081800000,0x000000008263a8f0,0x0000000085d00000)
 Metaspace       used 26090K, capacity 26938K, committed 27136K, reserved 1073152K
  class space    used 3059K, capacity 3218K, committed 3328K, reserved 1048576K
Event: 26.538 GC heap after
Heap after GC invocations=9 (full 1):
 PSYoungGen      total 196608K, used 11744K [0x00000000d5d80000, 0x00000000e7780000, 0x0000000100000000)
  eden space 184832K, 0% used [0x00000000d5d80000,0x00000000d5d80000,0x00000000e1200000)
  from space 11776K, 99% used [0x00000000e6c00000,0x00000000e77782d0,0x00000000e7780000)
  to   space 15360K, 0% used [0x00000000e5980000,0x00000000e5980000,0x00000000e6880000)
 ParOldGen       total 70656K, used 18220K [0x0000000081800000, 0x0000000085d00000, 0x00000000d5d80000)
  object space 70656K, 25% used [0x0000000081800000,0x00000000829cb0a8,0x0000000085d00000)
 Metaspace       used 26090K, capacity 26938K, committed 27136K, reserved 1073152K
  class space    used 3059K, capacity 3218K, committed 3328K, reserved 1048576K
}

Deoptimization events (10 events):
Event: 26.624 Thread 0x000000001b247000 Uncommon trap: reason=class_check action=maybe_recompile pc=0x0000000003433094 method=sun.reflect.GeneratedMethodAccessor1.invoke(Ljava/lang/Object;[Ljava/lang/Object;)Ljava/lang/Object; @ 13
Event: 26.635 Thread 0x000000001b247000 Uncommon trap: reason=class_check action=maybe_recompile pc=0x0000000003433094 method=sun.reflect.GeneratedMethodAccessor1.invoke(Ljava/lang/Object;[Ljava/lang/Object;)Ljava/lang/Object; @ 13
Event: 26.635 Thread 0x000000001b247000 Uncommon trap: reason=class_check action=maybe_recompile pc=0x0000000003433094 method=sun.reflect.GeneratedMethodAccessor1.invoke(Ljava/lang/Object;[Ljava/lang/Object;)Ljava/lang/Object; @ 13
Event: 26.721 Thread 0x000000001b247000 Uncommon trap: reason=unstable_if action=reinterpret pc=0x00000000031cf738 method=javax.swing.SwingUtilities.computeIntersection(IIIILjava/awt/Rectangle;)Ljava/awt/Rectangle; @ 62
Event: 26.728 Thread 0x000000001b247000 Uncommon trap: reason=class_check action=maybe_recompile pc=0x0000000003a0453c method=java.awt.EventQueue.cacheEQItem(Lsun/awt/EventQueueItem;)V @ 20
Event: 26.735 Thread 0x000000001b247000 Uncommon trap: reason=class_check action=maybe_recompile pc=0x00000000039f8320 method=java.awt.Component.getGraphics()Ljava/awt/Graphics; @ 114
Event: 177.029 Thread 0x000000001b247000 Uncommon trap: reason=unstable_if action=reinterpret pc=0x0000000003a03458 method=java.awt.EventQueue.coalesceEvent(Ljava/awt/AWTEvent;I)Z @ 16
Event: 179.117 Thread 0x000000001b247000 Uncommon trap: reason=unstable_if action=reinterpret pc=0x0000000002fe7c44 method=java.util.ArrayList.rangeCheck(I)V @ 5
Event: 179.176 Thread 0x000000001d457000 Uncommon trap: reason=unstable_if action=reinterpret pc=0x000000000311078c method=java.util.concurrent.locks.ReentrantLock$Sync.tryRelease(I)Z @ 14
Event: 179.178 Thread 0x0000000019af0000 Uncommon trap: reason=unstable_if action=reinterpret pc=0x0000000003bb038c method=sun.awt.AWTAutoShutdown.isReadyToShutdown()Z @ 16

Internal exceptions (10 events):
Event: 26.433 Thread 0x000000001b247000 Exception <a 'java/lang/ClassNotFoundException': com/rameses/osiris2/common/FileServiceBeanInfo> (0x00000000dd9edb90) thrown at [C:\re\workspace\8-2-build-windows-amd64-cygwin\jdk8u60\4407\hotspot\src\share\vm\classfile\systemDictionary.cpp, line 210]
Event: 26.434 Thread 0x000000001b247000 Exception <a 'java/lang/ClassNotFoundException': com/rameses/osiris2/common/FileServiceCustomizer> (0x00000000dda08c70) thrown at [C:\re\workspace\8-2-build-windows-amd64-cygwin\jdk8u60\4407\hotspot\src\share\vm\classfile\systemDictionary.cpp, line 210]
Event: 26.439 Thread 0x000000001b247000 Exception <a 'java/security/PrivilegedActionException'> (0x00000000ddaa1130) thrown at [C:\re\workspace\8-2-build-windows-amd64-cygwin\jdk8u60\4407\hotspot\src\share\vm\prims\jvm.cpp, line 1386]
Event: 26.439 Thread 0x000000001b247000 Exception <a 'java/security/PrivilegedActionException'> (0x00000000ddaa1710) thrown at [C:\re\workspace\8-2-build-windows-amd64-cygwin\jdk8u60\4407\hotspot\src\share\vm\prims\jvm.cpp, line 1386]
Event: 26.439 Thread 0x000000001b247000 Exception <a 'java/security/PrivilegedActionException'> (0x00000000ddaa94a0) thrown at [C:\re\workspace\8-2-build-windows-amd64-cygwin\jdk8u60\4407\hotspot\src\share\vm\prims\jvm.cpp, line 1386]
Event: 26.439 Thread 0x000000001b247000 Exception <a 'java/security/PrivilegedActionException'> (0x00000000ddaa9a80) thrown at [C:\re\workspace\8-2-build-windows-amd64-cygwin\jdk8u60\4407\hotspot\src\share\vm\prims\jvm.cpp, line 1386]
Event: 26.453 Thread 0x000000001b247000 Exception <a 'java/lang/ClassNotFoundException': TagabukidConnectControllerBeanInfo> (0x00000000ddcffb88) thrown at [C:\re\workspace\8-2-build-windows-amd64-cygwin\jdk8u60\4407\hotspot\src\share\vm\classfile\systemDictionary.cpp, line 210]
Event: 26.455 Thread 0x000000001b247000 Exception <a 'java/lang/ClassNotFoundException': TagabukidConnectControllerCustomizer> (0x00000000ddd341c8) thrown at [C:\re\workspace\8-2-build-windows-amd64-cygwin\jdk8u60\4407\hotspot\src\share\vm\classfile\systemDictionary.cpp, line 210]
Event: 26.683 Thread 0x000000001b247000 Exception <a 'java/lang/ClassNotFoundException': Script1BeanInfo> (0x00000000d78f7a98) thrown at [C:\re\workspace\8-2-build-windows-amd64-cygwin\jdk8u60\4407\hotspot\src\share\vm\classfile\systemDictionary.cpp, line 210]
Event: 26.684 Thread 0x000000001b247000 Exception <a 'java/lang/ClassNotFoundException': Script1Customizer> (0x00000000d7a39db0) thrown at [C:\re\workspace\8-2-build-windows-amd64-cygwin\jdk8u60\4407\hotspot\src\share\vm\classfile\systemDictionary.cpp, line 210]

Events (10 events):
Event: 179.176 Thread 0x000000001d457000 DEOPT PACKING pc=0x000000000311078c sp=0x000000002c2ff0b0
Event: 179.176 Thread 0x000000001d457800 Thread exited: 0x000000001d457800
Event: 179.176 Thread 0x000000001d457000 DEOPT UNPACKING pc=0x0000000002dd582a sp=0x000000002c2ff030 mode 2
Event: 179.176 Thread 0x000000001d457000 Thread exited: 0x000000001d457000
Event: 179.178 Thread 0x0000000019af0000 Uncommon trap: trap_request=0xffffff65 fr.pc=0x0000000003bb038c
Event: 179.178 Thread 0x0000000019af0000 DEOPT PACKING pc=0x0000000003bb038c sp=0x000000001a3eeb50
Event: 179.178 Thread 0x0000000019af0000 DEOPT UNPACKING pc=0x0000000002dd582a sp=0x000000001a3eeab0 mode 2
Event: 179.178 Thread 0x0000000019af0000 Thread exited: 0x0000000019af0000
Event: 179.277 Thread 0x000000001d458800 Thread exited: 0x000000001d458800
Event: 179.277 Executing VM operation: Exit


Dynamic libraries:
0x00007ff626160000 - 0x00007ff626197000 	C:\Program Files\Java\jdk1.8.0_60\jre\bin\java.exe
0x00007ffca0040000 - 0x00007ffca0201000 	C:\WINDOWS\SYSTEM32\ntdll.dll
0x00007ffc9eb60000 - 0x00007ffc9ec0d000 	C:\WINDOWS\system32\KERNEL32.DLL
0x00007ffc9d020000 - 0x00007ffc9d208000 	C:\WINDOWS\system32\KERNELBASE.dll
0x00007ffc9ff20000 - 0x00007ffc9ffc7000 	C:\WINDOWS\system32\ADVAPI32.dll
0x00007ffc9f950000 - 0x00007ffc9f9ed000 	C:\WINDOWS\system32\msvcrt.dll
0x00007ffc9ee70000 - 0x00007ffc9eecb000 	C:\WINDOWS\system32\sechost.dll
0x00007ffc9fd40000 - 0x00007ffc9fe5c000 	C:\WINDOWS\system32\RPCRT4.dll
0x00007ffc9f1a0000 - 0x00007ffc9f2f6000 	C:\WINDOWS\system32\USER32.dll
0x00007ffc9ec70000 - 0x00007ffc9edf6000 	C:\WINDOWS\system32\GDI32.dll
0x00007ffc87510000 - 0x00007ffc87784000 	C:\WINDOWS\WinSxS\amd64_microsoft.windows.common-controls_6595b64144ccf1df_6.0.10586.839_none_a2ddba30a539a2ae\COMCTL32.dll
0x00007ffc9fac0000 - 0x00007ffc9fd3d000 	C:\WINDOWS\system32\combase.dll
0x00007ffc9c940000 - 0x00007ffc9c9aa000 	C:\WINDOWS\system32\bcryptPrimitives.dll
0x00007ffc9f160000 - 0x00007ffc9f19b000 	C:\WINDOWS\system32\IMM32.DLL
0x000000005d780000 - 0x000000005d852000 	C:\Program Files\Java\jdk1.8.0_60\jre\bin\msvcr100.dll
0x000000005db50000 - 0x000000005e3d9000 	C:\Program Files\Java\jdk1.8.0_60\jre\bin\server\jvm.dll
0x00007ffc9fe60000 - 0x00007ffc9fe68000 	C:\WINDOWS\system32\PSAPI.DLL
0x00007ffc9acd0000 - 0x00007ffc9acf3000 	C:\WINDOWS\SYSTEM32\WINMM.dll
0x00007ffc90510000 - 0x00007ffc90519000 	C:\WINDOWS\SYSTEM32\WSOCK32.dll
0x00007ffc98840000 - 0x00007ffc9884a000 	C:\WINDOWS\SYSTEM32\VERSION.dll
0x00007ffc9ee00000 - 0x00007ffc9ee6b000 	C:\WINDOWS\system32\WS2_32.dll
0x0000000002aa0000 - 0x0000000002acc000 	C:\WINDOWS\SYSTEM32\WINMMBASE.dll
0x00007ffc9c7a0000 - 0x00007ffc9c7e3000 	C:\WINDOWS\system32\cfgmgr32.dll
0x000000005db00000 - 0x000000005db0f000 	C:\Program Files\Java\jdk1.8.0_60\jre\bin\verify.dll
0x000000005dad0000 - 0x000000005daf9000 	C:\Program Files\Java\jdk1.8.0_60\jre\bin\java.dll
0x000000005dab0000 - 0x000000005dac6000 	C:\Program Files\Java\jdk1.8.0_60\jre\bin\zip.dll
0x00007ffc9d4b0000 - 0x00007ffc9ea0c000 	C:\WINDOWS\system32\SHELL32.dll
0x00007ffc9c9b0000 - 0x00007ffc9cff4000 	C:\WINDOWS\system32\windows.storage.dll
0x00007ffc9ec10000 - 0x00007ffc9ec62000 	C:\WINDOWS\system32\shlwapi.dll
0x00007ffc9c6e0000 - 0x00007ffc9c6ef000 	C:\WINDOWS\system32\kernel.appcore.dll
0x00007ffc9c7f0000 - 0x00007ffc9c8a5000 	C:\WINDOWS\system32\shcore.dll
0x00007ffc9c680000 - 0x00007ffc9c6cb000 	C:\WINDOWS\system32\powrprof.dll
0x00007ffc9c660000 - 0x00007ffc9c674000 	C:\WINDOWS\system32\profapi.dll
0x000000005d5c0000 - 0x000000005d758000 	C:\Program Files\Java\jdk1.8.0_60\jre\bin\awt.dll
0x00007ffc9f9f0000 - 0x00007ffc9fab6000 	C:\WINDOWS\system32\OLEAUT32.dll
0x00007ffc9abf0000 - 0x00007ffc9ac69000 	C:\WINDOWS\system32\apphelp.dll
0x00007ffc9af30000 - 0x00007ffc9afc6000 	C:\WINDOWS\system32\uxtheme.dll
0x00007ffc9eef0000 - 0x00007ffc9f04a000 	C:\WINDOWS\system32\MSCTF.dll
0x00007ffc9a2f0000 - 0x00007ffc9a312000 	C:\WINDOWS\system32\dwmapi.dll
0x00007ffc9ea10000 - 0x00007ffc9eb53000 	C:\WINDOWS\system32\ole32.dll
0x000000005d570000 - 0x000000005d5b7000 	C:\Program Files\Java\jdk1.8.0_60\jre\bin\fontmanager.dll
0x000000005da90000 - 0x000000005daaa000 	C:\Program Files\Java\jdk1.8.0_60\jre\bin\net.dll
0x00007ffc9bf30000 - 0x00007ffc9bf8c000 	C:\WINDOWS\system32\mswsock.dll
0x000000005d760000 - 0x000000005d771000 	C:\Program Files\Java\jdk1.8.0_60\jre\bin\nio.dll
0x000000005d420000 - 0x000000005d451000 	C:\Program Files\Java\jdk1.8.0_60\jre\bin\jpeg.dll
0x00007ffc9bfe0000 - 0x00007ffc9bff7000 	C:\WINDOWS\SYSTEM32\CRYPTSP.dll
0x00007ffc9bc70000 - 0x00007ffc9bca4000 	C:\WINDOWS\system32\rsaenh.dll
0x00007ffc9c590000 - 0x00007ffc9c5b9000 	C:\WINDOWS\SYSTEM32\bcrypt.dll
0x00007ffc9bdc0000 - 0x00007ffc9bddf000 	C:\WINDOWS\SYSTEM32\USERENV.dll
0x00007ffc9c100000 - 0x00007ffc9c10b000 	C:\WINDOWS\SYSTEM32\CRYPTBASE.dll
0x00007ffc99800000 - 0x00007ffc99838000 	C:\WINDOWS\SYSTEM32\IPHLPAPI.DLL
0x00007ffc9ffd0000 - 0x00007ffc9ffd8000 	C:\WINDOWS\system32\NSI.dll
0x00007ffc93b10000 - 0x00007ffc93b26000 	C:\WINDOWS\SYSTEM32\dhcpcsvc6.DLL
0x00007ffc93bd0000 - 0x00007ffc93bea000 	C:\WINDOWS\SYSTEM32\dhcpcsvc.DLL
0x000000005c9b0000 - 0x000000005c9d4000 	C:\Program Files\Java\jdk1.8.0_60\jre\bin\sunec.dll
0x00007ffc906f0000 - 0x00007ffc90706000 	C:\WINDOWS\system32\napinsp.dll
0x00007ffc906c0000 - 0x00007ffc906da000 	C:\WINDOWS\system32\pnrpnsp.dll
0x00007ffc9a350000 - 0x00007ffc9a368000 	C:\WINDOWS\system32\NLAapi.dll
0x00007ffc9b0d0000 - 0x00007ffc9b17a000 	C:\WINDOWS\SYSTEM32\DNSAPI.dll
0x00007ffc90500000 - 0x00007ffc9050d000 	C:\WINDOWS\System32\winrnr.dll
0x000000005eb40000 - 0x000000005eb66000 	C:\Program Files\Bonjour\mdnsNSP.dll
0x00007ffc8fbf0000 - 0x00007ffc8fc05000 	C:\WINDOWS\System32\wshbth.dll
0x00007ffc908e0000 - 0x00007ffc908ea000 	C:\Windows\System32\rasadhlp.dll
0x00007ffc93ff0000 - 0x00007ffc94057000 	C:\WINDOWS\System32\fwpuclnt.dll
0x000000005d520000 - 0x000000005d562000 	C:\Program Files\Java\jdk1.8.0_60\jre\bin\t2k.dll
0x00007ffc9fe70000 - 0x00007ffc9ff17000 	C:\WINDOWS\system32\clbcatq.dll
0x00007ffc993c0000 - 0x00007ffc99571000 	C:\WINDOWS\SYSTEM32\WindowsCodecs.dll
0x00007ffc6d0f0000 - 0x00007ffc6d13a000 	C:\WINDOWS\system32\dataexchange.dll
0x00007ffc9a590000 - 0x00007ffc9a673000 	C:\WINDOWS\system32\dcomp.dll
0x00007ffc9a040000 - 0x00007ffc9a2e8000 	C:\WINDOWS\system32\d3d11.dll
0x00007ffc99f90000 - 0x00007ffc9a032000 	C:\WINDOWS\system32\dxgi.dll
0x00007ffc9b180000 - 0x00007ffc9b280000 	C:\WINDOWS\system32\twinapi.appcore.dll
0x000000005c970000 - 0x000000005c977000 	C:\Program Files\Java\jdk1.8.0_60\jre\bin\jawt.dll
0x00007ffc85610000 - 0x00007ffc856a4000 	D:\java-cef\src\binary_distrib\win64\bin\lib\win64\chrome_elf.dll
0x00007ffc48e20000 - 0x00007ffc4e77b000 	D:\java-cef\src\binary_distrib\win64\bin\lib\win64\libcef.dll
0x00007ffc9f050000 - 0x00007ffc9f15b000 	C:\WINDOWS\system32\COMDLG32.dll
0x00007ffc9c8b0000 - 0x00007ffc9c936000 	C:\WINDOWS\system32\FirewallAPI.dll
0x00007ffc877e0000 - 0x00007ffc8784a000 	C:\WINDOWS\SYSTEM32\OLEACC.dll
0x00007ffc9a980000 - 0x00007ffc9a993000 	C:\WINDOWS\SYSTEM32\WTSAPI32.dll
0x00007ffc9d000000 - 0x00007ffc9d017000 	C:\WINDOWS\system32\NETAPI32.dll
0x00007ffc9d270000 - 0x00007ffc9d438000 	C:\WINDOWS\system32\CRYPT32.dll
0x00007ffc9c6d0000 - 0x00007ffc9c6e0000 	C:\WINDOWS\system32\MSASN1.dll
0x00007ffc93970000 - 0x00007ffc93afc000 	C:\WINDOWS\SYSTEM32\dbghelp.dll
0x00007ffc6e990000 - 0x00007ffc6e9a8000 	C:\WINDOWS\SYSTEM32\USP10.dll
0x00007ffc9d210000 - 0x00007ffc9d265000 	C:\WINDOWS\system32\WINTRUST.dll
0x00007ffc78ee0000 - 0x00007ffc78f16000 	C:\WINDOWS\SYSTEM32\credui.dll
0x00007ffc85570000 - 0x00007ffc85609000 	C:\WINDOWS\SYSTEM32\CRYPTUI.dll
0x00007ffc95420000 - 0x00007ffc9567e000 	C:\WINDOWS\SYSTEM32\DWrite.dll
0x00007ffc887a0000 - 0x00007ffc887ac000 	C:\WINDOWS\SYSTEM32\DAVHLPR.DLL
0x00007ffc9c1d0000 - 0x00007ffc9c1f7000 	C:\WINDOWS\SYSTEM32\ncrypt.dll
0x00007ffc99790000 - 0x00007ffc9979c000 	C:\WINDOWS\SYSTEM32\Secur32.dll
0x00007ffc928e0000 - 0x00007ffc92a97000 	C:\WINDOWS\SYSTEM32\urlmon.dll
0x00007ffc996c0000 - 0x00007ffc99787000 	C:\WINDOWS\SYSTEM32\WINHTTP.dll
0x00007ffc934a0000 - 0x00007ffc934c3000 	C:\WINDOWS\SYSTEM32\dxva2.dll
0x00007ffc61d80000 - 0x00007ffc61f90000 	C:\WINDOWS\SYSTEM32\d3d9.dll
0x00007ffc98770000 - 0x00007ffc987f4000 	C:\WINDOWS\SYSTEM32\WINSPOOL.DRV
0x00007ffc85540000 - 0x00007ffc85561000 	C:\WINDOWS\SYSTEM32\FONTSUB.dll
0x00007ffc9c190000 - 0x00007ffc9c1ca000 	C:\WINDOWS\SYSTEM32\NTASN1.dll
0x00007ffc959c0000 - 0x00007ffc95d49000 	C:\WINDOWS\SYSTEM32\iertutil.dll
0x00007ffc96d90000 - 0x00007ffc96da9000 	C:\WINDOWS\SYSTEM32\SAMCLI.DLL
0x00007ffc9ba70000 - 0x00007ffc9ba7c000 	C:\WINDOWS\SYSTEM32\NETUTILS.DLL
0x00007ffc9c2e0000 - 0x00007ffc9c30d000 	C:\WINDOWS\SYSTEM32\SSPICLI.DLL
0x00007ffc9b440000 - 0x00007ffc9b472000 	C:\WINDOWS\SYSTEM32\fwbase.dll
0x00007ffc630f0000 - 0x00007ffc631cd000 	D:\java-cef\src\binary_distrib\win64\bin\lib\win64\jcef.dll
0x00007ffc9f4c0000 - 0x00007ffc9f8e9000 	C:\WINDOWS\system32\SETUPAPI.dll
0x00007ffc9b080000 - 0x00007ffc9b0a7000 	C:\WINDOWS\SYSTEM32\DEVOBJ.dll
0x00007ffc951d0000 - 0x00007ffc95258000 	C:\WINDOWS\system32\audioses.dll
0x00007ffc97d30000 - 0x00007ffc97da0000 	C:\WINDOWS\system32\MMDevAPI.DLL
0x00007ffc98a10000 - 0x00007ffc98b46000 	C:\WINDOWS\SYSTEM32\wintypes.dll
0x00007ffc9a9a0000 - 0x00007ffc9ab26000 	C:\WINDOWS\system32\PROPSYS.dll
0x00007ffc5df50000 - 0x00007ffc5dfe1000 	C:\WINDOWS\SYSTEM32\mscms.dll
0x00007ffc9c530000 - 0x00007ffc9c586000 	C:\WINDOWS\SYSTEM32\WINSTA.dll
0x00007ffc87b40000 - 0x00007ffc87bcb000 	C:\WINDOWS\system32\directmanipulation.dll
0x00007ffc664f0000 - 0x00007ffc66500000 	C:\WINDOWS\SYSTEM32\atlthunk.dll
0x00007ffc9b660000 - 0x00007ffc9b684000 	C:\WINDOWS\SYSTEM32\gpapi.dll
0x00007ffc91c70000 - 0x00007ffc91c9f000 	C:\WINDOWS\SYSTEM32\cryptnet.dll
0x00007ffc97760000 - 0x00007ffc9776b000 	C:\WINDOWS\SYSTEM32\WINNSI.DLL

VM Arguments:
jvm_args: -Dfile.encoding=UTF-8 -Djava.library.path=D:\java-cef\src\binary_distrib\win64\bin\lib\win64 
java_command: Main
java_class_path (initial): D:\ETRACS25\ETRACStraining\libnew\RXTXcomm.jar;D:\ETRACS25\ETRACStraining\libnew\SigPlus2_60.jar;D:\ETRACS25\ETRACStraining\libnew\activation.jar;D:\ETRACS25\ETRACStraining\libnew\antlr-runtime-3.1.3.jar;D:\ETRACS25\ETRACStraining\libnew\anubis-cms2.jar;D:\ETRACS25\ETRACStraining\libnew\barbecue-1.5.jar;D:\ETRACS25\ETRACStraining\libnew\client-system.jar;D:\ETRACS25\ETRACStraining\libnew\client-ui-extended.jar;D:\ETRACS25\ETRACStraining\libnew\commons-beanutils-1.8.0.jar;D:\ETRACS25\ETRACStraining\libnew\commons-collections-3.2.1.jar;D:\ETRACS25\ETRACStraining\libnew\commons-digester-1.7.jar;D:\ETRACS25\ETRACStraining\libnew\commons-fileupload-1.2.1.jar;D:\ETRACS25\ETRACStraining\libnew\commons-io-1.4.jar;D:\ETRACS25\ETRACStraining\libnew\commons-lang-2.5.jar;D:\ETRACS25\ETRACStraining\libnew\commons-logging-1.1.jar;D:\ETRACS25\ETRACStraining\libnew\db-dialect.jar;D:\ETRACS25\ETRACStraining\libnew\dpuareu.jar;D:\ETRACS25\ETRACStraining\libnew\drools-api-5.1.1.jar;D:\ETRACS25\ETRACStraining\libnew\drools-compiler-5.1.1.jar;D:\ETRACS25\ETRACStraining\libnew\drools-core-5.1.1.jar;D:\ETRACS25\ETRACStraining\libnew\drools-decisiontables-5.1.1.jar;D:\ETRACS25\ETRACStraining\libnew\ezmorph-1.0.6.jar;D:\ETRACS25\ETRACStraining\libnew\groovy-all-1.5.5.jar;D:\ETRACS25\ETRACStraining\libnew\guava-14.0-rc1.jar;D:\ETRACS25\ETRACStraining\libnew\itext-1.3.1.jar;D:\ETRACS25\ETRACStraining\libnew\itextpdf-5.1.2.jar;D:\ETRACS25\ETRACStraining\libnew\janino-2.5.15.jar;D:\ETRACS25\ETRACStraining\libnew\jasperreports-3.0.0.jar;D:\ETRACS25\ETRACStraining\libnew\jcommon-1.0.0.jar;D:\ETRACS25\ETRACStraining\libnew\jdt-compiler-3.1.1.jar;D:\ETRACS25\ETRACStraining\libnew\jetty-continuation-8.1.3.v20120416.jar;D:\ETRACS25\ETRACStraining\libnew\jetty-http-8.1.3.v20120416.jar;D:\ETRACS25\ETRACStraining\libnew\jetty-io-8.1.3.v20120416.jar;D:\ETRACS25\ETRACStraining\libnew\jetty-security-8.1.3.v20120416.jar;D:\ETRACS25\ETRACStraining\libnew\jetty-server-8.1.3.v20120
Launcher Type: SUN_STANDARD

Environment Variables:
PATH=C:\Program Files (x86)\NVIDIA Corporation\PhysX\Common;C:\ProgramData\Oracle\Java\javapath;C:\Program Files (x86)\Intel\iCLS Client\;C:\Program Files\Intel\iCLS Client\;C:\Program Files (x86)\AMD APP\bin\x86_64;C:\Program Files (x86)\AMD APP\bin\x86;C:\WINDOWS\system32;C:\WINDOWS;C:\WINDOWS\System32\Wbem;C:\WINDOWS\System32\WindowsPowerShell\v1.0\;C:\Program Files (x86)\Windows Live\Shared;C:\Program Files (x86)\ATI Technologies\ATI.ACE\Core-Static;C:\Program Files\Intel\Intel(R) Management Engine Components\DAL;C:\Program Files\Intel\Intel(R) Management Engine Components\IPT;C:\Program Files (x86)\Intel\Intel(R) Management Engine Components\DAL;C:\Program Files (x86)\Intel\Intel(R) Management Engine Components\IPT;C:\Program Files (x86)\MySQL\MySQL Server 5.1\bin;C:\Program Files (x86)\Bitvise SSH Client;C:\Program Files\Microsoft SQL Server\120\Tools\Binn\;C:\Program Files (x86)\Windows Kits\10\Windows Performance Toolkit\;C:\Program Files\Microsoft SQL Server\Client SDK\ODBC\110\Tools\Binn\;C:\Program Files (x86)\Microsoft SQL Server\120\Tools\Binn\;C:\Program Files\Microsoft SQL Server\120\DTS\Binn\;C:\Program Files (x86)\QuickTime\QTSystem\;C:\Program Files\Microsoft SQL Server\130\Tools\Binn\;C:\Program Files\Git\cmd;C:\xampp\php;C:\ProgramData\ComposerSetup\bin;C:\Program Files (x86)\nodejs\;C:\Program Files\dotnet\;C:\HashiCorp\Vagrant\bin;C:\Program Files (x86)\Skype\Phone\;C:\Program Files\Amazon\AWSCLI\;C:\Program Files\MySQL\MySQL Server 5.1\bin;C:\Program Files\OpenVPN\bin;C:\Program Files\CMake\bin;C:\Program Files (x86)\Cracklock\Bin;C:\Users\rufino\.dnx\bin;C:\Users\rufino\AppData\Roaming\Composer\vendor\bin;C:\Program Files (x86)\Microsoft VS Code\bin;C:\Users\rufino\AppData\Roaming\npm;C:\Program Files\Java\jdk1.8.0_60\bin;C:\Python27
USERNAME=rufino
OS=Windows_NT
PROCESSOR_IDENTIFIER=Intel64 Family 6 Model 58 Stepping 9, GenuineIntel



---------------  S Y S T E M  ---------------

OS: Windows 10.0 , 64 bit Build 10586 (10.0.10586.589)

CPU:total 4 (2 cores per cpu, 2 threads per core) family 6 model 58 stepping 9, cmov, cx8, fxsr, mmx, sse, sse2, sse3, ssse3, sse4.1, sse4.2, popcnt, avx, aes, clmul, erms, ht, tsc, tscinvbit, tscinv

Memory: 4k page, physical 8282396k(1574744k free), swap 16671004k(6290356k free)

vm_info: Java HotSpot(TM) 64-Bit Server VM (25.60-b23) for windows-amd64 JRE (1.8.0_60-b27), built on Aug  4 2015 11:06:27 by "java_re" with MS VC++ 10.0 (VS2010)

time: Tue May 09 14:10:13 2017
elapsed time: 179 seconds (0d 0h 2m 59s)

