#
# A fatal error has been detected by the Java Runtime Environment:
#
#  EXCEPTION_ACCESS_VIOLATION (0xc0000005) at pc=0x00007ffc3d44eb3a, pid=11352, tid=11900
#
# JRE version: Java(TM) SE Runtime Environment (8.0_60-b27) (build 1.8.0_60-b27)
# Java VM: Java HotSpot(TM) 64-Bit Server VM (25.60-b23 mixed mode windows-amd64 compressed oops)
# Problematic frame:
# C  [jcef.dll+0x1eb3a]
#
# Failed to write core dump. Minidumps are not enabled by default on client versions of Windows
#
# If you would like to submit a bug report, please visit:
#   http://bugreport.java.com/bugreport/crash.jsp
#

---------------  T H R E A D  ---------------

Current thread (0x0000000016f77800):  VMThread [stack: 0x0000000018010000,0x0000000018110000] [id=11900]

siginfo: ExceptionCode=0xc0000005, reading address 0x00000000000000b0

Registers:
RAX=0x0000000000000000, RBX=0x0000000000000001, RCX=0x0000000016f779f8, RDX=0x000000001920cff0
RSP=0x000000001810ec70, RBP=0x00000000023c5a10, RSI=0x00007ffc3d4fd190, RDI=0x0000000020edf8c0
R8 =0x0000000000000001, R9 =0x0000000000000000, R10=0x000000001810ecb8, R11=0x0000000000000064
R12=0x00000000005b3030, R13=0x0000000000000040, R14=0x00000000005b3090, R15=0x0000000000000001
RIP=0x00007ffc3d44eb3a, EFLAGS=0x0000000000010202

Top of Stack: (sp=0x000000001810ec70)
0x000000001810ec70:   0000000000000001 0000000021c31be0
0x000000001810ec80:   00000000005b3090 0000000000500000
0x000000001810ec90:   fffffffffffffffe 00000000005b3030
0x000000001810eca0:   0000000020edf850 00007ffc3d44ebe5
0x000000001810ecb0:   00000000005b3001 0000000016f779f8
0x000000001810ecc0:   0000000000000001 00007ffc656e0abd
0x000000001810ecd0:   0000000020f570b0 00007ffc3d4516b4
0x000000001810ece0:   0000000021c339b0 00007ffc3d4fd190
0x000000001810ecf0:   0000000000000001 0000000020f570b0
0x000000001810ed00:   00000000023c5a10 00007ffc3d47abe2
0x000000001810ed10:   00000000005b3090 00007ffc3d4fd190
0x000000001810ed20:   0000000000000001 0000000020f570b0
0x000000001810ed30:   0000000020fc39f0 00007ffc3d481642
0x000000001810ed40:   0000000020edf950 0000000020edf950
0x000000001810ed50:   0000000000000001 0000000020f570b0
0x000000001810ed60:   0000000020edf950 00007ffc17db0e40 

Instructions: (pc=0x00007ffc3d44eb3a)
0x00007ffc3d44eb1a:   48 8d 4c 24 48 e8 8c 91 00 00 90 85 c0 75 23 48
0x00007ffc3d44eb2a:   8b 4c 24 48 48 85 c9 74 19 48 8b 01 48 8b 57 a0
0x00007ffc3d44eb3a:   ff 90 b0 00 00 00 90 48 8d 4c 24 40 e8 05 85 00
0x00007ffc3d44eb4a:   00 90 48 8d 4f c8 e8 9b 51 04 00 90 4c 8b 47 b8 


Register to memory mapping:

RAX=0x0000000000000000 is an unknown value
RBX=0x0000000000000001 is an unknown value
RCX=0x0000000016f779f8 is an unknown value
RDX=0x000000001920cff0 is a global jni handle
RSP=0x000000001810ec70 is an unknown value
RBP=0x00000000023c5a10 is an unknown value
RSI=0x00007ffc3d4fd190 is an unknown value
RDI=0x0000000020edf8c0 is an unknown value
R8 =0x0000000000000001 is an unknown value
R9 =0x0000000000000000 is an unknown value
R10=0x000000001810ecb8 is an unknown value
R11=0x0000000000000064 is an unknown value
R12=0x00000000005b3030 is an unknown value
R13=0x0000000000000040 is an unknown value
R14=0x00000000005b3090 is an unknown value
R15=0x0000000000000001 is an unknown value


Stack: [0x0000000018010000,0x0000000018110000],  sp=0x000000001810ec70,  free space=1019k
Native frames: (J=compiled Java code, j=interpreted, Vv=VM code, C=native code)
C  [jcef.dll+0x1eb3a]
C  [jcef.dll+0x1ebe5]
C  [jcef.dll+0x216b4]
C  [jcef.dll+0x4abe2]
C  [jcef.dll+0x51642]
C  [libcef.dll+0x1980e40]
C  [libcef.dll+0x227bc96]
C  [libcef.dll+0x227c048]
C  [libcef.dll+0x2283ccf]
C  [libcef.dll+0x19897be]
C  [libcef.dll+0x1985ba0]
C  [jcef.dll+0x39cc8]
C  [jcef.dll+0x3734d]
C  [jcef.dll+0x37720]
C  [jcef.dll+0x86b84]
C  [jcef.dll+0x702b7]
C  [jcef.dll+0x7055d]
C  [jcef.dll+0x6fa48]
C  [jcef.dll+0x649a3]
C  [jcef.dll+0x651a2]
C  [jcef.dll+0x65298]
C  [ntdll.dll+0x152c8]
C  [ntdll.dll+0x5b2ea]
C  [ntdll.dll+0x5b17a]
C  [KERNEL32.DLL+0x24d8a]
C  [msvcr100.dll+0x20ccd]
V  [jvm.dll+0x210a25]
V  [jvm.dll+0x249747]
V  [jvm.dll+0x2489e6]
V  [jvm.dll+0x248e81]
V  [jvm.dll+0x24909e]
V  [jvm.dll+0x299f6a]
C  [msvcr100.dll+0x21d9f]
C  [msvcr100.dll+0x21e3b]
C  [KERNEL32.DLL+0x18102]
C  [ntdll.dll+0x5c5b4]

VM_Operation (0x000000001d7bcc10): Exit, mode: safepoint, requested by thread 0x000000001c48a000


---------------  P R O C E S S  ---------------

Java Threads: ( => current thread )
  0x000000001a757800 JavaThread "Thread-8" daemon [_thread_in_native, id=8564, stack(0x00000000216d0000,0x00000000217d0000)]
  0x000000001a758000 JavaThread "Thread-6" daemon [_thread_in_native, id=13036, stack(0x0000000020d40000,0x0000000020e40000)]
  0x0000000002324800 JavaThread "DestroyJavaVM" [_thread_blocked, id=6740, stack(0x0000000002220000,0x0000000002320000)]
  0x000000001c506800 JavaThread "TimerQueue" daemon [_thread_blocked, id=6436, stack(0x000000001da70000,0x000000001db70000)]
  0x000000001c48a000 JavaThread "AWT-EventQueue-0" [_thread_blocked, id=12700, stack(0x000000001d6c0000,0x000000001d7c0000)]
  0x000000001c489000 JavaThread "AWT-Shutdown" [_thread_blocked, id=14200, stack(0x000000001d5c0000,0x000000001d6c0000)]
  0x0000000019174800 JavaThread "Java2D Disposer" daemon [_thread_blocked, id=12412, stack(0x00000000197e0000,0x00000000198e0000)]
  0x0000000018927000 JavaThread "Service Thread" daemon [_thread_blocked, id=13516, stack(0x0000000018d00000,0x0000000018e00000)]
  0x0000000016fbb000 JavaThread "C1 CompilerThread2" daemon [_thread_blocked, id=12248, stack(0x0000000018800000,0x0000000018900000)]
  0x0000000016fb8000 JavaThread "C2 CompilerThread1" daemon [_thread_blocked, id=12684, stack(0x0000000018700000,0x0000000018800000)]
  0x0000000016fae800 JavaThread "C2 CompilerThread0" daemon [_thread_blocked, id=11044, stack(0x0000000018600000,0x0000000018700000)]
  0x0000000016fad800 JavaThread "Attach Listener" daemon [_thread_blocked, id=13984, stack(0x0000000018500000,0x0000000018600000)]
  0x0000000016fac800 JavaThread "Signal Dispatcher" daemon [_thread_blocked, id=12524, stack(0x0000000018400000,0x0000000018500000)]
  0x000000000241c000 JavaThread "Finalizer" daemon [_thread_blocked, id=11320, stack(0x0000000018210000,0x0000000018310000)]
  0x0000000016f79000 JavaThread "Reference Handler" daemon [_thread_blocked, id=12484, stack(0x0000000018110000,0x0000000018210000)]

Other Threads:
=>0x0000000016f77800 VMThread [stack: 0x0000000018010000,0x0000000018110000] [id=11900]

VM state:at safepoint (shutting down)

VM Mutex/Monitor currently owned by a thread:  ([mutex/lock_event])
[0x0000000002321b50] Threads_lock - owner thread: 0x0000000016f77800

Heap:
 PSYoungGen      total 203264K, used 45771K [0x00000000d5d80000, 0x00000000e7680000, 0x0000000100000000)
  eden space 191488K, 17% used [0x00000000d5d80000,0x00000000d7eb50f0,0x00000000e1880000)
  from space 11776K, 99% used [0x00000000e6b00000,0x00000000e767db58,0x00000000e7680000)
  to   space 19968K, 0% used [0x00000000e4f80000,0x00000000e4f80000,0x00000000e6300000)
 ParOldGen       total 68608K, used 29294K [0x0000000081800000, 0x0000000085b00000, 0x00000000d5d80000)
  object space 68608K, 42% used [0x0000000081800000,0x000000008349b800,0x0000000085b00000)
 Metaspace       used 26709K, capacity 27414K, committed 27648K, reserved 1073152K
  class space    used 3178K, capacity 3327K, committed 3328K, reserved 1048576K

Card table byte_map: [0x00000000117f0000,0x0000000011bf0000] byte_map_base: 0x00000000113e4000

Marking Bits: (ParMarkBitMap*) 0x000000006c22a5b0
 Begin Bits: [0x00000000122a0000, 0x0000000014240000)
 End Bits:   [0x0000000014240000, 0x00000000161e0000)

Polling page: 0x00000000020c0000

CodeCache: size=245760Kb used=14323Kb max_used=14331Kb free=231436Kb
 bounds [0x0000000002430000, 0x0000000003240000, 0x0000000011430000]
 total_blobs=4671 nmethods=4092 adapters=488
 compilation: enabled

Compilation events (10 events):
Event: 23.153 Thread 0x0000000016fbb000 4762       3       javax.swing.plaf.basic.BasicLabelUI::paint (187 bytes)
Event: 23.155 Thread 0x0000000016fbb000 nmethod 4762 0x0000000003236390 code [0x0000000003236680, 0x0000000003238058]
Event: 23.155 Thread 0x0000000016fbb000 4763       3       javax.swing.plaf.basic.BasicLabelUI::layout (184 bytes)
Event: 23.156 Thread 0x0000000016fbb000 nmethod 4763 0x0000000002bfa890 code [0x0000000002bfaa60, 0x0000000002bfb7a8]
Event: 23.176 Thread 0x0000000016fb8000 4764       4       java.awt.Component::getGraphics (124 bytes)
Event: 23.219 Thread 0x0000000016fb8000 nmethod 4764 0x000000000323b110 code [0x000000000323b3c0, 0x000000000323cac0]
Event: 23.335 Thread 0x0000000016fbb000 4765       1       java.awt.Window::getTemporaryLostComponent (5 bytes)
Event: 23.335 Thread 0x0000000016fbb000 nmethod 4765 0x0000000002bfa5d0 code [0x0000000002bfa720, 0x0000000002bfa830]
Event: 23.335 Thread 0x0000000016fbb000 4766       3       java.awt.Component::setAutoFocusTransferOnDisposal (6 bytes)
Event: 23.335 Thread 0x0000000016fbb000 nmethod 4766 0x000000000323ae10 code [0x000000000323af60, 0x000000000323b0b0]

GC Heap History (10 events):
Event: 3.501 GC heap before
{Heap before GC invocations=5 (full 0):
 PSYoungGen      total 71680K, used 71437K [0x00000000d5d80000, 0x00000000da880000, 0x0000000100000000)
  eden space 66560K, 100% used [0x00000000d5d80000,0x00000000d9e80000,0x00000000d9e80000)
  from space 5120K, 95% used [0x00000000da380000,0x00000000da843528,0x00000000da880000)
  to   space 5120K, 0% used [0x00000000d9e80000,0x00000000d9e80000,0x00000000da380000)
 ParOldGen       total 87552K, used 40K [0x0000000081800000, 0x0000000086d80000, 0x00000000d5d80000)
  object space 87552K, 0% used [0x0000000081800000,0x000000008180a000,0x0000000086d80000)
 Metaspace       used 12516K, capacity 12724K, committed 12800K, reserved 1060864K
  class space    used 1397K, capacity 1465K, committed 1536K, reserved 1048576K
Event: 3.508 GC heap after
Heap after GC invocations=5 (full 0):
 PSYoungGen      total 71680K, used 5090K [0x00000000d5d80000, 0x00000000dec80000, 0x0000000100000000)
  eden space 66560K, 0% used [0x00000000d5d80000,0x00000000d5d80000,0x00000000d9e80000)
  from space 5120K, 99% used [0x00000000d9e80000,0x00000000da378a18,0x00000000da380000)
  to   space 6656K, 0% used [0x00000000de600000,0x00000000de600000,0x00000000dec80000)
 ParOldGen       total 87552K, used 1064K [0x0000000081800000, 0x0000000086d80000, 0x00000000d5d80000)
  object space 87552K, 1% used [0x0000000081800000,0x000000008190a340,0x0000000086d80000)
 Metaspace       used 12516K, capacity 12724K, committed 12800K, reserved 1060864K
  class space    used 1397K, capacity 1465K, committed 1536K, reserved 1048576K
}
Event: 3.932 GC heap before
{Heap before GC invocations=6 (full 0):
 PSYoungGen      total 71680K, used 71650K [0x00000000d5d80000, 0x00000000dec80000, 0x0000000100000000)
  eden space 66560K, 100% used [0x00000000d5d80000,0x00000000d9e80000,0x00000000d9e80000)
  from space 5120K, 99% used [0x00000000d9e80000,0x00000000da378a18,0x00000000da380000)
  to   space 6656K, 0% used [0x00000000de600000,0x00000000de600000,0x00000000dec80000)
 ParOldGen       total 87552K, used 1064K [0x0000000081800000, 0x0000000086d80000, 0x00000000d5d80000)
  object space 87552K, 1% used [0x0000000081800000,0x000000008190a340,0x0000000086d80000)
 Metaspace       used 12522K, capacity 12724K, committed 12800K, reserved 1060864K
  class space    used 1398K, capacity 1465K, committed 1536K, reserved 1048576K
Event: 3.943 GC heap after
Heap after GC invocations=6 (full 0):
 PSYoungGen      total 138752K, used 6445K [0x00000000d5d80000, 0x00000000dee80000, 0x0000000100000000)
  eden space 132096K, 0% used [0x00000000d5d80000,0x00000000d5d80000,0x00000000dde80000)
  from space 6656K, 96% used [0x00000000de600000,0x00000000dec4b7b0,0x00000000dec80000)
  to   space 7680K, 0% used [0x00000000dde80000,0x00000000dde80000,0x00000000de600000)
 ParOldGen       total 87552K, used 1072K [0x0000000081800000, 0x0000000086d80000, 0x00000000d5d80000)
  object space 87552K, 1% used [0x0000000081800000,0x000000008190c340,0x0000000086d80000)
 Metaspace       used 12522K, capacity 12724K, committed 12800K, reserved 1060864K
  class space    used 1398K, capacity 1465K, committed 1536K, reserved 1048576K
}
Event: 5.875 GC heap before
{Heap before GC invocations=7 (full 0):
 PSYoungGen      total 138752K, used 114083K [0x00000000d5d80000, 0x00000000dee80000, 0x0000000100000000)
  eden space 132096K, 81% used [0x00000000d5d80000,0x00000000dc69d7d8,0x00000000dde80000)
  from space 6656K, 96% used [0x00000000de600000,0x00000000dec4b7b0,0x00000000dec80000)
  to   space 7680K, 0% used [0x00000000dde80000,0x00000000dde80000,0x00000000de600000)
 ParOldGen       total 87552K, used 1072K [0x0000000081800000, 0x0000000086d80000, 0x00000000d5d80000)
  object space 87552K, 1% used [0x0000000081800000,0x000000008190c340,0x0000000086d80000)
 Metaspace       used 20834K, capacity 21178K, committed 21248K, reserved 1069056K
  class space    used 2406K, capacity 2524K, committed 2560K, reserved 1048576K
Event: 5.898 GC heap after
Heap after GC invocations=7 (full 0):
 PSYoungGen      total 139776K, used 7675K [0x00000000d5d80000, 0x00000000e7680000, 0x0000000100000000)
  eden space 132096K, 0% used [0x00000000d5d80000,0x00000000d5d80000,0x00000000dde80000)
  from space 7680K, 99% used [0x00000000dde80000,0x00000000de5fedc8,0x00000000de600000)
  to   space 11776K, 0% used [0x00000000e6b00000,0x00000000e6b00000,0x00000000e7680000)
 ParOldGen       total 87552K, used 7436K [0x0000000081800000, 0x0000000086d80000, 0x00000000d5d80000)
  object space 87552K, 8% used [0x0000000081800000,0x0000000081f430b8,0x0000000086d80000)
 Metaspace       used 20834K, capacity 21178K, committed 21248K, reserved 1069056K
  class space    used 2406K, capacity 2524K, committed 2560K, reserved 1048576K
}
Event: 5.898 GC heap before
{Heap before GC invocations=8 (full 1):
 PSYoungGen      total 139776K, used 7675K [0x00000000d5d80000, 0x00000000e7680000, 0x0000000100000000)
  eden space 132096K, 0% used [0x00000000d5d80000,0x00000000d5d80000,0x00000000dde80000)
  from space 7680K, 99% used [0x00000000dde80000,0x00000000de5fedc8,0x00000000de600000)
  to   space 11776K, 0% used [0x00000000e6b00000,0x00000000e6b00000,0x00000000e7680000)
 ParOldGen       total 87552K, used 7436K [0x0000000081800000, 0x0000000086d80000, 0x00000000d5d80000)
  object space 87552K, 8% used [0x0000000081800000,0x0000000081f430b8,0x0000000086d80000)
 Metaspace       used 20834K, capacity 21178K, committed 21248K, reserved 1069056K
  class space    used 2406K, capacity 2524K, committed 2560K, reserved 1048576K
Event: 5.985 GC heap after
Heap after GC invocations=8 (full 1):
 PSYoungGen      total 139776K, used 0K [0x00000000d5d80000, 0x00000000e7680000, 0x0000000100000000)
  eden space 132096K, 0% used [0x00000000d5d80000,0x00000000d5d80000,0x00000000dde80000)
  from space 7680K, 0% used [0x00000000dde80000,0x00000000dde80000,0x00000000de600000)
  to   space 11776K, 0% used [0x00000000e6b00000,0x00000000e6b00000,0x00000000e7680000)
 ParOldGen       total 68608K, used 14698K [0x0000000081800000, 0x0000000085b00000, 0x00000000d5d80000)
  object space 68608K, 21% used [0x0000000081800000,0x000000008265aa98,0x0000000085b00000)
 Metaspace       used 20834K, capacity 21178K, committed 21248K, reserved 1069056K
  class space    used 2406K, capacity 2524K, committed 2560K, reserved 1048576K
}
Event: 11.694 GC heap before
{Heap before GC invocations=9 (full 1):
 PSYoungGen      total 139776K, used 132096K [0x00000000d5d80000, 0x00000000e7680000, 0x0000000100000000)
  eden space 132096K, 100% used [0x00000000d5d80000,0x00000000dde80000,0x00000000dde80000)
  from space 7680K, 0% used [0x00000000dde80000,0x00000000dde80000,0x00000000de600000)
  to   space 11776K, 0% used [0x00000000e6b00000,0x00000000e6b00000,0x00000000e7680000)
 ParOldGen       total 68608K, used 14698K [0x0000000081800000, 0x0000000085b00000, 0x00000000d5d80000)
  object space 68608K, 21% used [0x0000000081800000,0x000000008265aa98,0x0000000085b00000)
 Metaspace       used 25737K, capacity 26340K, committed 26624K, reserved 1073152K
  class space    used 3076K, capacity 3229K, committed 3328K, reserved 1048576K
Event: 11.705 GC heap after
Heap after GC invocations=9 (full 1):
 PSYoungGen      total 203264K, used 11766K [0x00000000d5d80000, 0x00000000e7680000, 0x0000000100000000)
  eden space 191488K, 0% used [0x00000000d5d80000,0x00000000d5d80000,0x00000000e1880000)
  from space 11776K, 99% used [0x00000000e6b00000,0x00000000e767db58,0x00000000e7680000)
  to   space 19968K, 0% used [0x00000000e4f80000,0x00000000e4f80000,0x00000000e6300000)
 ParOldGen       total 68608K, used 29294K [0x0000000081800000, 0x0000000085b00000, 0x00000000d5d80000)
  object space 68608K, 42% used [0x0000000081800000,0x000000008349b800,0x0000000085b00000)
 Metaspace       used 25737K, capacity 26340K, committed 26624K, reserved 1073152K
  class space    used 3076K, capacity 3229K, committed 3328K, reserved 1048576K
}

Deoptimization events (10 events):
Event: 11.670 Thread 0x000000001c48a000 Uncommon trap: reason=class_check action=maybe_recompile pc=0x0000000002b26614 method=sun.reflect.GeneratedMethodAccessor1.invoke(Ljava/lang/Object;[Ljava/lang/Object;)Ljava/lang/Object; @ 13
Event: 11.688 Thread 0x000000001c48a000 Uncommon trap: reason=bimorphic action=maybe_recompile pc=0x00000000026af23c method=java.util.regex.Matcher.match(II)Z @ 86
Event: 20.399 Thread 0x000000001c48a000 Uncommon trap: reason=uninitialized action=reinterpret pc=0x0000000003065b4c method=java.lang.Class.newInstance()Ljava/lang/Object; @ 147
Event: 20.415 Thread 0x000000001c48a000 Uncommon trap: reason=bimorphic action=maybe_recompile pc=0x00000000026fad34 method=javax.swing.UIDefaults.getFromHashtable(Ljava/lang/Object;)Ljava/lang/Object; @ 126
Event: 20.439 Thread 0x000000001c48a000 Uncommon trap: reason=class_check action=maybe_recompile pc=0x000000000277cc90 method=java.util.AbstractList$Itr.hasNext()Z @ 8
Event: 20.439 Thread 0x000000001c48a000 Uncommon trap: reason=class_check action=maybe_recompile pc=0x000000000279b144 method=java.util.AbstractList$Itr.next()Ljava/lang/Object; @ 14
Event: 21.762 Thread 0x000000001c48a000 Uncommon trap: reason=unstable_if action=reinterpret pc=0x0000000003206e3c method=java.awt.EventQueue.cacheEQItem(Lsun/awt/EventQueueItem;)V @ 23
Event: 23.327 Thread 0x000000001c48a000 Uncommon trap: reason=unstable_if action=reinterpret pc=0x000000000264c544 method=java.util.ArrayList.rangeCheck(I)V @ 5
Event: 23.337 Thread 0x000000001c48a000 Uncommon trap: reason=unstable_if action=reinterpret pc=0x00000000031d3330 method=sun.awt.AWTAutoShutdown.isReadyToShutdown()Z @ 16
Event: 23.347 Thread 0x000000001a753800 Uncommon trap: reason=unstable_if action=reinterpret pc=0x000000000303c24c method=java.util.concurrent.locks.ReentrantLock$Sync.tryRelease(I)Z @ 14

Internal exceptions (10 events):
Event: 11.465 Thread 0x000000001c48a000 Exception <a 'java/security/PrivilegedActionException'> (0x00000000dc28a1a8) thrown at [C:\re\workspace\8-2-build-windows-amd64-cygwin\jdk8u60\4407\hotspot\src\share\vm\prims\jvm.cpp, line 1386]
Event: 11.465 Thread 0x000000001c48a000 Exception <a 'java/security/PrivilegedActionException'> (0x00000000dc28a788) thrown at [C:\re\workspace\8-2-build-windows-amd64-cygwin\jdk8u60\4407\hotspot\src\share\vm\prims\jvm.cpp, line 1386]
Event: 11.465 Thread 0x000000001c48a000 Exception <a 'java/security/PrivilegedActionException'> (0x00000000dc295d80) thrown at [C:\re\workspace\8-2-build-windows-amd64-cygwin\jdk8u60\4407\hotspot\src\share\vm\prims\jvm.cpp, line 1386]
Event: 11.465 Thread 0x000000001c48a000 Exception <a 'java/security/PrivilegedActionException'> (0x00000000dc296360) thrown at [C:\re\workspace\8-2-build-windows-amd64-cygwin\jdk8u60\4407\hotspot\src\share\vm\prims\jvm.cpp, line 1386]
Event: 11.489 Thread 0x000000001c48a000 Exception <a 'java/lang/ClassNotFoundException': TagabukidConnectControllerBeanInfo> (0x00000000dc67a508) thrown at [C:\re\workspace\8-2-build-windows-amd64-cygwin\jdk8u60\4407\hotspot\src\share\vm\classfile\systemDictionary.cpp, line 210]
Event: 11.490 Thread 0x000000001c48a000 Exception <a 'java/lang/ClassNotFoundException': TagabukidConnectControllerCustomizer> (0x00000000dc6af620) thrown at [C:\re\workspace\8-2-build-windows-amd64-cygwin\jdk8u60\4407\hotspot\src\share\vm\classfile\systemDictionary.cpp, line 210]
Event: 11.721 Thread 0x000000001c48a000 Exception <a 'java/lang/ClassNotFoundException': Script1BeanInfo> (0x00000000d5dfa348) thrown at [C:\re\workspace\8-2-build-windows-amd64-cygwin\jdk8u60\4407\hotspot\src\share\vm\classfile\systemDictionary.cpp, line 210]
Event: 11.722 Thread 0x000000001c48a000 Exception <a 'java/lang/ClassNotFoundException': Script1Customizer> (0x00000000d5e0fdb8) thrown at [C:\re\workspace\8-2-build-windows-amd64-cygwin\jdk8u60\4407\hotspot\src\share\vm\classfile\systemDictionary.cpp, line 210]
Event: 20.399 Thread 0x000000001c48a000 Exception <a 'java/lang/reflect/InvocationTargetException'> (0x00000000d78da7f8) thrown at [C:\re\workspace\8-2-build-windows-amd64-cygwin\jdk8u60\4407\hotspot\src\share\vm\runtime\reflection.cpp, line 1092]
Event: 20.399 Thread 0x000000001c48a000 Exception <a 'java/lang/IllegalStateException'> (0x00000000d78da3b0) thrown at [C:\re\workspace\8-2-build-windows-amd64-cygwin\jdk8u60\4407\hotspot\src\share\vm\prims\jni.cpp, line 709]

Events (10 events):
Event: 23.347 Thread 0x000000001a753800 DEOPT PACKING pc=0x000000000303c24c sp=0x00000000252eef40
Event: 23.348 Thread 0x000000001a753800 DEOPT UNPACKING pc=0x000000000247582a sp=0x00000000252eeec0 mode 2
Event: 23.348 Thread 0x000000001a755000 Thread exited: 0x000000001a755000
Event: 23.348 Thread 0x000000001a753800 Thread exited: 0x000000001a753800
Event: 23.349 Thread 0x0000000019177800 Thread exited: 0x0000000019177800
Event: 23.349 loading class sun/awt/shell/Win32ShellFolderManager2$ComInvoker$1$1
Event: 23.350 loading class sun/awt/shell/Win32ShellFolderManager2$ComInvoker$1$1 done
Event: 23.350 Thread 0x000000001a752000 Thread exited: 0x000000001a752000
Event: 23.449 Thread 0x000000001a751000 Thread exited: 0x000000001a751000
Event: 23.450 Executing VM operation: Exit


Dynamic libraries:
0x00007ff63d190000 - 0x00007ff63d1c7000 	C:\Program Files\Java\jdk1.8.0_60\jre\bin\java.exe
0x00007ffc656c0000 - 0x00007ffc65881000 	C:\WINDOWS\SYSTEM32\ntdll.dll
0x00007ffc62f60000 - 0x00007ffc6300d000 	C:\WINDOWS\system32\KERNEL32.DLL
0x00007ffc61ef0000 - 0x00007ffc620d8000 	C:\WINDOWS\system32\KERNELBASE.dll
0x00007ffc63590000 - 0x00007ffc63637000 	C:\WINDOWS\system32\ADVAPI32.dll
0x00007ffc62da0000 - 0x00007ffc62e3d000 	C:\WINDOWS\system32\msvcrt.dll
0x00007ffc630d0000 - 0x00007ffc6312b000 	C:\WINDOWS\system32\sechost.dll
0x00007ffc62e40000 - 0x00007ffc62f5c000 	C:\WINDOWS\system32\RPCRT4.dll
0x00007ffc62c30000 - 0x00007ffc62d86000 	C:\WINDOWS\system32\USER32.dll
0x00007ffc63130000 - 0x00007ffc632b6000 	C:\WINDOWS\system32\GDI32.dll
0x00007ffc57310000 - 0x00007ffc57584000 	C:\WINDOWS\WinSxS\amd64_microsoft.windows.common-controls_6595b64144ccf1df_6.0.10586.839_none_a2ddba30a539a2ae\COMCTL32.dll
0x00007ffc65370000 - 0x00007ffc655ed000 	C:\WINDOWS\system32\combase.dll
0x00007ffc61dd0000 - 0x00007ffc61e3a000 	C:\WINDOWS\system32\bcryptPrimitives.dll
0x00007ffc63090000 - 0x00007ffc630cb000 	C:\WINDOWS\system32\IMM32.DLL
0x000000006b940000 - 0x000000006ba12000 	C:\Program Files\Java\jdk1.8.0_60\jre\bin\msvcr100.dll
0x000000006ba20000 - 0x000000006c2a9000 	C:\Program Files\Java\jdk1.8.0_60\jre\bin\server\jvm.dll
0x00007ffc62d90000 - 0x00007ffc62d98000 	C:\WINDOWS\system32\PSAPI.DLL
0x00007ffc5e020000 - 0x00007ffc5e043000 	C:\WINDOWS\SYSTEM32\WINMM.dll
0x00007ffc4ec60000 - 0x00007ffc4ec69000 	C:\WINDOWS\SYSTEM32\WSOCK32.dll
0x00007ffc63640000 - 0x00007ffc636ab000 	C:\WINDOWS\system32\WS2_32.dll
0x00007ffc5dfc0000 - 0x00007ffc5dfec000 	C:\WINDOWS\SYSTEM32\WINMMBASE.dll
0x00007ffc62230000 - 0x00007ffc62273000 	C:\WINDOWS\system32\cfgmgr32.dll
0x00007ffc60650000 - 0x00007ffc6065a000 	C:\WINDOWS\SYSTEM32\VERSION.dll
0x000000006d9b0000 - 0x000000006d9bf000 	C:\Program Files\Java\jdk1.8.0_60\jre\bin\verify.dll
0x000000006b8d0000 - 0x000000006b8f9000 	C:\Program Files\Java\jdk1.8.0_60\jre\bin\java.dll
0x000000006b8b0000 - 0x000000006b8c6000 	C:\Program Files\Java\jdk1.8.0_60\jre\bin\zip.dll
0x00007ffc63b50000 - 0x00007ffc650ac000 	C:\WINDOWS\system32\SHELL32.dll
0x00007ffc62280000 - 0x00007ffc628c4000 	C:\WINDOWS\system32\windows.storage.dll
0x00007ffc636c0000 - 0x00007ffc63712000 	C:\WINDOWS\system32\shlwapi.dll
0x00007ffc61d30000 - 0x00007ffc61d3f000 	C:\WINDOWS\system32\kernel.appcore.dll
0x00007ffc62170000 - 0x00007ffc62225000 	C:\WINDOWS\system32\shcore.dll
0x00007ffc61ce0000 - 0x00007ffc61d2b000 	C:\WINDOWS\system32\powrprof.dll
0x00007ffc61d50000 - 0x00007ffc61d64000 	C:\WINDOWS\system32\profapi.dll
0x000000006b6d0000 - 0x000000006b868000 	C:\Program Files\Java\jdk1.8.0_60\jre\bin\awt.dll
0x00007ffc655f0000 - 0x00007ffc656b6000 	C:\WINDOWS\system32\OLEAUT32.dll
0x00007ffc5fbd0000 - 0x00007ffc5fc49000 	C:\WINDOWS\system32\apphelp.dll
0x00007ffc5fdd0000 - 0x00007ffc5fe66000 	C:\WINDOWS\system32\uxtheme.dll
0x00007ffc63430000 - 0x00007ffc6358a000 	C:\WINDOWS\system32\MSCTF.dll
0x00007ffc5f320000 - 0x00007ffc5f342000 	C:\WINDOWS\system32\dwmapi.dll
0x00007ffc62ac0000 - 0x00007ffc62c03000 	C:\WINDOWS\system32\ole32.dll
0x000000006b680000 - 0x000000006b6c7000 	C:\Program Files\Java\jdk1.8.0_60\jre\bin\fontmanager.dll
0x000000006b890000 - 0x000000006b8aa000 	C:\Program Files\Java\jdk1.8.0_60\jre\bin\net.dll
0x00007ffc615b0000 - 0x00007ffc6160c000 	C:\WINDOWS\system32\mswsock.dll
0x000000006b870000 - 0x000000006b881000 	C:\Program Files\Java\jdk1.8.0_60\jre\bin\nio.dll
0x000000006b280000 - 0x000000006b2b1000 	C:\Program Files\Java\jdk1.8.0_60\jre\bin\jpeg.dll
0x00007ffc61660000 - 0x00007ffc61677000 	C:\WINDOWS\SYSTEM32\CRYPTSP.dll
0x00007ffc612f0000 - 0x00007ffc61324000 	C:\WINDOWS\system32\rsaenh.dll
0x00007ffc61c20000 - 0x00007ffc61c49000 	C:\WINDOWS\SYSTEM32\bcrypt.dll
0x00007ffc61440000 - 0x00007ffc6145f000 	C:\WINDOWS\SYSTEM32\USERENV.dll
0x00007ffc61780000 - 0x00007ffc6178b000 	C:\WINDOWS\SYSTEM32\CRYPTBASE.dll
0x00007ffc5e5e0000 - 0x00007ffc5e618000 	C:\WINDOWS\SYSTEM32\IPHLPAPI.DLL
0x00007ffc636b0000 - 0x00007ffc636b8000 	C:\WINDOWS\system32\NSI.dll
0x00007ffc58ab0000 - 0x00007ffc58ac6000 	C:\WINDOWS\SYSTEM32\dhcpcsvc6.DLL
0x00007ffc589c0000 - 0x00007ffc589da000 	C:\WINDOWS\SYSTEM32\dhcpcsvc.DLL
0x000000006b2c0000 - 0x000000006b2e4000 	C:\Program Files\Java\jdk1.8.0_60\jre\bin\sunec.dll
0x00007ffc4eb20000 - 0x00007ffc4eb36000 	C:\WINDOWS\system32\napinsp.dll
0x00007ffc4dbe0000 - 0x00007ffc4dbfa000 	C:\WINDOWS\system32\pnrpnsp.dll
0x00007ffc5f460000 - 0x00007ffc5f478000 	C:\WINDOWS\system32\NLAapi.dll
0x00007ffc5fd20000 - 0x00007ffc5fdca000 	C:\WINDOWS\SYSTEM32\DNSAPI.dll
0x00007ffc4db00000 - 0x00007ffc4db0d000 	C:\WINDOWS\System32\winrnr.dll
0x000000006d980000 - 0x000000006d9a6000 	C:\Program Files\Bonjour\mdnsNSP.dll
0x00007ffc52cc0000 - 0x00007ffc52cd5000 	C:\WINDOWS\System32\wshbth.dll
0x00007ffc4eb00000 - 0x00007ffc4eb0a000 	C:\Windows\System32\rasadhlp.dll
0x00007ffc59190000 - 0x00007ffc591f7000 	C:\WINDOWS\System32\fwpuclnt.dll
0x000000006b630000 - 0x000000006b672000 	C:\Program Files\Java\jdk1.8.0_60\jre\bin\t2k.dll
0x00007ffc652c0000 - 0x00007ffc65367000 	C:\WINDOWS\system32\clbcatq.dll
0x00007ffc5e620000 - 0x00007ffc5e7d1000 	C:\WINDOWS\SYSTEM32\WindowsCodecs.dll
0x00007ffc5ef70000 - 0x00007ffc5f218000 	C:\WINDOWS\system32\d3d11.dll
0x00007ffc5ee70000 - 0x00007ffc5ef12000 	C:\WINDOWS\system32\dxgi.dll
0x000000006b2f0000 - 0x000000006b2f7000 	C:\Program Files\Java\jdk1.8.0_60\jre\bin\jawt.dll
0x00007ffc3d5b0000 - 0x00007ffc3d644000 	D:\java-cef\src\binary_distrib\win64\bin\lib\win64\chrome_elf.dll
0x00007ffc16430000 - 0x00007ffc1bd8b000 	D:\java-cef\src\binary_distrib\win64\bin\lib\win64\libcef.dll
0x00007ffc632c0000 - 0x00007ffc633cb000 	C:\WINDOWS\system32\COMDLG32.dll
0x00007ffc620e0000 - 0x00007ffc62166000 	C:\WINDOWS\system32\FirewallAPI.dll
0x00007ffc57170000 - 0x00007ffc571da000 	C:\WINDOWS\SYSTEM32\OLEACC.dll
0x00007ffc62aa0000 - 0x00007ffc62ab7000 	C:\WINDOWS\system32\NETAPI32.dll
0x00007ffc628d0000 - 0x00007ffc62a98000 	C:\WINDOWS\system32\CRYPT32.dll
0x00007ffc61d40000 - 0x00007ffc61d50000 	C:\WINDOWS\system32\MSASN1.dll
0x00007ffc5ed70000 - 0x00007ffc5ed83000 	C:\WINDOWS\SYSTEM32\WTSAPI32.dll
0x00007ffc61d70000 - 0x00007ffc61dc5000 	C:\WINDOWS\system32\WINTRUST.dll
0x00007ffc60ec0000 - 0x00007ffc6104c000 	C:\WINDOWS\SYSTEM32\dbghelp.dll
0x00007ffc3b0f0000 - 0x00007ffc3b108000 	C:\WINDOWS\SYSTEM32\USP10.dll
0x00007ffc28ea0000 - 0x00007ffc28ed6000 	C:\WINDOWS\SYSTEM32\credui.dll
0x00007ffc3d510000 - 0x00007ffc3d5a9000 	C:\WINDOWS\SYSTEM32\CRYPTUI.dll
0x00007ffc5a0d0000 - 0x00007ffc5a32e000 	C:\WINDOWS\SYSTEM32\DWrite.dll
0x00007ffc61850000 - 0x00007ffc61877000 	C:\WINDOWS\SYSTEM32\ncrypt.dll
0x00007ffc60660000 - 0x00007ffc6066c000 	C:\WINDOWS\SYSTEM32\Secur32.dll
0x00007ffc580e0000 - 0x00007ffc58297000 	C:\WINDOWS\SYSTEM32\urlmon.dll
0x00007ffc5e800000 - 0x00007ffc5e8c7000 	C:\WINDOWS\SYSTEM32\WINHTTP.dll
0x00007ffc3e3d0000 - 0x00007ffc3e5e0000 	C:\WINDOWS\SYSTEM32\d3d9.dll
0x00007ffc3e3a0000 - 0x00007ffc3e3c3000 	C:\WINDOWS\SYSTEM32\dxva2.dll
0x00007ffc59b60000 - 0x00007ffc59be4000 	C:\WINDOWS\SYSTEM32\WINSPOOL.DRV
0x00007ffc54340000 - 0x00007ffc54361000 	C:\WINDOWS\SYSTEM32\FONTSUB.dll
0x00007ffc572e0000 - 0x00007ffc572ec000 	C:\WINDOWS\SYSTEM32\DAVHLPR.DLL
0x00007ffc61810000 - 0x00007ffc6184a000 	C:\WINDOWS\SYSTEM32\NTASN1.dll
0x00007ffc5aa40000 - 0x00007ffc5adc9000 	C:\WINDOWS\SYSTEM32\iertutil.dll
0x00007ffc595d0000 - 0x00007ffc595e9000 	C:\WINDOWS\SYSTEM32\SAMCLI.DLL
0x00007ffc610f0000 - 0x00007ffc610fc000 	C:\WINDOWS\SYSTEM32\NETUTILS.DLL
0x00007ffc61960000 - 0x00007ffc6198d000 	C:\WINDOWS\SYSTEM32\SSPICLI.DLL
0x00007ffc600e0000 - 0x00007ffc60112000 	C:\WINDOWS\SYSTEM32\fwbase.dll
0x00007ffc3d430000 - 0x00007ffc3d50d000 	D:\java-cef\src\binary_distrib\win64\bin\lib\win64\jcef.dll
0x00007ffc63720000 - 0x00007ffc63b49000 	C:\WINDOWS\system32\SETUPAPI.dll
0x00007ffc60e90000 - 0x00007ffc60eb7000 	C:\WINDOWS\SYSTEM32\DEVOBJ.dll
0x00007ffc59ad0000 - 0x00007ffc59b58000 	C:\WINDOWS\system32\audioses.dll
0x00007ffc5c3e0000 - 0x00007ffc5c450000 	C:\WINDOWS\system32\MMDevAPI.DLL
0x00007ffc5dcb0000 - 0x00007ffc5dde6000 	C:\WINDOWS\SYSTEM32\wintypes.dll
0x00007ffc5e390000 - 0x00007ffc5e516000 	C:\WINDOWS\system32\PROPSYS.dll
0x000000006b5a0000 - 0x000000006b5ca000 	C:\Program Files\Java\jdk1.8.0_60\jre\bin\dcpr.dll
0x00007ffc2e8f0000 - 0x00007ffc2e981000 	C:\WINDOWS\SYSTEM32\mscms.dll
0x00007ffc61bb0000 - 0x00007ffc61c06000 	C:\WINDOWS\SYSTEM32\WINSTA.dll
0x00007ffc5e050000 - 0x00007ffc5e0db000 	C:\WINDOWS\system32\directmanipulation.dll
0x00007ffc56210000 - 0x00007ffc56220000 	C:\WINDOWS\SYSTEM32\atlthunk.dll
0x00007ffc603b0000 - 0x00007ffc603d4000 	C:\WINDOWS\SYSTEM32\gpapi.dll
0x00007ffc517e0000 - 0x00007ffc5180f000 	C:\WINDOWS\SYSTEM32\cryptnet.dll
0x00007ffc59660000 - 0x00007ffc5966b000 	C:\WINDOWS\SYSTEM32\WINNSI.DLL
0x00007ffc51f20000 - 0x00007ffc51fca000 	C:\WINDOWS\WinSxS\amd64_microsoft.windows.common-controls_6595b64144ccf1df_5.82.10586.0_none_396e892957c7fb25\comctl32.dll

VM Arguments:
jvm_args: -Dfile.encoding=UTF-8 -Djava.library.path=D:\java-cef\src\binary_distrib\win64\bin\lib\win64 
java_command: Main
java_class_path (initial): D:\ETRACS25\ETRACStraining\libnew\RXTXcomm.jar;D:\ETRACS25\ETRACStraining\libnew\SigPlus2_60.jar;D:\ETRACS25\ETRACStraining\libnew\activation.jar;D:\ETRACS25\ETRACStraining\libnew\antlr-runtime-3.1.3.jar;D:\ETRACS25\ETRACStraining\libnew\anubis-cms2.jar;D:\ETRACS25\ETRACStraining\libnew\barbecue-1.5.jar;D:\ETRACS25\ETRACStraining\libnew\client-system.jar;D:\ETRACS25\ETRACStraining\libnew\client-ui-extended.jar;D:\ETRACS25\ETRACStraining\libnew\commons-beanutils-1.8.0.jar;D:\ETRACS25\ETRACStraining\libnew\commons-collections-3.2.1.jar;D:\ETRACS25\ETRACStraining\libnew\commons-digester-1.7.jar;D:\ETRACS25\ETRACStraining\libnew\commons-fileupload-1.2.1.jar;D:\ETRACS25\ETRACStraining\libnew\commons-io-1.4.jar;D:\ETRACS25\ETRACStraining\libnew\commons-lang-2.5.jar;D:\ETRACS25\ETRACStraining\libnew\commons-logging-1.1.jar;D:\ETRACS25\ETRACStraining\libnew\db-dialect.jar;D:\ETRACS25\ETRACStraining\libnew\dpuareu.jar;D:\ETRACS25\ETRACStraining\libnew\drools-api-5.1.1.jar;D:\ETRACS25\ETRACStraining\libnew\drools-compiler-5.1.1.jar;D:\ETRACS25\ETRACStraining\libnew\drools-core-5.1.1.jar;D:\ETRACS25\ETRACStraining\libnew\drools-decisiontables-5.1.1.jar;D:\ETRACS25\ETRACStraining\libnew\ezmorph-1.0.6.jar;D:\ETRACS25\ETRACStraining\libnew\groovy-all-1.5.5.jar;D:\ETRACS25\ETRACStraining\libnew\guava-14.0-rc1.jar;D:\ETRACS25\ETRACStraining\libnew\itext-1.3.1.jar;D:\ETRACS25\ETRACStraining\libnew\itextpdf-5.1.2.jar;D:\ETRACS25\ETRACStraining\libnew\janino-2.5.15.jar;D:\ETRACS25\ETRACStraining\libnew\jasperreports-3.0.0.jar;D:\ETRACS25\ETRACStraining\libnew\jcommon-1.0.0.jar;D:\ETRACS25\ETRACStraining\libnew\jdt-compiler-3.1.1.jar;D:\ETRACS25\ETRACStraining\libnew\jetty-continuation-8.1.3.v20120416.jar;D:\ETRACS25\ETRACStraining\libnew\jetty-http-8.1.3.v20120416.jar;D:\ETRACS25\ETRACStraining\libnew\jetty-io-8.1.3.v20120416.jar;D:\ETRACS25\ETRACStraining\libnew\jetty-security-8.1.3.v20120416.jar;D:\ETRACS25\ETRACStraining\libnew\jetty-server-8.1.3.v20120
Launcher Type: SUN_STANDARD

Environment Variables:
PATH=C:\Program Files (x86)\NVIDIA Corporation\PhysX\Common;C:\ProgramData\Oracle\Java\javapath;C:\Program Files (x86)\Intel\iCLS Client\;C:\Program Files\Intel\iCLS Client\;C:\Program Files (x86)\AMD APP\bin\x86_64;C:\Program Files (x86)\AMD APP\bin\x86;C:\WINDOWS\system32;C:\WINDOWS;C:\WINDOWS\System32\Wbem;C:\WINDOWS\System32\WindowsPowerShell\v1.0\;C:\Program Files (x86)\Windows Live\Shared;C:\Program Files (x86)\ATI Technologies\ATI.ACE\Core-Static;C:\Program Files\Intel\Intel(R) Management Engine Components\DAL;C:\Program Files\Intel\Intel(R) Management Engine Components\IPT;C:\Program Files (x86)\Intel\Intel(R) Management Engine Components\DAL;C:\Program Files (x86)\Intel\Intel(R) Management Engine Components\IPT;C:\Program Files (x86)\MySQL\MySQL Server 5.1\bin;C:\Program Files (x86)\Bitvise SSH Client;C:\Program Files\Microsoft SQL Server\120\Tools\Binn\;C:\Program Files (x86)\Windows Kits\10\Windows Performance Toolkit\;C:\Program Files\Microsoft SQL Server\Client SDK\ODBC\110\Tools\Binn\;C:\Program Files (x86)\Microsoft SQL Server\120\Tools\Binn\;C:\Program Files\Microsoft SQL Server\120\DTS\Binn\;C:\Program Files (x86)\QuickTime\QTSystem\;C:\Program Files\Microsoft SQL Server\130\Tools\Binn\;C:\Program Files\Git\cmd;C:\xampp\php;C:\ProgramData\ComposerSetup\bin;C:\Program Files (x86)\nodejs\;C:\Program Files\dotnet\;C:\HashiCorp\Vagrant\bin;C:\Program Files (x86)\Skype\Phone\;C:\Program Files\Amazon\AWSCLI\;C:\Program Files\MySQL\MySQL Server 5.1\bin;C:\Program Files\OpenVPN\bin;C:\Program Files\CMake\bin;C:\Program Files (x86)\Cracklock\Bin;C:\Users\rufino\.dnx\bin;C:\Users\rufino\AppData\Roaming\Composer\vendor\bin;C:\Program Files (x86)\Microsoft VS Code\bin;C:\Users\rufino\AppData\Roaming\npm;C:\Program Files\Java\jdk1.8.0_60\bin;C:\Python27
USERNAME=rufino
OS=Windows_NT
PROCESSOR_IDENTIFIER=Intel64 Family 6 Model 58 Stepping 9, GenuineIntel



---------------  S Y S T E M  ---------------

OS: Windows 10.0 , 64 bit Build 10586 (10.0.10586.589)

CPU:total 4 (2 cores per cpu, 2 threads per core) family 6 model 58 stepping 9, cmov, cx8, fxsr, mmx, sse, sse2, sse3, ssse3, sse4.1, sse4.2, popcnt, avx, aes, clmul, erms, ht, tsc, tscinvbit, tscinv

Memory: 4k page, physical 8282396k(2533260k free), swap 15884572k(7514508k free)

vm_info: Java HotSpot(TM) 64-Bit Server VM (25.60-b23) for windows-amd64 JRE (1.8.0_60-b27), built on Aug  4 2015 11:06:27 by "java_re" with MS VC++ 10.0 (VS2010)

time: Thu May 25 10:30:03 2017
elapsed time: 23 seconds (0d 0h 0m 23s)

