#
# A fatal error has been detected by the Java Runtime Environment:
#
#  EXCEPTION_ACCESS_VIOLATION (0xc0000005) at pc=0x00007ff9b202eb3a, pid=12296, tid=564
#
# JRE version: Java(TM) SE Runtime Environment (8.0_60-b27) (build 1.8.0_60-b27)
# Java VM: Java HotSpot(TM) 64-Bit Server VM (25.60-b23 mixed mode windows-amd64 compressed oops)
# Problematic frame:
# C  [jcef.dll+0x1eb3a]
#
# Failed to write core dump. Minidumps are not enabled by default on client versions of Windows
#
# If you would like to submit a bug report, please visit:
#   http://bugreport.java.com/bugreport/crash.jsp
#

---------------  T H R E A D  ---------------

Current thread (0x0000000017dc6800):  VMThread [stack: 0x0000000018e50000,0x0000000018f50000] [id=564]

siginfo: ExceptionCode=0xc0000005, reading address 0x00000000000000b0

Registers:
RAX=0x0000000000000000, RBX=0x0000000000000001, RCX=0x0000000017dc69f8, RDX=0x000000001cc03978
RSP=0x0000000018f4ea60, RBP=0x0000000017cd57d0, RSI=0x00007ff9b20dd190, RDI=0x00000000216f53d0
R8 =0x0000000000000001, R9 =0x0000000000000000, R10=0x0000000018f4eaa8, R11=0x0000000000000064
R12=0x000000000152b040, R13=0x0000000000000040, R14=0x000000000152b0a0, R15=0x0000000000000001
RIP=0x00007ff9b202eb3a, EFLAGS=0x0000000000010202

Top of Stack: (sp=0x0000000018f4ea60)
0x0000000018f4ea60:   0000000000000001 00000000227d7090
0x0000000018f4ea70:   000000000152b0a0 0000000001470000
0x0000000018f4ea80:   fffffffffffffffe 000000000152b040
0x0000000018f4ea90:   00000000216f5360 00007ff9b202ebe5
0x0000000018f4eaa0:   000000000152b001 0000000017dc69f8
0x0000000018f4eab0:   0000000000000001 00007ff9d6780abd
0x0000000018f4eac0:   00000000227e6700 00007ff9b20316b4
0x0000000018f4ead0:   00000000014f4110 00007ff9b20dd190
0x0000000018f4eae0:   0000000000000001 00000000227e6700
0x0000000018f4eaf0:   0000000017cd57d0 00007ff9b205abe2
0x0000000018f4eb00:   000000000152b0a0 00007ff9b20dd190
0x0000000018f4eb10:   0000000000000001 00000000227e6700
0x0000000018f4eb20:   0000000022794a00 00007ff9b2061642
0x0000000018f4eb30:   0000000001524ac0 0000000001524ac0
0x0000000018f4eb40:   0000000000000001 00000000227e6700
0x0000000018f4eb50:   0000000001524ac0 00007ff98e820e40 

Instructions: (pc=0x00007ff9b202eb3a)
0x00007ff9b202eb1a:   48 8d 4c 24 48 e8 8c 91 00 00 90 85 c0 75 23 48
0x00007ff9b202eb2a:   8b 4c 24 48 48 85 c9 74 19 48 8b 01 48 8b 57 a0
0x00007ff9b202eb3a:   ff 90 b0 00 00 00 90 48 8d 4c 24 40 e8 05 85 00
0x00007ff9b202eb4a:   00 90 48 8d 4f c8 e8 9b 51 04 00 90 4c 8b 47 b8 


Register to memory mapping:

RAX=0x0000000000000000 is an unknown value
RBX=0x0000000000000001 is an unknown value
RCX=0x0000000017dc69f8 is an unknown value
RDX=0x000000001cc03978 is a global jni handle
RSP=0x0000000018f4ea60 is an unknown value
RBP=0x0000000017cd57d0 is an unknown value
RSI=0x00007ff9b20dd190 is an unknown value
RDI=0x00000000216f53d0 is an unknown value
R8 =0x0000000000000001 is an unknown value
R9 =0x0000000000000000 is an unknown value
R10=0x0000000018f4eaa8 is an unknown value
R11=0x0000000000000064 is an unknown value
R12=0x000000000152b040 is an unknown value
R13=0x0000000000000040 is an unknown value
R14=0x000000000152b0a0 is an unknown value
R15=0x0000000000000001 is an unknown value


Stack: [0x0000000018e50000,0x0000000018f50000],  sp=0x0000000018f4ea60,  free space=1018k
Native frames: (J=compiled Java code, j=interpreted, Vv=VM code, C=native code)
C  [jcef.dll+0x1eb3a]
C  [jcef.dll+0x1ebe5]
C  [jcef.dll+0x216b4]
C  [jcef.dll+0x4abe2]
C  [jcef.dll+0x51642]
C  [libcef.dll+0x1980e40]
C  [libcef.dll+0x227bc96]
C  [libcef.dll+0x227c048]
C  [libcef.dll+0x2283ccf]
C  [libcef.dll+0x19897be]
C  [libcef.dll+0x1985ba0]
C  [jcef.dll+0x39cc8]
C  [jcef.dll+0x3734d]
C  [jcef.dll+0x37720]
C  [jcef.dll+0x86b84]
C  [jcef.dll+0x702b7]
C  [jcef.dll+0x7055d]
C  [jcef.dll+0x6fa48]
C  [jcef.dll+0x649a3]
C  [jcef.dll+0x651a2]
C  [jcef.dll+0x65298]
C  [ntdll.dll+0x152c8]
C  [ntdll.dll+0x5b2ea]
C  [ntdll.dll+0x5b17a]
C  [KERNEL32.DLL+0x24d8a]
C  [msvcr100.dll+0x20ccd]
V  [jvm.dll+0x210a25]
V  [jvm.dll+0x249747]
V  [jvm.dll+0x2489e6]
V  [jvm.dll+0x248e81]
V  [jvm.dll+0x24909e]
V  [jvm.dll+0x299f6a]
C  [msvcr100.dll+0x21d9f]
C  [msvcr100.dll+0x21e3b]
C  [KERNEL32.DLL+0x18102]
C  [ntdll.dll+0x5c5b4]

VM_Operation (0x000000001e6fcc30): Exit, mode: safepoint, requested by thread 0x000000001d256800


---------------  P R O C E S S  ---------------

Java Threads: ( => current thread )
  0x000000001cbe7000 JavaThread "Thread-14" daemon [_thread_in_native, id=9576, stack(0x0000000022150000,0x0000000022250000)]
  0x000000001cbe3800 JavaThread "Thread-11" daemon [_thread_in_native, id=14216, stack(0x00000000217c0000,0x00000000218c0000)]
  0x000000001cbe6800 JavaThread "DestroyJavaVM" [_thread_blocked, id=13684, stack(0x0000000002ff0000,0x00000000030f0000)]
  0x000000001d258000 JavaThread "TimerQueue" daemon [_thread_blocked, id=12476, stack(0x000000001e700000,0x000000001e800000)]
  0x000000001d256800 JavaThread "AWT-EventQueue-0" [_thread_blocked, id=2284, stack(0x000000001e600000,0x000000001e700000)]
  0x000000001d105000 JavaThread "AWT-Shutdown" [_thread_blocked, id=13932, stack(0x000000001e500000,0x000000001e600000)]
  0x0000000019f91000 JavaThread "Java2D Disposer" daemon [_thread_blocked, id=1848, stack(0x000000001a610000,0x000000001a710000)]
  0x0000000019762800 JavaThread "Service Thread" daemon [_thread_blocked, id=13784, stack(0x0000000019b30000,0x0000000019c30000)]
  0x0000000017e0b800 JavaThread "C1 CompilerThread2" daemon [_thread_blocked, id=8268, stack(0x0000000019630000,0x0000000019730000)]
  0x0000000017e00000 JavaThread "C2 CompilerThread1" daemon [_thread_blocked, id=5476, stack(0x0000000019530000,0x0000000019630000)]
  0x0000000017dfd800 JavaThread "C2 CompilerThread0" daemon [_thread_blocked, id=2376, stack(0x0000000019430000,0x0000000019530000)]
  0x0000000017dfc000 JavaThread "Attach Listener" daemon [_thread_blocked, id=8472, stack(0x0000000019330000,0x0000000019430000)]
  0x0000000017dfb000 JavaThread "Signal Dispatcher" daemon [_thread_blocked, id=10368, stack(0x0000000019230000,0x0000000019330000)]
  0x00000000032a9800 JavaThread "Finalizer" daemon [_thread_blocked, id=14264, stack(0x0000000019050000,0x0000000019150000)]
  0x0000000017dc8800 JavaThread "Reference Handler" daemon [_thread_blocked, id=12520, stack(0x0000000018f50000,0x0000000019050000)]

Other Threads:
=>0x0000000017dc6800 VMThread [stack: 0x0000000018e50000,0x0000000018f50000] [id=564]

VM state:at safepoint (shutting down)

VM Mutex/Monitor currently owned by a thread:  ([mutex/lock_event])
[0x00000000031b0f50] Threads_lock - owner thread: 0x0000000017dc6800

Heap:
 PSYoungGen      total 53760K, used 41939K [0x00000000d5d80000, 0x00000000d9d80000, 0x0000000100000000)
  eden space 44032K, 76% used [0x00000000d5d80000,0x00000000d7e87c48,0x00000000d8880000)
  from space 9728K, 83% used [0x00000000d9400000,0x00000000d9bed1b8,0x00000000d9d80000)
  to   space 10752K, 0% used [0x00000000d8880000,0x00000000d8880000,0x00000000d9300000)
 ParOldGen       total 65536K, used 12297K [0x0000000081800000, 0x0000000085800000, 0x00000000d5d80000)
  object space 65536K, 18% used [0x0000000081800000,0x00000000824027a0,0x0000000085800000)
 Metaspace       used 26425K, capacity 27094K, committed 27392K, reserved 1073152K
  class space    used 3173K, capacity 3289K, committed 3328K, reserved 1048576K

Card table byte_map: [0x0000000012670000,0x0000000012a70000] byte_map_base: 0x0000000012264000

Marking Bits: (ParMarkBitMap*) 0x000000006fb7a5b0
 Begin Bits: [0x0000000013120000, 0x00000000150c0000)
 End Bits:   [0x00000000150c0000, 0x0000000017060000)

Polling page: 0x0000000001a30000

CodeCache: size=245760Kb used=13966Kb max_used=13966Kb free=231793Kb
 bounds [0x00000000032b0000, 0x0000000004070000, 0x00000000122b0000]
 total_blobs=4449 nmethods=3871 adapters=488
 compilation: enabled

Compilation events (10 events):
Event: 25.113 Thread 0x0000000017e0b800 4305       3       java.awt.AWTEventMulticaster::remove (68 bytes)
Event: 25.114 Thread 0x0000000017dfd800 4308       4       java.awt.Component::getContainer (5 bytes)
Event: 25.114 Thread 0x0000000017e0b800 nmethod 4305 0x000000000405f350 code [0x000000000405f540, 0x0000000004060198]
Event: 25.114 Thread 0x0000000017e0b800 4307   !   3       java.awt.Container::isParentOf (49 bytes)
Event: 25.115 Thread 0x0000000017dfd800 nmethod 4308 0x0000000004030c10 code [0x0000000004030d40, 0x0000000004030d98]
Event: 25.115 Thread 0x0000000017e0b800 nmethod 4307 0x0000000004061450 code [0x00000000040615e0, 0x0000000004061ce8]
Event: 25.115 Thread 0x0000000017e0b800 4306   !   3       java.awt.KeyboardFocusManager::clearMostRecentFocusOwner (110 bytes)
Event: 25.117 Thread 0x0000000017e0b800 nmethod 4306 0x0000000004061ed0 code [0x0000000004062140, 0x00000000040638b8]
Event: 25.117 Thread 0x0000000017e0b800 4309  s    3       java.awt.KeyboardFocusManager::getMostRecentFocusOwner (29 bytes)
Event: 25.117 Thread 0x0000000017e0b800 nmethod 4309 0x0000000004060b10 code [0x0000000004060ca0, 0x00000000040612e8]

GC Heap History (10 events):
Event: 2.833 GC heap before
{Heap before GC invocations=3 (full 0):
 PSYoungGen      total 38400K, used 36930K [0x00000000d5d80000, 0x00000000d8800000, 0x0000000100000000)
  eden space 33280K, 100% used [0x00000000d5d80000,0x00000000d7e00000,0x00000000d7e00000)
  from space 5120K, 71% used [0x00000000d8300000,0x00000000d8690a08,0x00000000d8800000)
  to   space 5120K, 0% used [0x00000000d7e00000,0x00000000d7e00000,0x00000000d8300000)
 ParOldGen       total 87552K, used 24K [0x0000000081800000, 0x0000000086d80000, 0x00000000d5d80000)
  object space 87552K, 0% used [0x0000000081800000,0x0000000081806000,0x0000000086d80000)
 Metaspace       used 16153K, capacity 16404K, committed 16512K, reserved 1064960K
  class space    used 1791K, capacity 1880K, committed 1920K, reserved 1048576K
Event: 2.842 GC heap after
Heap after GC invocations=3 (full 0):
 PSYoungGen      total 38400K, used 5111K [0x00000000d5d80000, 0x00000000d8800000, 0x0000000100000000)
  eden space 33280K, 0% used [0x00000000d5d80000,0x00000000d5d80000,0x00000000d7e00000)
  from space 5120K, 99% used [0x00000000d7e00000,0x00000000d82fde70,0x00000000d8300000)
  to   space 5120K, 0% used [0x00000000d8300000,0x00000000d8300000,0x00000000d8800000)
 ParOldGen       total 87552K, used 2326K [0x0000000081800000, 0x0000000086d80000, 0x00000000d5d80000)
  object space 87552K, 2% used [0x0000000081800000,0x0000000081a45b90,0x0000000086d80000)
 Metaspace       used 16153K, capacity 16404K, committed 16512K, reserved 1064960K
  class space    used 1791K, capacity 1880K, committed 1920K, reserved 1048576K
}
Event: 3.580 GC heap before
{Heap before GC invocations=4 (full 0):
 PSYoungGen      total 38400K, used 34238K [0x00000000d5d80000, 0x00000000d8800000, 0x0000000100000000)
  eden space 33280K, 87% used [0x00000000d5d80000,0x00000000d79f1a80,0x00000000d7e00000)
  from space 5120K, 99% used [0x00000000d7e00000,0x00000000d82fde70,0x00000000d8300000)
  to   space 5120K, 0% used [0x00000000d8300000,0x00000000d8300000,0x00000000d8800000)
 ParOldGen       total 87552K, used 2326K [0x0000000081800000, 0x0000000086d80000, 0x00000000d5d80000)
  object space 87552K, 2% used [0x0000000081800000,0x0000000081a45b90,0x0000000086d80000)
 Metaspace       used 20879K, capacity 21220K, committed 21248K, reserved 1069056K
  class space    used 2434K, capacity 2547K, committed 2560K, reserved 1048576K
Event: 3.591 GC heap after
Heap after GC invocations=4 (full 0):
 PSYoungGen      total 38400K, used 5089K [0x00000000d5d80000, 0x00000000da880000, 0x0000000100000000)
  eden space 33280K, 0% used [0x00000000d5d80000,0x00000000d5d80000,0x00000000d7e00000)
  from space 5120K, 99% used [0x00000000d8300000,0x00000000d87f8488,0x00000000d8800000)
  to   space 5120K, 0% used [0x00000000d7e00000,0x00000000d7e00000,0x00000000d8300000)
 ParOldGen       total 87552K, used 5329K [0x0000000081800000, 0x0000000086d80000, 0x00000000d5d80000)
  object space 87552K, 6% used [0x0000000081800000,0x0000000081d347a8,0x0000000086d80000)
 Metaspace       used 20879K, capacity 21220K, committed 21248K, reserved 1069056K
  class space    used 2434K, capacity 2547K, committed 2560K, reserved 1048576K
}
Event: 3.591 GC heap before
{Heap before GC invocations=5 (full 1):
 PSYoungGen      total 38400K, used 5089K [0x00000000d5d80000, 0x00000000da880000, 0x0000000100000000)
  eden space 33280K, 0% used [0x00000000d5d80000,0x00000000d5d80000,0x00000000d7e00000)
  from space 5120K, 99% used [0x00000000d8300000,0x00000000d87f8488,0x00000000d8800000)
  to   space 5120K, 0% used [0x00000000d7e00000,0x00000000d7e00000,0x00000000d8300000)
 ParOldGen       total 87552K, used 5329K [0x0000000081800000, 0x0000000086d80000, 0x00000000d5d80000)
  object space 87552K, 6% used [0x0000000081800000,0x0000000081d347a8,0x0000000086d80000)
 Metaspace       used 20879K, capacity 21220K, committed 21248K, reserved 1069056K
  class space    used 2434K, capacity 2547K, committed 2560K, reserved 1048576K
Event: 3.645 GC heap after
Heap after GC invocations=5 (full 1):
 PSYoungGen      total 38400K, used 0K [0x00000000d5d80000, 0x00000000da880000, 0x0000000100000000)
  eden space 33280K, 0% used [0x00000000d5d80000,0x00000000d5d80000,0x00000000d7e00000)
  from space 5120K, 0% used [0x00000000d8300000,0x00000000d8300000,0x00000000d8800000)
  to   space 5120K, 0% used [0x00000000d7e00000,0x00000000d7e00000,0x00000000d8300000)
 ParOldGen       total 65536K, used 8466K [0x0000000081800000, 0x0000000085800000, 0x00000000d5d80000)
  object space 65536K, 12% used [0x0000000081800000,0x0000000082044ac8,0x0000000085800000)
 Metaspace       used 20879K, capacity 21220K, committed 21248K, reserved 1069056K
  class space    used 2434K, capacity 2547K, committed 2560K, reserved 1048576K
}
Event: 5.355 GC heap before
{Heap before GC invocations=6 (full 1):
 PSYoungGen      total 38400K, used 33280K [0x00000000d5d80000, 0x00000000da880000, 0x0000000100000000)
  eden space 33280K, 100% used [0x00000000d5d80000,0x00000000d7e00000,0x00000000d7e00000)
  from space 5120K, 0% used [0x00000000d8300000,0x00000000d8300000,0x00000000d8800000)
  to   space 5120K, 0% used [0x00000000d7e00000,0x00000000d7e00000,0x00000000d8300000)
 ParOldGen       total 65536K, used 8466K [0x0000000081800000, 0x0000000085800000, 0x00000000d5d80000)
  object space 65536K, 12% used [0x0000000081800000,0x0000000082044ac8,0x0000000085800000)
 Metaspace       used 22584K, capacity 23034K, committed 23296K, reserved 1069056K
  class space    used 2669K, capacity 2781K, committed 2816K, reserved 1048576K
Event: 5.362 GC heap after
Heap after GC invocations=6 (full 1):
 PSYoungGen      total 38400K, used 2267K [0x00000000d5d80000, 0x00000000d9d80000, 0x0000000100000000)
  eden space 33280K, 0% used [0x00000000d5d80000,0x00000000d5d80000,0x00000000d7e00000)
  from space 5120K, 44% used [0x00000000d7e00000,0x00000000d8036de8,0x00000000d8300000)
  to   space 9728K, 0% used [0x00000000d9400000,0x00000000d9400000,0x00000000d9d80000)
 ParOldGen       total 65536K, used 8474K [0x0000000081800000, 0x0000000085800000, 0x00000000d5d80000)
  object space 65536K, 12% used [0x0000000081800000,0x0000000082046ac8,0x0000000085800000)
 Metaspace       used 22584K, capacity 23034K, committed 23296K, reserved 1069056K
  class space    used 2669K, capacity 2781K, committed 2816K, reserved 1048576K
}
Event: 10.152 GC heap before
{Heap before GC invocations=7 (full 1):
 PSYoungGen      total 38400K, used 32481K [0x00000000d5d80000, 0x00000000d9d80000, 0x0000000100000000)
  eden space 33280K, 90% used [0x00000000d5d80000,0x00000000d7b019e0,0x00000000d7e00000)
  from space 5120K, 44% used [0x00000000d7e00000,0x00000000d8036de8,0x00000000d8300000)
  to   space 9728K, 0% used [0x00000000d9400000,0x00000000d9400000,0x00000000d9d80000)
 ParOldGen       total 65536K, used 8474K [0x0000000081800000, 0x0000000085800000, 0x00000000d5d80000)
  object space 65536K, 12% used [0x0000000081800000,0x0000000082046ac8,0x0000000085800000)
 Metaspace       used 24346K, capacity 24918K, committed 25088K, reserved 1071104K
  class space    used 2845K, capacity 2960K, committed 3072K, reserved 1048576K
Event: 10.158 GC heap after
Heap after GC invocations=7 (full 1):
 PSYoungGen      total 53760K, used 8116K [0x00000000d5d80000, 0x00000000d9d80000, 0x0000000100000000)
  eden space 44032K, 0% used [0x00000000d5d80000,0x00000000d5d80000,0x00000000d8880000)
  from space 9728K, 83% used [0x00000000d9400000,0x00000000d9bed1b8,0x00000000d9d80000)
  to   space 10752K, 0% used [0x00000000d8880000,0x00000000d8880000,0x00000000d9300000)
 ParOldGen       total 65536K, used 12297K [0x0000000081800000, 0x0000000085800000, 0x00000000d5d80000)
  object space 65536K, 18% used [0x0000000081800000,0x00000000824027a0,0x0000000085800000)
 Metaspace       used 24346K, capacity 24918K, committed 25088K, reserved 1071104K
  class space    used 2845K, capacity 2960K, committed 3072K, reserved 1048576K
}

Deoptimization events (10 events):
Event: 11.737 Thread 0x000000001d256800 Uncommon trap: reason=class_check action=maybe_recompile pc=0x000000000357ca08 method=javax.swing.text.html.StyleSheet$ViewAttributeSet.getAttribute(Ljava/lang/Object;)Ljava/lang/Object; @ 33
Event: 11.867 Thread 0x000000001d256800 Uncommon trap: reason=unstable_if action=reinterpret pc=0x000000000388ba5c method=org.apache.commons.beanutils.MethodUtils.getMatchingAccessibleMethod(Ljava/lang/Class;Ljava/lang/String;[Ljava/lang/Class;)Ljava/lang/reflect/Method; @ 236
Event: 11.870 Thread 0x000000001d256800 Uncommon trap: reason=unstable_if action=reinterpret pc=0x000000000379c89c method=org.apache.commons.beanutils.MappedPropertyDescriptor.internalGetMethod(Ljava/lang/Class;Ljava/lang/String;I)Ljava/lang/reflect/Method; @ 58
Event: 14.716 Thread 0x000000001d256800 Uncommon trap: reason=bimorphic action=maybe_recompile pc=0x000000000390e234 method=javax.swing.UIDefaults.getFromHashtable(Ljava/lang/Object;)Ljava/lang/Object; @ 126
Event: 14.745 Thread 0x000000001d256800 Uncommon trap: reason=class_check action=maybe_recompile pc=0x00000000035e5b10 method=java.util.AbstractList$Itr.hasNext()Z @ 8
Event: 14.745 Thread 0x000000001d256800 Uncommon trap: reason=class_check action=maybe_recompile pc=0x0000000003608cc4 method=java.util.AbstractList$Itr.next()Ljava/lang/Object; @ 14
Event: 15.779 Thread 0x000000001d256800 Uncommon trap: reason=unstable_if action=reinterpret pc=0x0000000003bd9dd4 method=java.awt.Component.inside(II)Z @ 1
Event: 19.603 Thread 0x000000001d256800 Uncommon trap: reason=unstable_if action=reinterpret pc=0x0000000004007680 method=java.awt.Container.findComponentAtImpl(IIZ)Ljava/awt/Component; @ 24
Event: 25.107 Thread 0x000000001d256800 Uncommon trap: reason=unstable_if action=reinterpret pc=0x0000000003503644 method=java.util.ArrayList.rangeCheck(I)V @ 5
Event: 25.120 Thread 0x000000001cbe5000 Uncommon trap: reason=unstable_if action=reinterpret pc=0x0000000003a6534c method=java.util.concurrent.locks.ReentrantLock$Sync.tryRelease(I)Z @ 14

Internal exceptions (10 events):
Event: 11.840 Thread 0x000000001d256800 Exception <a 'java/lang/ClassNotFoundException': java/awt/WindowCustomizer> (0x00000000d7393970) thrown at [C:\re\workspace\8-2-build-windows-amd64-cygwin\jdk8u60\4407\hotspot\src\share\vm\classfile\systemDictionary.cpp, line 210]
Event: 11.855 Thread 0x000000001d256800 Exception <a 'java/lang/ClassNotFoundException': java/awt/DialogCustomizer> (0x00000000d7402ce8) thrown at [C:\re\workspace\8-2-build-windows-amd64-cygwin\jdk8u60\4407\hotspot\src\share\vm\classfile\systemDictionary.cpp, line 210]
Event: 11.859 Thread 0x000000001d256800 Exception <a 'java/lang/ClassNotFoundException': javax/swing/JDialogCustomizer> (0x00000000d7436a70) thrown at [C:\re\workspace\8-2-build-windows-amd64-cygwin\jdk8u60\4407\hotspot\src\share\vm\classfile\systemDictionary.cpp, line 210]
Event: 11.863 Thread 0x000000001d256800 Exception <a 'java/lang/ClassNotFoundException': com/rameses/rcp/impl/PopupDialogCustomizer> (0x00000000d7475610) thrown at [C:\re\workspace\8-2-build-windows-amd64-cygwin\jdk8u60\4407\hotspot\src\share\vm\classfile\systemDictionary.cpp, line 210]
Event: 11.875 Thread 0x000000001d256800 Exception <a 'java/lang/IllegalArgumentException': argument type mismatch> (0x00000000d757cf28) thrown at [C:\re\workspace\8-2-build-windows-amd64-cygwin\jdk8u60\4407\hotspot\src\share\vm\runtime\reflection.cpp, line 1064]
Event: 11.875 Thread 0x000000001d256800 Exception <a 'java/lang/IllegalArgumentException': argument type mismatch> (0x00000000d757e1c8) thrown at [C:\re\workspace\8-2-build-windows-amd64-cygwin\jdk8u60\4407\hotspot\src\share\vm\runtime\reflection.cpp, line 201]
Event: 14.676 Thread 0x000000001d256800 Exception <a 'java/lang/reflect/InvocationTargetException'> (0x00000000d77f1f50) thrown at [C:\re\workspace\8-2-build-windows-amd64-cygwin\jdk8u60\4407\hotspot\src\share\vm\runtime\reflection.cpp, line 1092]
Event: 14.676 Thread 0x000000001d256800 Exception <a 'java/lang/IllegalStateException'> (0x00000000d77f1940) thrown at [C:\re\workspace\8-2-build-windows-amd64-cygwin\jdk8u60\4407\hotspot\src\share\vm\prims\jni.cpp, line 709]
Event: 21.716 Thread 0x000000001d256800 Exception <a 'java/lang/reflect/InvocationTargetException'> (0x00000000d7bc07c8) thrown at [C:\re\workspace\8-2-build-windows-amd64-cygwin\jdk8u60\4407\hotspot\src\share\vm\runtime\reflection.cpp, line 1092]
Event: 21.716 Thread 0x000000001d256800 Exception <a 'java/lang/IllegalStateException'> (0x00000000d7bc0380) thrown at [C:\re\workspace\8-2-build-windows-amd64-cygwin\jdk8u60\4407\hotspot\src\share\vm\prims\jni.cpp, line 709]

Events (10 events):
Event: 25.121 Thread 0x000000001cbe5000 Thread exited: 0x000000001cbe5000
Event: 25.121 Thread 0x000000001cbe2800 Thread exited: 0x000000001cbe2800
Event: 25.121 loading class sun/awt/shell/Win32ShellFolderManager2$ComInvoker$1$1
Event: 25.121 loading class sun/awt/shell/Win32ShellFolderManager2$ComInvoker$1$1 done
Event: 25.121 Thread 0x000000001cbe5800 Thread exited: 0x000000001cbe5800
Event: 25.122 Thread 0x000000001cbe8000 Thread exited: 0x000000001cbe8000
Event: 25.126 Thread 0x0000000019f94800 Thread exited: 0x0000000019f94800
Event: 25.152 Thread 0x000000001cc18000 Thread exited: 0x000000001cc18000
Event: 25.223 Thread 0x000000001cbe9800 Thread exited: 0x000000001cbe9800
Event: 25.223 Executing VM operation: Exit


Dynamic libraries:
0x00007ff7a1210000 - 0x00007ff7a1247000 	C:\Program Files\Java\jdk1.8.0_60\jre\bin\java.exe
0x00007ff9d6760000 - 0x00007ff9d6921000 	C:\WINDOWS\SYSTEM32\ntdll.dll
0x00007ff9d4580000 - 0x00007ff9d462d000 	C:\WINDOWS\system32\KERNEL32.DLL
0x00007ff9d2ef0000 - 0x00007ff9d30d8000 	C:\WINDOWS\system32\KERNELBASE.dll
0x00007ff9d6380000 - 0x00007ff9d6427000 	C:\WINDOWS\system32\ADVAPI32.dll
0x00007ff9d62e0000 - 0x00007ff9d637d000 	C:\WINDOWS\system32\msvcrt.dll
0x00007ff9d3b60000 - 0x00007ff9d3bbb000 	C:\WINDOWS\system32\sechost.dll
0x00007ff9d6640000 - 0x00007ff9d675c000 	C:\WINDOWS\system32\RPCRT4.dll
0x00007ff9d6430000 - 0x00007ff9d6586000 	C:\WINDOWS\system32\USER32.dll
0x00007ff9d3c10000 - 0x00007ff9d3d96000 	C:\WINDOWS\system32\GDI32.dll
0x00007ff9c8d50000 - 0x00007ff9c8fc4000 	C:\WINDOWS\WinSxS\amd64_microsoft.windows.common-controls_6595b64144ccf1df_6.0.10586.672_none_a2d6b3cea53ff843\COMCTL32.dll
0x00007ff9d4740000 - 0x00007ff9d49bd000 	C:\WINDOWS\system32\combase.dll
0x00007ff9d2e10000 - 0x00007ff9d2e7a000 	C:\WINDOWS\system32\bcryptPrimitives.dll
0x00007ff9d3bd0000 - 0x00007ff9d3c0b000 	C:\WINDOWS\system32\IMM32.DLL
0x000000006f290000 - 0x000000006f362000 	C:\Program Files\Java\jdk1.8.0_60\jre\bin\msvcr100.dll
0x000000006f370000 - 0x000000006fbf9000 	C:\Program Files\Java\jdk1.8.0_60\jre\bin\server\jvm.dll
0x00007ff9d3da0000 - 0x00007ff9d3da8000 	C:\WINDOWS\system32\PSAPI.DLL
0x00007ff9d0a20000 - 0x00007ff9d0a43000 	C:\WINDOWS\SYSTEM32\WINMM.dll
0x00007ff9bf1c0000 - 0x00007ff9bf1c9000 	C:\WINDOWS\SYSTEM32\WSOCK32.dll
0x00007ff9cf330000 - 0x00007ff9cf33a000 	C:\WINDOWS\SYSTEM32\VERSION.dll
0x00007ff9d40e0000 - 0x00007ff9d414b000 	C:\WINDOWS\system32\WS2_32.dll
0x00007ff9d09b0000 - 0x00007ff9d09dc000 	C:\WINDOWS\SYSTEM32\WINMMBASE.dll
0x00007ff9d2e80000 - 0x00007ff9d2ec3000 	C:\WINDOWS\system32\cfgmgr32.dll
0x0000000071660000 - 0x000000007166f000 	C:\Program Files\Java\jdk1.8.0_60\jre\bin\verify.dll
0x000000006f220000 - 0x000000006f249000 	C:\Program Files\Java\jdk1.8.0_60\jre\bin\java.dll
0x000000006f200000 - 0x000000006f216000 	C:\Program Files\Java\jdk1.8.0_60\jre\bin\zip.dll
0x00007ff9d4c30000 - 0x00007ff9d618c000 	C:\WINDOWS\system32\SHELL32.dll
0x00007ff9d31a0000 - 0x00007ff9d37e5000 	C:\WINDOWS\system32\windows.storage.dll
0x00007ff9d3e20000 - 0x00007ff9d3e72000 	C:\WINDOWS\system32\shlwapi.dll
0x00007ff9d2df0000 - 0x00007ff9d2dff000 	C:\WINDOWS\system32\kernel.appcore.dll
0x00007ff9d30e0000 - 0x00007ff9d3195000 	C:\WINDOWS\system32\shcore.dll
0x00007ff9d2da0000 - 0x00007ff9d2deb000 	C:\WINDOWS\system32\powrprof.dll
0x00007ff9d2d80000 - 0x00007ff9d2d94000 	C:\WINDOWS\system32\profapi.dll
0x000000006f020000 - 0x000000006f1b8000 	C:\Program Files\Java\jdk1.8.0_60\jre\bin\awt.dll
0x00007ff9d3ea0000 - 0x00007ff9d3f66000 	C:\WINDOWS\system32\OLEAUT32.dll
0x00007ff9d1570000 - 0x00007ff9d15e9000 	C:\WINDOWS\system32\apphelp.dll
0x00007ff9d1620000 - 0x00007ff9d16b6000 	C:\WINDOWS\system32\uxtheme.dll
0x00007ff9d3f70000 - 0x00007ff9d40ca000 	C:\WINDOWS\system32\MSCTF.dll
0x00007ff9d1280000 - 0x00007ff9d12a2000 	C:\WINDOWS\system32\dwmapi.dll
0x00007ff9d6190000 - 0x00007ff9d62d3000 	C:\WINDOWS\system32\ole32.dll
0x000000006efd0000 - 0x000000006f017000 	C:\Program Files\Java\jdk1.8.0_60\jre\bin\fontmanager.dll
0x000000006f1e0000 - 0x000000006f1fa000 	C:\Program Files\Java\jdk1.8.0_60\jre\bin\net.dll
0x00007ff9d2650000 - 0x00007ff9d26ac000 	C:\WINDOWS\system32\mswsock.dll
0x000000006f1c0000 - 0x000000006f1d1000 	C:\Program Files\Java\jdk1.8.0_60\jre\bin\nio.dll
0x000000006bda0000 - 0x000000006bdd1000 	C:\Program Files\Java\jdk1.8.0_60\jre\bin\jpeg.dll
0x00007ff9d2700000 - 0x00007ff9d2717000 	C:\WINDOWS\SYSTEM32\CRYPTSP.dll
0x00007ff9d2390000 - 0x00007ff9d23c4000 	C:\WINDOWS\system32\rsaenh.dll
0x00007ff9d2cc0000 - 0x00007ff9d2ce9000 	C:\WINDOWS\SYSTEM32\bcrypt.dll
0x00007ff9d24e0000 - 0x00007ff9d24ff000 	C:\WINDOWS\SYSTEM32\USERENV.dll
0x00007ff9d2820000 - 0x00007ff9d282b000 	C:\WINDOWS\SYSTEM32\CRYPTBASE.dll
0x00007ff9d0280000 - 0x00007ff9d02b8000 	C:\WINDOWS\SYSTEM32\IPHLPAPI.DLL
0x00007ff9d40d0000 - 0x00007ff9d40d8000 	C:\WINDOWS\system32\NSI.dll
0x00007ff9cb9a0000 - 0x00007ff9cb9b6000 	C:\WINDOWS\SYSTEM32\dhcpcsvc6.DLL
0x00007ff9cc2d0000 - 0x00007ff9cc2ea000 	C:\WINDOWS\SYSTEM32\dhcpcsvc.DLL
0x000000006c820000 - 0x000000006c844000 	C:\Program Files\Java\jdk1.8.0_60\jre\bin\sunec.dll
0x00007ff9bc690000 - 0x00007ff9bc6a6000 	C:\WINDOWS\system32\napinsp.dll
0x00007ff9bc560000 - 0x00007ff9bc57a000 	C:\WINDOWS\system32\pnrpnsp.dll
0x00007ff9d0e90000 - 0x00007ff9d0ea8000 	C:\WINDOWS\system32\NLAapi.dll
0x00007ff9d17f0000 - 0x00007ff9d189a000 	C:\WINDOWS\SYSTEM32\DNSAPI.dll
0x00007ff9bc460000 - 0x00007ff9bc46d000 	C:\WINDOWS\System32\winrnr.dll
0x0000000071580000 - 0x00000000715a6000 	C:\Program Files\Bonjour\mdnsNSP.dll
0x00007ff9bc430000 - 0x00007ff9bc445000 	C:\WINDOWS\System32\wshbth.dll
0x00007ff9bcc80000 - 0x00007ff9bcc8a000 	C:\Windows\System32\rasadhlp.dll
0x00007ff9c8550000 - 0x00007ff9c85b7000 	C:\WINDOWS\System32\fwpuclnt.dll
0x000000006ef80000 - 0x000000006efc2000 	C:\Program Files\Java\jdk1.8.0_60\jre\bin\t2k.dll
0x00007ff9d6590000 - 0x00007ff9d6637000 	C:\WINDOWS\system32\clbcatq.dll
0x00007ff9ce090000 - 0x00007ff9ce241000 	C:\WINDOWS\SYSTEM32\WindowsCodecs.dll
0x00007ff9cfa40000 - 0x00007ff9cfce8000 	C:\WINDOWS\system32\d3d11.dll
0x00007ff9cf990000 - 0x00007ff9cfa32000 	C:\WINDOWS\system32\dxgi.dll
0x000000006c850000 - 0x000000006c857000 	C:\Program Files\Java\jdk1.8.0_60\jre\bin\jawt.dll
0x00007ff9c9fb0000 - 0x00007ff9ca044000 	D:\java-cef\src\binary_distrib\win64\bin\lib\win64\chrome_elf.dll
0x00007ff98cea0000 - 0x00007ff9927fb000 	D:\java-cef\src\binary_distrib\win64\bin\lib\win64\libcef.dll
0x00007ff9d4630000 - 0x00007ff9d473b000 	C:\WINDOWS\system32\COMDLG32.dll
0x00007ff9d37f0000 - 0x00007ff9d3876000 	C:\WINDOWS\system32\FirewallAPI.dll
0x00007ff9d12e0000 - 0x00007ff9d12f3000 	C:\WINDOWS\SYSTEM32\WTSAPI32.dll
0x00007ff9bd140000 - 0x00007ff9bd1aa000 	C:\WINDOWS\SYSTEM32\OLEACC.dll
0x00007ff9d2ed0000 - 0x00007ff9d2ee7000 	C:\WINDOWS\system32\NETAPI32.dll
0x00007ff9d3880000 - 0x00007ff9d3a48000 	C:\WINDOWS\system32\CRYPT32.dll
0x00007ff9d2e00000 - 0x00007ff9d2e10000 	C:\WINDOWS\system32\MSASN1.dll
0x00007ff9bc790000 - 0x00007ff9bc91c000 	C:\WINDOWS\SYSTEM32\dbghelp.dll
0x00007ff9cac10000 - 0x00007ff9cac28000 	C:\WINDOWS\SYSTEM32\USP10.dll
0x00007ff9d3a50000 - 0x00007ff9d3aa5000 	C:\WINDOWS\system32\WINTRUST.dll
0x00007ff9a1410000 - 0x00007ff9a1446000 	C:\WINDOWS\SYSTEM32\credui.dll
0x00007ff9bf820000 - 0x00007ff9bfa7f000 	C:\WINDOWS\SYSTEM32\DWrite.dll
0x00007ff9b2500000 - 0x00007ff9b2599000 	C:\WINDOWS\SYSTEM32\CRYPTUI.dll
0x00007ff9bec60000 - 0x00007ff9bec6c000 	C:\WINDOWS\SYSTEM32\DAVHLPR.DLL
0x00007ff9d28f0000 - 0x00007ff9d2917000 	C:\WINDOWS\SYSTEM32\ncrypt.dll
0x00007ff9d0140000 - 0x00007ff9d014c000 	C:\WINDOWS\SYSTEM32\Secur32.dll
0x00007ff9c7970000 - 0x00007ff9c7b27000 	C:\WINDOWS\SYSTEM32\urlmon.dll
0x00007ff9d0180000 - 0x00007ff9d0247000 	C:\WINDOWS\SYSTEM32\WINHTTP.dll
0x00007ff9b4700000 - 0x00007ff9b4910000 	C:\WINDOWS\SYSTEM32\d3d9.dll
0x00007ff9cb060000 - 0x00007ff9cb083000 	C:\WINDOWS\SYSTEM32\dxva2.dll
0x00007ff9cda50000 - 0x00007ff9cdad4000 	C:\WINDOWS\SYSTEM32\WINSPOOL.DRV
0x00007ff9ca760000 - 0x00007ff9ca781000 	C:\WINDOWS\SYSTEM32\FONTSUB.dll
0x00007ff9d28b0000 - 0x00007ff9d28ea000 	C:\WINDOWS\SYSTEM32\NTASN1.dll
0x00007ff9cdc80000 - 0x00007ff9ce008000 	C:\WINDOWS\SYSTEM32\iertutil.dll
0x00007ff9cbf80000 - 0x00007ff9cbf99000 	C:\WINDOWS\SYSTEM32\SAMCLI.DLL
0x00007ff9d2190000 - 0x00007ff9d219c000 	C:\WINDOWS\SYSTEM32\NETUTILS.DLL
0x00007ff9d2a00000 - 0x00007ff9d2a2d000 	C:\WINDOWS\SYSTEM32\SSPICLI.DLL
0x00007ff9d1b30000 - 0x00007ff9d1b62000 	C:\WINDOWS\SYSTEM32\fwbase.dll
0x00007ff9b2010000 - 0x00007ff9b20ed000 	D:\java-cef\src\binary_distrib\win64\bin\lib\win64\jcef.dll
0x00007ff9d4150000 - 0x00007ff9d4579000 	C:\WINDOWS\system32\SETUPAPI.dll
0x00007ff9d17a0000 - 0x00007ff9d17c7000 	C:\WINDOWS\SYSTEM32\DEVOBJ.dll
0x00007ff9cb0f0000 - 0x00007ff9cb178000 	C:\WINDOWS\system32\audioses.dll
0x00007ff9cbf10000 - 0x00007ff9cbf80000 	C:\WINDOWS\system32\MMDevAPI.DLL
0x00007ff9cdb30000 - 0x00007ff9cdc66000 	C:\WINDOWS\SYSTEM32\wintypes.dll
0x00007ff9cfe90000 - 0x00007ff9d0016000 	C:\WINDOWS\system32\PROPSYS.dll
0x00007ff9c7ba0000 - 0x00007ff9c7c31000 	C:\WINDOWS\SYSTEM32\mscms.dll
0x00007ff9d2c50000 - 0x00007ff9d2ca6000 	C:\WINDOWS\SYSTEM32\WINSTA.dll
0x00007ff9ca8d0000 - 0x00007ff9ca95b000 	C:\WINDOWS\system32\directmanipulation.dll
0x00007ff9b7090000 - 0x00007ff9b70a0000 	C:\WINDOWS\SYSTEM32\atlthunk.dll
0x00007ff9d1d80000 - 0x00007ff9d1da4000 	C:\WINDOWS\SYSTEM32\gpapi.dll
0x00007ff9c5ce0000 - 0x00007ff9c5d8a000 	C:\WINDOWS\WinSxS\amd64_microsoft.windows.common-controls_6595b64144ccf1df_5.82.10586.0_none_396e892957c7fb25\comctl32.dll

VM Arguments:
jvm_args: -Dfile.encoding=UTF-8 -Djava.library.path=D:\java-cef\src\binary_distrib\win64\bin\lib\win64 
java_command: Main
java_class_path (initial): D:\ETRACS25\ETRACStraining\libnew\RXTXcomm.jar;D:\ETRACS25\ETRACStraining\libnew\SigPlus2_60.jar;D:\ETRACS25\ETRACStraining\libnew\barbecue-1.5.jar;D:\ETRACS25\ETRACStraining\libnew\client-system.jar;D:\ETRACS25\ETRACStraining\libnew\client-ui-extended.jar;D:\ETRACS25\ETRACStraining\libnew\commons-beanutils-1.8.0.jar;D:\ETRACS25\ETRACStraining\libnew\commons-digester-1.7.jar;D:\ETRACS25\ETRACStraining\libnew\commons-fileupload-1.2.1.jar;D:\ETRACS25\ETRACStraining\libnew\commons-io-1.4.jar;D:\ETRACS25\ETRACStraining\libnew\commons-lang-2.5.jar;D:\ETRACS25\ETRACStraining\libnew\commons-logging-1.1.jar;D:\ETRACS25\ETRACStraining\libnew\dpuareu.jar;D:\ETRACS25\ETRACStraining\libnew\ezmorph-1.0.6.jar;D:\ETRACS25\ETRACStraining\libnew\groovy-all-1.5.5.jar;D:\ETRACS25\ETRACStraining\libnew\itext-1.3.1.jar;D:\ETRACS25\ETRACStraining\libnew\itextpdf-5.1.2.jar;D:\ETRACS25\ETRACStraining\libnew\jasperreports-3.0.0.jar;D:\ETRACS25\ETRACStraining\libnew\jcommon-1.0.0.jar;D:\ETRACS25\ETRACStraining\libnew\jdt-compiler-3.1.1.jar;D:\ETRACS25\ETRACStraining\libnew\jfreechart-1.0.3.jar;D:\ETRACS25\ETRACStraining\libnew\json-lib-2.3-jdk15.jar;D:\ETRACS25\ETRACStraining\libnew\juel-2.1.2.jar;D:\ETRACS25\ETRACStraining\libnew\osiris2-client-themes.jar;D:\ETRACS25\ETRACStraining\libnew\osiris2-client-ui.jar;D:\ETRACS25\ETRACStraining\libnew\osiris2-framework.jar;D:\ETRACS25\ETRACStraining\libnew\osiris2-report.jar;D:\ETRACS25\ETRACStraining\libnew\osiris2-test-platform.jar;D:\ETRACS25\ETRACStraining\libnew\png-encoder-1.5.jar;D:\ETRACS25\ETRACStraining\libnew\poi-3.0.1-FINAL-20070705.jar;D:\ETRACS25\ETRACStraining\libnew\rameses-client-menu.jar;D:\ETRACS25\ETRACStraining\libnew\rameses-client-report.jar;D:\ETRACS25\ETRACStraining\libnew\rameses-client-ui-bio.jar;D:\ETRACS25\ETRACStraining\libnew\rameses-client-ui-support.jar;D:\ETRACS25\ETRACStraining\libnew\rameses-client-ui.jar;D:\ETRACS25\ETRACStraining\libnew\rameses-common2.jar;D:\ETRACS25\ETRACStraining
Launcher Type: SUN_STANDARD

Environment Variables:
PATH=C:\Program Files (x86)\NVIDIA Corporation\PhysX\Common;C:\ProgramData\Oracle\Java\javapath;C:\Program Files (x86)\Intel\iCLS Client\;C:\Program Files\Intel\iCLS Client\;C:\Program Files (x86)\AMD APP\bin\x86_64;C:\Program Files (x86)\AMD APP\bin\x86;C:\WINDOWS\system32;C:\WINDOWS;C:\WINDOWS\System32\Wbem;C:\WINDOWS\System32\WindowsPowerShell\v1.0\;C:\Program Files (x86)\Windows Live\Shared;C:\Program Files (x86)\ATI Technologies\ATI.ACE\Core-Static;C:\Program Files\Intel\Intel(R) Management Engine Components\DAL;C:\Program Files\Intel\Intel(R) Management Engine Components\IPT;C:\Program Files (x86)\Intel\Intel(R) Management Engine Components\DAL;C:\Program Files (x86)\Intel\Intel(R) Management Engine Components\IPT;C:\Program Files (x86)\MySQL\MySQL Server 5.1\bin;C:\Program Files (x86)\Bitvise SSH Client;C:\Program Files\Microsoft SQL Server\120\Tools\Binn\;C:\Program Files (x86)\Windows Kits\10\Windows Performance Toolkit\;C:\Program Files\Microsoft SQL Server\Client SDK\ODBC\110\Tools\Binn\;C:\Program Files (x86)\Microsoft SQL Server\120\Tools\Binn\;C:\Program Files\Microsoft SQL Server\120\DTS\Binn\;C:\Program Files (x86)\QuickTime\QTSystem\;C:\Program Files\Microsoft SQL Server\130\Tools\Binn\;C:\Program Files\Git\cmd;C:\xampp\php;C:\ProgramData\ComposerSetup\bin;C:\Program Files (x86)\nodejs\;C:\Program Files\dotnet\;C:\HashiCorp\Vagrant\bin;C:\Program Files (x86)\Skype\Phone\;C:\Program Files\Amazon\AWSCLI\;C:\Program Files\MySQL\MySQL Server 5.1\bin;C:\Program Files\OpenVPN\bin;C:\Program Files\CMake\bin;C:\Program Files (x86)\Cracklock\Bin;C:\Users\rufino\.dnx\bin;C:\Users\rufino\AppData\Roaming\Composer\vendor\bin;C:\Program Files (x86)\Microsoft VS Code\bin;C:\Users\rufino\AppData\Roaming\npm;C:\Program Files\Java\jdk1.8.0_60\bin;C:\Python27
USERNAME=rufino
OS=Windows_NT
PROCESSOR_IDENTIFIER=Intel64 Family 6 Model 58 Stepping 9, GenuineIntel



---------------  S Y S T E M  ---------------

OS: Windows 10.0 , 64 bit Build 10586 (10.0.10586.589)

CPU:total 4 (2 cores per cpu, 2 threads per core) family 6 model 58 stepping 9, cmov, cx8, fxsr, mmx, sse, sse2, sse3, ssse3, sse4.1, sse4.2, popcnt, avx, aes, clmul, erms, ht, tsc, tscinvbit, tscinv

Memory: 4k page, physical 8282396k(1553340k free), swap 15622428k(2925972k free)

vm_info: Java HotSpot(TM) 64-Bit Server VM (25.60-b23) for windows-amd64 JRE (1.8.0_60-b27), built on Aug  4 2015 11:06:27 by "java_re" with MS VC++ 10.0 (VS2010)

time: Tue Mar 14 08:20:23 2017
elapsed time: 25 seconds (0d 0h 0m 25s)

