#
# A fatal error has been detected by the Java Runtime Environment:
#
#  EXCEPTION_ACCESS_VIOLATION (0xc0000005) at pc=0x00007ffc16dcf4d6, pid=15184, tid=8092
#
# JRE version: Java(TM) SE Runtime Environment (8.0_60-b27) (build 1.8.0_60-b27)
# Java VM: Java HotSpot(TM) 64-Bit Server VM (25.60-b23 mixed mode windows-amd64 compressed oops)
# Problematic frame:
# C  [libcef.dll+0x99f4d6]
#
# Failed to write core dump. Minidumps are not enabled by default on client versions of Windows
#
# If you would like to submit a bug report, please visit:
#   http://bugreport.java.com/bugreport/crash.jsp
#

---------------  T H R E A D  ---------------

Current thread (0x0000000017dd7000):  VMThread [stack: 0x0000000018e70000,0x0000000018f70000] [id=8092]

siginfo: ExceptionCode=0xc0000005, reading address 0x00000000000000a8

Registers:
RAX=0x0000000000000000, RBX=0x0000000021901fa8, RCX=0x0000000000000000, RDX=0x0000000021901fa8
RSP=0x0000000018f6e560, RBP=0x0000000018f6e8b0, RSI=0x0000000000000000, RDI=0x0000000021901fa0
R8 =0x0000000000f81380, R9 =0x0000000000000000, R10=0x0000000000000000, R11=0x0000000000000064
R12=0x0000000000000000, R13=0x0000000001433f19, R14=0x0000000000000006, R15=0x0000000000000030
RIP=0x00007ffc16dcf4d6, EFLAGS=0x0000000000010206

Top of Stack: (sp=0x0000000018f6e560)
0x0000000018f6e560:   0000000000000000 0000000000000000
0x0000000018f6e570:   00000000218ac230 00007ffc656e0ef4
0x0000000018f6e580:   0000000021901fa8 00007ffc18add6b2
0x0000000018f6e590:   0000000000000000 0000000000000000
0x0000000018f6e5a0:   00000000218ba590 00007ffc656e0bf9
0x0000000018f6e5b0:   0000000000000001 00007ffc18adcc14
0x0000000018f6e5c0:   0000000001450640 0000000001450630
0x0000000018f6e5d0:   0000000000000006 00000000013f0000
0x0000000018f6e5e0:   0000000000000006 0000000021901fa0
0x0000000018f6e5f0:   0000000000000000 00007ffc18adce5c
0x0000000018f6e600:   0000000000000000 0000000000000001
0x0000000018f6e610:   0000000018f6e8b0 00007ffc656e0abd
0x0000000018f6e620:   00000000218fdfb0 00007ffc18383372
0x0000000018f6e630:   00000000218fdfc0 0000000000000000
0x0000000018f6e640:   0000000000000030 00000000218822a8
0x0000000018f6e650:   00000000218fdfb0 00007ffc18ed7279 

Instructions: (pc=0x00007ffc16dcf4d6)
0x00007ffc16dcf4b6:   5b c3 cc cc cc cc cc cc cc cc 48 81 c1 98 00 00
0x00007ffc16dcf4c6:   00 e9 d4 d3 ff ff cc cc cc cc 40 53 48 83 ec 20
0x00007ffc16dcf4d6:   48 8b 81 a8 00 00 00 45 33 c0 48 8b d9 44 89 44
0x00007ffc16dcf4e6:   24 30 48 8b 89 a0 00 00 00 48 3b c8 74 3c 48 39 


Register to memory mapping:

RAX=0x0000000000000000 is an unknown value
RBX=0x0000000021901fa8 is an unknown value
RCX=0x0000000000000000 is an unknown value
RDX=0x0000000021901fa8 is an unknown value
RSP=0x0000000018f6e560 is an unknown value
RBP=0x0000000018f6e8b0 is an unknown value
RSI=0x0000000000000000 is an unknown value
RDI=0x0000000021901fa0 is an unknown value
R8 =0x0000000000f81380 is an unknown value
R9 =0x0000000000000000 is an unknown value
R10=0x0000000000000000 is an unknown value
R11=0x0000000000000064 is an unknown value
R12=0x0000000000000000 is an unknown value
R13=0x0000000001433f19 is an unknown value
R14=0x0000000000000006 is an unknown value
R15=0x0000000000000030 is an unknown value


Stack: [0x0000000018e70000,0x0000000018f70000],  sp=0x0000000018f6e560,  free space=1017k
Native frames: (J=compiled Java code, j=interpreted, Vv=VM code, C=native code)
C  [libcef.dll+0x99f4d6]
C  [libcef.dll+0x26ad6b2]
C  [libcef.dll+0x26acc14]
C  [libcef.dll+0x26ace5c]
C  [libcef.dll+0x1f53372]
C  [libcef.dll+0x2aa7279]
C  [libcef.dll+0x2aa72ac]
C  [libcef.dll+0x1b26e87]
C  [libcef.dll+0x1b27058]
C  [libcef.dll+0x1b279b5]
C  [libcef.dll+0x1f50f5a]
C  [libcef.dll+0x1d3c43b]
C  [libcef.dll+0x1d3d77d]
C  [libcef.dll+0x22bd938]
C  [libcef.dll+0x226a887]
C  [libcef.dll+0x456eca7]
C  [libcef.dll+0x397ea30]
C  [libcef.dll+0x397e799]
C  [libcef.dll+0x397eb1d]
C  [libcef.dll+0x39645bc]
C  [libcef.dll+0x3964525]
C  [libcef.dll+0x39646bf]
C  [libcef.dll+0x3949aef]
C  [libcef.dll+0x394a34e]
C  [libcef.dll+0x394a444]
C  [ntdll.dll+0x152c8]
C  [ntdll.dll+0x5b2ea]
C  [ntdll.dll+0x5b17a]
C  [KERNEL32.DLL+0x24d8a]
C  [msvcr100.dll+0x20ccd]
V  [jvm.dll+0x210a25]
V  [jvm.dll+0x249747]
V  [jvm.dll+0x2489e6]
V  [jvm.dll+0x248e81]
V  [jvm.dll+0x24909e]
V  [jvm.dll+0x299f6a]
C  [msvcr100.dll+0x21d9f]
C  [msvcr100.dll+0x21e3b]
C  [KERNEL32.DLL+0x18102]
C  [ntdll.dll+0x5c5b4]

VM_Operation (0x000000001f41d0d0): Exit, mode: safepoint, requested by thread 0x000000001a10f000


---------------  P R O C E S S  ---------------

Java Threads: ( => current thread )
  0x000000001bfc6800 JavaThread "Thread-16" daemon [_thread_in_native, id=8740, stack(0x0000000022180000,0x0000000022280000)]
  0x00000000031c4800 JavaThread "DestroyJavaVM" [_thread_blocked, id=8764, stack(0x0000000003020000,0x0000000003120000)]
  0x000000001a32a800 JavaThread "TimerQueue" daemon [_thread_blocked, id=13464, stack(0x000000001f420000,0x000000001f520000)]
  0x000000001a10f000 JavaThread "AWT-EventQueue-0" [_thread_blocked, id=15108, stack(0x000000001f320000,0x000000001f420000)]
  0x000000001a33b000 JavaThread "AWT-Shutdown" [_thread_blocked, id=10084, stack(0x000000001de10000,0x000000001df10000)]
  0x000000001c05d000 JavaThread "Keep-Alive-Timer" daemon [_thread_blocked, id=628, stack(0x000000001dd10000,0x000000001de10000)]
  0x0000000019fd7800 JavaThread "Java2D Disposer" daemon [_thread_blocked, id=14692, stack(0x000000001a630000,0x000000001a730000)]
  0x0000000019780800 JavaThread "Service Thread" daemon [_thread_blocked, id=912, stack(0x0000000019b50000,0x0000000019c50000)]
  0x0000000017e11800 JavaThread "C1 CompilerThread2" daemon [_thread_blocked, id=9952, stack(0x0000000019650000,0x0000000019750000)]
  0x0000000017e10800 JavaThread "C2 CompilerThread1" daemon [_thread_blocked, id=7472, stack(0x0000000019550000,0x0000000019650000)]
  0x0000000017e0e000 JavaThread "C2 CompilerThread0" daemon [_thread_blocked, id=2372, stack(0x0000000019450000,0x0000000019550000)]
  0x0000000017e0c800 JavaThread "Attach Listener" daemon [_thread_blocked, id=3184, stack(0x0000000019350000,0x0000000019450000)]
  0x0000000017e0b800 JavaThread "Signal Dispatcher" daemon [_thread_blocked, id=892, stack(0x0000000019250000,0x0000000019350000)]
  0x00000000032ba800 JavaThread "Finalizer" daemon [_thread_blocked, id=11108, stack(0x0000000019070000,0x0000000019170000)]
  0x0000000017dd8800 JavaThread "Reference Handler" daemon [_thread_blocked, id=1288, stack(0x0000000018f70000,0x0000000019070000)]

Other Threads:
=>0x0000000017dd7000 VMThread [stack: 0x0000000018e70000,0x0000000018f70000] [id=8092]

VM state:at safepoint (shutting down)

VM Mutex/Monitor currently owned by a thread:  ([mutex/lock_event])
[0x00000000031c2250] Threads_lock - owner thread: 0x0000000017dd7000

Heap:
 PSYoungGen      total 139776K, used 115300K [0x00000000d5d80000, 0x00000000e7680000, 0x0000000100000000)
  eden space 132096K, 87% used [0x00000000d5d80000,0x00000000dce19308,0x00000000dde80000)
  from space 7680K, 0% used [0x00000000dde80000,0x00000000dde80000,0x00000000de600000)
  to   space 11776K, 0% used [0x00000000e6b00000,0x00000000e6b00000,0x00000000e7680000)
 ParOldGen       total 68608K, used 14703K [0x0000000081800000, 0x0000000085b00000, 0x00000000d5d80000)
  object space 68608K, 21% used [0x0000000081800000,0x000000008265bdc0,0x0000000085b00000)
 Metaspace       used 25362K, capacity 25930K, committed 26240K, reserved 1073152K
  class space    used 2995K, capacity 3134K, committed 3200K, reserved 1048576K

Card table byte_map: [0x0000000012680000,0x0000000012a80000] byte_map_base: 0x0000000012274000

Marking Bits: (ParMarkBitMap*) 0x000000006c22a5b0
 Begin Bits: [0x0000000013130000, 0x00000000150d0000)
 End Bits:   [0x00000000150d0000, 0x0000000017070000)

Polling page: 0x0000000001740000

CodeCache: size=245760Kb used=12346Kb max_used=12361Kb free=233413Kb
 bounds [0x00000000032c0000, 0x0000000003ef0000, 0x00000000122c0000]
 total_blobs=4189 nmethods=3610 adapters=489
 compilation: enabled

Compilation events (10 events):
Event: 13.478 Thread 0x0000000017e11800 nmethod 4229 0x0000000003ed0e90 code [0x0000000003ed0fe0, 0x0000000003ed10f0]
Event: 13.479 Thread 0x0000000017e11800 4230       3       java.awt.AWTKeyStroke::equals (64 bytes)
Event: 13.480 Thread 0x0000000017e11800 nmethod 4230 0x0000000003ed97d0 code [0x0000000003ed9940, 0x0000000003ed9df0]
Event: 13.480 Thread 0x0000000017e11800 4231       3       java.util.ArrayList::get (11 bytes)
Event: 13.480 Thread 0x0000000017e11800 nmethod 4231 0x0000000003ed9110 code [0x0000000003ed92a0, 0x0000000003ed95f8]
Event: 13.481 Thread 0x0000000017e11800 4232       1       java.awt.Window::getContainer (2 bytes)
Event: 13.481 Thread 0x0000000017e11800 nmethod 4232 0x0000000003edbd10 code [0x0000000003edbe60, 0x0000000003edbf70]
Event: 13.481 Thread 0x0000000017e11800 4233  s    3       java.awt.KeyboardFocusManager::getCurrentKeyboardFocusManager (32 bytes)
Event: 13.482 Thread 0x0000000017e11800 nmethod 4233 0x0000000003edbfd0 code [0x0000000003edc160, 0x0000000003edc748]
Event: 13.483 Thread 0x0000000017e10800 nmethod 4226 0x0000000003ee0210 code [0x0000000003ee03a0, 0x0000000003ee10e8]

GC Heap History (10 events):
Event: 2.550 GC heap before
{Heap before GC invocations=4 (full 0):
 PSYoungGen      total 38400K, used 37486K [0x00000000d5d80000, 0x00000000da880000, 0x0000000100000000)
  eden space 33280K, 100% used [0x00000000d5d80000,0x00000000d7e00000,0x00000000d7e00000)
  from space 5120K, 82% used [0x00000000d7e00000,0x00000000d821b990,0x00000000d8300000)
  to   space 5120K, 0% used [0x00000000da380000,0x00000000da380000,0x00000000da880000)
 ParOldGen       total 87552K, used 32K [0x0000000081800000, 0x0000000086d80000, 0x00000000d5d80000)
  object space 87552K, 0% used [0x0000000081800000,0x0000000081808000,0x0000000086d80000)
 Metaspace       used 12463K, capacity 12700K, committed 12800K, reserved 1060864K
  class space    used 1395K, capacity 1461K, committed 1536K, reserved 1048576K
Event: 2.556 GC heap after
Heap after GC invocations=4 (full 0):
 PSYoungGen      total 71680K, used 4941K [0x00000000d5d80000, 0x00000000da880000, 0x0000000100000000)
  eden space 66560K, 0% used [0x00000000d5d80000,0x00000000d5d80000,0x00000000d9e80000)
  from space 5120K, 96% used [0x00000000da380000,0x00000000da853508,0x00000000da880000)
  to   space 5120K, 0% used [0x00000000d9e80000,0x00000000d9e80000,0x00000000da380000)
 ParOldGen       total 87552K, used 40K [0x0000000081800000, 0x0000000086d80000, 0x00000000d5d80000)
  object space 87552K, 0% used [0x0000000081800000,0x000000008180a000,0x0000000086d80000)
 Metaspace       used 12463K, capacity 12700K, committed 12800K, reserved 1060864K
  class space    used 1395K, capacity 1461K, committed 1536K, reserved 1048576K
}
Event: 3.158 GC heap before
{Heap before GC invocations=5 (full 0):
 PSYoungGen      total 71680K, used 71501K [0x00000000d5d80000, 0x00000000da880000, 0x0000000100000000)
  eden space 66560K, 100% used [0x00000000d5d80000,0x00000000d9e80000,0x00000000d9e80000)
  from space 5120K, 96% used [0x00000000da380000,0x00000000da853508,0x00000000da880000)
  to   space 5120K, 0% used [0x00000000d9e80000,0x00000000d9e80000,0x00000000da380000)
 ParOldGen       total 87552K, used 40K [0x0000000081800000, 0x0000000086d80000, 0x00000000d5d80000)
  object space 87552K, 0% used [0x0000000081800000,0x000000008180a000,0x0000000086d80000)
 Metaspace       used 12504K, capacity 12724K, committed 12800K, reserved 1060864K
  class space    used 1397K, capacity 1465K, committed 1536K, reserved 1048576K
Event: 3.167 GC heap after
Heap after GC invocations=5 (full 0):
 PSYoungGen      total 71680K, used 5106K [0x00000000d5d80000, 0x00000000dec80000, 0x0000000100000000)
  eden space 66560K, 0% used [0x00000000d5d80000,0x00000000d5d80000,0x00000000d9e80000)
  from space 5120K, 99% used [0x00000000d9e80000,0x00000000da37ca90,0x00000000da380000)
  to   space 6656K, 0% used [0x00000000de600000,0x00000000de600000,0x00000000dec80000)
 ParOldGen       total 87552K, used 1043K [0x0000000081800000, 0x0000000086d80000, 0x00000000d5d80000)
  object space 87552K, 1% used [0x0000000081800000,0x0000000081904e10,0x0000000086d80000)
 Metaspace       used 12504K, capacity 12724K, committed 12800K, reserved 1060864K
  class space    used 1397K, capacity 1465K, committed 1536K, reserved 1048576K
}
Event: 3.629 GC heap before
{Heap before GC invocations=6 (full 0):
 PSYoungGen      total 71680K, used 71666K [0x00000000d5d80000, 0x00000000dec80000, 0x0000000100000000)
  eden space 66560K, 100% used [0x00000000d5d80000,0x00000000d9e80000,0x00000000d9e80000)
  from space 5120K, 99% used [0x00000000d9e80000,0x00000000da37ca90,0x00000000da380000)
  to   space 6656K, 0% used [0x00000000de600000,0x00000000de600000,0x00000000dec80000)
 ParOldGen       total 87552K, used 1043K [0x0000000081800000, 0x0000000086d80000, 0x00000000d5d80000)
  object space 87552K, 1% used [0x0000000081800000,0x0000000081904e10,0x0000000086d80000)
 Metaspace       used 12521K, capacity 12724K, committed 12800K, reserved 1060864K
  class space    used 1398K, capacity 1465K, committed 1536K, reserved 1048576K
Event: 3.640 GC heap after
Heap after GC invocations=6 (full 0):
 PSYoungGen      total 138752K, used 6413K [0x00000000d5d80000, 0x00000000dee80000, 0x0000000100000000)
  eden space 132096K, 0% used [0x00000000d5d80000,0x00000000d5d80000,0x00000000dde80000)
  from space 6656K, 96% used [0x00000000de600000,0x00000000dec437e0,0x00000000dec80000)
  to   space 7680K, 0% used [0x00000000dde80000,0x00000000dde80000,0x00000000de600000)
 ParOldGen       total 87552K, used 1051K [0x0000000081800000, 0x0000000086d80000, 0x00000000d5d80000)
  object space 87552K, 1% used [0x0000000081800000,0x0000000081906e10,0x0000000086d80000)
 Metaspace       used 12521K, capacity 12724K, committed 12800K, reserved 1060864K
  class space    used 1398K, capacity 1465K, committed 1536K, reserved 1048576K
}
Event: 5.636 GC heap before
{Heap before GC invocations=7 (full 0):
 PSYoungGen      total 138752K, used 117257K [0x00000000d5d80000, 0x00000000dee80000, 0x0000000100000000)
  eden space 132096K, 83% used [0x00000000d5d80000,0x00000000dc9bef28,0x00000000dde80000)
  from space 6656K, 96% used [0x00000000de600000,0x00000000dec437e0,0x00000000dec80000)
  to   space 7680K, 0% used [0x00000000dde80000,0x00000000dde80000,0x00000000de600000)
 ParOldGen       total 87552K, used 1051K [0x0000000081800000, 0x0000000086d80000, 0x00000000d5d80000)
  object space 87552K, 1% used [0x0000000081800000,0x0000000081906e10,0x0000000086d80000)
 Metaspace       used 20839K, capacity 21178K, committed 21248K, reserved 1069056K
  class space    used 2407K, capacity 2524K, committed 2560K, reserved 1048576K
Event: 5.652 GC heap after
Heap after GC invocations=7 (full 0):
 PSYoungGen      total 139776K, used 7648K [0x00000000d5d80000, 0x00000000e7680000, 0x0000000100000000)
  eden space 132096K, 0% used [0x00000000d5d80000,0x00000000d5d80000,0x00000000dde80000)
  from space 7680K, 99% used [0x00000000dde80000,0x00000000de5f8230,0x00000000de600000)
  to   space 11776K, 0% used [0x00000000e6b00000,0x00000000e6b00000,0x00000000e7680000)
 ParOldGen       total 87552K, used 7416K [0x0000000081800000, 0x0000000086d80000, 0x00000000d5d80000)
  object space 87552K, 8% used [0x0000000081800000,0x0000000081f3e280,0x0000000086d80000)
 Metaspace       used 20839K, capacity 21178K, committed 21248K, reserved 1069056K
  class space    used 2407K, capacity 2524K, committed 2560K, reserved 1048576K
}
Event: 5.652 GC heap before
{Heap before GC invocations=8 (full 1):
 PSYoungGen      total 139776K, used 7648K [0x00000000d5d80000, 0x00000000e7680000, 0x0000000100000000)
  eden space 132096K, 0% used [0x00000000d5d80000,0x00000000d5d80000,0x00000000dde80000)
  from space 7680K, 99% used [0x00000000dde80000,0x00000000de5f8230,0x00000000de600000)
  to   space 11776K, 0% used [0x00000000e6b00000,0x00000000e6b00000,0x00000000e7680000)
 ParOldGen       total 87552K, used 7416K [0x0000000081800000, 0x0000000086d80000, 0x00000000d5d80000)
  object space 87552K, 8% used [0x0000000081800000,0x0000000081f3e280,0x0000000086d80000)
 Metaspace       used 20839K, capacity 21178K, committed 21248K, reserved 1069056K
  class space    used 2407K, capacity 2524K, committed 2560K, reserved 1048576K
Event: 5.733 GC heap after
Heap after GC invocations=8 (full 1):
 PSYoungGen      total 139776K, used 0K [0x00000000d5d80000, 0x00000000e7680000, 0x0000000100000000)
  eden space 132096K, 0% used [0x00000000d5d80000,0x00000000d5d80000,0x00000000dde80000)
  from space 7680K, 0% used [0x00000000dde80000,0x00000000dde80000,0x00000000de600000)
  to   space 11776K, 0% used [0x00000000e6b00000,0x00000000e6b00000,0x00000000e7680000)
 ParOldGen       total 68608K, used 14703K [0x0000000081800000, 0x0000000085b00000, 0x00000000d5d80000)
  object space 68608K, 21% used [0x0000000081800000,0x000000008265bdc0,0x0000000085b00000)
 Metaspace       used 20839K, capacity 21178K, committed 21248K, reserved 1069056K
  class space    used 2407K, capacity 2524K, committed 2560K, reserved 1048576K
}

Deoptimization events (10 events):
Event: 6.874 Thread 0x000000001a10f000 Uncommon trap: reason=class_check action=maybe_recompile pc=0x0000000003cae3f0 method=java.util.Hashtable.put(Ljava/lang/Object;Ljava/lang/Object;)Ljava/lang/Object; @ 60
Event: 6.874 Thread 0x000000001a10f000 Uncommon trap: reason=class_check action=maybe_recompile pc=0x0000000003cae3f0 method=java.util.Hashtable.put(Ljava/lang/Object;Ljava/lang/Object;)Ljava/lang/Object; @ 60
Event: 6.910 Thread 0x000000001a10f000 Uncommon trap: reason=unstable_if action=reinterpret pc=0x00000000033f9e04 method=groovyjarjarantlr.CharScanner.consume()V @ 7
Event: 6.910 Thread 0x000000001a10f000 Uncommon trap: reason=predicate action=maybe_recompile pc=0x0000000003b4d7d4 method=groovyjarjarantlr.InputBuffer.syncConsume()V @ 7
Event: 7.562 Thread 0x000000001a10f000 Uncommon trap: reason=unstable_if action=reinterpret pc=0x0000000003a590ac method=java.util.regex.Pattern.closure(Ljava/util/regex/Pattern$Node;)Ljava/util/regex/Pattern$Node; @ 113
Event: 7.574 Thread 0x000000001a10f000 Uncommon trap: reason=unstable_if action=reinterpret pc=0x00000000035bddb0 method=java.util.HashMap.getNode(ILjava/lang/Object;)Ljava/util/HashMap$Node; @ 62
Event: 7.587 Thread 0x000000001a10f000 Uncommon trap: reason=unstable_if action=reinterpret pc=0x00000000038bd644 method=java.lang.String.lastIndexOf([CII[CIII)I @ 135
Event: 7.593 Thread 0x000000001a10f000 Uncommon trap: reason=unstable_if action=reinterpret pc=0x00000000036988b4 method=sun.nio.ch.Util$BufferCache.get(I)Ljava/nio/ByteBuffer; @ 4
Event: 13.463 Thread 0x000000001a10f000 Uncommon trap: reason=unstable_if action=reinterpret pc=0x000000000351dd44 method=java.util.ArrayList.rangeCheck(I)V @ 5
Event: 13.485 Thread 0x000000001bfc1000 Uncommon trap: reason=unstable_if action=reinterpret pc=0x0000000003e7444c method=java.util.concurrent.locks.ReentrantLock$Sync.tryRelease(I)Z @ 14

Internal exceptions (10 events):
Event: 9.176 Thread 0x000000001a10f000 Exception <a 'java/lang/ClassNotFoundException': org/cef/handler/CefClientHandlerCustomizer> (0x00000000db788ff8) thrown at [C:\re\workspace\8-2-build-windows-amd64-cygwin\jdk8u60\4407\hotspot\src\share\vm\classfile\systemDictionary.cpp, line 210]
Event: 9.177 Thread 0x000000001a10f000 Exception <a 'java/lang/ClassNotFoundException': org/cef/CefClientCustomizer> (0x00000000db79ed28) thrown at [C:\re\workspace\8-2-build-windows-amd64-cygwin\jdk8u60\4407\hotspot\src\share\vm\classfile\systemDictionary.cpp, line 210]
Event: 9.188 Thread 0x000000001a10f000 Exception <a 'java/lang/ClassNotFoundException': org/cef/browser/CefBrowserWrBeanInfo> (0x00000000db888000) thrown at [C:\re\workspace\8-2-build-windows-amd64-cygwin\jdk8u60\4407\hotspot\src\share\vm\classfile\systemDictionary.cpp, line 210]
Event: 9.189 Thread 0x000000001a10f000 Exception <a 'java/lang/ClassNotFoundException': org/cef/browser/CefBrowser_NBeanInfo> (0x00000000db89e908) thrown at [C:\re\workspace\8-2-build-windows-amd64-cygwin\jdk8u60\4407\hotspot\src\share\vm\classfile\systemDictionary.cpp, line 210]
Event: 9.190 Thread 0x000000001a10f000 Exception <a 'java/lang/ClassNotFoundException': org/cef/callback/CefNativeAdapterBeanInfo> (0x00000000db8b7200) thrown at [C:\re\workspace\8-2-build-windows-amd64-cygwin\jdk8u60\4407\hotspot\src\share\vm\classfile\systemDictionary.cpp, line 210]
Event: 9.190 Thread 0x000000001a10f000 Exception <a 'java/lang/ClassNotFoundException': org/cef/callback/CefNativeAdapterCustomizer> (0x00000000db8d1010) thrown at [C:\re\workspace\8-2-build-windows-amd64-cygwin\jdk8u60\4407\hotspot\src\share\vm\classfile\systemDictionary.cpp, line 210]
Event: 9.191 Thread 0x000000001a10f000 Exception <a 'java/lang/ClassNotFoundException': org/cef/browser/CefBrowser_NCustomizer> (0x00000000db8ea3d8) thrown at [C:\re\workspace\8-2-build-windows-amd64-cygwin\jdk8u60\4407\hotspot\src\share\vm\classfile\systemDictionary.cpp, line 210]
Event: 9.192 Thread 0x000000001a10f000 Exception <a 'java/lang/ClassNotFoundException': org/cef/browser/CefBrowserWrCustomizer> (0x00000000db9192c0) thrown at [C:\re\workspace\8-2-build-windows-amd64-cygwin\jdk8u60\4407\hotspot\src\share\vm\classfile\systemDictionary.cpp, line 210]
Event: 9.256 Thread 0x000000001bfc4000 Exception <a 'java/lang/ClassNotFoundException': java/util/DateBeanInfo> (0x00000000dbbb5978) thrown at [C:\re\workspace\8-2-build-windows-amd64-cygwin\jdk8u60\4407\hotspot\src\share\vm\classfile\systemDictionary.cpp, line 210]
Event: 9.256 Thread 0x000000001bfc4000 Exception <a 'java/lang/ClassNotFoundException': java/util/DateCustomizer> (0x00000000dbbbe658) thrown at [C:\re\workspace\8-2-build-windows-amd64-cygwin\jdk8u60\4407\hotspot\src\share\vm\classfile\systemDictionary.cpp, line 210]

Events (10 events):
Event: 13.482 Thread 0x000000001bfc5000 Thread added: 0x000000001bfc5000
Event: 13.485 Thread 0x000000001bfc2000 Thread exited: 0x000000001bfc2000
Event: 13.485 Thread 0x000000001bfc1000 Uncommon trap: trap_request=0xffffff65 fr.pc=0x0000000003e7444c
Event: 13.485 Thread 0x000000001bfc1000 DEOPT PACKING pc=0x0000000003e7444c sp=0x000000002587efd0
Event: 13.485 Thread 0x000000001bfc1000 DEOPT UNPACKING pc=0x000000000330582a sp=0x000000002587ef50 mode 2
Event: 13.485 Thread 0x000000001bfc1000 Thread exited: 0x000000001bfc1000
Event: 13.486 Thread 0x000000001bfc7000 Thread exited: 0x000000001bfc7000
Event: 13.487 Thread 0x0000000019fe5000 Thread exited: 0x0000000019fe5000
Event: 13.586 Thread 0x000000001bfc5000 Thread exited: 0x000000001bfc5000
Event: 13.586 Executing VM operation: Exit


Dynamic libraries:
0x00007ff63d190000 - 0x00007ff63d1c7000 	C:\Program Files\Java\jdk1.8.0_60\jre\bin\java.exe
0x00007ffc656c0000 - 0x00007ffc65881000 	C:\WINDOWS\SYSTEM32\ntdll.dll
0x00007ffc62f60000 - 0x00007ffc6300d000 	C:\WINDOWS\system32\KERNEL32.DLL
0x00007ffc61ef0000 - 0x00007ffc620d8000 	C:\WINDOWS\system32\KERNELBASE.dll
0x00007ffc63590000 - 0x00007ffc63637000 	C:\WINDOWS\system32\ADVAPI32.dll
0x00007ffc62da0000 - 0x00007ffc62e3d000 	C:\WINDOWS\system32\msvcrt.dll
0x00007ffc630d0000 - 0x00007ffc6312b000 	C:\WINDOWS\system32\sechost.dll
0x00007ffc62e40000 - 0x00007ffc62f5c000 	C:\WINDOWS\system32\RPCRT4.dll
0x00007ffc62c30000 - 0x00007ffc62d86000 	C:\WINDOWS\system32\USER32.dll
0x00007ffc63130000 - 0x00007ffc632b6000 	C:\WINDOWS\system32\GDI32.dll
0x00007ffc57310000 - 0x00007ffc57584000 	C:\WINDOWS\WinSxS\amd64_microsoft.windows.common-controls_6595b64144ccf1df_6.0.10586.839_none_a2ddba30a539a2ae\COMCTL32.dll
0x00007ffc65370000 - 0x00007ffc655ed000 	C:\WINDOWS\system32\combase.dll
0x00007ffc61dd0000 - 0x00007ffc61e3a000 	C:\WINDOWS\system32\bcryptPrimitives.dll
0x00007ffc63090000 - 0x00007ffc630cb000 	C:\WINDOWS\system32\IMM32.DLL
0x000000006b940000 - 0x000000006ba12000 	C:\Program Files\Java\jdk1.8.0_60\jre\bin\msvcr100.dll
0x000000006ba20000 - 0x000000006c2a9000 	C:\Program Files\Java\jdk1.8.0_60\jre\bin\server\jvm.dll
0x00007ffc62d90000 - 0x00007ffc62d98000 	C:\WINDOWS\system32\PSAPI.DLL
0x00007ffc4ec60000 - 0x00007ffc4ec69000 	C:\WINDOWS\SYSTEM32\WSOCK32.dll
0x00007ffc5e020000 - 0x00007ffc5e043000 	C:\WINDOWS\SYSTEM32\WINMM.dll
0x00007ffc60650000 - 0x00007ffc6065a000 	C:\WINDOWS\SYSTEM32\VERSION.dll
0x00007ffc63640000 - 0x00007ffc636ab000 	C:\WINDOWS\system32\WS2_32.dll
0x0000000001710000 - 0x000000000173c000 	C:\WINDOWS\SYSTEM32\WINMMBASE.dll
0x00007ffc62230000 - 0x00007ffc62273000 	C:\WINDOWS\system32\cfgmgr32.dll
0x000000006d9b0000 - 0x000000006d9bf000 	C:\Program Files\Java\jdk1.8.0_60\jre\bin\verify.dll
0x000000006b8d0000 - 0x000000006b8f9000 	C:\Program Files\Java\jdk1.8.0_60\jre\bin\java.dll
0x000000006b8b0000 - 0x000000006b8c6000 	C:\Program Files\Java\jdk1.8.0_60\jre\bin\zip.dll
0x00007ffc63b50000 - 0x00007ffc650ac000 	C:\WINDOWS\system32\SHELL32.dll
0x00007ffc62280000 - 0x00007ffc628c4000 	C:\WINDOWS\system32\windows.storage.dll
0x00007ffc636c0000 - 0x00007ffc63712000 	C:\WINDOWS\system32\shlwapi.dll
0x00007ffc61d30000 - 0x00007ffc61d3f000 	C:\WINDOWS\system32\kernel.appcore.dll
0x00007ffc62170000 - 0x00007ffc62225000 	C:\WINDOWS\system32\shcore.dll
0x00007ffc61ce0000 - 0x00007ffc61d2b000 	C:\WINDOWS\system32\powrprof.dll
0x00007ffc61d50000 - 0x00007ffc61d64000 	C:\WINDOWS\system32\profapi.dll
0x000000006b6d0000 - 0x000000006b868000 	C:\Program Files\Java\jdk1.8.0_60\jre\bin\awt.dll
0x00007ffc655f0000 - 0x00007ffc656b6000 	C:\WINDOWS\system32\OLEAUT32.dll
0x00007ffc5fbd0000 - 0x00007ffc5fc49000 	C:\WINDOWS\system32\apphelp.dll
0x00007ffc5fdd0000 - 0x00007ffc5fe66000 	C:\WINDOWS\system32\uxtheme.dll
0x00007ffc63430000 - 0x00007ffc6358a000 	C:\WINDOWS\system32\MSCTF.dll
0x00007ffc5f320000 - 0x00007ffc5f342000 	C:\WINDOWS\system32\dwmapi.dll
0x00007ffc62ac0000 - 0x00007ffc62c03000 	C:\WINDOWS\system32\ole32.dll
0x000000006b680000 - 0x000000006b6c7000 	C:\Program Files\Java\jdk1.8.0_60\jre\bin\fontmanager.dll
0x000000006b890000 - 0x000000006b8aa000 	C:\Program Files\Java\jdk1.8.0_60\jre\bin\net.dll
0x00007ffc615b0000 - 0x00007ffc6160c000 	C:\WINDOWS\system32\mswsock.dll
0x000000006b870000 - 0x000000006b881000 	C:\Program Files\Java\jdk1.8.0_60\jre\bin\nio.dll
0x000000006b280000 - 0x000000006b2b1000 	C:\Program Files\Java\jdk1.8.0_60\jre\bin\jpeg.dll
0x00007ffc61660000 - 0x00007ffc61677000 	C:\WINDOWS\SYSTEM32\CRYPTSP.dll
0x00007ffc612f0000 - 0x00007ffc61324000 	C:\WINDOWS\system32\rsaenh.dll
0x00007ffc61c20000 - 0x00007ffc61c49000 	C:\WINDOWS\SYSTEM32\bcrypt.dll
0x00007ffc61440000 - 0x00007ffc6145f000 	C:\WINDOWS\SYSTEM32\USERENV.dll
0x00007ffc61780000 - 0x00007ffc6178b000 	C:\WINDOWS\SYSTEM32\CRYPTBASE.dll
0x00007ffc5e5e0000 - 0x00007ffc5e618000 	C:\WINDOWS\SYSTEM32\IPHLPAPI.DLL
0x00007ffc636b0000 - 0x00007ffc636b8000 	C:\WINDOWS\system32\NSI.dll
0x00007ffc58ab0000 - 0x00007ffc58ac6000 	C:\WINDOWS\SYSTEM32\dhcpcsvc6.DLL
0x00007ffc589c0000 - 0x00007ffc589da000 	C:\WINDOWS\SYSTEM32\dhcpcsvc.DLL
0x000000006b2c0000 - 0x000000006b2e4000 	C:\Program Files\Java\jdk1.8.0_60\jre\bin\sunec.dll
0x00007ffc4eb20000 - 0x00007ffc4eb36000 	C:\WINDOWS\system32\napinsp.dll
0x00007ffc4dbe0000 - 0x00007ffc4dbfa000 	C:\WINDOWS\system32\pnrpnsp.dll
0x00007ffc5f460000 - 0x00007ffc5f478000 	C:\WINDOWS\system32\NLAapi.dll
0x00007ffc5fd20000 - 0x00007ffc5fdca000 	C:\WINDOWS\SYSTEM32\DNSAPI.dll
0x00007ffc4db00000 - 0x00007ffc4db0d000 	C:\WINDOWS\System32\winrnr.dll
0x000000006d980000 - 0x000000006d9a6000 	C:\Program Files\Bonjour\mdnsNSP.dll
0x00007ffc52cc0000 - 0x00007ffc52cd5000 	C:\WINDOWS\System32\wshbth.dll
0x00007ffc4eb00000 - 0x00007ffc4eb0a000 	C:\Windows\System32\rasadhlp.dll
0x00007ffc59190000 - 0x00007ffc591f7000 	C:\WINDOWS\System32\fwpuclnt.dll
0x000000006b630000 - 0x000000006b672000 	C:\Program Files\Java\jdk1.8.0_60\jre\bin\t2k.dll
0x00007ffc652c0000 - 0x00007ffc65367000 	C:\WINDOWS\system32\clbcatq.dll
0x00007ffc5e620000 - 0x00007ffc5e7d1000 	C:\WINDOWS\SYSTEM32\WindowsCodecs.dll
0x00007ffc4fc00000 - 0x00007ffc4fc4a000 	C:\WINDOWS\system32\dataexchange.dll
0x00007ffc5f990000 - 0x00007ffc5fa73000 	C:\WINDOWS\system32\dcomp.dll
0x00007ffc5ef70000 - 0x00007ffc5f218000 	C:\WINDOWS\system32\d3d11.dll
0x00007ffc5ee70000 - 0x00007ffc5ef12000 	C:\WINDOWS\system32\dxgi.dll
0x00007ffc5fe90000 - 0x00007ffc5ff90000 	C:\WINDOWS\system32\twinapi.appcore.dll
0x000000006b2f0000 - 0x000000006b2f7000 	C:\Program Files\Java\jdk1.8.0_60\jre\bin\jawt.dll
0x00007ffc3b1a0000 - 0x00007ffc3b234000 	D:\java-cef\src\binary_distrib\win64\bin\lib\win64\chrome_elf.dll
0x00007ffc16430000 - 0x00007ffc1bd8b000 	D:\java-cef\src\binary_distrib\win64\bin\lib\win64\libcef.dll
0x00007ffc632c0000 - 0x00007ffc633cb000 	C:\WINDOWS\system32\COMDLG32.dll
0x00007ffc620e0000 - 0x00007ffc62166000 	C:\WINDOWS\system32\FirewallAPI.dll
0x00007ffc5ed70000 - 0x00007ffc5ed83000 	C:\WINDOWS\SYSTEM32\WTSAPI32.dll
0x00007ffc57170000 - 0x00007ffc571da000 	C:\WINDOWS\SYSTEM32\OLEACC.dll
0x00007ffc62aa0000 - 0x00007ffc62ab7000 	C:\WINDOWS\system32\NETAPI32.dll
0x00007ffc628d0000 - 0x00007ffc62a98000 	C:\WINDOWS\system32\CRYPT32.dll
0x00007ffc61d40000 - 0x00007ffc61d50000 	C:\WINDOWS\system32\MSASN1.dll
0x00007ffc61d70000 - 0x00007ffc61dc5000 	C:\WINDOWS\system32\WINTRUST.dll
0x00007ffc60ec0000 - 0x00007ffc6104c000 	C:\WINDOWS\SYSTEM32\dbghelp.dll
0x00007ffc3b0f0000 - 0x00007ffc3b108000 	C:\WINDOWS\SYSTEM32\USP10.dll
0x00007ffc28ea0000 - 0x00007ffc28ed6000 	C:\WINDOWS\SYSTEM32\credui.dll
0x00007ffc38380000 - 0x00007ffc38419000 	C:\WINDOWS\SYSTEM32\CRYPTUI.dll
0x00007ffc5a0d0000 - 0x00007ffc5a32e000 	C:\WINDOWS\SYSTEM32\DWrite.dll
0x00007ffc61850000 - 0x00007ffc61877000 	C:\WINDOWS\SYSTEM32\ncrypt.dll
0x00007ffc60660000 - 0x00007ffc6066c000 	C:\WINDOWS\SYSTEM32\Secur32.dll
0x00007ffc580e0000 - 0x00007ffc58297000 	C:\WINDOWS\SYSTEM32\urlmon.dll
0x00007ffc5e800000 - 0x00007ffc5e8c7000 	C:\WINDOWS\SYSTEM32\WINHTTP.dll
0x00007ffc572e0000 - 0x00007ffc572ec000 	C:\WINDOWS\SYSTEM32\DAVHLPR.DLL
0x00007ffc3e3d0000 - 0x00007ffc3e5e0000 	C:\WINDOWS\SYSTEM32\d3d9.dll
0x00007ffc3e3a0000 - 0x00007ffc3e3c3000 	C:\WINDOWS\SYSTEM32\dxva2.dll
0x00007ffc59b60000 - 0x00007ffc59be4000 	C:\WINDOWS\SYSTEM32\WINSPOOL.DRV
0x00007ffc54e40000 - 0x00007ffc54e61000 	C:\WINDOWS\SYSTEM32\FONTSUB.dll
0x00007ffc61810000 - 0x00007ffc6184a000 	C:\WINDOWS\SYSTEM32\NTASN1.dll
0x00007ffc5aa40000 - 0x00007ffc5adc9000 	C:\WINDOWS\SYSTEM32\iertutil.dll
0x00007ffc595d0000 - 0x00007ffc595e9000 	C:\WINDOWS\SYSTEM32\SAMCLI.DLL
0x00007ffc610f0000 - 0x00007ffc610fc000 	C:\WINDOWS\SYSTEM32\NETUTILS.DLL
0x00007ffc61960000 - 0x00007ffc6198d000 	C:\WINDOWS\SYSTEM32\SSPICLI.DLL
0x00007ffc600e0000 - 0x00007ffc60112000 	C:\WINDOWS\SYSTEM32\fwbase.dll
0x00007ffc382a0000 - 0x00007ffc3837d000 	D:\java-cef\src\binary_distrib\win64\bin\lib\win64\jcef.dll
0x00007ffc63720000 - 0x00007ffc63b49000 	C:\WINDOWS\system32\SETUPAPI.dll
0x00007ffc60e90000 - 0x00007ffc60eb7000 	C:\WINDOWS\SYSTEM32\DEVOBJ.dll
0x00007ffc59ad0000 - 0x00007ffc59b58000 	C:\WINDOWS\system32\audioses.dll
0x00007ffc5c3e0000 - 0x00007ffc5c450000 	C:\WINDOWS\system32\MMDevAPI.DLL
0x00007ffc5dcb0000 - 0x00007ffc5dde6000 	C:\WINDOWS\SYSTEM32\wintypes.dll
0x00007ffc5e390000 - 0x00007ffc5e516000 	C:\WINDOWS\system32\PROPSYS.dll
0x000000006b5a0000 - 0x000000006b5ca000 	C:\Program Files\Java\jdk1.8.0_60\jre\bin\dcpr.dll
0x00007ffc2e8f0000 - 0x00007ffc2e981000 	C:\WINDOWS\SYSTEM32\mscms.dll
0x00007ffc61bb0000 - 0x00007ffc61c06000 	C:\WINDOWS\SYSTEM32\WINSTA.dll
0x00007ffc5e050000 - 0x00007ffc5e0db000 	C:\WINDOWS\system32\directmanipulation.dll
0x00007ffc56210000 - 0x00007ffc56220000 	C:\WINDOWS\SYSTEM32\atlthunk.dll
0x00007ffc603b0000 - 0x00007ffc603d4000 	C:\WINDOWS\SYSTEM32\gpapi.dll
0x00007ffc517e0000 - 0x00007ffc5180f000 	C:\WINDOWS\SYSTEM32\cryptnet.dll
0x00007ffc59660000 - 0x00007ffc5966b000 	C:\WINDOWS\SYSTEM32\WINNSI.DLL

VM Arguments:
jvm_args: -Dfile.encoding=UTF-8 -Djava.library.path=D:\java-cef\src\binary_distrib\win64\bin\lib\win64 
java_command: Main
java_class_path (initial): D:\ETRACS25\ETRACStraining\libnew\RXTXcomm.jar;D:\ETRACS25\ETRACStraining\libnew\SigPlus2_60.jar;D:\ETRACS25\ETRACStraining\libnew\activation.jar;D:\ETRACS25\ETRACStraining\libnew\antlr-runtime-3.1.3.jar;D:\ETRACS25\ETRACStraining\libnew\anubis-cms2.jar;D:\ETRACS25\ETRACStraining\libnew\barbecue-1.5.jar;D:\ETRACS25\ETRACStraining\libnew\client-system.jar;D:\ETRACS25\ETRACStraining\libnew\client-ui-extended.jar;D:\ETRACS25\ETRACStraining\libnew\commons-beanutils-1.8.0.jar;D:\ETRACS25\ETRACStraining\libnew\commons-collections-3.2.1.jar;D:\ETRACS25\ETRACStraining\libnew\commons-digester-1.7.jar;D:\ETRACS25\ETRACStraining\libnew\commons-fileupload-1.2.1.jar;D:\ETRACS25\ETRACStraining\libnew\commons-io-1.4.jar;D:\ETRACS25\ETRACStraining\libnew\commons-lang-2.5.jar;D:\ETRACS25\ETRACStraining\libnew\commons-logging-1.1.jar;D:\ETRACS25\ETRACStraining\libnew\db-dialect.jar;D:\ETRACS25\ETRACStraining\libnew\dpuareu.jar;D:\ETRACS25\ETRACStraining\libnew\drools-api-5.1.1.jar;D:\ETRACS25\ETRACStraining\libnew\drools-compiler-5.1.1.jar;D:\ETRACS25\ETRACStraining\libnew\drools-core-5.1.1.jar;D:\ETRACS25\ETRACStraining\libnew\drools-decisiontables-5.1.1.jar;D:\ETRACS25\ETRACStraining\libnew\ezmorph-1.0.6.jar;D:\ETRACS25\ETRACStraining\libnew\groovy-all-1.5.5.jar;D:\ETRACS25\ETRACStraining\libnew\guava-14.0-rc1.jar;D:\ETRACS25\ETRACStraining\libnew\itext-1.3.1.jar;D:\ETRACS25\ETRACStraining\libnew\itextpdf-5.1.2.jar;D:\ETRACS25\ETRACStraining\libnew\janino-2.5.15.jar;D:\ETRACS25\ETRACStraining\libnew\jasperreports-3.0.0.jar;D:\ETRACS25\ETRACStraining\libnew\jcommon-1.0.0.jar;D:\ETRACS25\ETRACStraining\libnew\jdt-compiler-3.1.1.jar;D:\ETRACS25\ETRACStraining\libnew\jetty-continuation-8.1.3.v20120416.jar;D:\ETRACS25\ETRACStraining\libnew\jetty-http-8.1.3.v20120416.jar;D:\ETRACS25\ETRACStraining\libnew\jetty-io-8.1.3.v20120416.jar;D:\ETRACS25\ETRACStraining\libnew\jetty-security-8.1.3.v20120416.jar;D:\ETRACS25\ETRACStraining\libnew\jetty-server-8.1.3.v20120
Launcher Type: SUN_STANDARD

Environment Variables:
PATH=C:\Program Files (x86)\NVIDIA Corporation\PhysX\Common;C:\ProgramData\Oracle\Java\javapath;C:\Program Files (x86)\Intel\iCLS Client\;C:\Program Files\Intel\iCLS Client\;C:\Program Files (x86)\AMD APP\bin\x86_64;C:\Program Files (x86)\AMD APP\bin\x86;C:\WINDOWS\system32;C:\WINDOWS;C:\WINDOWS\System32\Wbem;C:\WINDOWS\System32\WindowsPowerShell\v1.0\;C:\Program Files (x86)\Windows Live\Shared;C:\Program Files (x86)\ATI Technologies\ATI.ACE\Core-Static;C:\Program Files\Intel\Intel(R) Management Engine Components\DAL;C:\Program Files\Intel\Intel(R) Management Engine Components\IPT;C:\Program Files (x86)\Intel\Intel(R) Management Engine Components\DAL;C:\Program Files (x86)\Intel\Intel(R) Management Engine Components\IPT;C:\Program Files (x86)\MySQL\MySQL Server 5.1\bin;C:\Program Files (x86)\Bitvise SSH Client;C:\Program Files\Microsoft SQL Server\120\Tools\Binn\;C:\Program Files (x86)\Windows Kits\10\Windows Performance Toolkit\;C:\Program Files\Microsoft SQL Server\Client SDK\ODBC\110\Tools\Binn\;C:\Program Files (x86)\Microsoft SQL Server\120\Tools\Binn\;C:\Program Files\Microsoft SQL Server\120\DTS\Binn\;C:\Program Files (x86)\QuickTime\QTSystem\;C:\Program Files\Microsoft SQL Server\130\Tools\Binn\;C:\Program Files\Git\cmd;C:\xampp\php;C:\ProgramData\ComposerSetup\bin;C:\Program Files (x86)\nodejs\;C:\Program Files\dotnet\;C:\HashiCorp\Vagrant\bin;C:\Program Files (x86)\Skype\Phone\;C:\Program Files\Amazon\AWSCLI\;C:\Program Files\MySQL\MySQL Server 5.1\bin;C:\Program Files\OpenVPN\bin;C:\Program Files\CMake\bin;C:\Program Files (x86)\Cracklock\Bin;C:\Users\rufino\.dnx\bin;C:\Users\rufino\AppData\Roaming\Composer\vendor\bin;C:\Program Files (x86)\Microsoft VS Code\bin;C:\Users\rufino\AppData\Roaming\npm;C:\Program Files\Java\jdk1.8.0_60\bin;C:\Python27
USERNAME=rufino
OS=Windows_NT
PROCESSOR_IDENTIFIER=Intel64 Family 6 Model 58 Stepping 9, GenuineIntel



---------------  S Y S T E M  ---------------

OS: Windows 10.0 , 64 bit Build 10586 (10.0.10586.589)

CPU:total 4 (2 cores per cpu, 2 threads per core) family 6 model 58 stepping 9, cmov, cx8, fxsr, mmx, sse, sse2, sse3, ssse3, sse4.1, sse4.2, popcnt, avx, aes, clmul, erms, ht, tsc, tscinvbit, tscinv

Memory: 4k page, physical 8282396k(2248392k free), swap 15884572k(6901708k free)

vm_info: Java HotSpot(TM) 64-Bit Server VM (25.60-b23) for windows-amd64 JRE (1.8.0_60-b27), built on Aug  4 2015 11:06:27 by "java_re" with MS VC++ 10.0 (VS2010)

time: Thu May 25 13:44:38 2017
elapsed time: 14 seconds (0d 0h 0m 14s)

