#
# A fatal error has been detected by the Java Runtime Environment:
#
#  EXCEPTION_ACCESS_VIOLATION (0xc0000005) at pc=0x00007fffe9b5eb3a, pid=12460, tid=13048
#
# JRE version: Java(TM) SE Runtime Environment (8.0_60-b27) (build 1.8.0_60-b27)
# Java VM: Java HotSpot(TM) 64-Bit Server VM (25.60-b23 mixed mode windows-amd64 compressed oops)
# Problematic frame:
# C  [jcef.dll+0x1eb3a]
#
# Failed to write core dump. Minidumps are not enabled by default on client versions of Windows
#
# If you would like to submit a bug report, please visit:
#   http://bugreport.java.com/bugreport/crash.jsp
#

---------------  T H R E A D  ---------------

Current thread (0x0000000017847000):  VMThread [stack: 0x00000000188d0000,0x00000000189d0000] [id=13048]

siginfo: ExceptionCode=0xc0000005, reading address 0x00000000000000b0

Registers:
RAX=0x0000000000000000, RBX=0x0000000000000001, RCX=0x00000000178471f8, RDX=0x0000000019c94340
RSP=0x00000000189ced20, RBP=0x00000000177559a0, RSI=0x00007fffe9c0d190, RDI=0x000000001d99fa00
R8 =0x0000000000000001, R9 =0x0000000000000000, R10=0x00000000189ced68, R11=0x0000000000000064
R12=0x000000001d8e9f50, R13=0x0000000000000040, R14=0x000000001d8e9fb0, R15=0x0000000000000001
RIP=0x00007fffe9b5eb3a, EFLAGS=0x0000000000010202

Top of Stack: (sp=0x00000000189ced20)
0x00000000189ced20:   0000000000000001 0000000021418720
0x00000000189ced30:   000000001d8e9fb0 0000000000ea0000
0x00000000189ced40:   fffffffffffffffe 000000001d8e9f50
0x00000000189ced50:   000000001d99f990 00007fffe9b5ebe5
0x00000000189ced60:   000000001d8e9f01 00000000178471f8
0x00000000189ced70:   0000000000000001 00007ff804da0abd
0x00000000189ced80:   0000000000f67c40 00007fffe9b616b4
0x00000000189ced90:   00000000214772d0 00007fffe9c0d190
0x00000000189ceda0:   0000000000000001 0000000000f67c40
0x00000000189cedb0:   00000000177559a0 00007fffe9b8abe2
0x00000000189cedc0:   000000001d8e9fb0 00007fffe9c0d190
0x00000000189cedd0:   0000000000000001 0000000000f67c40
0x00000000189cede0:   00000000214687c0 00007fffe9b91642
0x00000000189cedf0:   000000001d9a0910 000000001d9a0910
0x00000000189cee00:   0000000000000001 0000000000f67c40
0x00000000189cee10:   000000001d9a0910 00007fffc1eb0e40 

Instructions: (pc=0x00007fffe9b5eb3a)
0x00007fffe9b5eb1a:   48 8d 4c 24 48 e8 8c 91 00 00 90 85 c0 75 23 48
0x00007fffe9b5eb2a:   8b 4c 24 48 48 85 c9 74 19 48 8b 01 48 8b 57 a0
0x00007fffe9b5eb3a:   ff 90 b0 00 00 00 90 48 8d 4c 24 40 e8 05 85 00
0x00007fffe9b5eb4a:   00 90 48 8d 4f c8 e8 9b 51 04 00 90 4c 8b 47 b8 


Register to memory mapping:

RAX=0x0000000000000000 is an unknown value
RBX=0x0000000000000001 is an unknown value
RCX=0x00000000178471f8 is an unknown value
RDX=0x0000000019c94340 is a global jni handle
RSP=0x00000000189ced20 is an unknown value
RBP=0x00000000177559a0 is an unknown value
RSI=0x00007fffe9c0d190 is an unknown value
RDI=0x000000001d99fa00 is an unknown value
R8 =0x0000000000000001 is an unknown value
R9 =0x0000000000000000 is an unknown value
R10=0x00000000189ced68 is an unknown value
R11=0x0000000000000064 is an unknown value
R12=0x000000001d8e9f50 is an unknown value
R13=0x0000000000000040 is an unknown value
R14=0x000000001d8e9fb0 is an unknown value
R15=0x0000000000000001 is an unknown value


Stack: [0x00000000188d0000,0x00000000189d0000],  sp=0x00000000189ced20,  free space=1019k
Native frames: (J=compiled Java code, j=interpreted, Vv=VM code, C=native code)
C  [jcef.dll+0x1eb3a]
C  [jcef.dll+0x1ebe5]
C  [jcef.dll+0x216b4]
C  [jcef.dll+0x4abe2]
C  [jcef.dll+0x51642]
C  [libcef.dll+0x1980e40]
C  [libcef.dll+0x227bc96]
C  [libcef.dll+0x227c048]
C  [libcef.dll+0x2283ccf]
C  [libcef.dll+0x19897be]
C  [libcef.dll+0x1985ba0]
C  [jcef.dll+0x39cc8]
C  [jcef.dll+0x3734d]
C  [jcef.dll+0x37720]
C  [jcef.dll+0x86b84]
C  [jcef.dll+0x702b7]
C  [jcef.dll+0x7055d]
C  [jcef.dll+0x6fa48]
C  [jcef.dll+0x649a3]
C  [jcef.dll+0x651a2]
C  [jcef.dll+0x65298]
C  [ntdll.dll+0x152c8]
C  [ntdll.dll+0x5b2ea]
C  [ntdll.dll+0x5b17a]
C  [KERNEL32.DLL+0x24d8a]
C  [msvcr100.dll+0x20ccd]
V  [jvm.dll+0x210a25]
V  [jvm.dll+0x249747]
V  [jvm.dll+0x2489e6]
V  [jvm.dll+0x248e81]
V  [jvm.dll+0x24909e]
V  [jvm.dll+0x299f6a]
C  [msvcr100.dll+0x21d9f]
C  [msvcr100.dll+0x21e3b]
C  [KERNEL32.DLL+0x18102]
C  [ntdll.dll+0x5c5b4]

VM_Operation (0x000000001d6dd050): Exit, mode: safepoint, requested by thread 0x000000001bafc000


---------------  P R O C E S S  ---------------

Java Threads: ( => current thread )
  0x000000001b539800 JavaThread "Thread-8" daemon [_thread_in_native, id=8396, stack(0x0000000020e10000,0x0000000020f10000)]
  0x000000001b540800 JavaThread "Thread-6" daemon [_thread_in_native, id=16428, stack(0x0000000020480000,0x0000000020580000)]
  0x0000000019f57000 JavaThread "TimerQueue" daemon [_thread_blocked, id=6960, stack(0x000000001d9e0000,0x000000001dae0000)]
  0x0000000002c34000 JavaThread "DestroyJavaVM" [_thread_blocked, id=14280, stack(0x0000000002ac0000,0x0000000002bc0000)]
  0x000000001bafc000 JavaThread "AWT-EventQueue-0" [_thread_blocked, id=7752, stack(0x000000001d5e0000,0x000000001d6e0000)]
  0x000000001bafb000 JavaThread "AWT-Shutdown" [_thread_blocked, id=14588, stack(0x000000001d4e0000,0x000000001d5e0000)]
  0x0000000019968800 JavaThread "Java2D Disposer" daemon [_thread_blocked, id=4984, stack(0x000000001a090000,0x000000001a190000)]
  0x00000000191d2800 JavaThread "Service Thread" daemon [_thread_blocked, id=14164, stack(0x00000000195b0000,0x00000000196b0000)]
  0x0000000017890800 JavaThread "C1 CompilerThread2" daemon [_thread_blocked, id=10964, stack(0x00000000190b0000,0x00000000191b0000)]
  0x0000000017880800 JavaThread "C2 CompilerThread1" daemon [_thread_blocked, id=13092, stack(0x0000000018fb0000,0x00000000190b0000)]
  0x000000001787e000 JavaThread "C2 CompilerThread0" daemon [_thread_blocked, id=14844, stack(0x0000000018eb0000,0x0000000018fb0000)]
  0x000000001787c800 JavaThread "Attach Listener" daemon [_thread_blocked, id=9144, stack(0x0000000018db0000,0x0000000018eb0000)]
  0x0000000002d2a800 JavaThread "Finalizer" daemon [_thread_blocked, id=13664, stack(0x0000000018ad0000,0x0000000018bd0000)]
  0x0000000017848800 JavaThread "Reference Handler" daemon [_thread_blocked, id=5232, stack(0x00000000189d0000,0x0000000018ad0000)]

Other Threads:
=>0x0000000017847000 VMThread [stack: 0x00000000188d0000,0x00000000189d0000] [id=13048]

VM state:at safepoint (shutting down)

VM Mutex/Monitor currently owned by a thread:  ([mutex/lock_event])
[0x0000000002c30350] Threads_lock - owner thread: 0x0000000017847000

Heap:
 PSYoungGen      total 141312K, used 60384K [0x00000000d5d80000, 0x00000000e2100000, 0x0000000100000000)
  eden space 131584K, 38% used [0x00000000d5d80000,0x00000000d8ef9388,0x00000000dde00000)
  from space 9728K, 99% used [0x00000000dde00000,0x00000000de77ef88,0x00000000de780000)
  to   space 14336K, 0% used [0x00000000e1300000,0x00000000e1300000,0x00000000e2100000)
 ParOldGen       total 61440K, used 19758K [0x0000000081800000, 0x0000000085400000, 0x00000000d5d80000)
  object space 61440K, 32% used [0x0000000081800000,0x0000000082b4b8e8,0x0000000085400000)
 Metaspace       used 26987K, capacity 27622K, committed 27776K, reserved 1073152K
  class space    used 3228K, capacity 3356K, committed 3456K, reserved 1048576K

Card table byte_map: [0x00000000120f0000,0x00000000124f0000] byte_map_base: 0x0000000011ce4000

Marking Bits: (ParMarkBitMap*) 0x0000000058f8a5b0
 Begin Bits: [0x0000000012ba0000, 0x0000000014b40000)
 End Bits:   [0x0000000014b40000, 0x0000000016ae0000)

Polling page: 0x00000000013f0000

CodeCache: size=245760Kb used=14752Kb max_used=14755Kb free=231007Kb
 bounds [0x0000000002d30000, 0x0000000003bb0000, 0x0000000011d30000]
 total_blobs=4787 nmethods=4207 adapters=490
 compilation: enabled

Compilation events (10 events):
Event: 188.849 Thread 0x0000000017890800 4922       3       java.util.concurrent.locks.AbstractQueuedSynchronizer$ConditionObject::unlinkCancelledWaiters (67 bytes)
Event: 188.850 Thread 0x0000000017890800 nmethod 4922 0x0000000002fe7890 code [0x0000000002fe7a00, 0x0000000002fe7d50]
Event: 188.851 Thread 0x0000000017890800 4923   !   3       java.util.concurrent.locks.AbstractQueuedSynchronizer::acquireQueued (93 bytes)
Event: 188.853 Thread 0x0000000017890800 nmethod 4923 0x0000000003bab910 code [0x0000000003babb40, 0x0000000003bac658]
Event: 188.855 Thread 0x0000000017890800 4924       3       java.util.concurrent.ScheduledThreadPoolExecutor$DelayedWorkQueue::isEmpty (13 bytes)
Event: 188.855 Thread 0x0000000017890800 nmethod 4924 0x0000000003baccd0 code [0x0000000003bace80, 0x0000000003bad5c8]
Event: 188.856 Thread 0x0000000017890800 4925   !   3       java.util.concurrent.ScheduledThreadPoolExecutor$DelayedWorkQueue::size (27 bytes)
Event: 188.857 Thread 0x0000000017890800 nmethod 4925 0x0000000002fe6d50 code [0x0000000002fe6f00, 0x0000000002fe7568]
Event: 188.859 Thread 0x0000000017890800 4926       3       java.util.concurrent.ThreadPoolExecutor$Worker::tryAcquire (20 bytes)
Event: 188.860 Thread 0x0000000017890800 nmethod 4926 0x00000000033d6250 code [0x00000000033d63c0, 0x00000000033d6770]

GC Heap History (10 events):
Event: 4.302 GC heap before
{Heap before GC invocations=6 (full 0):
 PSYoungGen      total 38400K, used 38397K [0x00000000d5d80000, 0x00000000daa80000, 0x0000000100000000)
  eden space 33280K, 100% used [0x00000000d5d80000,0x00000000d7e00000,0x00000000d7e00000)
  from space 5120K, 99% used [0x00000000d7e00000,0x00000000d82ff7d0,0x00000000d8300000)
  to   space 6144K, 0% used [0x00000000da480000,0x00000000da480000,0x00000000daa80000)
 ParOldGen       total 87552K, used 507K [0x0000000081800000, 0x0000000086d80000, 0x00000000d5d80000)
  object space 87552K, 0% used [0x0000000081800000,0x000000008187ed60,0x0000000086d80000)
 Metaspace       used 12524K, capacity 12782K, committed 13056K, reserved 1060864K
  class space    used 1399K, capacity 1464K, committed 1536K, reserved 1048576K
Event: 4.314 GC heap after
Heap after GC invocations=6 (full 0):
 PSYoungGen      total 72192K, used 5746K [0x00000000d5d80000, 0x00000000dab80000, 0x0000000100000000)
  eden space 66048K, 0% used [0x00000000d5d80000,0x00000000d5d80000,0x00000000d9e00000)
  from space 6144K, 93% used [0x00000000da480000,0x00000000daa1ca90,0x00000000daa80000)
  to   space 6656K, 0% used [0x00000000d9e00000,0x00000000d9e00000,0x00000000da480000)
 ParOldGen       total 87552K, used 515K [0x0000000081800000, 0x0000000086d80000, 0x00000000d5d80000)
  object space 87552K, 0% used [0x0000000081800000,0x0000000081880d60,0x0000000086d80000)
 Metaspace       used 12524K, capacity 12782K, committed 13056K, reserved 1060864K
  class space    used 1399K, capacity 1464K, committed 1536K, reserved 1048576K
}
Event: 6.102 GC heap before
{Heap before GC invocations=7 (full 0):
 PSYoungGen      total 72192K, used 71794K [0x00000000d5d80000, 0x00000000dab80000, 0x0000000100000000)
  eden space 66048K, 100% used [0x00000000d5d80000,0x00000000d9e00000,0x00000000d9e00000)
  from space 6144K, 93% used [0x00000000da480000,0x00000000daa1ca90,0x00000000daa80000)
  to   space 6656K, 0% used [0x00000000d9e00000,0x00000000d9e00000,0x00000000da480000)
 ParOldGen       total 87552K, used 515K [0x0000000081800000, 0x0000000086d80000, 0x00000000d5d80000)
  object space 87552K, 0% used [0x0000000081800000,0x0000000081880d60,0x0000000086d80000)
 Metaspace       used 16285K, capacity 16504K, committed 16768K, reserved 1064960K
  class space    used 1796K, capacity 1886K, committed 1920K, reserved 1048576K
Event: 6.123 GC heap after
Heap after GC invocations=7 (full 0):
 PSYoungGen      total 72704K, used 6653K [0x00000000d5d80000, 0x00000000df080000, 0x0000000100000000)
  eden space 66048K, 0% used [0x00000000d5d80000,0x00000000d5d80000,0x00000000d9e00000)
  from space 6656K, 99% used [0x00000000d9e00000,0x00000000da47f730,0x00000000da480000)
  to   space 9216K, 0% used [0x00000000de780000,0x00000000de780000,0x00000000df080000)
 ParOldGen       total 87552K, used 4194K [0x0000000081800000, 0x0000000086d80000, 0x00000000d5d80000)
  object space 87552K, 4% used [0x0000000081800000,0x0000000081c189b8,0x0000000086d80000)
 Metaspace       used 16285K, capacity 16504K, committed 16768K, reserved 1064960K
  class space    used 1796K, capacity 1886K, committed 1920K, reserved 1048576K
}
Event: 7.904 GC heap before
{Heap before GC invocations=8 (full 0):
 PSYoungGen      total 72704K, used 45844K [0x00000000d5d80000, 0x00000000df080000, 0x0000000100000000)
  eden space 66048K, 59% used [0x00000000d5d80000,0x00000000d83c59f8,0x00000000d9e00000)
  from space 6656K, 99% used [0x00000000d9e00000,0x00000000da47f730,0x00000000da480000)
  to   space 9216K, 0% used [0x00000000de780000,0x00000000de780000,0x00000000df080000)
 ParOldGen       total 87552K, used 4194K [0x0000000081800000, 0x0000000086d80000, 0x00000000d5d80000)
  object space 87552K, 4% used [0x0000000081800000,0x0000000081c189b8,0x0000000086d80000)
 Metaspace       used 20784K, capacity 21140K, committed 21248K, reserved 1069056K
  class space    used 2411K, capacity 2545K, committed 2560K, reserved 1048576K
Event: 7.913 GC heap after
Heap after GC invocations=8 (full 0):
 PSYoungGen      total 140800K, used 7002K [0x00000000d5d80000, 0x00000000df180000, 0x0000000100000000)
  eden space 131584K, 0% used [0x00000000d5d80000,0x00000000d5d80000,0x00000000dde00000)
  from space 9216K, 75% used [0x00000000de780000,0x00000000dee568c0,0x00000000df080000)
  to   space 9728K, 0% used [0x00000000dde00000,0x00000000dde00000,0x00000000de780000)
 ParOldGen       total 87552K, used 5275K [0x0000000081800000, 0x0000000086d80000, 0x00000000d5d80000)
  object space 87552K, 6% used [0x0000000081800000,0x0000000081d26f58,0x0000000086d80000)
 Metaspace       used 20784K, capacity 21140K, committed 21248K, reserved 1069056K
  class space    used 2411K, capacity 2545K, committed 2560K, reserved 1048576K
}
Event: 7.913 GC heap before
{Heap before GC invocations=9 (full 1):
 PSYoungGen      total 140800K, used 7002K [0x00000000d5d80000, 0x00000000df180000, 0x0000000100000000)
  eden space 131584K, 0% used [0x00000000d5d80000,0x00000000d5d80000,0x00000000dde00000)
  from space 9216K, 75% used [0x00000000de780000,0x00000000dee568c0,0x00000000df080000)
  to   space 9728K, 0% used [0x00000000dde00000,0x00000000dde00000,0x00000000de780000)
 ParOldGen       total 87552K, used 5275K [0x0000000081800000, 0x0000000086d80000, 0x00000000d5d80000)
  object space 87552K, 6% used [0x0000000081800000,0x0000000081d26f58,0x0000000086d80000)
 Metaspace       used 20784K, capacity 21140K, committed 21248K, reserved 1069056K
  class space    used 2411K, capacity 2545K, committed 2560K, reserved 1048576K
Event: 7.999 GC heap after
Heap after GC invocations=9 (full 1):
 PSYoungGen      total 140800K, used 0K [0x00000000d5d80000, 0x00000000df180000, 0x0000000100000000)
  eden space 131584K, 0% used [0x00000000d5d80000,0x00000000d5d80000,0x00000000dde00000)
  from space 9216K, 0% used [0x00000000de780000,0x00000000de780000,0x00000000df080000)
  to   space 9728K, 0% used [0x00000000dde00000,0x00000000dde00000,0x00000000de780000)
 ParOldGen       total 61440K, used 11534K [0x0000000081800000, 0x0000000085400000, 0x00000000d5d80000)
  object space 61440K, 18% used [0x0000000081800000,0x00000000823438f8,0x0000000085400000)
 Metaspace       used 20784K, capacity 21140K, committed 21248K, reserved 1069056K
  class space    used 2411K, capacity 2545K, committed 2560K, reserved 1048576K
}
Event: 88.617 GC heap before
{Heap before GC invocations=10 (full 1):
 PSYoungGen      total 140800K, used 131584K [0x00000000d5d80000, 0x00000000df180000, 0x0000000100000000)
  eden space 131584K, 100% used [0x00000000d5d80000,0x00000000dde00000,0x00000000dde00000)
  from space 9216K, 0% used [0x00000000de780000,0x00000000de780000,0x00000000df080000)
  to   space 9728K, 0% used [0x00000000dde00000,0x00000000dde00000,0x00000000de780000)
 ParOldGen       total 61440K, used 11534K [0x0000000081800000, 0x0000000085400000, 0x00000000d5d80000)
  object space 61440K, 18% used [0x0000000081800000,0x00000000823438f8,0x0000000085400000)
 Metaspace       used 26347K, capacity 26982K, committed 27136K, reserved 1073152K
  class space    used 3145K, capacity 3292K, committed 3328K, reserved 1048576K
Event: 88.629 GC heap after
Heap after GC invocations=10 (full 1):
 PSYoungGen      total 141312K, used 9723K [0x00000000d5d80000, 0x00000000e2100000, 0x0000000100000000)
  eden space 131584K, 0% used [0x00000000d5d80000,0x00000000d5d80000,0x00000000dde00000)
  from space 9728K, 99% used [0x00000000dde00000,0x00000000de77ef88,0x00000000de780000)
  to   space 14336K, 0% used [0x00000000e1300000,0x00000000e1300000,0x00000000e2100000)
 ParOldGen       total 61440K, used 19758K [0x0000000081800000, 0x0000000085400000, 0x00000000d5d80000)
  object space 61440K, 32% used [0x0000000081800000,0x0000000082b4b8e8,0x0000000085400000)
 Metaspace       used 26347K, capacity 26982K, committed 27136K, reserved 1073152K
  class space    used 3145K, capacity 3292K, committed 3328K, reserved 1048576K
}

Deoptimization events (10 events):
Event: 168.924 Thread 0x000000001bafc000 Uncommon trap: reason=unstable_if action=reinterpret pc=0x0000000003b230b8 method=sun.java2d.pipe.Region.getIntersectionXYXY(IIII)Lsun/java2d/pipe/Region; @ 72
Event: 169.530 Thread 0x000000001bafc000 Uncommon trap: reason=unstable_if action=reinterpret pc=0x0000000003b65390 method=sun.awt.PostEventQueue.flush()V @ 23
Event: 188.818 Thread 0x000000001bafc000 Uncommon trap: reason=unstable_if action=reinterpret pc=0x0000000002f91444 method=java.util.ArrayList.rangeCheck(I)V @ 5
Event: 188.819 Thread 0x000000001b543800 Uncommon trap: reason=unstable_if action=reinterpret pc=0x0000000003b20f14 method=java.util.concurrent.locks.AbstractQueuedSynchronizer.acquireQueued(Ljava/util/concurrent/locks/AbstractQueuedSynchronizer$Node;I)Z @ 17
Event: 188.819 Thread 0x000000001c616000 Uncommon trap: reason=unstable_if action=reinterpret pc=0x0000000003b20f14 method=java.util.concurrent.locks.AbstractQueuedSynchronizer.acquireQueued(Ljava/util/concurrent/locks/AbstractQueuedSynchronizer$Node;I)Z @ 17
Event: 188.837 Thread 0x000000001bafc000 Uncommon trap: reason=unstable_if action=reinterpret pc=0x0000000002fa9370 method=sun.awt.AWTAutoShutdown.isReadyToShutdown()Z @ 16
Event: 188.837 Thread 0x000000001996a000 Uncommon trap: reason=unstable_if action=reinterpret pc=0x0000000003b9cce0 method=sun.awt.AWTAutoShutdown.isReadyToShutdown()Z @ 16
Event: 188.838 Thread 0x000000001996a000 Uncommon trap: reason=unstable_if action=reinterpret pc=0x0000000003b9a2f8 method=sun.awt.AWTAutoShutdown.isReadyToShutdown()Z @ 16
Event: 188.926 Thread 0x000000001996a000 Uncommon trap: reason=unstable_if action=reinterpret pc=0x00000000038776ac method=sun.awt.AWTAutoShutdown.isReadyToShutdown()Z @ 16
Event: 188.937 Thread 0x000000001a04e000 Uncommon trap: reason=unstable_if action=reinterpret pc=0x0000000002f88a4c method=java.util.concurrent.locks.ReentrantLock$Sync.tryRelease(I)Z @ 14

Internal exceptions (10 events):
Event: 22.706 Thread 0x000000001bafc000 Exception <a 'java/lang/ClassNotFoundException': TagabukidConnectControllerBeanInfo> (0x00000000dad501c0) thrown at [C:\re\workspace\8-2-build-windows-amd64-cygwin\jdk8u60\4407\hotspot\src\share\vm\classfile\systemDictionary.cpp, line 210]
Event: 22.707 Thread 0x000000001bafc000 Exception <a 'java/lang/ClassNotFoundException': TagabukidConnectControllerCustomizer> (0x00000000dad79310) thrown at [C:\re\workspace\8-2-build-windows-amd64-cygwin\jdk8u60\4407\hotspot\src\share\vm\classfile\systemDictionary.cpp, line 210]
Event: 22.943 Thread 0x000000001bafc000 Exception <a 'java/lang/ClassNotFoundException': Script1BeanInfo> (0x00000000dc2a5410) thrown at [C:\re\workspace\8-2-build-windows-amd64-cygwin\jdk8u60\4407\hotspot\src\share\vm\classfile\systemDictionary.cpp, line 210]
Event: 22.944 Thread 0x000000001bafc000 Exception <a 'java/lang/ClassNotFoundException': Script1Customizer> (0x00000000dc2b6830) thrown at [C:\re\workspace\8-2-build-windows-amd64-cygwin\jdk8u60\4407\hotspot\src\share\vm\classfile\systemDictionary.cpp, line 210]
Event: 152.035 Thread 0x000000001bafc000 Exception <a 'java/lang/reflect/InvocationTargetException'> (0x00000000d72d58a8) thrown at [C:\re\workspace\8-2-build-windows-amd64-cygwin\jdk8u60\4407\hotspot\src\share\vm\runtime\reflection.cpp, line 1092]
Event: 152.035 Thread 0x000000001bafc000 Exception <a 'java/lang/IllegalStateException'> (0x00000000d72d5460) thrown at [C:\re\workspace\8-2-build-windows-amd64-cygwin\jdk8u60\4407\hotspot\src\share\vm\prims\jni.cpp, line 709]
Event: 171.074 Thread 0x000000001bafc000 Exception <a 'java/lang/reflect/InvocationTargetException'> (0x00000000d80642b0) thrown at [C:\re\workspace\8-2-build-windows-amd64-cygwin\jdk8u60\4407\hotspot\src\share\vm\runtime\reflection.cpp, line 1092]
Event: 171.074 Thread 0x000000001bafc000 Exception <a 'java/lang/IllegalStateException'> (0x00000000d8063ec0) thrown at [C:\re\workspace\8-2-build-windows-amd64-cygwin\jdk8u60\4407\hotspot\src\share\vm\prims\jni.cpp, line 709]
Event: 174.050 Thread 0x000000001bafc000 Exception <a 'java/lang/reflect/InvocationTargetException'> (0x00000000d8973b68) thrown at [C:\re\workspace\8-2-build-windows-amd64-cygwin\jdk8u60\4407\hotspot\src\share\vm\runtime\reflection.cpp, line 1092]
Event: 174.050 Thread 0x000000001bafc000 Exception <a 'java/lang/IllegalStateException'> (0x00000000d8973778) thrown at [C:\re\workspace\8-2-build-windows-amd64-cygwin\jdk8u60\4407\hotspot\src\share\vm\prims\jni.cpp, line 709]

Events (10 events):
Event: 188.934 Thread 0x000000001996a000 Thread exited: 0x000000001996a000
Event: 188.937 Thread 0x000000001a04e000 Uncommon trap: trap_request=0xffffff65 fr.pc=0x0000000002f88a4c
Event: 188.937 Thread 0x000000001a04e000 DEOPT PACKING pc=0x0000000002f88a4c sp=0x000000002d5ff1f0
Event: 188.937 Thread 0x000000001a04e000 DEOPT UNPACKING pc=0x0000000002d7582a sp=0x000000002d5ff0b8 mode 2
Event: 188.937 Thread 0x000000001a04e000 Thread exited: 0x000000001a04e000
Event: 188.990 Thread 0x000000001a04c800 Thread exited: 0x000000001a04c800
Event: 189.001 Thread 0x000000001a052000 Thread exited: 0x000000001a052000
Event: 189.034 Thread 0x000000001a051000 Thread exited: 0x000000001a051000
Event: 189.034 Thread 0x000000001787c000 Thread exited: 0x000000001787c000
Event: 189.034 Executing VM operation: Exit


Dynamic libraries:
0x00007ff632960000 - 0x00007ff632997000 	C:\Program Files\Java\jdk1.8.0_60\jre\bin\java.exe
0x00007ff804d80000 - 0x00007ff804f41000 	C:\WINDOWS\SYSTEM32\ntdll.dll
0x00007ff802e60000 - 0x00007ff802f0d000 	C:\WINDOWS\system32\KERNEL32.DLL
0x00007ff801630000 - 0x00007ff801818000 	C:\WINDOWS\system32\KERNELBASE.dll
0x00007ff803390000 - 0x00007ff803437000 	C:\WINDOWS\system32\ADVAPI32.dll
0x00007ff8028b0000 - 0x00007ff80294d000 	C:\WINDOWS\system32\msvcrt.dll
0x00007ff804b50000 - 0x00007ff804bab000 	C:\WINDOWS\system32\sechost.dll
0x00007ff802b00000 - 0x00007ff802c1c000 	C:\WINDOWS\system32\RPCRT4.dll
0x00007ff802960000 - 0x00007ff802ab6000 	C:\WINDOWS\system32\USER32.dll
0x00007ff803200000 - 0x00007ff803386000 	C:\WINDOWS\system32\GDI32.dll
0x00007ffff4f30000 - 0x00007ffff51a4000 	C:\WINDOWS\WinSxS\amd64_microsoft.windows.common-controls_6595b64144ccf1df_6.0.10586.839_none_a2ddba30a539a2ae\COMCTL32.dll
0x00007ff802f80000 - 0x00007ff8031fd000 	C:\WINDOWS\system32\combase.dll
0x00007ff801ac0000 - 0x00007ff801b2a000 	C:\WINDOWS\system32\bcryptPrimitives.dll
0x00007ff802ac0000 - 0x00007ff802afb000 	C:\WINDOWS\system32\IMM32.DLL
0x00000000586a0000 - 0x0000000058772000 	C:\Program Files\Java\jdk1.8.0_60\jre\bin\msvcr100.dll
0x0000000058780000 - 0x0000000059009000 	C:\Program Files\Java\jdk1.8.0_60\jre\bin\server\jvm.dll
0x00007ff8028a0000 - 0x00007ff8028a8000 	C:\WINDOWS\system32\PSAPI.DLL
0x00007ffff4320000 - 0x00007ffff4329000 	C:\WINDOWS\SYSTEM32\WSOCK32.dll
0x00007ff802c20000 - 0x00007ff802c8b000 	C:\WINDOWS\system32\WS2_32.dll
0x00007fffff3f0000 - 0x00007fffff413000 	C:\WINDOWS\SYSTEM32\WINMM.dll
0x00007ffffe7a0000 - 0x00007ffffe7aa000 	C:\WINDOWS\SYSTEM32\VERSION.dll
0x00007fffff3c0000 - 0x00007fffff3ec000 	C:\WINDOWS\SYSTEM32\WINMMBASE.dll
0x00007ff801430000 - 0x00007ff801473000 	C:\WINDOWS\system32\cfgmgr32.dll
0x0000000058650000 - 0x000000005865f000 	C:\Program Files\Java\jdk1.8.0_60\jre\bin\verify.dll
0x0000000058620000 - 0x0000000058649000 	C:\Program Files\Java\jdk1.8.0_60\jre\bin\java.dll
0x0000000058600000 - 0x0000000058616000 	C:\Program Files\Java\jdk1.8.0_60\jre\bin\zip.dll
0x00007ff8034a0000 - 0x00007ff8049fc000 	C:\WINDOWS\system32\SHELL32.dll
0x00007ff801b30000 - 0x00007ff802174000 	C:\WINDOWS\system32\windows.storage.dll
0x00007ff802300000 - 0x00007ff802352000 	C:\WINDOWS\system32\shlwapi.dll
0x00007ff801420000 - 0x00007ff80142f000 	C:\WINDOWS\system32\kernel.appcore.dll
0x00007ff801480000 - 0x00007ff801535000 	C:\WINDOWS\system32\shcore.dll
0x00007ff8013c0000 - 0x00007ff80140b000 	C:\WINDOWS\system32\powrprof.dll
0x00007ff8013a0000 - 0x00007ff8013b4000 	C:\WINDOWS\system32\profapi.dll
0x0000000058420000 - 0x00000000585b8000 	C:\Program Files\Java\jdk1.8.0_60\jre\bin\awt.dll
0x00007ff802180000 - 0x00007ff802246000 	C:\WINDOWS\system32\OLEAUT32.dll
0x00007fffff6c0000 - 0x00007fffff739000 	C:\WINDOWS\system32\apphelp.dll
0x00007fffffbe0000 - 0x00007fffffc76000 	C:\WINDOWS\system32\uxtheme.dll
0x00007ff802c90000 - 0x00007ff802dea000 	C:\WINDOWS\system32\MSCTF.dll
0x00007fffff910000 - 0x00007fffff932000 	C:\WINDOWS\system32\dwmapi.dll
0x00007ff804a00000 - 0x00007ff804b43000 	C:\WINDOWS\system32\ole32.dll
0x00000000583d0000 - 0x0000000058417000 	C:\Program Files\Java\jdk1.8.0_60\jre\bin\fontmanager.dll
0x00000000585e0000 - 0x00000000585fa000 	C:\Program Files\Java\jdk1.8.0_60\jre\bin\net.dll
0x00007ff800c70000 - 0x00007ff800ccc000 	C:\WINDOWS\system32\mswsock.dll
0x00000000585c0000 - 0x00000000585d1000 	C:\Program Files\Java\jdk1.8.0_60\jre\bin\nio.dll
0x0000000057600000 - 0x0000000057631000 	C:\Program Files\Java\jdk1.8.0_60\jre\bin\jpeg.dll
0x00007ff800d20000 - 0x00007ff800d37000 	C:\WINDOWS\SYSTEM32\CRYPTSP.dll
0x00007ff8009b0000 - 0x00007ff8009e4000 	C:\WINDOWS\system32\rsaenh.dll
0x00007ff8012d0000 - 0x00007ff8012f9000 	C:\WINDOWS\SYSTEM32\bcrypt.dll
0x00007ff800b00000 - 0x00007ff800b1f000 	C:\WINDOWS\SYSTEM32\USERENV.dll
0x00007ff800e40000 - 0x00007ff800e4b000 	C:\WINDOWS\SYSTEM32\CRYPTBASE.dll
0x00007ffffedb0000 - 0x00007ffffede8000 	C:\WINDOWS\SYSTEM32\IPHLPAPI.DLL
0x00007ff802f70000 - 0x00007ff802f78000 	C:\WINDOWS\system32\NSI.dll
0x00007ffff8840000 - 0x00007ffff8856000 	C:\WINDOWS\SYSTEM32\dhcpcsvc6.DLL
0x00007ffff8390000 - 0x00007ffff83aa000 	C:\WINDOWS\SYSTEM32\dhcpcsvc.DLL
0x0000000057640000 - 0x0000000057664000 	C:\Program Files\Java\jdk1.8.0_60\jre\bin\sunec.dll
0x00007fffeb3c0000 - 0x00007fffeb3d6000 	C:\WINDOWS\system32\napinsp.dll
0x00007fffeb3a0000 - 0x00007fffeb3ba000 	C:\WINDOWS\system32\pnrpnsp.dll
0x00007fffff420000 - 0x00007fffff438000 	C:\WINDOWS\system32\NLAapi.dll
0x00007fffffda0000 - 0x00007fffffe4a000 	C:\WINDOWS\SYSTEM32\DNSAPI.dll
0x00007fffeb390000 - 0x00007fffeb39d000 	C:\WINDOWS\System32\winrnr.dll
0x000000005a640000 - 0x000000005a666000 	C:\Program Files\Bonjour\mdnsNSP.dll
0x00007fffeb250000 - 0x00007fffeb265000 	C:\WINDOWS\System32\wshbth.dll
0x00007ffff42d0000 - 0x00007ffff42da000 	C:\Windows\System32\rasadhlp.dll
0x00007ffff8540000 - 0x00007ffff85a7000 	C:\WINDOWS\System32\fwpuclnt.dll
0x0000000058380000 - 0x00000000583c2000 	C:\Program Files\Java\jdk1.8.0_60\jre\bin\t2k.dll
0x00007ff802250000 - 0x00007ff8022f7000 	C:\WINDOWS\system32\clbcatq.dll
0x00007ffffbfe0000 - 0x00007ffffc191000 	C:\WINDOWS\SYSTEM32\WindowsCodecs.dll
0x00007ffffc250000 - 0x00007ffffc4f8000 	C:\WINDOWS\system32\d3d11.dll
0x00007ffffeca0000 - 0x00007ffffed83000 	C:\WINDOWS\system32\dcomp.dll
0x00007ffffc1a0000 - 0x00007ffffc242000 	C:\WINDOWS\system32\dxgi.dll
0x00000000575f0000 - 0x00000000575f7000 	C:\Program Files\Java\jdk1.8.0_60\jre\bin\jawt.dll
0x00007ffff2bd0000 - 0x00007ffff2c64000 	D:\java-cef\src\binary_distrib\win64\bin\lib\win64\chrome_elf.dll
0x00007fffc0530000 - 0x00007fffc5e8b000 	D:\java-cef\src\binary_distrib\win64\bin\lib\win64\libcef.dll
0x00007ff802790000 - 0x00007ff80289b000 	C:\WINDOWS\system32\COMDLG32.dll
0x00007ff8015a0000 - 0x00007ff801626000 	C:\WINDOWS\system32\FirewallAPI.dll
0x00007fffff9f0000 - 0x00007fffffa03000 	C:\WINDOWS\SYSTEM32\WTSAPI32.dll
0x00007ffff3e00000 - 0x00007ffff3e6a000 	C:\WINDOWS\SYSTEM32\OLEACC.dll
0x00007ff8018d0000 - 0x00007ff8018e7000 	C:\WINDOWS\system32\NETAPI32.dll
0x00007ff8018f0000 - 0x00007ff801ab8000 	C:\WINDOWS\system32\CRYPT32.dll
0x00007ff801410000 - 0x00007ff801420000 	C:\WINDOWS\system32\MSASN1.dll
0x00007ff801540000 - 0x00007ff801595000 	C:\WINDOWS\system32\WINTRUST.dll
0x00007ffff58d0000 - 0x00007ffff5a5c000 	C:\WINDOWS\SYSTEM32\dbghelp.dll
0x00007fffe2060000 - 0x00007fffe2078000 	C:\WINDOWS\SYSTEM32\USP10.dll
0x00007fffd08f0000 - 0x00007fffd0926000 	C:\WINDOWS\SYSTEM32\credui.dll
0x00007ffff1180000 - 0x00007ffff1219000 	C:\WINDOWS\SYSTEM32\CRYPTUI.dll
0x00007fffec320000 - 0x00007fffec57e000 	C:\WINDOWS\SYSTEM32\DWrite.dll
0x00007ff800f10000 - 0x00007ff800f37000 	C:\WINDOWS\SYSTEM32\ncrypt.dll
0x00007ffffe950000 - 0x00007ffffe95c000 	C:\WINDOWS\SYSTEM32\Secur32.dll
0x00007ffff70c0000 - 0x00007ffff7277000 	C:\WINDOWS\SYSTEM32\urlmon.dll
0x00007ffffe6d0000 - 0x00007ffffe797000 	C:\WINDOWS\SYSTEM32\WINHTTP.dll
0x00007ffff3df0000 - 0x00007ffff3dfc000 	C:\WINDOWS\SYSTEM32\DAVHLPR.DLL
0x00007ffff2d90000 - 0x00007ffff2fa0000 	C:\WINDOWS\SYSTEM32\d3d9.dll
0x00007ffffb6e0000 - 0x00007ffffb764000 	C:\WINDOWS\SYSTEM32\WINSPOOL.DRV
0x00007ffffd6e0000 - 0x00007ffffd703000 	C:\WINDOWS\SYSTEM32\dxva2.dll
0x00007ffff8e70000 - 0x00007ffff8e91000 	C:\WINDOWS\SYSTEM32\FONTSUB.dll
0x00007ff800ed0000 - 0x00007ff800f0a000 	C:\WINDOWS\SYSTEM32\NTASN1.dll
0x00007ffffc610000 - 0x00007ffffc999000 	C:\WINDOWS\SYSTEM32\iertutil.dll
0x00007ffffa640000 - 0x00007ffffa659000 	C:\WINDOWS\SYSTEM32\SAMCLI.DLL
0x00007ff8007b0000 - 0x00007ff8007bc000 	C:\WINDOWS\SYSTEM32\NETUTILS.DLL
0x00007ff801020000 - 0x00007ff80104d000 	C:\WINDOWS\SYSTEM32\SSPICLI.DLL
0x00007ff800220000 - 0x00007ff800252000 	C:\WINDOWS\SYSTEM32\fwbase.dll
0x00007fffe9b40000 - 0x00007fffe9c1d000 	D:\java-cef\src\binary_distrib\win64\bin\lib\win64\jcef.dll
0x00007ff802360000 - 0x00007ff802789000 	C:\WINDOWS\system32\SETUPAPI.dll
0x00007ff800020000 - 0x00007ff800047000 	C:\WINDOWS\SYSTEM32\DEVOBJ.dll
0x00007ffffa840000 - 0x00007ffffa8c8000 	C:\WINDOWS\system32\audioses.dll
0x00007ffffa920000 - 0x00007ffffa990000 	C:\WINDOWS\system32\MMDevAPI.DLL
0x00007ffffdab0000 - 0x00007ffffdbe6000 	C:\WINDOWS\SYSTEM32\wintypes.dll
0x00007ffffe540000 - 0x00007ffffe6c6000 	C:\WINDOWS\system32\PROPSYS.dll
0x0000000058340000 - 0x000000005836a000 	C:\Program Files\Java\jdk1.8.0_60\jre\bin\dcpr.dll
0x00007fffd04d0000 - 0x00007fffd0561000 	C:\WINDOWS\SYSTEM32\mscms.dll
0x00007ff801270000 - 0x00007ff8012c6000 	C:\WINDOWS\SYSTEM32\WINSTA.dll
0x00007ffffd3c0000 - 0x00007ffffd44b000 	C:\WINDOWS\system32\directmanipulation.dll
0x00007ffffd040000 - 0x00007ffffd050000 	C:\WINDOWS\SYSTEM32\atlthunk.dll
0x00007ff8003a0000 - 0x00007ff8003c4000 	C:\WINDOWS\SYSTEM32\gpapi.dll
0x00007ffff18d0000 - 0x00007ffff197a000 	C:\WINDOWS\WinSxS\amd64_microsoft.windows.common-controls_6595b64144ccf1df_5.82.10586.0_none_396e892957c7fb25\comctl32.dll

VM Arguments:
jvm_args: -Dfile.encoding=UTF-8 -Djava.library.path=D:\java-cef\src\binary_distrib\win64\bin\lib\win64 
java_command: Main
java_class_path (initial): D:\ETRACS25\ETRACStraining\libnew\RXTXcomm.jar;D:\ETRACS25\ETRACStraining\libnew\SigPlus2_60.jar;D:\ETRACS25\ETRACStraining\libnew\barbecue-1.5.jar;D:\ETRACS25\ETRACStraining\libnew\client-system.jar;D:\ETRACS25\ETRACStraining\libnew\client-ui-extended.jar;D:\ETRACS25\ETRACStraining\libnew\commons-beanutils-1.8.0.jar;D:\ETRACS25\ETRACStraining\libnew\commons-digester-1.7.jar;D:\ETRACS25\ETRACStraining\libnew\commons-fileupload-1.2.1.jar;D:\ETRACS25\ETRACStraining\libnew\commons-io-1.4.jar;D:\ETRACS25\ETRACStraining\libnew\commons-lang-2.5.jar;D:\ETRACS25\ETRACStraining\libnew\commons-logging-1.1.jar;D:\ETRACS25\ETRACStraining\libnew\dpuareu.jar;D:\ETRACS25\ETRACStraining\libnew\ezmorph-1.0.6.jar;D:\ETRACS25\ETRACStraining\libnew\groovy-all-1.5.5.jar;D:\ETRACS25\ETRACStraining\libnew\itext-1.3.1.jar;D:\ETRACS25\ETRACStraining\libnew\itextpdf-5.1.2.jar;D:\ETRACS25\ETRACStraining\libnew\jasperreports-3.0.0.jar;D:\ETRACS25\ETRACStraining\libnew\jcommon-1.0.0.jar;D:\ETRACS25\ETRACStraining\libnew\jdt-compiler-3.1.1.jar;D:\ETRACS25\ETRACStraining\libnew\jfreechart-1.0.3.jar;D:\ETRACS25\ETRACStraining\libnew\json-lib-2.3-jdk15.jar;D:\ETRACS25\ETRACStraining\libnew\juel-2.1.2.jar;D:\ETRACS25\ETRACStraining\libnew\osiris2-client-themes.jar;D:\ETRACS25\ETRACStraining\libnew\osiris2-client-ui.jar;D:\ETRACS25\ETRACStraining\libnew\osiris2-framework.jar;D:\ETRACS25\ETRACStraining\libnew\osiris2-report.jar;D:\ETRACS25\ETRACStraining\libnew\osiris2-test-platform.jar;D:\ETRACS25\ETRACStraining\libnew\png-encoder-1.5.jar;D:\ETRACS25\ETRACStraining\libnew\poi-3.0.1-FINAL-20070705.jar;D:\ETRACS25\ETRACStraining\libnew\rameses-client-menu.jar;D:\ETRACS25\ETRACStraining\libnew\rameses-client-report.jar;D:\ETRACS25\ETRACStraining\libnew\rameses-client-ui-bio.jar;D:\ETRACS25\ETRACStraining\libnew\rameses-client-ui-support.jar;D:\ETRACS25\ETRACStraining\libnew\rameses-client-ui.jar;D:\ETRACS25\ETRACStraining\libnew\rameses-common2.jar;D:\ETRACS25\ETRACStraining
Launcher Type: SUN_STANDARD

Environment Variables:
PATH=C:\Program Files (x86)\NVIDIA Corporation\PhysX\Common;C:\ProgramData\Oracle\Java\javapath;C:\Program Files (x86)\Intel\iCLS Client\;C:\Program Files\Intel\iCLS Client\;C:\Program Files (x86)\AMD APP\bin\x86_64;C:\Program Files (x86)\AMD APP\bin\x86;C:\WINDOWS\system32;C:\WINDOWS;C:\WINDOWS\System32\Wbem;C:\WINDOWS\System32\WindowsPowerShell\v1.0\;C:\Program Files (x86)\Windows Live\Shared;C:\Program Files (x86)\ATI Technologies\ATI.ACE\Core-Static;C:\Program Files\Intel\Intel(R) Management Engine Components\DAL;C:\Program Files\Intel\Intel(R) Management Engine Components\IPT;C:\Program Files (x86)\Intel\Intel(R) Management Engine Components\DAL;C:\Program Files (x86)\Intel\Intel(R) Management Engine Components\IPT;C:\Program Files (x86)\MySQL\MySQL Server 5.1\bin;C:\Program Files (x86)\Bitvise SSH Client;C:\Program Files\Microsoft SQL Server\120\Tools\Binn\;C:\Program Files (x86)\Windows Kits\10\Windows Performance Toolkit\;C:\Program Files\Microsoft SQL Server\Client SDK\ODBC\110\Tools\Binn\;C:\Program Files (x86)\Microsoft SQL Server\120\Tools\Binn\;C:\Program Files\Microsoft SQL Server\120\DTS\Binn\;C:\Program Files (x86)\QuickTime\QTSystem\;C:\Program Files\Microsoft SQL Server\130\Tools\Binn\;C:\Program Files\Git\cmd;C:\xampp\php;C:\ProgramData\ComposerSetup\bin;C:\Program Files (x86)\nodejs\;C:\Program Files\dotnet\;C:\HashiCorp\Vagrant\bin;C:\Program Files (x86)\Skype\Phone\;C:\Program Files\Amazon\AWSCLI\;C:\Program Files\MySQL\MySQL Server 5.1\bin;C:\Program Files\OpenVPN\bin;C:\Program Files\CMake\bin;C:\Program Files (x86)\Cracklock\Bin;C:\Users\rufino\.dnx\bin;C:\Users\rufino\AppData\Roaming\Composer\vendor\bin;C:\Program Files (x86)\Microsoft VS Code\bin;C:\Users\rufino\AppData\Roaming\npm;C:\Program Files\Java\jdk1.8.0_60\bin;C:\Python27
USERNAME=rufino
OS=Windows_NT
PROCESSOR_IDENTIFIER=Intel64 Family 6 Model 58 Stepping 9, GenuineIntel



---------------  S Y S T E M  ---------------

OS: Windows 10.0 , 64 bit Build 10586 (10.0.10586.589)

CPU:total 4 (2 cores per cpu, 2 threads per core) family 6 model 58 stepping 9, cmov, cx8, fxsr, mmx, sse, sse2, sse3, ssse3, sse4.1, sse4.2, popcnt, avx, aes, clmul, erms, ht, tsc, tscinvbit, tscinv

Memory: 4k page, physical 8282396k(1876472k free), swap 17195292k(6624780k free)

vm_info: Java HotSpot(TM) 64-Bit Server VM (25.60-b23) for windows-amd64 JRE (1.8.0_60-b27), built on Aug  4 2015 11:06:27 by "java_re" with MS VC++ 10.0 (VS2010)

time: Thu Apr 27 15:34:40 2017
elapsed time: 189 seconds (0d 0h 3m 9s)

