#
# A fatal error has been detected by the Java Runtime Environment:
#
#  EXCEPTION_ACCESS_VIOLATION (0xc0000005) at pc=0x00007ffc3acceb3a, pid=23632, tid=11628
#
# JRE version: Java(TM) SE Runtime Environment (8.0_60-b27) (build 1.8.0_60-b27)
# Java VM: Java HotSpot(TM) 64-Bit Server VM (25.60-b23 mixed mode windows-amd64 compressed oops)
# Problematic frame:
# C  [jcef.dll+0x1eb3a]
#
# Failed to write core dump. Minidumps are not enabled by default on client versions of Windows
#
# If you would like to submit a bug report, please visit:
#   http://bugreport.java.com/bugreport/crash.jsp
#

---------------  T H R E A D  ---------------

Current thread (0x0000000017107800):  VMThread [stack: 0x00000000181b0000,0x00000000182b0000] [id=11628]

siginfo: ExceptionCode=0xc0000005, reading address 0x00000000000000b0

Registers:
RAX=0x0000000000000000, RBX=0x0000000000000001, RCX=0x00000000171079f8, RDX=0x000000001aa22130
RSP=0x00000000182af1e0, RBP=0x0000000002594410, RSI=0x00007ffc3ad7d190, RDI=0x000000001e864260
R8 =0x0000000000000001, R9 =0x0000000000000000, R10=0x00000000182af228, R11=0x0000000000000064
R12=0x00000000007824c0, R13=0x0000000000000040, R14=0x0000000000782520, R15=0x0000000000000001
RIP=0x00007ffc3acceb3a, EFLAGS=0x0000000000010202

Top of Stack: (sp=0x00000000182af1e0)
0x00000000182af1e0:   0000000000000001 000000001ede6dc0
0x00000000182af1f0:   0000000000782520 00000000006c0000
0x00000000182af200:   fffffffffffffffe 00000000007824c0
0x00000000182af210:   000000001e8641f0 00007ffc3accebe5
0x00000000182af220:   0000000000782501 00000000171079f8
0x00000000182af230:   0000000000000001 00007ffc656e0abd
0x00000000182af240:   000000001e85a690 00007ffc3acd16b4
0x00000000182af250:   000000001ee82c90 00007ffc3ad7d190
0x00000000182af260:   0000000000000001 000000001e85a690
0x00000000182af270:   0000000002594410 00007ffc3acfabe2
0x00000000182af280:   0000000000782520 00007ffc3ad7d190
0x00000000182af290:   0000000000000001 000000001e85a690
0x00000000182af2a0:   000000001ee84c80 00007ffc3ad01642
0x00000000182af2b0:   000000001e863270 000000001e863270
0x00000000182af2c0:   0000000000000001 000000001e85a690
0x00000000182af2d0:   000000001e863270 00007ffc02050e40 

Instructions: (pc=0x00007ffc3acceb3a)
0x00007ffc3acceb1a:   48 8d 4c 24 48 e8 8c 91 00 00 90 85 c0 75 23 48
0x00007ffc3acceb2a:   8b 4c 24 48 48 85 c9 74 19 48 8b 01 48 8b 57 a0
0x00007ffc3acceb3a:   ff 90 b0 00 00 00 90 48 8d 4c 24 40 e8 05 85 00
0x00007ffc3acceb4a:   00 90 48 8d 4f c8 e8 9b 51 04 00 90 4c 8b 47 b8 


Register to memory mapping:

RAX=0x0000000000000000 is an unknown value
RBX=0x0000000000000001 is an unknown value
RCX=0x00000000171079f8 is an unknown value
RDX=0x000000001aa22130 is a global jni handle
RSP=0x00000000182af1e0 is an unknown value
RBP=0x0000000002594410 is an unknown value
RSI=0x00007ffc3ad7d190 is an unknown value
RDI=0x000000001e864260 is an unknown value
R8 =0x0000000000000001 is an unknown value
R9 =0x0000000000000000 is an unknown value
R10=0x00000000182af228 is an unknown value
R11=0x0000000000000064 is an unknown value
R12=0x00000000007824c0 is an unknown value
R13=0x0000000000000040 is an unknown value
R14=0x0000000000782520 is an unknown value
R15=0x0000000000000001 is an unknown value


Stack: [0x00000000181b0000,0x00000000182b0000],  sp=0x00000000182af1e0,  free space=1020k
Native frames: (J=compiled Java code, j=interpreted, Vv=VM code, C=native code)
C  [jcef.dll+0x1eb3a]
C  [jcef.dll+0x1ebe5]
C  [jcef.dll+0x216b4]
C  [jcef.dll+0x4abe2]
C  [jcef.dll+0x51642]
C  [libcef.dll+0x1980e40]
C  [libcef.dll+0x227bc96]
C  [libcef.dll+0x227c048]
C  [libcef.dll+0x2283ccf]
C  [libcef.dll+0x19897be]
C  [libcef.dll+0x1985ba0]
C  [jcef.dll+0x39cc8]
C  [jcef.dll+0x3734d]
C  [jcef.dll+0x37720]
C  [jcef.dll+0x86b84]
C  [jcef.dll+0x702b7]
C  [jcef.dll+0x7055d]
C  [jcef.dll+0x6fa48]
C  [jcef.dll+0x649a3]
C  [jcef.dll+0x651a2]
C  [jcef.dll+0x65298]
C  [ntdll.dll+0x152c8]
C  [ntdll.dll+0x5b2ea]
C  [ntdll.dll+0x5b17a]
C  [KERNEL32.DLL+0x24d8a]
C  [msvcr100.dll+0x20ccd]
V  [jvm.dll+0x210a25]
V  [jvm.dll+0x249747]
V  [jvm.dll+0x2489e6]
V  [jvm.dll+0x248e81]
V  [jvm.dll+0x24909e]
V  [jvm.dll+0x299f6a]
C  [msvcr100.dll+0x21d9f]
C  [msvcr100.dll+0x21e3b]
C  [KERNEL32.DLL+0x18102]
C  [ntdll.dll+0x5c5b4]

VM_Operation (0x000000001e6ad050): Exit, mode: safepoint, requested by thread 0x0000000019689000


---------------  P R O C E S S  ---------------

Java Threads: ( => current thread )
  0x000000001c8ac800 JavaThread "Keep-Alive-Timer" daemon [_thread_blocked, id=42880, stack(0x0000000029fd0000,0x000000002a0d0000)]
  0x000000001c8a8000 JavaThread "Thread-7" daemon [_thread_in_native, id=23436, stack(0x0000000025cc0000,0x0000000025dc0000)]
  0x000000001968a800 JavaThread "DestroyJavaVM" [_thread_blocked, id=18804, stack(0x0000000002370000,0x0000000002470000)]
  0x0000000019688800 JavaThread "TimerQueue" daemon [_thread_blocked, id=18032, stack(0x000000001e6b0000,0x000000001e7b0000)]
  0x0000000019689000 JavaThread "AWT-EventQueue-0" [_thread_blocked, id=18464, stack(0x000000001e5b0000,0x000000001e6b0000)]
  0x0000000019687800 JavaThread "AWT-Shutdown" [_thread_blocked, id=24504, stack(0x000000001e4b0000,0x000000001e5b0000)]
  0x000000001939f800 JavaThread "Java2D Disposer" daemon [_thread_blocked, id=23988, stack(0x0000000019970000,0x0000000019a70000)]
  0x0000000018ab2800 JavaThread "Service Thread" daemon [_thread_blocked, id=23884, stack(0x0000000018e90000,0x0000000018f90000)]
  0x0000000017148800 JavaThread "C1 CompilerThread2" daemon [_thread_blocked, id=19384, stack(0x0000000018990000,0x0000000018a90000)]
  0x0000000017141800 JavaThread "C2 CompilerThread1" daemon [_thread_blocked, id=23960, stack(0x0000000018890000,0x0000000018990000)]
  0x000000001713f000 JavaThread "C2 CompilerThread0" daemon [_thread_blocked, id=23248, stack(0x0000000018790000,0x0000000018890000)]
  0x000000001713d800 JavaThread "Attach Listener" daemon [_thread_blocked, id=26772, stack(0x0000000018690000,0x0000000018790000)]
  0x000000001713c800 JavaThread "Signal Dispatcher" daemon [_thread_blocked, id=20512, stack(0x0000000018590000,0x0000000018690000)]
  0x00000000025eb000 JavaThread "Finalizer" daemon [_thread_blocked, id=5832, stack(0x00000000183b0000,0x00000000184b0000)]
  0x0000000017109000 JavaThread "Reference Handler" daemon [_thread_blocked, id=20268, stack(0x00000000182b0000,0x00000000183b0000)]

Other Threads:
=>0x0000000017107800 VMThread [stack: 0x00000000181b0000,0x00000000182b0000] [id=11628]

VM state:at safepoint (shutting down)

VM Mutex/Monitor currently owned by a thread:  ([mutex/lock_event])
[0x00000000024f18d0] Threads_lock - owner thread: 0x0000000017107800

Heap:
 PSYoungGen      total 229888K, used 172325K [0x00000000d5d80000, 0x00000000e6c80000, 0x0000000100000000)
  eden space 220160K, 73% used [0x00000000d5d80000,0x00000000dfc90808,0x00000000e3480000)
  from space 9728K, 97% used [0x00000000e5d00000,0x00000000e6638d90,0x00000000e6680000)
  to   space 6144K, 0% used [0x00000000e6680000,0x00000000e6680000,0x00000000e6c80000)
 ParOldGen       total 71168K, used 19870K [0x0000000081800000, 0x0000000085d80000, 0x00000000d5d80000)
  object space 71168K, 27% used [0x0000000081800000,0x0000000082b679f0,0x0000000085d80000)
 Metaspace       used 28929K, capacity 30184K, committed 30208K, reserved 1075200K
  class space    used 3399K, capacity 3565K, committed 3584K, reserved 1048576K

Card table byte_map: [0x00000000119b0000,0x0000000011db0000] byte_map_base: 0x00000000115a4000

Marking Bits: (ParMarkBitMap*) 0x000000006c22a5b0
 Begin Bits: [0x0000000012460000, 0x0000000014400000)
 End Bits:   [0x0000000014400000, 0x00000000163a0000)

Polling page: 0x0000000000a30000

CodeCache: size=245760Kb used=19391Kb max_used=20193Kb free=226368Kb
 bounds [0x00000000025f0000, 0x00000000039f0000, 0x00000000115f0000]
 total_blobs=5779 nmethods=5195 adapters=493
 compilation: enabled

Compilation events (10 events):
Event: 1248.869 Thread 0x000000001713f000 6422       4       java.util.HashSet::remove (20 bytes)
Event: 1248.871 Thread 0x0000000017148800 6423   !   3       java.util.concurrent.ScheduledThreadPoolExecutor$DelayedWorkQueue::size (27 bytes)
Event: 1248.871 Thread 0x0000000017148800 nmethod 6423 0x00000000029c4150 code [0x00000000029c4300, 0x00000000029c4968]
Event: 1248.872 Thread 0x0000000017148800 6424       3       java.util.concurrent.ScheduledThreadPoolExecutor$DelayedWorkQueue::isEmpty (13 bytes)
Event: 1248.873 Thread 0x0000000017148800 nmethod 6424 0x00000000028a3710 code [0x00000000028a38c0, 0x00000000028a4008]
Event: 1248.879 Thread 0x0000000017148800 6425  s    3       sun.awt.im.InputContext::removeNotify (148 bytes)
Event: 1248.883 Thread 0x000000001713f000 nmethod 6422 0x0000000002c74c50 code [0x0000000002c74de0, 0x0000000002c75498]
Event: 1248.884 Thread 0x0000000017148800 nmethod 6425 0x0000000003842910 code [0x0000000003842d60, 0x0000000003845c08]
Event: 1248.884 Thread 0x0000000017148800 6426       1       java.util.Hashtable::access$400 (5 bytes)
Event: 1248.884 Thread 0x0000000017148800 nmethod 6426 0x0000000002d33b50 code [0x0000000002d33ca0, 0x0000000002d33d90]

GC Heap History (10 events):
Event: 3.994 GC heap before
{Heap before GC invocations=6 (full 0):
 PSYoungGen      total 71680K, used 71650K [0x00000000d5d80000, 0x00000000dec80000, 0x0000000100000000)
  eden space 66560K, 100% used [0x00000000d5d80000,0x00000000d9e80000,0x00000000d9e80000)
  from space 5120K, 99% used [0x00000000d9e80000,0x00000000da3789f8,0x00000000da380000)
  to   space 6656K, 0% used [0x00000000de600000,0x00000000de600000,0x00000000dec80000)
 ParOldGen       total 87552K, used 1035K [0x0000000081800000, 0x0000000086d80000, 0x00000000d5d80000)
  object space 87552K, 1% used [0x0000000081800000,0x0000000081902e00,0x0000000086d80000)
 Metaspace       used 12526K, capacity 12788K, committed 13056K, reserved 1060864K
  class space    used 1395K, capacity 1465K, committed 1536K, reserved 1048576K
Event: 4.007 GC heap after
Heap after GC invocations=6 (full 0):
 PSYoungGen      total 139264K, used 6446K [0x00000000d5d80000, 0x00000000ded80000, 0x0000000100000000)
  eden space 132608K, 0% used [0x00000000d5d80000,0x00000000d5d80000,0x00000000ddf00000)
  from space 6656K, 96% used [0x00000000de600000,0x00000000dec4bb50,0x00000000dec80000)
  to   space 7168K, 0% used [0x00000000ddf00000,0x00000000ddf00000,0x00000000de600000)
 ParOldGen       total 87552K, used 1043K [0x0000000081800000, 0x0000000086d80000, 0x00000000d5d80000)
  object space 87552K, 1% used [0x0000000081800000,0x0000000081904e00,0x0000000086d80000)
 Metaspace       used 12526K, capacity 12788K, committed 13056K, reserved 1060864K
  class space    used 1395K, capacity 1465K, committed 1536K, reserved 1048576K
}
Event: 5.955 GC heap before
{Heap before GC invocations=7 (full 0):
 PSYoungGen      total 139264K, used 130333K [0x00000000d5d80000, 0x00000000ded80000, 0x0000000100000000)
  eden space 132608K, 93% used [0x00000000d5d80000,0x00000000dd67b918,0x00000000ddf00000)
  from space 6656K, 96% used [0x00000000de600000,0x00000000dec4bb50,0x00000000dec80000)
  to   space 7168K, 0% used [0x00000000ddf00000,0x00000000ddf00000,0x00000000de600000)
 ParOldGen       total 87552K, used 1043K [0x0000000081800000, 0x0000000086d80000, 0x00000000d5d80000)
  object space 87552K, 1% used [0x0000000081800000,0x0000000081904e00,0x0000000086d80000)
 Metaspace       used 20784K, capacity 21166K, committed 21248K, reserved 1069056K
  class space    used 2401K, capacity 2522K, committed 2560K, reserved 1048576K
Event: 5.984 GC heap after
Heap after GC invocations=7 (full 0):
 PSYoungGen      total 139776K, used 7148K [0x00000000d5d80000, 0x00000000e7780000, 0x0000000100000000)
  eden space 132608K, 0% used [0x00000000d5d80000,0x00000000d5d80000,0x00000000ddf00000)
  from space 7168K, 99% used [0x00000000ddf00000,0x00000000de5fb220,0x00000000de600000)
  to   space 11776K, 0% used [0x00000000e6c00000,0x00000000e6c00000,0x00000000e7780000)
 ParOldGen       total 87552K, used 8156K [0x0000000081800000, 0x0000000086d80000, 0x00000000d5d80000)
  object space 87552K, 9% used [0x0000000081800000,0x0000000081ff73d0,0x0000000086d80000)
 Metaspace       used 20784K, capacity 21166K, committed 21248K, reserved 1069056K
  class space    used 2401K, capacity 2522K, committed 2560K, reserved 1048576K
}
Event: 5.984 GC heap before
{Heap before GC invocations=8 (full 1):
 PSYoungGen      total 139776K, used 7148K [0x00000000d5d80000, 0x00000000e7780000, 0x0000000100000000)
  eden space 132608K, 0% used [0x00000000d5d80000,0x00000000d5d80000,0x00000000ddf00000)
  from space 7168K, 99% used [0x00000000ddf00000,0x00000000de5fb220,0x00000000de600000)
  to   space 11776K, 0% used [0x00000000e6c00000,0x00000000e6c00000,0x00000000e7780000)
 ParOldGen       total 87552K, used 8156K [0x0000000081800000, 0x0000000086d80000, 0x00000000d5d80000)
  object space 87552K, 9% used [0x0000000081800000,0x0000000081ff73d0,0x0000000086d80000)
 Metaspace       used 20784K, capacity 21166K, committed 21248K, reserved 1069056K
  class space    used 2401K, capacity 2522K, committed 2560K, reserved 1048576K
Event: 6.108 GC heap after
Heap after GC invocations=8 (full 1):
 PSYoungGen      total 139776K, used 0K [0x00000000d5d80000, 0x00000000e7780000, 0x0000000100000000)
  eden space 132608K, 0% used [0x00000000d5d80000,0x00000000d5d80000,0x00000000ddf00000)
  from space 7168K, 0% used [0x00000000ddf00000,0x00000000ddf00000,0x00000000de600000)
  to   space 11776K, 0% used [0x00000000e6c00000,0x00000000e6c00000,0x00000000e7780000)
 ParOldGen       total 71168K, used 14897K [0x0000000081800000, 0x0000000085d80000, 0x00000000d5d80000)
  object space 71168K, 20% used [0x0000000081800000,0x000000008268c4f0,0x0000000085d80000)
 Metaspace       used 20784K, capacity 21166K, committed 21248K, reserved 1069056K
  class space    used 2401K, capacity 2522K, committed 2560K, reserved 1048576K
}
Event: 16.972 GC heap before
{Heap before GC invocations=9 (full 1):
 PSYoungGen      total 139776K, used 132608K [0x00000000d5d80000, 0x00000000e7780000, 0x0000000100000000)
  eden space 132608K, 100% used [0x00000000d5d80000,0x00000000ddf00000,0x00000000ddf00000)
  from space 7168K, 0% used [0x00000000ddf00000,0x00000000ddf00000,0x00000000de600000)
  to   space 11776K, 0% used [0x00000000e6c00000,0x00000000e6c00000,0x00000000e7780000)
 ParOldGen       total 71168K, used 14897K [0x0000000081800000, 0x0000000085d80000, 0x00000000d5d80000)
  object space 71168K, 20% used [0x0000000081800000,0x000000008268c4f0,0x0000000085d80000)
 Metaspace       used 26236K, capacity 27022K, committed 27136K, reserved 1073152K
  class space    used 3090K, capacity 3248K, committed 3328K, reserved 1048576K
Event: 16.985 GC heap after
Heap after GC invocations=9 (full 1):
 PSYoungGen      total 194560K, used 9863K [0x00000000d5d80000, 0x00000000e7600000, 0x0000000100000000)
  eden space 184320K, 0% used [0x00000000d5d80000,0x00000000d5d80000,0x00000000e1180000)
  from space 10240K, 96% used [0x00000000e6c00000,0x00000000e75a1fb0,0x00000000e7600000)
  to   space 12800K, 0% used [0x00000000e5d00000,0x00000000e5d00000,0x00000000e6980000)
 ParOldGen       total 71168K, used 19862K [0x0000000081800000, 0x0000000085d80000, 0x00000000d5d80000)
  object space 71168K, 27% used [0x0000000081800000,0x0000000082b659f0,0x0000000085d80000)
 Metaspace       used 26236K, capacity 27022K, committed 27136K, reserved 1073152K
  class space    used 3090K, capacity 3248K, committed 3328K, reserved 1048576K
}
Event: 241.104 GC heap before
{Heap before GC invocations=10 (full 1):
 PSYoungGen      total 194560K, used 194183K [0x00000000d5d80000, 0x00000000e7600000, 0x0000000100000000)
  eden space 184320K, 100% used [0x00000000d5d80000,0x00000000e1180000,0x00000000e1180000)
  from space 10240K, 96% used [0x00000000e6c00000,0x00000000e75a1fb0,0x00000000e7600000)
  to   space 12800K, 0% used [0x00000000e5d00000,0x00000000e5d00000,0x00000000e6980000)
 ParOldGen       total 71168K, used 19862K [0x0000000081800000, 0x0000000085d80000, 0x00000000d5d80000)
  object space 71168K, 27% used [0x0000000081800000,0x0000000082b659f0,0x0000000085d80000)
 Metaspace       used 28155K, capacity 29246K, committed 29440K, reserved 1075200K
  class space    used 3303K, capacity 3460K, committed 3584K, reserved 1048576K
Event: 241.115 GC heap after
Heap after GC invocations=10 (full 1):
 PSYoungGen      total 229888K, used 9443K [0x00000000d5d80000, 0x00000000e6c80000, 0x0000000100000000)
  eden space 220160K, 0% used [0x00000000d5d80000,0x00000000d5d80000,0x00000000e3480000)
  from space 9728K, 97% used [0x00000000e5d00000,0x00000000e6638d90,0x00000000e6680000)
  to   space 6144K, 0% used [0x00000000e6680000,0x00000000e6680000,0x00000000e6c80000)
 ParOldGen       total 71168K, used 19870K [0x0000000081800000, 0x0000000085d80000, 0x00000000d5d80000)
  object space 71168K, 27% used [0x0000000081800000,0x0000000082b679f0,0x0000000085d80000)
 Metaspace       used 28155K, capacity 29246K, committed 29440K, reserved 1075200K
  class space    used 3303K, capacity 3460K, committed 3584K, reserved 1048576K
}

Deoptimization events (10 events):
Event: 1248.863 Thread 0x000000001bded800 Uncommon trap: reason=unstable_if action=reinterpret pc=0x00000000036d006c method=java.util.concurrent.locks.AbstractQueuedSynchronizer$ConditionObject.checkInterruptWhileWaiting(Ljava/util/concurrent/locks/AbstractQueuedSynchronizer$Node;)I @ 3
Event: 1248.863 Thread 0x000000001c25f800 Uncommon trap: reason=unstable_if action=reinterpret pc=0x00000000036d006c method=java.util.concurrent.locks.AbstractQueuedSynchronizer$ConditionObject.checkInterruptWhileWaiting(Ljava/util/concurrent/locks/AbstractQueuedSynchronizer$Node;)I @ 3
Event: 1248.863 Thread 0x000000001c8a5000 Uncommon trap: reason=unstable_if action=reinterpret pc=0x00000000036d006c method=java.util.concurrent.locks.AbstractQueuedSynchronizer$ConditionObject.checkInterruptWhileWaiting(Ljava/util/concurrent/locks/AbstractQueuedSynchronizer$Node;)I @ 3
Event: 1248.863 Thread 0x00000000192c3800 Uncommon trap: reason=unstable_if action=reinterpret pc=0x00000000036d006c method=java.util.concurrent.locks.AbstractQueuedSynchronizer$ConditionObject.checkInterruptWhileWaiting(Ljava/util/concurrent/locks/AbstractQueuedSynchronizer$Node;)I @ 3
Event: 1248.863 Thread 0x000000001bde1000 Uncommon trap: reason=unstable_if action=reinterpret pc=0x00000000036d006c method=java.util.concurrent.locks.AbstractQueuedSynchronizer$ConditionObject.checkInterruptWhileWaiting(Ljava/util/concurrent/locks/AbstractQueuedSynchronizer$Node;)I @ 3
Event: 1248.880 Thread 0x0000000019689000 Uncommon trap: reason=unstable_if action=reinterpret pc=0x00000000036fa9f0 method=sun.awt.AWTAutoShutdown.isReadyToShutdown()Z @ 16
Event: 1248.880 Thread 0x00000000193a3000 Uncommon trap: reason=unstable_if action=reinterpret pc=0x000000000281c620 method=sun.awt.AWTAutoShutdown.isReadyToShutdown()Z @ 16
Event: 1248.882 Thread 0x00000000193a3000 Uncommon trap: reason=unstable_if action=reinterpret pc=0x0000000002e83d38 method=sun.awt.AWTAutoShutdown.isReadyToShutdown()Z @ 16
Event: 1248.886 Thread 0x000000001c8a4800 Uncommon trap: reason=unstable_if action=reinterpret pc=0x0000000002e9628c method=java.util.concurrent.locks.ReentrantLock$Sync.tryRelease(I)Z @ 14
Event: 1248.889 Thread 0x00000000193a3000 Uncommon trap: reason=unstable_if action=reinterpret pc=0x0000000003755624 method=sun.awt.AWTAutoShutdown.isReadyToShutdown()Z @ 16

Internal exceptions (10 events):
Event: 733.752 Thread 0x0000000019689000 Exception <a 'java/lang/ClassNotFoundException': Script1Customizer> (0x00000000dcc90600) thrown at [C:\re\workspace\8-2-build-windows-amd64-cygwin\jdk8u60\4407\hotspot\src\share\vm\classfile\systemDictionary.cpp, line 210]
Event: 733.755 Thread 0x0000000019689000 Exception <a 'java/lang/ClassNotFoundException': CountDownTimer_groovyProxyBeanInfo> (0x00000000dccd3748) thrown at [C:\re\workspace\8-2-build-windows-amd64-cygwin\jdk8u60\4407\hotspot\src\share\vm\classfile\systemDictionary.cpp, line 210]
Event: 733.755 Thread 0x0000000019689000 Exception <a 'java/lang/ClassNotFoundException': CountDownTimer_groovyProxyCustomizer> (0x00000000dccf94e0) thrown at [C:\re\workspace\8-2-build-windows-amd64-cygwin\jdk8u60\4407\hotspot\src\share\vm\classfile\systemDictionary.cpp, line 210]
Event: 1034.980 Thread 0x00000000192c3000 Exception <a 'java/lang/IllegalArgumentException': argument type mismatch> (0x00000000de98bf48) thrown at [C:\re\workspace\8-2-build-windows-amd64-cygwin\jdk8u60\4407\hotspot\src\share\vm\runtime\reflection.cpp, line 1064]
Event: 1061.340 Thread 0x0000000019689000 Exception <a 'java/security/PrivilegedActionException'> (0x00000000deec8f80) thrown at [C:\re\workspace\8-2-build-windows-amd64-cygwin\jdk8u60\4407\hotspot\src\share\vm\prims\jvm.cpp, line 1386]
Event: 1061.340 Thread 0x0000000019689000 Exception <a 'java/security/PrivilegedActionException'> (0x00000000deec9b18) thrown at [C:\re\workspace\8-2-build-windows-amd64-cygwin\jdk8u60\4407\hotspot\src\share\vm\prims\jvm.cpp, line 1386]
Event: 1061.352 Thread 0x0000000019689000 Exception <a 'java/lang/ClassNotFoundException': Script1BeanInfo> (0x00000000def90b20) thrown at [C:\re\workspace\8-2-build-windows-amd64-cygwin\jdk8u60\4407\hotspot\src\share\vm\classfile\systemDictionary.cpp, line 210]
Event: 1061.353 Thread 0x0000000019689000 Exception <a 'java/lang/ClassNotFoundException': Script1Customizer> (0x00000000defaa3a0) thrown at [C:\re\workspace\8-2-build-windows-amd64-cygwin\jdk8u60\4407\hotspot\src\share\vm\classfile\systemDictionary.cpp, line 210]
Event: 1061.356 Thread 0x0000000019689000 Exception <a 'java/lang/ClassNotFoundException': CountDownTimer_groovyProxyBeanInfo> (0x00000000defed4e8) thrown at [C:\re\workspace\8-2-build-windows-amd64-cygwin\jdk8u60\4407\hotspot\src\share\vm\classfile\systemDictionary.cpp, line 210]
Event: 1061.357 Thread 0x0000000019689000 Exception <a 'java/lang/ClassNotFoundException': CountDownTimer_groovyProxyCustomizer> (0x00000000df013280) thrown at [C:\re\workspace\8-2-build-windows-amd64-cygwin\jdk8u60\4407\hotspot\src\share\vm\classfile\systemDictionary.cpp, line 210]

Events (10 events):
Event: 1248.886 Thread 0x000000001c8a4800 DEOPT UNPACKING pc=0x000000000263582a sp=0x000000002a3cef18 mode 2
Event: 1248.886 Thread 0x000000001c8a3000 Thread exited: 0x000000001c8a3000
Event: 1248.886 Thread 0x000000001c8a4800 Thread exited: 0x000000001c8a4800
Event: 1248.886 Thread 0x000000001c8a1800 Thread exited: 0x000000001c8a1800
Event: 1248.889 Thread 0x00000000193a3000 Uncommon trap: trap_request=0xffffff65 fr.pc=0x0000000003755624
Event: 1248.889 Thread 0x00000000193a3000 DEOPT PACKING pc=0x0000000003755624 sp=0x0000000019c6ef40
Event: 1248.889 Thread 0x00000000193a3000 DEOPT UNPACKING pc=0x000000000263582a sp=0x0000000019c6eeb0 mode 2
Event: 1248.894 Thread 0x00000000193a3000 Thread exited: 0x00000000193a3000
Event: 1248.991 Thread 0x000000001c8a3800 Thread exited: 0x000000001c8a3800
Event: 1248.991 Executing VM operation: Exit


Dynamic libraries:
0x00007ff7f2f70000 - 0x00007ff7f2fa7000 	C:\Program Files\Java\jdk1.8.0_60\jre\bin\java.exe
0x00007ffc656c0000 - 0x00007ffc65881000 	C:\WINDOWS\SYSTEM32\ntdll.dll
0x00007ffc62f60000 - 0x00007ffc6300d000 	C:\WINDOWS\system32\KERNEL32.DLL
0x00007ffc61ef0000 - 0x00007ffc620d8000 	C:\WINDOWS\system32\KERNELBASE.dll
0x00007ffc63590000 - 0x00007ffc63637000 	C:\WINDOWS\system32\ADVAPI32.dll
0x00007ffc62da0000 - 0x00007ffc62e3d000 	C:\WINDOWS\system32\msvcrt.dll
0x00007ffc630d0000 - 0x00007ffc6312b000 	C:\WINDOWS\system32\sechost.dll
0x00007ffc62e40000 - 0x00007ffc62f5c000 	C:\WINDOWS\system32\RPCRT4.dll
0x00007ffc62c30000 - 0x00007ffc62d86000 	C:\WINDOWS\system32\USER32.dll
0x00007ffc63130000 - 0x00007ffc632b6000 	C:\WINDOWS\system32\GDI32.dll
0x00007ffc57310000 - 0x00007ffc57584000 	C:\WINDOWS\WinSxS\amd64_microsoft.windows.common-controls_6595b64144ccf1df_6.0.10586.839_none_a2ddba30a539a2ae\COMCTL32.dll
0x00007ffc65370000 - 0x00007ffc655ed000 	C:\WINDOWS\system32\combase.dll
0x00007ffc61dd0000 - 0x00007ffc61e3a000 	C:\WINDOWS\system32\bcryptPrimitives.dll
0x00007ffc63090000 - 0x00007ffc630cb000 	C:\WINDOWS\system32\IMM32.DLL
0x000000006b940000 - 0x000000006ba12000 	C:\Program Files\Java\jdk1.8.0_60\jre\bin\msvcr100.dll
0x000000006ba20000 - 0x000000006c2a9000 	C:\Program Files\Java\jdk1.8.0_60\jre\bin\server\jvm.dll
0x00007ffc62d90000 - 0x00007ffc62d98000 	C:\WINDOWS\system32\PSAPI.DLL
0x00007ffc4ec60000 - 0x00007ffc4ec69000 	C:\WINDOWS\SYSTEM32\WSOCK32.dll
0x00007ffc5e020000 - 0x00007ffc5e043000 	C:\WINDOWS\SYSTEM32\WINMM.dll
0x00007ffc60650000 - 0x00007ffc6065a000 	C:\WINDOWS\SYSTEM32\VERSION.dll
0x00007ffc63640000 - 0x00007ffc636ab000 	C:\WINDOWS\system32\WS2_32.dll
0x0000000000a00000 - 0x0000000000a2c000 	C:\WINDOWS\SYSTEM32\WINMMBASE.dll
0x00007ffc62230000 - 0x00007ffc62273000 	C:\WINDOWS\system32\cfgmgr32.dll
0x000000006d9b0000 - 0x000000006d9bf000 	C:\Program Files\Java\jdk1.8.0_60\jre\bin\verify.dll
0x000000006b8d0000 - 0x000000006b8f9000 	C:\Program Files\Java\jdk1.8.0_60\jre\bin\java.dll
0x000000006b8b0000 - 0x000000006b8c6000 	C:\Program Files\Java\jdk1.8.0_60\jre\bin\zip.dll
0x00007ffc63b50000 - 0x00007ffc650ac000 	C:\WINDOWS\system32\SHELL32.dll
0x00007ffc62280000 - 0x00007ffc628c4000 	C:\WINDOWS\system32\windows.storage.dll
0x00007ffc636c0000 - 0x00007ffc63712000 	C:\WINDOWS\system32\shlwapi.dll
0x00007ffc61d30000 - 0x00007ffc61d3f000 	C:\WINDOWS\system32\kernel.appcore.dll
0x00007ffc62170000 - 0x00007ffc62225000 	C:\WINDOWS\system32\shcore.dll
0x00007ffc61ce0000 - 0x00007ffc61d2b000 	C:\WINDOWS\system32\powrprof.dll
0x00007ffc61d50000 - 0x00007ffc61d64000 	C:\WINDOWS\system32\profapi.dll
0x000000006b6d0000 - 0x000000006b868000 	C:\Program Files\Java\jdk1.8.0_60\jre\bin\awt.dll
0x00007ffc655f0000 - 0x00007ffc656b6000 	C:\WINDOWS\system32\OLEAUT32.dll
0x00007ffc5fbd0000 - 0x00007ffc5fc49000 	C:\WINDOWS\system32\apphelp.dll
0x00007ffc5fdd0000 - 0x00007ffc5fe66000 	C:\WINDOWS\system32\uxtheme.dll
0x00007ffc63430000 - 0x00007ffc6358a000 	C:\WINDOWS\system32\MSCTF.dll
0x00007ffc5f320000 - 0x00007ffc5f342000 	C:\WINDOWS\system32\dwmapi.dll
0x00007ffc62ac0000 - 0x00007ffc62c03000 	C:\WINDOWS\system32\ole32.dll
0x000000006b680000 - 0x000000006b6c7000 	C:\Program Files\Java\jdk1.8.0_60\jre\bin\fontmanager.dll
0x000000006b890000 - 0x000000006b8aa000 	C:\Program Files\Java\jdk1.8.0_60\jre\bin\net.dll
0x00007ffc615b0000 - 0x00007ffc6160c000 	C:\WINDOWS\system32\mswsock.dll
0x000000006b870000 - 0x000000006b881000 	C:\Program Files\Java\jdk1.8.0_60\jre\bin\nio.dll
0x000000006b520000 - 0x000000006b551000 	C:\Program Files\Java\jdk1.8.0_60\jre\bin\jpeg.dll
0x00007ffc61660000 - 0x00007ffc61677000 	C:\WINDOWS\SYSTEM32\CRYPTSP.dll
0x00007ffc612f0000 - 0x00007ffc61324000 	C:\WINDOWS\system32\rsaenh.dll
0x00007ffc61c20000 - 0x00007ffc61c49000 	C:\WINDOWS\SYSTEM32\bcrypt.dll
0x00007ffc61440000 - 0x00007ffc6145f000 	C:\WINDOWS\SYSTEM32\USERENV.dll
0x00007ffc61780000 - 0x00007ffc6178b000 	C:\WINDOWS\SYSTEM32\CRYPTBASE.dll
0x00007ffc5e5e0000 - 0x00007ffc5e618000 	C:\WINDOWS\SYSTEM32\IPHLPAPI.DLL
0x00007ffc636b0000 - 0x00007ffc636b8000 	C:\WINDOWS\system32\NSI.dll
0x00007ffc58ab0000 - 0x00007ffc58ac6000 	C:\WINDOWS\SYSTEM32\dhcpcsvc6.DLL
0x00007ffc589c0000 - 0x00007ffc589da000 	C:\WINDOWS\SYSTEM32\dhcpcsvc.DLL
0x000000006b4f0000 - 0x000000006b514000 	C:\Program Files\Java\jdk1.8.0_60\jre\bin\sunec.dll
0x00007ffc4eb20000 - 0x00007ffc4eb36000 	C:\WINDOWS\system32\napinsp.dll
0x00007ffc4dbe0000 - 0x00007ffc4dbfa000 	C:\WINDOWS\system32\pnrpnsp.dll
0x00007ffc5f460000 - 0x00007ffc5f478000 	C:\WINDOWS\system32\NLAapi.dll
0x00007ffc5fd20000 - 0x00007ffc5fdca000 	C:\WINDOWS\SYSTEM32\DNSAPI.dll
0x00007ffc4db00000 - 0x00007ffc4db0d000 	C:\WINDOWS\System32\winrnr.dll
0x000000006d980000 - 0x000000006d9a6000 	C:\Program Files\Bonjour\mdnsNSP.dll
0x00007ffc52cc0000 - 0x00007ffc52cd5000 	C:\WINDOWS\System32\wshbth.dll
0x00007ffc4eb00000 - 0x00007ffc4eb0a000 	C:\Windows\System32\rasadhlp.dll
0x00007ffc59190000 - 0x00007ffc591f7000 	C:\WINDOWS\System32\fwpuclnt.dll
0x000000006b630000 - 0x000000006b672000 	C:\Program Files\Java\jdk1.8.0_60\jre\bin\t2k.dll
0x00007ffc652c0000 - 0x00007ffc65367000 	C:\WINDOWS\system32\clbcatq.dll
0x00007ffc5e620000 - 0x00007ffc5e7d1000 	C:\WINDOWS\SYSTEM32\WindowsCodecs.dll
0x00007ffc5ef70000 - 0x00007ffc5f218000 	C:\WINDOWS\system32\d3d11.dll
0x00007ffc5ee70000 - 0x00007ffc5ef12000 	C:\WINDOWS\system32\dxgi.dll
0x000000006b5b0000 - 0x000000006b5b7000 	C:\Program Files\Java\jdk1.8.0_60\jre\bin\jawt.dll
0x00007ffc3ad90000 - 0x00007ffc3ae24000 	D:\java-cef\src\binary_distrib\win64\bin\lib\win64\chrome_elf.dll
0x00007ffc006d0000 - 0x00007ffc0602b000 	D:\java-cef\src\binary_distrib\win64\bin\lib\win64\libcef.dll
0x00007ffc632c0000 - 0x00007ffc633cb000 	C:\WINDOWS\system32\COMDLG32.dll
0x00007ffc620e0000 - 0x00007ffc62166000 	C:\WINDOWS\system32\FirewallAPI.dll
0x00007ffc57170000 - 0x00007ffc571da000 	C:\WINDOWS\SYSTEM32\OLEACC.dll
0x00007ffc62aa0000 - 0x00007ffc62ab7000 	C:\WINDOWS\system32\NETAPI32.dll
0x00007ffc628d0000 - 0x00007ffc62a98000 	C:\WINDOWS\system32\CRYPT32.dll
0x00007ffc61d40000 - 0x00007ffc61d50000 	C:\WINDOWS\system32\MSASN1.dll
0x00007ffc5ed70000 - 0x00007ffc5ed83000 	C:\WINDOWS\SYSTEM32\WTSAPI32.dll
0x00007ffc61d70000 - 0x00007ffc61dc5000 	C:\WINDOWS\system32\WINTRUST.dll
0x00007ffc60ec0000 - 0x00007ffc6104c000 	C:\WINDOWS\SYSTEM32\dbghelp.dll
0x00007ffc3b0f0000 - 0x00007ffc3b108000 	C:\WINDOWS\SYSTEM32\USP10.dll
0x00007ffc28ea0000 - 0x00007ffc28ed6000 	C:\WINDOWS\SYSTEM32\credui.dll
0x00007ffc3afc0000 - 0x00007ffc3b059000 	C:\WINDOWS\SYSTEM32\CRYPTUI.dll
0x00007ffc5a0d0000 - 0x00007ffc5a32e000 	C:\WINDOWS\SYSTEM32\DWrite.dll
0x00007ffc61850000 - 0x00007ffc61877000 	C:\WINDOWS\SYSTEM32\ncrypt.dll
0x00007ffc60660000 - 0x00007ffc6066c000 	C:\WINDOWS\SYSTEM32\Secur32.dll
0x00007ffc580e0000 - 0x00007ffc58297000 	C:\WINDOWS\SYSTEM32\urlmon.dll
0x00007ffc3e3d0000 - 0x00007ffc3e5e0000 	C:\WINDOWS\SYSTEM32\d3d9.dll
0x00007ffc3e3a0000 - 0x00007ffc3e3c3000 	C:\WINDOWS\SYSTEM32\dxva2.dll
0x00007ffc59b60000 - 0x00007ffc59be4000 	C:\WINDOWS\SYSTEM32\WINSPOOL.DRV
0x00007ffc52740000 - 0x00007ffc52761000 	C:\WINDOWS\SYSTEM32\FONTSUB.dll
0x00007ffc572e0000 - 0x00007ffc572ec000 	C:\WINDOWS\SYSTEM32\DAVHLPR.DLL
0x00007ffc61810000 - 0x00007ffc6184a000 	C:\WINDOWS\SYSTEM32\NTASN1.dll
0x00007ffc5aa40000 - 0x00007ffc5adc9000 	C:\WINDOWS\SYSTEM32\iertutil.dll
0x00007ffc5e800000 - 0x00007ffc5e8c7000 	C:\WINDOWS\SYSTEM32\WINHTTP.dll
0x00007ffc595d0000 - 0x00007ffc595e9000 	C:\WINDOWS\SYSTEM32\SAMCLI.DLL
0x00007ffc610f0000 - 0x00007ffc610fc000 	C:\WINDOWS\SYSTEM32\NETUTILS.DLL
0x00007ffc61960000 - 0x00007ffc6198d000 	C:\WINDOWS\SYSTEM32\SSPICLI.DLL
0x00007ffc600e0000 - 0x00007ffc60112000 	C:\WINDOWS\SYSTEM32\fwbase.dll
0x00007ffc3acb0000 - 0x00007ffc3ad8d000 	D:\java-cef\src\binary_distrib\win64\bin\lib\win64\jcef.dll
0x000000006b560000 - 0x000000006b58a000 	C:\Program Files\Java\jdk1.8.0_60\jre\bin\dcpr.dll
0x00007ffc63720000 - 0x00007ffc63b49000 	C:\WINDOWS\system32\SETUPAPI.dll
0x00007ffc60e90000 - 0x00007ffc60eb7000 	C:\WINDOWS\SYSTEM32\DEVOBJ.dll
0x00007ffc59ad0000 - 0x00007ffc59b58000 	C:\WINDOWS\system32\audioses.dll
0x00007ffc5c3e0000 - 0x00007ffc5c450000 	C:\WINDOWS\system32\MMDevAPI.DLL
0x00007ffc5dcb0000 - 0x00007ffc5dde6000 	C:\WINDOWS\SYSTEM32\wintypes.dll
0x00007ffc5e390000 - 0x00007ffc5e516000 	C:\WINDOWS\system32\PROPSYS.dll
0x00007ffc2e8f0000 - 0x00007ffc2e981000 	C:\WINDOWS\SYSTEM32\mscms.dll
0x00007ffc61bb0000 - 0x00007ffc61c06000 	C:\WINDOWS\SYSTEM32\WINSTA.dll
0x00007ffc5e050000 - 0x00007ffc5e0db000 	C:\WINDOWS\system32\directmanipulation.dll
0x00007ffc56210000 - 0x00007ffc56220000 	C:\WINDOWS\SYSTEM32\atlthunk.dll

VM Arguments:
jvm_args: -Dfile.encoding=UTF-8 -Djava.library.path=D:\java-cef\src\binary_distrib\win64\bin\lib\win64 
java_command: Main
java_class_path (initial): D:\ETRACS25\ETRACStraining\libnew\RXTXcomm.jar;D:\ETRACS25\ETRACStraining\libnew\SigPlus2_60.jar;D:\ETRACS25\ETRACStraining\libnew\activation.jar;D:\ETRACS25\ETRACStraining\libnew\antlr-runtime-3.1.3.jar;D:\ETRACS25\ETRACStraining\libnew\anubis-cms2.jar;D:\ETRACS25\ETRACStraining\libnew\barbecue-1.5.jar;D:\ETRACS25\ETRACStraining\libnew\client-system.jar;D:\ETRACS25\ETRACStraining\libnew\client-ui-extended.jar;D:\ETRACS25\ETRACStraining\libnew\commons-beanutils-1.8.0.jar;D:\ETRACS25\ETRACStraining\libnew\commons-collections-3.2.1.jar;D:\ETRACS25\ETRACStraining\libnew\commons-digester-1.7.jar;D:\ETRACS25\ETRACStraining\libnew\commons-fileupload-1.2.1.jar;D:\ETRACS25\ETRACStraining\libnew\commons-io-1.4.jar;D:\ETRACS25\ETRACStraining\libnew\commons-lang-2.5.jar;D:\ETRACS25\ETRACStraining\libnew\commons-logging-1.1.jar;D:\ETRACS25\ETRACStraining\libnew\db-dialect.jar;D:\ETRACS25\ETRACStraining\libnew\dpuareu.jar;D:\ETRACS25\ETRACStraining\libnew\drools-api-5.1.1.jar;D:\ETRACS25\ETRACStraining\libnew\drools-compiler-5.1.1.jar;D:\ETRACS25\ETRACStraining\libnew\drools-core-5.1.1.jar;D:\ETRACS25\ETRACStraining\libnew\drools-decisiontables-5.1.1.jar;D:\ETRACS25\ETRACStraining\libnew\ezmorph-1.0.6.jar;D:\ETRACS25\ETRACStraining\libnew\groovy-all-1.5.5.jar;D:\ETRACS25\ETRACStraining\libnew\guava-14.0-rc1.jar;D:\ETRACS25\ETRACStraining\libnew\itext-1.3.1.jar;D:\ETRACS25\ETRACStraining\libnew\itextpdf-5.1.2.jar;D:\ETRACS25\ETRACStraining\libnew\janino-2.5.15.jar;D:\ETRACS25\ETRACStraining\libnew\jasperreports-3.0.0.jar;D:\ETRACS25\ETRACStraining\libnew\jcommon-1.0.0.jar;D:\ETRACS25\ETRACStraining\libnew\jdt-compiler-3.1.1.jar;D:\ETRACS25\ETRACStraining\libnew\jetty-continuation-8.1.3.v20120416.jar;D:\ETRACS25\ETRACStraining\libnew\jetty-http-8.1.3.v20120416.jar;D:\ETRACS25\ETRACStraining\libnew\jetty-io-8.1.3.v20120416.jar;D:\ETRACS25\ETRACStraining\libnew\jetty-security-8.1.3.v20120416.jar;D:\ETRACS25\ETRACStraining\libnew\jetty-server-8.1.3.v20120
Launcher Type: SUN_STANDARD

Environment Variables:
PATH=C:\Program Files (x86)\NVIDIA Corporation\PhysX\Common;C:\ProgramData\Oracle\Java\javapath;C:\Program Files (x86)\Intel\iCLS Client\;C:\Program Files\Intel\iCLS Client\;C:\Program Files (x86)\AMD APP\bin\x86_64;C:\Program Files (x86)\AMD APP\bin\x86;C:\WINDOWS\system32;C:\WINDOWS;C:\WINDOWS\System32\Wbem;C:\WINDOWS\System32\WindowsPowerShell\v1.0\;C:\Program Files (x86)\Windows Live\Shared;C:\Program Files (x86)\ATI Technologies\ATI.ACE\Core-Static;C:\Program Files\Intel\Intel(R) Management Engine Components\DAL;C:\Program Files\Intel\Intel(R) Management Engine Components\IPT;C:\Program Files (x86)\Intel\Intel(R) Management Engine Components\DAL;C:\Program Files (x86)\Intel\Intel(R) Management Engine Components\IPT;C:\Program Files (x86)\MySQL\MySQL Server 5.1\bin;C:\Program Files (x86)\Bitvise SSH Client;C:\Program Files\Microsoft SQL Server\120\Tools\Binn\;C:\Program Files (x86)\Windows Kits\10\Windows Performance Toolkit\;C:\Program Files\Microsoft SQL Server\Client SDK\ODBC\110\Tools\Binn\;C:\Program Files (x86)\Microsoft SQL Server\120\Tools\Binn\;C:\Program Files\Microsoft SQL Server\120\DTS\Binn\;C:\Program Files (x86)\QuickTime\QTSystem\;C:\Program Files\Microsoft SQL Server\130\Tools\Binn\;C:\Program Files\Git\cmd;C:\xampp\php;C:\ProgramData\ComposerSetup\bin;C:\Program Files (x86)\nodejs\;C:\Program Files\dotnet\;C:\HashiCorp\Vagrant\bin;C:\Program Files (x86)\Skype\Phone\;C:\Program Files\Amazon\AWSCLI\;C:\Program Files\MySQL\MySQL Server 5.1\bin;C:\Program Files\OpenVPN\bin;C:\Program Files\CMake\bin;C:\Program Files (x86)\Cracklock\Bin;C:\Users\rufino\.dnx\bin;C:\Users\rufino\AppData\Roaming\Composer\vendor\bin;C:\Program Files (x86)\Microsoft VS Code\bin;C:\Users\rufino\AppData\Roaming\npm;C:\Program Files\Java\jdk1.8.0_60\bin;C:\Python27
USERNAME=rufino
OS=Windows_NT
PROCESSOR_IDENTIFIER=Intel64 Family 6 Model 58 Stepping 9, GenuineIntel



---------------  S Y S T E M  ---------------

OS: Windows 10.0 , 64 bit Build 10586 (10.0.10586.589)

CPU:total 4 (2 cores per cpu, 2 threads per core) family 6 model 58 stepping 9, cmov, cx8, fxsr, mmx, sse, sse2, sse3, ssse3, sse4.1, sse4.2, popcnt, avx, aes, clmul, erms, ht, tsc, tscinvbit, tscinv

Memory: 4k page, physical 8282396k(2330512k free), swap 15884572k(5337516k free)

vm_info: Java HotSpot(TM) 64-Bit Server VM (25.60-b23) for windows-amd64 JRE (1.8.0_60-b27), built on Aug  4 2015 11:06:27 by "java_re" with MS VC++ 10.0 (VS2010)

time: Tue May 30 13:43:42 2017
elapsed time: 1249 seconds (0d 0h 20m 49s)

