#
# A fatal error has been detected by the Java Runtime Environment:
#
#  EXCEPTION_ACCESS_VIOLATION (0xc0000005) at pc=0x00007ff9c064eb3a, pid=9368, tid=9288
#
# JRE version: Java(TM) SE Runtime Environment (8.0_60-b27) (build 1.8.0_60-b27)
# Java VM: Java HotSpot(TM) 64-Bit Server VM (25.60-b23 mixed mode windows-amd64 compressed oops)
# Problematic frame:
# C  [jcef.dll+0x1eb3a]
#
# Failed to write core dump. Minidumps are not enabled by default on client versions of Windows
#
# If you would like to submit a bug report, please visit:
#   http://bugreport.java.com/bugreport/crash.jsp
#

---------------  T H R E A D  ---------------

Current thread (0x00000000179b7800):  VMThread [stack: 0x0000000018a60000,0x0000000018b60000] [id=9288]

siginfo: ExceptionCode=0xc0000005, reading address 0x00000000000000b0

Registers:
RAX=0x0000000000000000, RBX=0x0000000000000001, RCX=0x00000000179b79f8, RDX=0x000000001bacb178
RSP=0x0000000018b5ec60, RBP=0x00000000178c5400, RSI=0x00007ff9c06fd190, RDI=0x000000002167ec30
R8 =0x0000000000000001, R9 =0x0000000000000000, R10=0x0000000018b5eca8, R11=0x0000000000000064
R12=0x00000000010085f0, R13=0x0000000000000040, R14=0x0000000001008650, R15=0x0000000000000001
RIP=0x00007ff9c064eb3a, EFLAGS=0x0000000000010202

Top of Stack: (sp=0x0000000018b5ec60)
0x0000000018b5ec60:   0000000000000001 000000002166d300
0x0000000018b5ec70:   0000000001008650 0000000000f40000
0x0000000018b5ec80:   fffffffffffffffe 00000000010085f0
0x0000000018b5ec90:   000000002167ebc0 00007ff9c064ebe5
0x0000000018b5eca0:   0000000001008601 00000000179b79f8
0x0000000018b5ecb0:   0000000000000001 00007ff9d6780abd
0x0000000018b5ecc0:   0000000022432cb0 00007ff9c06516b4
0x0000000018b5ecd0:   000000002243ec50 00007ff9c06fd190
0x0000000018b5ece0:   0000000000000001 0000000022432cb0
0x0000000018b5ecf0:   00000000178c5400 00007ff9c067abe2
0x0000000018b5ed00:   0000000001008650 00007ff9c06fd190
0x0000000018b5ed10:   0000000000000001 0000000022432cb0
0x0000000018b5ed20:   00000000215fdac0 00007ff9c0681642
0x0000000018b5ed30:   000000002167f840 000000002167f840
0x0000000018b5ed40:   0000000000000001 0000000022432cb0
0x0000000018b5ed50:   000000002167f840 00007ff98e820e40 

Instructions: (pc=0x00007ff9c064eb3a)
0x00007ff9c064eb1a:   48 8d 4c 24 48 e8 8c 91 00 00 90 85 c0 75 23 48
0x00007ff9c064eb2a:   8b 4c 24 48 48 85 c9 74 19 48 8b 01 48 8b 57 a0
0x00007ff9c064eb3a:   ff 90 b0 00 00 00 90 48 8d 4c 24 40 e8 05 85 00
0x00007ff9c064eb4a:   00 90 48 8d 4f c8 e8 9b 51 04 00 90 4c 8b 47 b8 


Register to memory mapping:

RAX=0x0000000000000000 is an unknown value
RBX=0x0000000000000001 is an unknown value
RCX=0x00000000179b79f8 is an unknown value
RDX=0x000000001bacb178 is a global jni handle
RSP=0x0000000018b5ec60 is an unknown value
RBP=0x00000000178c5400 is an unknown value
RSI=0x00007ff9c06fd190 is an unknown value
RDI=0x000000002167ec30 is an unknown value
R8 =0x0000000000000001 is an unknown value
R9 =0x0000000000000000 is an unknown value
R10=0x0000000018b5eca8 is an unknown value
R11=0x0000000000000064 is an unknown value
R12=0x00000000010085f0 is an unknown value
R13=0x0000000000000040 is an unknown value
R14=0x0000000001008650 is an unknown value
R15=0x0000000000000001 is an unknown value


Stack: [0x0000000018a60000,0x0000000018b60000],  sp=0x0000000018b5ec60,  free space=1019k
Native frames: (J=compiled Java code, j=interpreted, Vv=VM code, C=native code)
C  [jcef.dll+0x1eb3a]
C  [jcef.dll+0x1ebe5]
C  [jcef.dll+0x216b4]
C  [jcef.dll+0x4abe2]
C  [jcef.dll+0x51642]
C  [libcef.dll+0x1980e40]
C  [libcef.dll+0x227bc96]
C  [libcef.dll+0x227c048]
C  [libcef.dll+0x2283ccf]
C  [libcef.dll+0x19897be]
C  [libcef.dll+0x1985ba0]
C  [jcef.dll+0x39cc8]
C  [jcef.dll+0x3734d]
C  [jcef.dll+0x37720]
C  [jcef.dll+0x86b84]
C  [jcef.dll+0x702b7]
C  [jcef.dll+0x7055d]
C  [jcef.dll+0x6fa48]
C  [jcef.dll+0x649a3]
C  [jcef.dll+0x651a2]
C  [jcef.dll+0x65298]
C  [ntdll.dll+0x152c8]
C  [ntdll.dll+0x5b2ea]
C  [ntdll.dll+0x5b17a]
C  [KERNEL32.DLL+0x24d8a]
C  [msvcr100.dll+0x20ccd]
V  [jvm.dll+0x210a25]
V  [jvm.dll+0x249747]
V  [jvm.dll+0x2489e6]
V  [jvm.dll+0x248e81]
V  [jvm.dll+0x24909e]
V  [jvm.dll+0x299f6a]
C  [msvcr100.dll+0x21d9f]
C  [msvcr100.dll+0x21e3b]
C  [KERNEL32.DLL+0x18102]
C  [ntdll.dll+0x5c5b4]

VM_Operation (0x000000001e28cf40): Exit, mode: safepoint, requested by thread 0x000000001cdf5000


---------------  P R O C E S S  ---------------

Java Threads: ( => current thread )
  0x000000001b708800 JavaThread "Thread-10" daemon [_thread_in_native, id=11676, stack(0x0000000021ee0000,0x0000000021fe0000)]
  0x000000001b70d800 JavaThread "Thread-8" daemon [_thread_in_native, id=7480, stack(0x0000000021450000,0x0000000021550000)]
  0x000000001b70b800 JavaThread "DestroyJavaVM" [_thread_blocked, id=6220, stack(0x0000000002ca0000,0x0000000002da0000)]
  0x000000001b70c000 JavaThread "Thread-2" [_thread_blocked, id=10744, stack(0x000000001e390000,0x000000001e490000)]
  0x000000001cdf6000 JavaThread "TimerQueue" daemon [_thread_blocked, id=9944, stack(0x000000001e290000,0x000000001e390000)]
  0x000000001cdf5000 JavaThread "AWT-EventQueue-0" [_thread_blocked, id=7864, stack(0x000000001e190000,0x000000001e290000)]
  0x000000001b939000 JavaThread "AWT-Shutdown" [_thread_blocked, id=8740, stack(0x000000001e090000,0x000000001e190000)]
  0x0000000019b7b000 JavaThread "Java2D Disposer" daemon [_thread_blocked, id=10716, stack(0x000000001a220000,0x000000001a320000)]
  0x0000000017a4e800 JavaThread "Service Thread" daemon [_thread_blocked, id=4348, stack(0x0000000019740000,0x0000000019840000)]
  0x00000000179fa000 JavaThread "C1 CompilerThread2" daemon [_thread_blocked, id=11976, stack(0x0000000019240000,0x0000000019340000)]
  0x00000000179f0000 JavaThread "C2 CompilerThread1" daemon [_thread_blocked, id=13224, stack(0x0000000019140000,0x0000000019240000)]
  0x00000000179ed800 JavaThread "C2 CompilerThread0" daemon [_thread_blocked, id=2392, stack(0x0000000019040000,0x0000000019140000)]
  0x00000000179ec000 JavaThread "Attach Listener" daemon [_thread_blocked, id=3916, stack(0x0000000018f40000,0x0000000019040000)]
  0x00000000179eb000 JavaThread "Signal Dispatcher" daemon [_thread_blocked, id=5308, stack(0x0000000018e40000,0x0000000018f40000)]
  0x0000000002e99000 JavaThread "Finalizer" daemon [_thread_blocked, id=10232, stack(0x0000000018c60000,0x0000000018d60000)]
  0x0000000002e90000 JavaThread "Reference Handler" daemon [_thread_blocked, id=5792, stack(0x0000000018b60000,0x0000000018c60000)]

Other Threads:
=>0x00000000179b7800 VMThread [stack: 0x0000000018a60000,0x0000000018b60000] [id=9288]

VM state:at safepoint (shutting down)

VM Mutex/Monitor currently owned by a thread:  ([mutex/lock_event])
[0x0000000002da0a50] Threads_lock - owner thread: 0x00000000179b7800

Heap:
 PSYoungGen      total 54272K, used 51695K [0x00000000d5d80000, 0x00000000d9f80000, 0x0000000100000000)
  eden space 44544K, 96% used [0x00000000d5d80000,0x00000000d87623b0,0x00000000d8900000)
  from space 9728K, 90% used [0x00000000d9400000,0x00000000d9c999a8,0x00000000d9d80000)
  to   space 11264K, 0% used [0x00000000d8900000,0x00000000d8900000,0x00000000d9400000)
 ParOldGen       total 64512K, used 8480K [0x0000000081800000, 0x0000000085700000, 0x00000000d5d80000)
  object space 64512K, 13% used [0x0000000081800000,0x0000000082048200,0x0000000085700000)
 Metaspace       used 26926K, capacity 27606K, committed 27776K, reserved 1073152K
  class space    used 3272K, capacity 3417K, committed 3456K, reserved 1048576K

Card table byte_map: [0x0000000012260000,0x0000000012660000] byte_map_base: 0x0000000011e54000

Marking Bits: (ParMarkBitMap*) 0x000000006fb7a5b0
 Begin Bits: [0x0000000012d10000, 0x0000000014cb0000)
 End Bits:   [0x0000000014cb0000, 0x0000000016c50000)

Polling page: 0x0000000002ae0000

CodeCache: size=245760Kb used=14188Kb max_used=14264Kb free=231571Kb
 bounds [0x0000000002ea0000, 0x0000000003cb0000, 0x0000000011ea0000]
 total_blobs=4556 nmethods=3978 adapters=488
 compilation: enabled

Compilation events (10 events):
Event: 35.687 Thread 0x00000000179fa000 4461       3       java.awt.AWTEventMulticaster::remove (68 bytes)
Event: 35.688 Thread 0x00000000179fa000 nmethod 4461 0x00000000030641d0 code [0x00000000030643c0, 0x0000000003065018]
Event: 35.688 Thread 0x00000000179fa000 4462   !   3       java.awt.KeyboardFocusManager::getPermanentFocusOwner (42 bytes)
Event: 35.689 Thread 0x00000000179fa000 nmethod 4462 0x0000000003063a90 code [0x0000000003063c20, 0x0000000003064068]
Event: 35.689 Thread 0x00000000179fa000 4463   !   3       java.awt.Container::removeNotify (125 bytes)
Event: 35.692 Thread 0x00000000179fa000 nmethod 4463 0x0000000003c90b50 code [0x0000000003c90e00, 0x0000000003c923f8]
Event: 35.693 Thread 0x00000000179fa000 4464  s    3       sun.awt.im.InputContext::removeNotify (148 bytes)
Event: 35.699 Thread 0x00000000179fa000 nmethod 4464 0x0000000003c8c0d0 code [0x0000000003c8c520, 0x0000000003c8f3c8]
Event: 35.780 Thread 0x00000000179fa000 4465       3       java.util.PriorityQueue::siftDownComparable (118 bytes)
Event: 35.780 Thread 0x00000000179fa000 nmethod 4465 0x00000000030629d0 code [0x0000000003062ba0, 0x0000000003063598]

GC Heap History (10 events):
Event: 4.150 GC heap before
{Heap before GC invocations=3 (full 0):
 PSYoungGen      total 38400K, used 36963K [0x00000000d5d80000, 0x00000000d8800000, 0x0000000100000000)
  eden space 33280K, 100% used [0x00000000d5d80000,0x00000000d7e00000,0x00000000d7e00000)
  from space 5120K, 71% used [0x00000000d8300000,0x00000000d8698e70,0x00000000d8800000)
  to   space 5120K, 0% used [0x00000000d7e00000,0x00000000d7e00000,0x00000000d8300000)
 ParOldGen       total 87552K, used 24K [0x0000000081800000, 0x0000000086d80000, 0x00000000d5d80000)
  object space 87552K, 0% used [0x0000000081800000,0x0000000081806000,0x0000000086d80000)
 Metaspace       used 16117K, capacity 16340K, committed 16512K, reserved 1064960K
  class space    used 1791K, capacity 1880K, committed 1920K, reserved 1048576K
Event: 4.162 GC heap after
Heap after GC invocations=3 (full 0):
 PSYoungGen      total 38400K, used 5111K [0x00000000d5d80000, 0x00000000d8800000, 0x0000000100000000)
  eden space 33280K, 0% used [0x00000000d5d80000,0x00000000d5d80000,0x00000000d7e00000)
  from space 5120K, 99% used [0x00000000d7e00000,0x00000000d82fde90,0x00000000d8300000)
  to   space 5120K, 0% used [0x00000000d8300000,0x00000000d8300000,0x00000000d8800000)
 ParOldGen       total 87552K, used 2345K [0x0000000081800000, 0x0000000086d80000, 0x00000000d5d80000)
  object space 87552K, 2% used [0x0000000081800000,0x0000000081a4a6a0,0x0000000086d80000)
 Metaspace       used 16117K, capacity 16340K, committed 16512K, reserved 1064960K
  class space    used 1791K, capacity 1880K, committed 1920K, reserved 1048576K
}
Event: 4.931 GC heap before
{Heap before GC invocations=4 (full 0):
 PSYoungGen      total 38400K, used 33873K [0x00000000d5d80000, 0x00000000d8800000, 0x0000000100000000)
  eden space 33280K, 86% used [0x00000000d5d80000,0x00000000d79966e8,0x00000000d7e00000)
  from space 5120K, 99% used [0x00000000d7e00000,0x00000000d82fde90,0x00000000d8300000)
  to   space 5120K, 0% used [0x00000000d8300000,0x00000000d8300000,0x00000000d8800000)
 ParOldGen       total 87552K, used 2345K [0x0000000081800000, 0x0000000086d80000, 0x00000000d5d80000)
  object space 87552K, 2% used [0x0000000081800000,0x0000000081a4a6a0,0x0000000086d80000)
 Metaspace       used 20877K, capacity 21220K, committed 21248K, reserved 1069056K
  class space    used 2434K, capacity 2547K, committed 2560K, reserved 1048576K
Event: 4.946 GC heap after
Heap after GC invocations=4 (full 0):
 PSYoungGen      total 38400K, used 5095K [0x00000000d5d80000, 0x00000000da880000, 0x0000000100000000)
  eden space 33280K, 0% used [0x00000000d5d80000,0x00000000d5d80000,0x00000000d7e00000)
  from space 5120K, 99% used [0x00000000d8300000,0x00000000d87f9e80,0x00000000d8800000)
  to   space 5120K, 0% used [0x00000000d7e00000,0x00000000d7e00000,0x00000000d8300000)
 ParOldGen       total 87552K, used 5333K [0x0000000081800000, 0x0000000086d80000, 0x00000000d5d80000)
  object space 87552K, 6% used [0x0000000081800000,0x0000000081d35440,0x0000000086d80000)
 Metaspace       used 20877K, capacity 21220K, committed 21248K, reserved 1069056K
  class space    used 2434K, capacity 2547K, committed 2560K, reserved 1048576K
}
Event: 4.946 GC heap before
{Heap before GC invocations=5 (full 1):
 PSYoungGen      total 38400K, used 5095K [0x00000000d5d80000, 0x00000000da880000, 0x0000000100000000)
  eden space 33280K, 0% used [0x00000000d5d80000,0x00000000d5d80000,0x00000000d7e00000)
  from space 5120K, 99% used [0x00000000d8300000,0x00000000d87f9e80,0x00000000d8800000)
  to   space 5120K, 0% used [0x00000000d7e00000,0x00000000d7e00000,0x00000000d8300000)
 ParOldGen       total 87552K, used 5333K [0x0000000081800000, 0x0000000086d80000, 0x00000000d5d80000)
  object space 87552K, 6% used [0x0000000081800000,0x0000000081d35440,0x0000000086d80000)
 Metaspace       used 20877K, capacity 21220K, committed 21248K, reserved 1069056K
  class space    used 2434K, capacity 2547K, committed 2560K, reserved 1048576K
Event: 5.018 GC heap after
Heap after GC invocations=5 (full 1):
 PSYoungGen      total 38400K, used 0K [0x00000000d5d80000, 0x00000000da880000, 0x0000000100000000)
  eden space 33280K, 0% used [0x00000000d5d80000,0x00000000d5d80000,0x00000000d7e00000)
  from space 5120K, 0% used [0x00000000d8300000,0x00000000d8300000,0x00000000d8800000)
  to   space 5120K, 0% used [0x00000000d7e00000,0x00000000d7e00000,0x00000000d8300000)
 ParOldGen       total 64512K, used 8464K [0x0000000081800000, 0x0000000085700000, 0x00000000d5d80000)
  object space 64512K, 13% used [0x0000000081800000,0x0000000082044200,0x0000000085700000)
 Metaspace       used 20877K, capacity 21220K, committed 21248K, reserved 1069056K
  class space    used 2434K, capacity 2547K, committed 2560K, reserved 1048576K
}
Event: 7.238 GC heap before
{Heap before GC invocations=6 (full 1):
 PSYoungGen      total 38400K, used 33280K [0x00000000d5d80000, 0x00000000da880000, 0x0000000100000000)
  eden space 33280K, 100% used [0x00000000d5d80000,0x00000000d7e00000,0x00000000d7e00000)
  from space 5120K, 0% used [0x00000000d8300000,0x00000000d8300000,0x00000000d8800000)
  to   space 5120K, 0% used [0x00000000d7e00000,0x00000000d7e00000,0x00000000d8300000)
 ParOldGen       total 64512K, used 8464K [0x0000000081800000, 0x0000000085700000, 0x00000000d5d80000)
  object space 64512K, 13% used [0x0000000081800000,0x0000000082044200,0x0000000085700000)
 Metaspace       used 22557K, capacity 23034K, committed 23296K, reserved 1069056K
  class space    used 2669K, capacity 2781K, committed 2816K, reserved 1048576K
Event: 7.243 GC heap after
Heap after GC invocations=6 (full 1):
 PSYoungGen      total 38400K, used 2299K [0x00000000d5d80000, 0x00000000d9d80000, 0x0000000100000000)
  eden space 33280K, 0% used [0x00000000d5d80000,0x00000000d5d80000,0x00000000d7e00000)
  from space 5120K, 44% used [0x00000000d7e00000,0x00000000d803ede8,0x00000000d8300000)
  to   space 9728K, 0% used [0x00000000d9400000,0x00000000d9400000,0x00000000d9d80000)
 ParOldGen       total 64512K, used 8472K [0x0000000081800000, 0x0000000085700000, 0x00000000d5d80000)
  object space 64512K, 13% used [0x0000000081800000,0x0000000082046200,0x0000000085700000)
 Metaspace       used 22557K, capacity 23034K, committed 23296K, reserved 1069056K
  class space    used 2669K, capacity 2781K, committed 2816K, reserved 1048576K
}
Event: 10.012 GC heap before
{Heap before GC invocations=7 (full 1):
 PSYoungGen      total 38400K, used 35579K [0x00000000d5d80000, 0x00000000d9d80000, 0x0000000100000000)
  eden space 33280K, 100% used [0x00000000d5d80000,0x00000000d7e00000,0x00000000d7e00000)
  from space 5120K, 44% used [0x00000000d7e00000,0x00000000d803ede8,0x00000000d8300000)
  to   space 9728K, 0% used [0x00000000d9400000,0x00000000d9400000,0x00000000d9d80000)
 ParOldGen       total 64512K, used 8472K [0x0000000081800000, 0x0000000085700000, 0x00000000d5d80000)
  object space 64512K, 13% used [0x0000000081800000,0x0000000082046200,0x0000000085700000)
 Metaspace       used 25303K, capacity 26026K, committed 26240K, reserved 1073152K
  class space    used 3054K, capacity 3191K, committed 3200K, reserved 1048576K
Event: 10.023 GC heap after
Heap after GC invocations=7 (full 1):
 PSYoungGen      total 54272K, used 8806K [0x00000000d5d80000, 0x00000000d9f80000, 0x0000000100000000)
  eden space 44544K, 0% used [0x00000000d5d80000,0x00000000d5d80000,0x00000000d8900000)
  from space 9728K, 90% used [0x00000000d9400000,0x00000000d9c999a8,0x00000000d9d80000)
  to   space 11264K, 0% used [0x00000000d8900000,0x00000000d8900000,0x00000000d9400000)
 ParOldGen       total 64512K, used 8480K [0x0000000081800000, 0x0000000085700000, 0x00000000d5d80000)
  object space 64512K, 13% used [0x0000000081800000,0x0000000082048200,0x0000000085700000)
 Metaspace       used 25303K, capacity 26026K, committed 26240K, reserved 1073152K
  class space    used 3054K, capacity 3191K, committed 3200K, reserved 1048576K
}

Deoptimization events (10 events):
Event: 19.044 Thread 0x000000001cdf5000 Uncommon trap: reason=speculate_class_check action=maybe_recompile pc=0x0000000003b51ac0 method=java.awt.Component.getNormalShape()Lsun/java2d/pipe/Region; @ 5
Event: 19.185 Thread 0x000000001cdf5000 Uncommon trap: reason=bimorphic action=maybe_recompile pc=0x0000000003626198 method=javax.swing.UIDefaults.getFromHashtable(Ljava/lang/Object;)Ljava/lang/Object; @ 126
Event: 19.215 Thread 0x000000001cdf5000 Uncommon trap: reason=class_check action=maybe_recompile pc=0x00000000031e3650 method=java.util.AbstractList$Itr.hasNext()Z @ 8
Event: 19.215 Thread 0x000000001cdf5000 Uncommon trap: reason=class_check action=maybe_recompile pc=0x00000000031f0184 method=java.util.AbstractList$Itr.next()Ljava/lang/Object; @ 14
Event: 20.155 Thread 0x000000001cdf5000 Uncommon trap: reason=unstable_if action=reinterpret pc=0x0000000003b9b794 method=java.awt.Component.inside(II)Z @ 1
Event: 24.066 Thread 0x000000001cdf5000 Uncommon trap: reason=unstable_if action=reinterpret pc=0x0000000003b39b4c method=javax.swing.SwingUtilities.computeIntersection(IIIILjava/awt/Rectangle;)Ljava/awt/Rectangle; @ 62
Event: 24.066 Thread 0x000000001cdf5000 Uncommon trap: reason=unstable_if action=reinterpret pc=0x0000000003b39bb8 method=javax.swing.SwingUtilities.computeIntersection(IIIILjava/awt/Rectangle;)Ljava/awt/Rectangle; @ 62
Event: 24.066 Thread 0x000000001cdf5000 Uncommon trap: reason=unstable_if action=reinterpret pc=0x0000000003b39bb8 method=javax.swing.SwingUtilities.computeIntersection(IIIILjava/awt/Rectangle;)Ljava/awt/Rectangle; @ 62
Event: 35.675 Thread 0x000000001cdf5000 Uncommon trap: reason=unstable_if action=reinterpret pc=0x0000000003096404 method=java.util.ArrayList.rangeCheck(I)V @ 5
Event: 35.715 Thread 0x000000001b70e800 Uncommon trap: reason=unstable_if action=reinterpret pc=0x0000000003a6ff8c method=java.util.concurrent.locks.ReentrantLock$Sync.tryRelease(I)Z @ 14

Internal exceptions (10 events):
Event: 10.056 Thread 0x000000001cdf5000 Exception <a 'java/lang/ClassNotFoundException': java/awt/WindowCustomizer> (0x00000000d60054c0) thrown at [C:\re\workspace\8-2-build-windows-amd64-cygwin\jdk8u60\4407\hotspot\src\share\vm\classfile\systemDictionary.cpp, line 210]
Event: 10.066 Thread 0x000000001cdf5000 Exception <a 'java/lang/ClassNotFoundException': java/awt/DialogCustomizer> (0x00000000d60748b0) thrown at [C:\re\workspace\8-2-build-windows-amd64-cygwin\jdk8u60\4407\hotspot\src\share\vm\classfile\systemDictionary.cpp, line 210]
Event: 10.072 Thread 0x000000001cdf5000 Exception <a 'java/lang/ClassNotFoundException': javax/swing/JDialogCustomizer> (0x00000000d60a8608) thrown at [C:\re\workspace\8-2-build-windows-amd64-cygwin\jdk8u60\4407\hotspot\src\share\vm\classfile\systemDictionary.cpp, line 210]
Event: 10.077 Thread 0x000000001cdf5000 Exception <a 'java/lang/ClassNotFoundException': com/rameses/rcp/impl/PopupDialogCustomizer> (0x00000000d60e72d0) thrown at [C:\re\workspace\8-2-build-windows-amd64-cygwin\jdk8u60\4407\hotspot\src\share\vm\classfile\systemDictionary.cpp, line 210]
Event: 10.090 Thread 0x000000001cdf5000 Exception <a 'java/lang/IllegalArgumentException': argument type mismatch> (0x00000000d61eea50) thrown at [C:\re\workspace\8-2-build-windows-amd64-cygwin\jdk8u60\4407\hotspot\src\share\vm\runtime\reflection.cpp, line 1064]
Event: 10.091 Thread 0x000000001cdf5000 Exception <a 'java/lang/IllegalArgumentException': argument type mismatch> (0x00000000d61efcf0) thrown at [C:\re\workspace\8-2-build-windows-amd64-cygwin\jdk8u60\4407\hotspot\src\share\vm\runtime\reflection.cpp, line 201]
Event: 19.171 Thread 0x000000001cdf5000 Exception <a 'java/lang/reflect/InvocationTargetException'> (0x00000000d7bcbbf8) thrown at [C:\re\workspace\8-2-build-windows-amd64-cygwin\jdk8u60\4407\hotspot\src\share\vm\runtime\reflection.cpp, line 1092]
Event: 19.172 Thread 0x000000001cdf5000 Exception <a 'java/lang/IllegalStateException'> (0x00000000d7bcb740) thrown at [C:\re\workspace\8-2-build-windows-amd64-cygwin\jdk8u60\4407\hotspot\src\share\vm\prims\jni.cpp, line 709]
Event: 23.107 Thread 0x000000001cdf5000 Exception <a 'java/lang/reflect/InvocationTargetException'> (0x00000000d7eded50) thrown at [C:\re\workspace\8-2-build-windows-amd64-cygwin\jdk8u60\4407\hotspot\src\share\vm\runtime\reflection.cpp, line 1092]
Event: 23.107 Thread 0x000000001cdf5000 Exception <a 'java/lang/IllegalStateException'> (0x00000000d7ede960) thrown at [C:\re\workspace\8-2-build-windows-amd64-cygwin\jdk8u60\4407\hotspot\src\share\vm\prims\jni.cpp, line 709]

Events (10 events):
Event: 35.714 Thread 0x000000001b70d000 Thread exited: 0x000000001b70d000
Event: 35.715 Thread 0x000000001b70e800 Uncommon trap: trap_request=0xffffff65 fr.pc=0x0000000003a6ff8c
Event: 35.715 Thread 0x000000001b70e800 DEOPT PACKING pc=0x0000000003a6ff8c sp=0x000000002634f000
Event: 35.715 Thread 0x000000001b70e800 DEOPT UNPACKING pc=0x0000000002ee582a sp=0x000000002634ef80 mode 2
Event: 35.715 Thread 0x000000001b70e800 Thread exited: 0x000000001b70e800
Event: 35.716 Thread 0x000000001b70f000 Thread exited: 0x000000001b70f000
Event: 35.716 Thread 0x000000001b70a800 Thread exited: 0x000000001b70a800
Event: 35.719 Thread 0x0000000019b7e800 Thread exited: 0x0000000019b7e800
Event: 35.817 Thread 0x000000001b70a000 Thread exited: 0x000000001b70a000
Event: 35.817 Executing VM operation: Exit


Dynamic libraries:
0x00007ff655280000 - 0x00007ff6552b7000 	C:\Program Files\Java\jdk1.8.0_60\jre\bin\java.exe
0x00007ff9d6760000 - 0x00007ff9d6921000 	C:\WINDOWS\SYSTEM32\ntdll.dll
0x00007ff9d4580000 - 0x00007ff9d462d000 	C:\WINDOWS\system32\KERNEL32.DLL
0x00007ff9d2ef0000 - 0x00007ff9d30d8000 	C:\WINDOWS\system32\KERNELBASE.dll
0x00007ff9d6380000 - 0x00007ff9d6427000 	C:\WINDOWS\system32\ADVAPI32.dll
0x00007ff9d62e0000 - 0x00007ff9d637d000 	C:\WINDOWS\system32\msvcrt.dll
0x00007ff9d3b60000 - 0x00007ff9d3bbb000 	C:\WINDOWS\system32\sechost.dll
0x00007ff9d6640000 - 0x00007ff9d675c000 	C:\WINDOWS\system32\RPCRT4.dll
0x00007ff9d6430000 - 0x00007ff9d6586000 	C:\WINDOWS\system32\USER32.dll
0x00007ff9d3c10000 - 0x00007ff9d3d96000 	C:\WINDOWS\system32\GDI32.dll
0x00007ff9c8d50000 - 0x00007ff9c8fc4000 	C:\WINDOWS\WinSxS\amd64_microsoft.windows.common-controls_6595b64144ccf1df_6.0.10586.672_none_a2d6b3cea53ff843\COMCTL32.dll
0x00007ff9d4740000 - 0x00007ff9d49bd000 	C:\WINDOWS\system32\combase.dll
0x00007ff9d2e10000 - 0x00007ff9d2e7a000 	C:\WINDOWS\system32\bcryptPrimitives.dll
0x00007ff9d3bd0000 - 0x00007ff9d3c0b000 	C:\WINDOWS\system32\IMM32.DLL
0x000000006f290000 - 0x000000006f362000 	C:\Program Files\Java\jdk1.8.0_60\jre\bin\msvcr100.dll
0x000000006f370000 - 0x000000006fbf9000 	C:\Program Files\Java\jdk1.8.0_60\jre\bin\server\jvm.dll
0x00007ff9d3da0000 - 0x00007ff9d3da8000 	C:\WINDOWS\system32\PSAPI.DLL
0x00007ff9bf1c0000 - 0x00007ff9bf1c9000 	C:\WINDOWS\SYSTEM32\WSOCK32.dll
0x00007ff9d40e0000 - 0x00007ff9d414b000 	C:\WINDOWS\system32\WS2_32.dll
0x00007ff9cf330000 - 0x00007ff9cf33a000 	C:\WINDOWS\SYSTEM32\VERSION.dll
0x00007ff9d0a20000 - 0x00007ff9d0a43000 	C:\WINDOWS\SYSTEM32\WINMM.dll
0x0000000002ab0000 - 0x0000000002adc000 	C:\WINDOWS\SYSTEM32\WINMMBASE.dll
0x00007ff9d2e80000 - 0x00007ff9d2ec3000 	C:\WINDOWS\system32\cfgmgr32.dll
0x0000000071660000 - 0x000000007166f000 	C:\Program Files\Java\jdk1.8.0_60\jre\bin\verify.dll
0x000000006f220000 - 0x000000006f249000 	C:\Program Files\Java\jdk1.8.0_60\jre\bin\java.dll
0x000000006f200000 - 0x000000006f216000 	C:\Program Files\Java\jdk1.8.0_60\jre\bin\zip.dll
0x00007ff9d4c30000 - 0x00007ff9d618c000 	C:\WINDOWS\system32\SHELL32.dll
0x00007ff9d31a0000 - 0x00007ff9d37e5000 	C:\WINDOWS\system32\windows.storage.dll
0x00007ff9d3e20000 - 0x00007ff9d3e72000 	C:\WINDOWS\system32\shlwapi.dll
0x00007ff9d2df0000 - 0x00007ff9d2dff000 	C:\WINDOWS\system32\kernel.appcore.dll
0x00007ff9d30e0000 - 0x00007ff9d3195000 	C:\WINDOWS\system32\shcore.dll
0x00007ff9d2da0000 - 0x00007ff9d2deb000 	C:\WINDOWS\system32\powrprof.dll
0x00007ff9d2d80000 - 0x00007ff9d2d94000 	C:\WINDOWS\system32\profapi.dll
0x000000006f020000 - 0x000000006f1b8000 	C:\Program Files\Java\jdk1.8.0_60\jre\bin\awt.dll
0x00007ff9d3ea0000 - 0x00007ff9d3f66000 	C:\WINDOWS\system32\OLEAUT32.dll
0x00007ff9d1570000 - 0x00007ff9d15e9000 	C:\WINDOWS\system32\apphelp.dll
0x00007ff9d1620000 - 0x00007ff9d16b6000 	C:\WINDOWS\system32\uxtheme.dll
0x00007ff9d3f70000 - 0x00007ff9d40ca000 	C:\WINDOWS\system32\MSCTF.dll
0x00007ff9d1280000 - 0x00007ff9d12a2000 	C:\WINDOWS\system32\dwmapi.dll
0x00007ff9d6190000 - 0x00007ff9d62d3000 	C:\WINDOWS\system32\ole32.dll
0x000000006efd0000 - 0x000000006f017000 	C:\Program Files\Java\jdk1.8.0_60\jre\bin\fontmanager.dll
0x000000006f1e0000 - 0x000000006f1fa000 	C:\Program Files\Java\jdk1.8.0_60\jre\bin\net.dll
0x00007ff9d2650000 - 0x00007ff9d26ac000 	C:\WINDOWS\system32\mswsock.dll
0x000000006f1c0000 - 0x000000006f1d1000 	C:\Program Files\Java\jdk1.8.0_60\jre\bin\nio.dll
0x000000006bda0000 - 0x000000006bdd1000 	C:\Program Files\Java\jdk1.8.0_60\jre\bin\jpeg.dll
0x00007ff9d2700000 - 0x00007ff9d2717000 	C:\WINDOWS\SYSTEM32\CRYPTSP.dll
0x00007ff9d2390000 - 0x00007ff9d23c4000 	C:\WINDOWS\system32\rsaenh.dll
0x00007ff9d2cc0000 - 0x00007ff9d2ce9000 	C:\WINDOWS\SYSTEM32\bcrypt.dll
0x00007ff9d24e0000 - 0x00007ff9d24ff000 	C:\WINDOWS\SYSTEM32\USERENV.dll
0x00007ff9d2820000 - 0x00007ff9d282b000 	C:\WINDOWS\SYSTEM32\CRYPTBASE.dll
0x00007ff9d0280000 - 0x00007ff9d02b8000 	C:\WINDOWS\SYSTEM32\IPHLPAPI.DLL
0x00007ff9d40d0000 - 0x00007ff9d40d8000 	C:\WINDOWS\system32\NSI.dll
0x00007ff9cb9a0000 - 0x00007ff9cb9b6000 	C:\WINDOWS\SYSTEM32\dhcpcsvc6.DLL
0x00007ff9cc2d0000 - 0x00007ff9cc2ea000 	C:\WINDOWS\SYSTEM32\dhcpcsvc.DLL
0x000000006c820000 - 0x000000006c844000 	C:\Program Files\Java\jdk1.8.0_60\jre\bin\sunec.dll
0x00007ff9bc690000 - 0x00007ff9bc6a6000 	C:\WINDOWS\system32\napinsp.dll
0x00007ff9bc560000 - 0x00007ff9bc57a000 	C:\WINDOWS\system32\pnrpnsp.dll
0x00007ff9d0e90000 - 0x00007ff9d0ea8000 	C:\WINDOWS\system32\NLAapi.dll
0x00007ff9d17f0000 - 0x00007ff9d189a000 	C:\WINDOWS\SYSTEM32\DNSAPI.dll
0x00007ff9bc460000 - 0x00007ff9bc46d000 	C:\WINDOWS\System32\winrnr.dll
0x0000000071580000 - 0x00000000715a6000 	C:\Program Files\Bonjour\mdnsNSP.dll
0x00007ff9bc430000 - 0x00007ff9bc445000 	C:\WINDOWS\System32\wshbth.dll
0x00007ff9bcc80000 - 0x00007ff9bcc8a000 	C:\Windows\System32\rasadhlp.dll
0x00007ff9c8550000 - 0x00007ff9c85b7000 	C:\WINDOWS\System32\fwpuclnt.dll
0x000000006ef80000 - 0x000000006efc2000 	C:\Program Files\Java\jdk1.8.0_60\jre\bin\t2k.dll
0x00007ff9d6590000 - 0x00007ff9d6637000 	C:\WINDOWS\system32\clbcatq.dll
0x00007ff9ce090000 - 0x00007ff9ce241000 	C:\WINDOWS\SYSTEM32\WindowsCodecs.dll
0x00007ff9cfa40000 - 0x00007ff9cfce8000 	C:\WINDOWS\system32\d3d11.dll
0x00007ff9cf990000 - 0x00007ff9cfa32000 	C:\WINDOWS\system32\dxgi.dll
0x000000006c850000 - 0x000000006c857000 	C:\Program Files\Java\jdk1.8.0_60\jre\bin\jawt.dll
0x00007ff9c9580000 - 0x00007ff9c9614000 	D:\java-cef\src\binary_distrib\win64\bin\lib\win64\chrome_elf.dll
0x00007ff98cea0000 - 0x00007ff9927fb000 	D:\java-cef\src\binary_distrib\win64\bin\lib\win64\libcef.dll
0x00007ff9d4630000 - 0x00007ff9d473b000 	C:\WINDOWS\system32\COMDLG32.dll
0x00007ff9d37f0000 - 0x00007ff9d3876000 	C:\WINDOWS\system32\FirewallAPI.dll
0x00007ff9d2ed0000 - 0x00007ff9d2ee7000 	C:\WINDOWS\system32\NETAPI32.dll
0x00007ff9bd140000 - 0x00007ff9bd1aa000 	C:\WINDOWS\SYSTEM32\OLEACC.dll
0x00007ff9d12e0000 - 0x00007ff9d12f3000 	C:\WINDOWS\SYSTEM32\WTSAPI32.dll
0x00007ff9d3880000 - 0x00007ff9d3a48000 	C:\WINDOWS\system32\CRYPT32.dll
0x00007ff9d2e00000 - 0x00007ff9d2e10000 	C:\WINDOWS\system32\MSASN1.dll
0x00007ff9bc790000 - 0x00007ff9bc91c000 	C:\WINDOWS\SYSTEM32\dbghelp.dll
0x00007ff9d3a50000 - 0x00007ff9d3aa5000 	C:\WINDOWS\system32\WINTRUST.dll
0x00007ff9cac10000 - 0x00007ff9cac28000 	C:\WINDOWS\SYSTEM32\USP10.dll
0x00007ff9a1410000 - 0x00007ff9a1446000 	C:\WINDOWS\SYSTEM32\credui.dll
0x00007ff9c3ca0000 - 0x00007ff9c3d39000 	C:\WINDOWS\SYSTEM32\CRYPTUI.dll
0x00007ff9bf820000 - 0x00007ff9bfa7f000 	C:\WINDOWS\SYSTEM32\DWrite.dll
0x00007ff9bec60000 - 0x00007ff9bec6c000 	C:\WINDOWS\SYSTEM32\DAVHLPR.DLL
0x00007ff9d28f0000 - 0x00007ff9d2917000 	C:\WINDOWS\SYSTEM32\ncrypt.dll
0x00007ff9d0140000 - 0x00007ff9d014c000 	C:\WINDOWS\SYSTEM32\Secur32.dll
0x00007ff9c7970000 - 0x00007ff9c7b27000 	C:\WINDOWS\SYSTEM32\urlmon.dll
0x00007ff9d0180000 - 0x00007ff9d0247000 	C:\WINDOWS\SYSTEM32\WINHTTP.dll
0x00007ff9b4700000 - 0x00007ff9b4910000 	C:\WINDOWS\SYSTEM32\d3d9.dll
0x00007ff9cb060000 - 0x00007ff9cb083000 	C:\WINDOWS\SYSTEM32\dxva2.dll
0x00007ff9cda50000 - 0x00007ff9cdad4000 	C:\WINDOWS\SYSTEM32\WINSPOOL.DRV
0x00007ff9ca760000 - 0x00007ff9ca781000 	C:\WINDOWS\SYSTEM32\FONTSUB.dll
0x00007ff9d28b0000 - 0x00007ff9d28ea000 	C:\WINDOWS\SYSTEM32\NTASN1.dll
0x00007ff9cdc80000 - 0x00007ff9ce008000 	C:\WINDOWS\SYSTEM32\iertutil.dll
0x00007ff9cbf80000 - 0x00007ff9cbf99000 	C:\WINDOWS\SYSTEM32\SAMCLI.DLL
0x00007ff9d2190000 - 0x00007ff9d219c000 	C:\WINDOWS\SYSTEM32\NETUTILS.DLL
0x00007ff9d2a00000 - 0x00007ff9d2a2d000 	C:\WINDOWS\SYSTEM32\SSPICLI.DLL
0x00007ff9d1b30000 - 0x00007ff9d1b62000 	C:\WINDOWS\SYSTEM32\fwbase.dll
0x00007ff9c0630000 - 0x00007ff9c070d000 	D:\java-cef\src\binary_distrib\win64\bin\lib\win64\jcef.dll
0x00007ff9d4150000 - 0x00007ff9d4579000 	C:\WINDOWS\system32\SETUPAPI.dll
0x00007ff9d17a0000 - 0x00007ff9d17c7000 	C:\WINDOWS\SYSTEM32\DEVOBJ.dll
0x00007ff9cb0f0000 - 0x00007ff9cb178000 	C:\WINDOWS\system32\audioses.dll
0x00007ff9cbf10000 - 0x00007ff9cbf80000 	C:\WINDOWS\system32\MMDevAPI.DLL
0x00007ff9cdb30000 - 0x00007ff9cdc66000 	C:\WINDOWS\SYSTEM32\wintypes.dll
0x00007ff9cfe90000 - 0x00007ff9d0016000 	C:\WINDOWS\system32\PROPSYS.dll
0x00007ff9c7ba0000 - 0x00007ff9c7c31000 	C:\WINDOWS\SYSTEM32\mscms.dll
0x00007ff9d2c50000 - 0x00007ff9d2ca6000 	C:\WINDOWS\SYSTEM32\WINSTA.dll
0x00007ff9ca8d0000 - 0x00007ff9ca95b000 	C:\WINDOWS\system32\directmanipulation.dll
0x00007ff9b7090000 - 0x00007ff9b70a0000 	C:\WINDOWS\SYSTEM32\atlthunk.dll
0x00007ff9d1d80000 - 0x00007ff9d1da4000 	C:\WINDOWS\SYSTEM32\gpapi.dll
0x00007ff9c5ce0000 - 0x00007ff9c5d8a000 	C:\WINDOWS\WinSxS\amd64_microsoft.windows.common-controls_6595b64144ccf1df_5.82.10586.0_none_396e892957c7fb25\comctl32.dll

VM Arguments:
jvm_args: -Dfile.encoding=UTF-8 -Djava.library.path=D:\java-cef\src\binary_distrib\win64\bin\lib\win64 
java_command: Main
java_class_path (initial): D:\ETRACS25\ETRACStraining\libnew\RXTXcomm.jar;D:\ETRACS25\ETRACStraining\libnew\SigPlus2_60.jar;D:\ETRACS25\ETRACStraining\libnew\barbecue-1.5.jar;D:\ETRACS25\ETRACStraining\libnew\client-system.jar;D:\ETRACS25\ETRACStraining\libnew\client-ui-extended.jar;D:\ETRACS25\ETRACStraining\libnew\commons-beanutils-1.8.0.jar;D:\ETRACS25\ETRACStraining\libnew\commons-digester-1.7.jar;D:\ETRACS25\ETRACStraining\libnew\commons-fileupload-1.2.1.jar;D:\ETRACS25\ETRACStraining\libnew\commons-io-1.4.jar;D:\ETRACS25\ETRACStraining\libnew\commons-lang-2.5.jar;D:\ETRACS25\ETRACStraining\libnew\commons-logging-1.1.jar;D:\ETRACS25\ETRACStraining\libnew\dpuareu.jar;D:\ETRACS25\ETRACStraining\libnew\ezmorph-1.0.6.jar;D:\ETRACS25\ETRACStraining\libnew\groovy-all-1.5.5.jar;D:\ETRACS25\ETRACStraining\libnew\itext-1.3.1.jar;D:\ETRACS25\ETRACStraining\libnew\itextpdf-5.1.2.jar;D:\ETRACS25\ETRACStraining\libnew\jasperreports-3.0.0.jar;D:\ETRACS25\ETRACStraining\libnew\jcommon-1.0.0.jar;D:\ETRACS25\ETRACStraining\libnew\jdt-compiler-3.1.1.jar;D:\ETRACS25\ETRACStraining\libnew\jfreechart-1.0.3.jar;D:\ETRACS25\ETRACStraining\libnew\json-lib-2.3-jdk15.jar;D:\ETRACS25\ETRACStraining\libnew\juel-2.1.2.jar;D:\ETRACS25\ETRACStraining\libnew\osiris2-client-themes.jar;D:\ETRACS25\ETRACStraining\libnew\osiris2-client-ui.jar;D:\ETRACS25\ETRACStraining\libnew\osiris2-framework.jar;D:\ETRACS25\ETRACStraining\libnew\osiris2-report.jar;D:\ETRACS25\ETRACStraining\libnew\osiris2-test-platform.jar;D:\ETRACS25\ETRACStraining\libnew\png-encoder-1.5.jar;D:\ETRACS25\ETRACStraining\libnew\poi-3.0.1-FINAL-20070705.jar;D:\ETRACS25\ETRACStraining\libnew\rameses-client-menu.jar;D:\ETRACS25\ETRACStraining\libnew\rameses-client-report.jar;D:\ETRACS25\ETRACStraining\libnew\rameses-client-ui-bio.jar;D:\ETRACS25\ETRACStraining\libnew\rameses-client-ui-support.jar;D:\ETRACS25\ETRACStraining\libnew\rameses-client-ui.jar;D:\ETRACS25\ETRACStraining\libnew\rameses-common2.jar;D:\ETRACS25\ETRACStraining
Launcher Type: SUN_STANDARD

Environment Variables:
PATH=C:\Program Files (x86)\NVIDIA Corporation\PhysX\Common;C:\ProgramData\Oracle\Java\javapath;C:\Program Files (x86)\Intel\iCLS Client\;C:\Program Files\Intel\iCLS Client\;C:\Program Files (x86)\AMD APP\bin\x86_64;C:\Program Files (x86)\AMD APP\bin\x86;C:\WINDOWS\system32;C:\WINDOWS;C:\WINDOWS\System32\Wbem;C:\WINDOWS\System32\WindowsPowerShell\v1.0\;C:\Program Files (x86)\Windows Live\Shared;C:\Program Files (x86)\ATI Technologies\ATI.ACE\Core-Static;C:\Program Files\Intel\Intel(R) Management Engine Components\DAL;C:\Program Files\Intel\Intel(R) Management Engine Components\IPT;C:\Program Files (x86)\Intel\Intel(R) Management Engine Components\DAL;C:\Program Files (x86)\Intel\Intel(R) Management Engine Components\IPT;C:\Program Files (x86)\MySQL\MySQL Server 5.1\bin;C:\Program Files (x86)\Bitvise SSH Client;C:\Program Files\Microsoft SQL Server\120\Tools\Binn\;C:\Program Files (x86)\Windows Kits\10\Windows Performance Toolkit\;C:\Program Files\Microsoft SQL Server\Client SDK\ODBC\110\Tools\Binn\;C:\Program Files (x86)\Microsoft SQL Server\120\Tools\Binn\;C:\Program Files\Microsoft SQL Server\120\DTS\Binn\;C:\Program Files (x86)\QuickTime\QTSystem\;C:\Program Files\Microsoft SQL Server\130\Tools\Binn\;C:\Program Files\Git\cmd;C:\xampp\php;C:\ProgramData\ComposerSetup\bin;C:\Program Files (x86)\nodejs\;C:\Program Files\dotnet\;C:\HashiCorp\Vagrant\bin;C:\Program Files (x86)\Skype\Phone\;C:\Program Files\Amazon\AWSCLI\;C:\Program Files\MySQL\MySQL Server 5.1\bin;C:\Program Files\OpenVPN\bin;C:\Program Files\CMake\bin;C:\Program Files (x86)\Cracklock\Bin;C:\Users\rufino\.dnx\bin;C:\Users\rufino\AppData\Roaming\Composer\vendor\bin;C:\Program Files (x86)\Microsoft VS Code\bin;C:\Users\rufino\AppData\Roaming\npm;C:\Program Files\Java\jdk1.8.0_60\bin;C:\Python27
USERNAME=rufino
OS=Windows_NT
PROCESSOR_IDENTIFIER=Intel64 Family 6 Model 58 Stepping 9, GenuineIntel



---------------  S Y S T E M  ---------------

OS: Windows 10.0 , 64 bit Build 10586 (10.0.10586.589)

CPU:total 4 (2 cores per cpu, 2 threads per core) family 6 model 58 stepping 9, cmov, cx8, fxsr, mmx, sse, sse2, sse3, ssse3, sse4.1, sse4.2, popcnt, avx, aes, clmul, erms, ht, tsc, tscinvbit, tscinv

Memory: 4k page, physical 8282396k(2159816k free), swap 15622428k(4117956k free)

vm_info: Java HotSpot(TM) 64-Bit Server VM (25.60-b23) for windows-amd64 JRE (1.8.0_60-b27), built on Aug  4 2015 11:06:27 by "java_re" with MS VC++ 10.0 (VS2010)

time: Mon Mar 13 16:48:02 2017
elapsed time: 36 seconds (0d 0h 0m 36s)

