#
# A fatal error has been detected by the Java Runtime Environment:
#
#  EXCEPTION_ACCESS_VIOLATION (0xc0000005) at pc=0x00007ffc3b17eb3a, pid=11524, tid=6548
#
# JRE version: Java(TM) SE Runtime Environment (8.0_60-b27) (build 1.8.0_60-b27)
# Java VM: Java HotSpot(TM) 64-Bit Server VM (25.60-b23 mixed mode windows-amd64 compressed oops)
# Problematic frame:
# C  [jcef.dll+0x1eb3a]
#
# Failed to write core dump. Minidumps are not enabled by default on client versions of Windows
#
# If you would like to submit a bug report, please visit:
#   http://bugreport.java.com/bugreport/crash.jsp
#

---------------  T H R E A D  ---------------

Current thread (0x0000000017447000):  VMThread [stack: 0x00000000184e0000,0x00000000185e0000] [id=6548]

siginfo: ExceptionCode=0xc0000005, reading address 0x00000000000000b0

Registers:
RAX=0x0000000000000000, RBX=0x0000000000000001, RCX=0x00000000174471f8, RDX=0x000000001957f638
RSP=0x00000000185df2b0, RBP=0x0000000017355500, RSI=0x00007ffc3b22d190, RDI=0x00000000222144b0
R8 =0x0000000000000001, R9 =0x0000000000000000, R10=0x00000000185df2f8, R11=0x0000000000000064
R12=0x0000000000964e00, R13=0x0000000000000040, R14=0x0000000000964e60, R15=0x0000000000000001
RIP=0x00007ffc3b17eb3a, EFLAGS=0x0000000000010202

Top of Stack: (sp=0x00000000185df2b0)
0x00000000185df2b0:   0000000000000001 000000002132bb10
0x00000000185df2c0:   0000000000964e60 00000000008a0000
0x00000000185df2d0:   fffffffffffffffe 0000000000964e00
0x00000000185df2e0:   0000000022214440 00007ffc3b17ebe5
0x00000000185df2f0:   0000000000964e01 00000000174471f8
0x00000000185df300:   0000000000000001 00007ffc656e0abd
0x00000000185df310:   00000000221c7500 00007ffc3b1816b4
0x00000000185df320:   000000002220b380 00007ffc3b22d190
0x00000000185df330:   0000000000000001 00000000221c7500
0x00000000185df340:   0000000017355500 00007ffc3b1aabe2
0x00000000185df350:   0000000000964e60 00007ffc3b22d190
0x00000000185df360:   0000000000000001 00000000221c7500
0x00000000185df370:   0000000022243ca0 00007ffc3b1b1642
0x00000000185df380:   0000000022213ac0 0000000022213ac0
0x00000000185df390:   0000000000000001 00000000221c7500
0x00000000185df3a0:   0000000022213ac0 00007ffc17db0e40 

Instructions: (pc=0x00007ffc3b17eb3a)
0x00007ffc3b17eb1a:   48 8d 4c 24 48 e8 8c 91 00 00 90 85 c0 75 23 48
0x00007ffc3b17eb2a:   8b 4c 24 48 48 85 c9 74 19 48 8b 01 48 8b 57 a0
0x00007ffc3b17eb3a:   ff 90 b0 00 00 00 90 48 8d 4c 24 40 e8 05 85 00
0x00007ffc3b17eb4a:   00 90 48 8d 4f c8 e8 9b 51 04 00 90 4c 8b 47 b8 


Register to memory mapping:

RAX=0x0000000000000000 is an unknown value
RBX=0x0000000000000001 is an unknown value
RCX=0x00000000174471f8 is an unknown value
RDX=0x000000001957f638 is a global jni handle
RSP=0x00000000185df2b0 is an unknown value
RBP=0x0000000017355500 is an unknown value
RSI=0x00007ffc3b22d190 is an unknown value
RDI=0x00000000222144b0 is an unknown value
R8 =0x0000000000000001 is an unknown value
R9 =0x0000000000000000 is an unknown value
R10=0x00000000185df2f8 is an unknown value
R11=0x0000000000000064 is an unknown value
R12=0x0000000000964e00 is an unknown value
R13=0x0000000000000040 is an unknown value
R14=0x0000000000964e60 is an unknown value
R15=0x0000000000000001 is an unknown value


Stack: [0x00000000184e0000,0x00000000185e0000],  sp=0x00000000185df2b0,  free space=1020k
Native frames: (J=compiled Java code, j=interpreted, Vv=VM code, C=native code)
C  [jcef.dll+0x1eb3a]
C  [jcef.dll+0x1ebe5]
C  [jcef.dll+0x216b4]
C  [jcef.dll+0x4abe2]
C  [jcef.dll+0x51642]
C  [libcef.dll+0x1980e40]
C  [libcef.dll+0x227bc96]
C  [libcef.dll+0x227c048]
C  [libcef.dll+0x2283ccf]
C  [libcef.dll+0x19897be]
C  [libcef.dll+0x1985ba0]
C  [jcef.dll+0x39cc8]
C  [jcef.dll+0x3734d]
C  [jcef.dll+0x37720]
C  [jcef.dll+0x86b84]
C  [jcef.dll+0x702b7]
C  [jcef.dll+0x7055d]
C  [jcef.dll+0x6fa48]
C  [jcef.dll+0x649a3]
C  [jcef.dll+0x651a2]
C  [jcef.dll+0x65298]
C  [ntdll.dll+0x152c8]
C  [ntdll.dll+0x5b2ea]
C  [ntdll.dll+0x5b17a]
C  [KERNEL32.DLL+0x24d8a]
C  [msvcr100.dll+0x20ccd]
V  [jvm.dll+0x210a25]
V  [jvm.dll+0x249747]
V  [jvm.dll+0x2489e6]
V  [jvm.dll+0x248e81]
V  [jvm.dll+0x24909e]
V  [jvm.dll+0x299f6a]
C  [msvcr100.dll+0x21d9f]
C  [msvcr100.dll+0x21e3b]
C  [KERNEL32.DLL+0x18102]
C  [ntdll.dll+0x5c5b4]

VM_Operation (0x000000001dc6d400): Exit, mode: safepoint, requested by thread 0x000000001ac0c800


---------------  P R O C E S S  ---------------

Java Threads: ( => current thread )
  0x000000001c514000 JavaThread "Thread-8" daemon [_thread_in_native, id=11108, stack(0x0000000021bb0000,0x0000000021cb0000)]
  0x000000001c518000 JavaThread "Thread-6" daemon [_thread_in_native, id=9336, stack(0x00000000211b0000,0x00000000212b0000)]
  0x0000000002834800 JavaThread "DestroyJavaVM" [_thread_blocked, id=1572, stack(0x0000000002730000,0x0000000002830000)]
  0x000000001ac0e000 JavaThread "TimerQueue" daemon [_thread_blocked, id=12352, stack(0x000000001dc70000,0x000000001dd70000)]
  0x000000001ac0c800 JavaThread "AWT-EventQueue-0" [_thread_blocked, id=11800, stack(0x000000001db70000,0x000000001dc70000)]
  0x000000001c0e2800 JavaThread "AWT-Shutdown" [_thread_blocked, id=12348, stack(0x000000001da70000,0x000000001db70000)]
  0x0000000019584800 JavaThread "Java2D Disposer" daemon [_thread_blocked, id=532, stack(0x0000000019ca0000,0x0000000019da0000)]
  0x0000000018de8800 JavaThread "Service Thread" daemon [_thread_blocked, id=11732, stack(0x00000000191c0000,0x00000000192c0000)]
  0x000000001748b800 JavaThread "C1 CompilerThread2" daemon [_thread_blocked, id=5736, stack(0x0000000018cc0000,0x0000000018dc0000)]
  0x0000000017488800 JavaThread "C2 CompilerThread1" daemon [_thread_blocked, id=11628, stack(0x0000000018bc0000,0x0000000018cc0000)]
  0x000000001747e800 JavaThread "C2 CompilerThread0" daemon [_thread_blocked, id=14220, stack(0x0000000018ac0000,0x0000000018bc0000)]
  0x000000001747d000 JavaThread "Attach Listener" daemon [_thread_blocked, id=12548, stack(0x00000000189c0000,0x0000000018ac0000)]
  0x000000001747c000 JavaThread "Signal Dispatcher" daemon [_thread_blocked, id=12872, stack(0x00000000188c0000,0x00000000189c0000)]
  0x000000000292a800 JavaThread "Finalizer" daemon [_thread_blocked, id=12472, stack(0x00000000186e0000,0x00000000187e0000)]
  0x0000000017448800 JavaThread "Reference Handler" daemon [_thread_blocked, id=10772, stack(0x00000000185e0000,0x00000000186e0000)]

Other Threads:
=>0x0000000017447000 VMThread [stack: 0x00000000184e0000,0x00000000185e0000] [id=6548]

VM state:at safepoint (shutting down)

VM Mutex/Monitor currently owned by a thread:  ([mutex/lock_event])
[0x00000000028317d0] Threads_lock - owner thread: 0x0000000017447000

Heap:
 PSYoungGen      total 275968K, used 212924K [0x00000000d5d80000, 0x00000000e7880000, 0x0000000100000000)
  eden space 265216K, 80% used [0x00000000d5d80000,0x00000000e2d6f168,0x00000000e6080000)
  from space 10752K, 0% used [0x00000000e6c00000,0x00000000e6c00000,0x00000000e7680000)
  to   space 11776K, 0% used [0x00000000e6080000,0x00000000e6080000,0x00000000e6c00000)
 ParOldGen       total 71168K, used 14720K [0x0000000081800000, 0x0000000085d80000, 0x00000000d5d80000)
  object space 71168K, 20% used [0x0000000081800000,0x0000000082660130,0x0000000085d80000)
 Metaspace       used 26781K, capacity 27490K, committed 27776K, reserved 1073152K
  class space    used 3180K, capacity 3329K, committed 3456K, reserved 1048576K

Card table byte_map: [0x0000000011cf0000,0x00000000120f0000] byte_map_base: 0x00000000118e4000

Marking Bits: (ParMarkBitMap*) 0x000000006c22a5b0
 Begin Bits: [0x00000000127a0000, 0x0000000014740000)
 End Bits:   [0x0000000014740000, 0x00000000166e0000)

Polling page: 0x0000000000ef0000

CodeCache: size=245760Kb used=15079Kb max_used=15125Kb free=230680Kb
 bounds [0x0000000002930000, 0x0000000003820000, 0x0000000011930000]
 total_blobs=4853 nmethods=4273 adapters=490
 compilation: enabled

Compilation events (10 events):
Event: 49.156 Thread 0x0000000017488800 4955   !   4       java.util.concurrent.locks.AbstractQueuedSynchronizer::fullyRelease (54 bytes)
Event: 49.156 Thread 0x000000001748b800 4956       3       java.util.concurrent.locks.ReentrantLock::lockInterruptibly (9 bytes)
Event: 49.157 Thread 0x000000001748b800 nmethod 4956 0x0000000003127e90 code [0x0000000003128040, 0x0000000003128558]
Event: 49.157 Thread 0x000000001748b800 4957       3       java.util.concurrent.locks.AbstractQueuedSynchronizer::acquireInterruptibly (28 bytes)
Event: 49.157 Thread 0x000000001748b800 nmethod 4957 0x0000000003127710 code [0x00000000031278c0, 0x0000000003127cf8]
Event: 49.164 Thread 0x0000000017488800 nmethod 4955 0x00000000033f8410 code [0x00000000033f8560, 0x00000000033f8748]
Event: 49.166 Thread 0x000000001748b800 4958       1       java.awt.Window::getTemporaryLostComponent (5 bytes)
Event: 49.166 Thread 0x000000001748b800 nmethod 4958 0x00000000032b6e50 code [0x00000000032b6fa0, 0x00000000032b70b0]
Event: 49.166 Thread 0x000000001748b800 4959       3       java.awt.Component::setAutoFocusTransferOnDisposal (6 bytes)
Event: 49.166 Thread 0x000000001748b800 nmethod 4959 0x0000000002b04550 code [0x0000000002b046a0, 0x0000000002b047f0]

GC Heap History (10 events):
Event: 2.660 GC heap before
{Heap before GC invocations=3 (full 0):
 PSYoungGen      total 71680K, used 69930K [0x00000000d5d80000, 0x00000000da880000, 0x0000000100000000)
  eden space 66560K, 100% used [0x00000000d5d80000,0x00000000d9e80000,0x00000000d9e80000)
  from space 5120K, 65% used [0x00000000da380000,0x00000000da6cab50,0x00000000da880000)
  to   space 5120K, 0% used [0x00000000d9e80000,0x00000000d9e80000,0x00000000da380000)
 ParOldGen       total 87552K, used 24K [0x0000000081800000, 0x0000000086d80000, 0x00000000d5d80000)
  object space 87552K, 0% used [0x0000000081800000,0x0000000081806000,0x0000000086d80000)
 Metaspace       used 12455K, capacity 12700K, committed 12800K, reserved 1060864K
  class space    used 1391K, capacity 1461K, committed 1536K, reserved 1048576K
Event: 2.672 GC heap after
Heap after GC invocations=3 (full 0):
 PSYoungGen      total 71680K, used 4926K [0x00000000d5d80000, 0x00000000de980000, 0x0000000100000000)
  eden space 66560K, 0% used [0x00000000d5d80000,0x00000000d5d80000,0x00000000d9e80000)
  from space 5120K, 96% used [0x00000000d9e80000,0x00000000da34f9a0,0x00000000da380000)
  to   space 5120K, 0% used [0x00000000de480000,0x00000000de480000,0x00000000de980000)
 ParOldGen       total 87552K, used 32K [0x0000000081800000, 0x0000000086d80000, 0x00000000d5d80000)
  object space 87552K, 0% used [0x0000000081800000,0x0000000081808000,0x0000000086d80000)
 Metaspace       used 12455K, capacity 12700K, committed 12800K, reserved 1060864K
  class space    used 1391K, capacity 1461K, committed 1536K, reserved 1048576K
}
Event: 3.376 GC heap before
{Heap before GC invocations=4 (full 0):
 PSYoungGen      total 71680K, used 71486K [0x00000000d5d80000, 0x00000000de980000, 0x0000000100000000)
  eden space 66560K, 100% used [0x00000000d5d80000,0x00000000d9e80000,0x00000000d9e80000)
  from space 5120K, 96% used [0x00000000d9e80000,0x00000000da34f9a0,0x00000000da380000)
  to   space 5120K, 0% used [0x00000000de480000,0x00000000de480000,0x00000000de980000)
 ParOldGen       total 87552K, used 32K [0x0000000081800000, 0x0000000086d80000, 0x00000000d5d80000)
  object space 87552K, 0% used [0x0000000081800000,0x0000000081808000,0x0000000086d80000)
 Metaspace       used 12506K, capacity 12724K, committed 12800K, reserved 1060864K
  class space    used 1394K, capacity 1465K, committed 1536K, reserved 1048576K
Event: 3.387 GC heap after
Heap after GC invocations=4 (full 0):
 PSYoungGen      total 138240K, used 5117K [0x00000000d5d80000, 0x00000000de980000, 0x0000000100000000)
  eden space 133120K, 0% used [0x00000000d5d80000,0x00000000d5d80000,0x00000000ddf80000)
  from space 5120K, 99% used [0x00000000de480000,0x00000000de97f5d0,0x00000000de980000)
  to   space 5120K, 0% used [0x00000000ddf80000,0x00000000ddf80000,0x00000000de480000)
 ParOldGen       total 87552K, used 995K [0x0000000081800000, 0x0000000086d80000, 0x00000000d5d80000)
  object space 87552K, 1% used [0x0000000081800000,0x00000000818f8c90,0x0000000086d80000)
 Metaspace       used 12506K, capacity 12724K, committed 12800K, reserved 1060864K
  class space    used 1394K, capacity 1465K, committed 1536K, reserved 1048576K
}
Event: 4.947 GC heap before
{Heap before GC invocations=5 (full 0):
 PSYoungGen      total 138240K, used 138237K [0x00000000d5d80000, 0x00000000de980000, 0x0000000100000000)
  eden space 133120K, 100% used [0x00000000d5d80000,0x00000000ddf80000,0x00000000ddf80000)
  from space 5120K, 99% used [0x00000000de480000,0x00000000de97f5d0,0x00000000de980000)
  to   space 5120K, 0% used [0x00000000ddf80000,0x00000000ddf80000,0x00000000de480000)
 ParOldGen       total 87552K, used 995K [0x0000000081800000, 0x0000000086d80000, 0x00000000d5d80000)
  object space 87552K, 1% used [0x0000000081800000,0x00000000818f8c90,0x0000000086d80000)
 Metaspace       used 16286K, capacity 16510K, committed 16768K, reserved 1064960K
  class space    used 1790K, capacity 1887K, committed 1920K, reserved 1048576K
Event: 4.964 GC heap after
Heap after GC invocations=5 (full 0):
 PSYoungGen      total 138240K, used 5116K [0x00000000d5d80000, 0x00000000e7680000, 0x0000000100000000)
  eden space 133120K, 0% used [0x00000000d5d80000,0x00000000d5d80000,0x00000000ddf80000)
  from space 5120K, 99% used [0x00000000ddf80000,0x00000000de47f370,0x00000000de480000)
  to   space 10752K, 0% used [0x00000000e6c00000,0x00000000e6c00000,0x00000000e7680000)
 ParOldGen       total 87552K, used 6986K [0x0000000081800000, 0x0000000086d80000, 0x00000000d5d80000)
  object space 87552K, 7% used [0x0000000081800000,0x0000000081ed2bb8,0x0000000086d80000)
 Metaspace       used 16286K, capacity 16510K, committed 16768K, reserved 1064960K
  class space    used 1790K, capacity 1887K, committed 1920K, reserved 1048576K
}
Event: 5.929 GC heap before
{Heap before GC invocations=6 (full 0):
 PSYoungGen      total 138240K, used 48061K [0x00000000d5d80000, 0x00000000e7680000, 0x0000000100000000)
  eden space 133120K, 32% used [0x00000000d5d80000,0x00000000d8770408,0x00000000ddf80000)
  from space 5120K, 99% used [0x00000000ddf80000,0x00000000de47f370,0x00000000de480000)
  to   space 10752K, 0% used [0x00000000e6c00000,0x00000000e6c00000,0x00000000e7680000)
 ParOldGen       total 87552K, used 6986K [0x0000000081800000, 0x0000000086d80000, 0x00000000d5d80000)
  object space 87552K, 7% used [0x0000000081800000,0x0000000081ed2bb8,0x0000000086d80000)
 Metaspace       used 20838K, capacity 21178K, committed 21248K, reserved 1069056K
  class space    used 2403K, capacity 2524K, committed 2560K, reserved 1048576K
Event: 5.945 GC heap after
Heap after GC invocations=6 (full 0):
 PSYoungGen      total 275968K, used 8387K [0x00000000d5d80000, 0x00000000e7880000, 0x0000000100000000)
  eden space 265216K, 0% used [0x00000000d5d80000,0x00000000d5d80000,0x00000000e6080000)
  from space 10752K, 78% used [0x00000000e6c00000,0x00000000e7430e98,0x00000000e7680000)
  to   space 11776K, 0% used [0x00000000e6080000,0x00000000e6080000,0x00000000e6c00000)
 ParOldGen       total 87552K, used 6994K [0x0000000081800000, 0x0000000086d80000, 0x00000000d5d80000)
  object space 87552K, 7% used [0x0000000081800000,0x0000000081ed4bb8,0x0000000086d80000)
 Metaspace       used 20838K, capacity 21178K, committed 21248K, reserved 1069056K
  class space    used 2403K, capacity 2524K, committed 2560K, reserved 1048576K
}
Event: 5.945 GC heap before
{Heap before GC invocations=7 (full 1):
 PSYoungGen      total 275968K, used 8387K [0x00000000d5d80000, 0x00000000e7880000, 0x0000000100000000)
  eden space 265216K, 0% used [0x00000000d5d80000,0x00000000d5d80000,0x00000000e6080000)
  from space 10752K, 78% used [0x00000000e6c00000,0x00000000e7430e98,0x00000000e7680000)
  to   space 11776K, 0% used [0x00000000e6080000,0x00000000e6080000,0x00000000e6c00000)
 ParOldGen       total 87552K, used 6994K [0x0000000081800000, 0x0000000086d80000, 0x00000000d5d80000)
  object space 87552K, 7% used [0x0000000081800000,0x0000000081ed4bb8,0x0000000086d80000)
 Metaspace       used 20838K, capacity 21178K, committed 21248K, reserved 1069056K
  class space    used 2403K, capacity 2524K, committed 2560K, reserved 1048576K
Event: 6.042 GC heap after
Heap after GC invocations=7 (full 1):
 PSYoungGen      total 275968K, used 0K [0x00000000d5d80000, 0x00000000e7880000, 0x0000000100000000)
  eden space 265216K, 0% used [0x00000000d5d80000,0x00000000d5d80000,0x00000000e6080000)
  from space 10752K, 0% used [0x00000000e6c00000,0x00000000e6c00000,0x00000000e7680000)
  to   space 11776K, 0% used [0x00000000e6080000,0x00000000e6080000,0x00000000e6c00000)
 ParOldGen       total 71168K, used 14720K [0x0000000081800000, 0x0000000085d80000, 0x00000000d5d80000)
  object space 71168K, 20% used [0x0000000081800000,0x0000000082660130,0x0000000085d80000)
 Metaspace       used 20838K, capacity 21178K, committed 21248K, reserved 1069056K
  class space    used 2403K, capacity 2524K, committed 2560K, reserved 1048576K
}

Deoptimization events (10 events):
Event: 45.320 Thread 0x000000001ac0c800 Uncommon trap: reason=bimorphic action=maybe_recompile pc=0x000000000378d7e4 method=java.awt.Component.getGraphics()Ljava/awt/Graphics; @ 114
Event: 46.614 Thread 0x000000001ac0c800 Uncommon trap: reason=unstable_if action=reinterpret pc=0x0000000003739fd0 method=java.awt.EventQueue.cacheEQItem(Lsun/awt/EventQueueItem;)V @ 23
Event: 46.616 Thread 0x000000001ac0c800 Uncommon trap: reason=unstable_if action=reinterpret pc=0x0000000002fbef54 method=java.awt.EventQueue.uncacheEQItem(Lsun/awt/EventQueueItem;)V @ 23
Event: 49.155 Thread 0x000000001ac0c800 Uncommon trap: reason=unstable_if action=reinterpret pc=0x0000000002b47944 method=java.util.ArrayList.rangeCheck(I)V @ 5
Event: 49.156 Thread 0x00000000190eb000 Uncommon trap: reason=unstable_if action=reinterpret pc=0x0000000002bf9c54 method=java.util.concurrent.locks.AbstractQueuedSynchronizer.acquireQueued(Ljava/util/concurrent/locks/AbstractQueuedSynchronizer$Node;I)Z @ 17
Event: 49.156 Thread 0x000000001c515800 Uncommon trap: reason=unstable_if action=reinterpret pc=0x000000000341f718 method=java.util.concurrent.locks.AbstractQueuedSynchronizer$ConditionObject.addConditionWaiter()Ljava/util/concurrent/locks/AbstractQueuedSynchronizer$Node; @ 15
Event: 49.156 Thread 0x000000001c517000 Uncommon trap: reason=unstable_if action=reinterpret pc=0x0000000003349a30 method=java.util.concurrent.locks.ReentrantLock$Sync.nonfairTryAcquire(I)Z @ 19
Event: 49.168 Thread 0x000000001ac0c800 Uncommon trap: reason=unstable_if action=reinterpret pc=0x000000000370eb70 method=sun.awt.AWTAutoShutdown.isReadyToShutdown()Z @ 16
Event: 49.168 Thread 0x000000001960a800 Uncommon trap: reason=unstable_if action=reinterpret pc=0x00000000037a0cd4 method=sun.awt.AWTAutoShutdown.isReadyToShutdown()Z @ 16
Event: 49.173 Thread 0x00000000190e3000 Uncommon trap: reason=unstable_if action=reinterpret pc=0x00000000033f86cc method=java.util.concurrent.locks.ReentrantLock$Sync.tryRelease(I)Z @ 14

Internal exceptions (10 events):
Event: 12.101 Thread 0x000000001ac0c800 Exception <a 'java/security/PrivilegedActionException'> (0x00000000dcd8d5c8) thrown at [C:\re\workspace\8-2-build-windows-amd64-cygwin\jdk8u60\4407\hotspot\src\share\vm\prims\jvm.cpp, line 1386]
Event: 12.101 Thread 0x000000001ac0c800 Exception <a 'java/security/PrivilegedActionException'> (0x00000000dcd8dba8) thrown at [C:\re\workspace\8-2-build-windows-amd64-cygwin\jdk8u60\4407\hotspot\src\share\vm\prims\jvm.cpp, line 1386]
Event: 12.101 Thread 0x000000001ac0c800 Exception <a 'java/security/PrivilegedActionException'> (0x00000000dcd991a0) thrown at [C:\re\workspace\8-2-build-windows-amd64-cygwin\jdk8u60\4407\hotspot\src\share\vm\prims\jvm.cpp, line 1386]
Event: 12.101 Thread 0x000000001ac0c800 Exception <a 'java/security/PrivilegedActionException'> (0x00000000dcd99780) thrown at [C:\re\workspace\8-2-build-windows-amd64-cygwin\jdk8u60\4407\hotspot\src\share\vm\prims\jvm.cpp, line 1386]
Event: 12.128 Thread 0x000000001ac0c800 Exception <a 'java/lang/ClassNotFoundException': TagabukidConnectControllerBeanInfo> (0x00000000dd17d628) thrown at [C:\re\workspace\8-2-build-windows-amd64-cygwin\jdk8u60\4407\hotspot\src\share\vm\classfile\systemDictionary.cpp, line 210]
Event: 12.129 Thread 0x000000001ac0c800 Exception <a 'java/lang/ClassNotFoundException': TagabukidConnectControllerCustomizer> (0x00000000dd1b2740) thrown at [C:\re\workspace\8-2-build-windows-amd64-cygwin\jdk8u60\4407\hotspot\src\share\vm\classfile\systemDictionary.cpp, line 210]
Event: 12.311 Thread 0x000000001ac0c800 Exception <a 'java/lang/ClassNotFoundException': Script1BeanInfo> (0x00000000dea6ee78) thrown at [C:\re\workspace\8-2-build-windows-amd64-cygwin\jdk8u60\4407\hotspot\src\share\vm\classfile\systemDictionary.cpp, line 210]
Event: 12.312 Thread 0x000000001ac0c800 Exception <a 'java/lang/ClassNotFoundException': Script1Customizer> (0x00000000dea848e8) thrown at [C:\re\workspace\8-2-build-windows-amd64-cygwin\jdk8u60\4407\hotspot\src\share\vm\classfile\systemDictionary.cpp, line 210]
Event: 45.204 Thread 0x000000001ac0c800 Exception <a 'java/lang/reflect/InvocationTargetException'> (0x00000000e200ba10) thrown at [C:\re\workspace\8-2-build-windows-amd64-cygwin\jdk8u60\4407\hotspot\src\share\vm\runtime\reflection.cpp, line 1092]
Event: 45.204 Thread 0x000000001ac0c800 Exception <a 'java/lang/IllegalStateException'> (0x00000000e200b5c8) thrown at [C:\re\workspace\8-2-build-windows-amd64-cygwin\jdk8u60\4407\hotspot\src\share\vm\prims\jni.cpp, line 709]

Events (10 events):
Event: 49.175 Executing VM operation: BulkRevokeBias done
Event: 49.175 Thread 0x00000000190e9000 Thread exited: 0x00000000190e9000
Event: 49.175 Executing VM operation: BulkRevokeBias
Event: 49.175 Executing VM operation: BulkRevokeBias done
Event: 49.175 Thread 0x000000001c516800 Thread exited: 0x000000001c516800
Event: 49.175 Thread 0x00000000190e6000 Thread exited: 0x00000000190e6000
Event: 49.175 Thread 0x00000000190e5000 Thread exited: 0x00000000190e5000
Event: 49.175 Thread 0x00000000190e4800 Thread exited: 0x00000000190e4800
Event: 49.274 Thread 0x00000000190ef000 Thread exited: 0x00000000190ef000
Event: 49.274 Executing VM operation: Exit


Dynamic libraries:
0x00007ff63d190000 - 0x00007ff63d1c7000 	C:\Program Files\Java\jdk1.8.0_60\jre\bin\java.exe
0x00007ffc656c0000 - 0x00007ffc65881000 	C:\WINDOWS\SYSTEM32\ntdll.dll
0x00007ffc62f60000 - 0x00007ffc6300d000 	C:\WINDOWS\system32\KERNEL32.DLL
0x00007ffc61ef0000 - 0x00007ffc620d8000 	C:\WINDOWS\system32\KERNELBASE.dll
0x00007ffc63590000 - 0x00007ffc63637000 	C:\WINDOWS\system32\ADVAPI32.dll
0x00007ffc62da0000 - 0x00007ffc62e3d000 	C:\WINDOWS\system32\msvcrt.dll
0x00007ffc630d0000 - 0x00007ffc6312b000 	C:\WINDOWS\system32\sechost.dll
0x00007ffc62e40000 - 0x00007ffc62f5c000 	C:\WINDOWS\system32\RPCRT4.dll
0x00007ffc62c30000 - 0x00007ffc62d86000 	C:\WINDOWS\system32\USER32.dll
0x00007ffc63130000 - 0x00007ffc632b6000 	C:\WINDOWS\system32\GDI32.dll
0x00007ffc57310000 - 0x00007ffc57584000 	C:\WINDOWS\WinSxS\amd64_microsoft.windows.common-controls_6595b64144ccf1df_6.0.10586.839_none_a2ddba30a539a2ae\COMCTL32.dll
0x00007ffc65370000 - 0x00007ffc655ed000 	C:\WINDOWS\system32\combase.dll
0x00007ffc61dd0000 - 0x00007ffc61e3a000 	C:\WINDOWS\system32\bcryptPrimitives.dll
0x00007ffc63090000 - 0x00007ffc630cb000 	C:\WINDOWS\system32\IMM32.DLL
0x000000006b940000 - 0x000000006ba12000 	C:\Program Files\Java\jdk1.8.0_60\jre\bin\msvcr100.dll
0x000000006ba20000 - 0x000000006c2a9000 	C:\Program Files\Java\jdk1.8.0_60\jre\bin\server\jvm.dll
0x00007ffc62d90000 - 0x00007ffc62d98000 	C:\WINDOWS\system32\PSAPI.DLL
0x00007ffc5e020000 - 0x00007ffc5e043000 	C:\WINDOWS\SYSTEM32\WINMM.dll
0x00007ffc60650000 - 0x00007ffc6065a000 	C:\WINDOWS\SYSTEM32\VERSION.dll
0x00007ffc4ec60000 - 0x00007ffc4ec69000 	C:\WINDOWS\SYSTEM32\WSOCK32.dll
0x00007ffc63640000 - 0x00007ffc636ab000 	C:\WINDOWS\system32\WS2_32.dll
0x0000000000870000 - 0x000000000089c000 	C:\WINDOWS\SYSTEM32\WINMMBASE.dll
0x00007ffc62230000 - 0x00007ffc62273000 	C:\WINDOWS\system32\cfgmgr32.dll
0x000000006d9b0000 - 0x000000006d9bf000 	C:\Program Files\Java\jdk1.8.0_60\jre\bin\verify.dll
0x000000006b8d0000 - 0x000000006b8f9000 	C:\Program Files\Java\jdk1.8.0_60\jre\bin\java.dll
0x000000006b8b0000 - 0x000000006b8c6000 	C:\Program Files\Java\jdk1.8.0_60\jre\bin\zip.dll
0x00007ffc63b50000 - 0x00007ffc650ac000 	C:\WINDOWS\system32\SHELL32.dll
0x00007ffc62280000 - 0x00007ffc628c4000 	C:\WINDOWS\system32\windows.storage.dll
0x00007ffc636c0000 - 0x00007ffc63712000 	C:\WINDOWS\system32\shlwapi.dll
0x00007ffc61d30000 - 0x00007ffc61d3f000 	C:\WINDOWS\system32\kernel.appcore.dll
0x00007ffc62170000 - 0x00007ffc62225000 	C:\WINDOWS\system32\shcore.dll
0x00007ffc61ce0000 - 0x00007ffc61d2b000 	C:\WINDOWS\system32\powrprof.dll
0x00007ffc61d50000 - 0x00007ffc61d64000 	C:\WINDOWS\system32\profapi.dll
0x000000006b6d0000 - 0x000000006b868000 	C:\Program Files\Java\jdk1.8.0_60\jre\bin\awt.dll
0x00007ffc655f0000 - 0x00007ffc656b6000 	C:\WINDOWS\system32\OLEAUT32.dll
0x00007ffc5fbd0000 - 0x00007ffc5fc49000 	C:\WINDOWS\system32\apphelp.dll
0x00007ffc5fdd0000 - 0x00007ffc5fe66000 	C:\WINDOWS\system32\uxtheme.dll
0x00007ffc63430000 - 0x00007ffc6358a000 	C:\WINDOWS\system32\MSCTF.dll
0x00007ffc5f320000 - 0x00007ffc5f342000 	C:\WINDOWS\system32\dwmapi.dll
0x00007ffc62ac0000 - 0x00007ffc62c03000 	C:\WINDOWS\system32\ole32.dll
0x000000006b680000 - 0x000000006b6c7000 	C:\Program Files\Java\jdk1.8.0_60\jre\bin\fontmanager.dll
0x000000006b890000 - 0x000000006b8aa000 	C:\Program Files\Java\jdk1.8.0_60\jre\bin\net.dll
0x00007ffc615b0000 - 0x00007ffc6160c000 	C:\WINDOWS\system32\mswsock.dll
0x000000006b870000 - 0x000000006b881000 	C:\Program Files\Java\jdk1.8.0_60\jre\bin\nio.dll
0x000000006b280000 - 0x000000006b2b1000 	C:\Program Files\Java\jdk1.8.0_60\jre\bin\jpeg.dll
0x00007ffc61660000 - 0x00007ffc61677000 	C:\WINDOWS\SYSTEM32\CRYPTSP.dll
0x00007ffc612f0000 - 0x00007ffc61324000 	C:\WINDOWS\system32\rsaenh.dll
0x00007ffc61c20000 - 0x00007ffc61c49000 	C:\WINDOWS\SYSTEM32\bcrypt.dll
0x00007ffc61440000 - 0x00007ffc6145f000 	C:\WINDOWS\SYSTEM32\USERENV.dll
0x00007ffc61780000 - 0x00007ffc6178b000 	C:\WINDOWS\SYSTEM32\CRYPTBASE.dll
0x00007ffc5e5e0000 - 0x00007ffc5e618000 	C:\WINDOWS\SYSTEM32\IPHLPAPI.DLL
0x00007ffc636b0000 - 0x00007ffc636b8000 	C:\WINDOWS\system32\NSI.dll
0x00007ffc58ab0000 - 0x00007ffc58ac6000 	C:\WINDOWS\SYSTEM32\dhcpcsvc6.DLL
0x00007ffc589c0000 - 0x00007ffc589da000 	C:\WINDOWS\SYSTEM32\dhcpcsvc.DLL
0x000000006b2c0000 - 0x000000006b2e4000 	C:\Program Files\Java\jdk1.8.0_60\jre\bin\sunec.dll
0x00007ffc4eb20000 - 0x00007ffc4eb36000 	C:\WINDOWS\system32\napinsp.dll
0x00007ffc4dbe0000 - 0x00007ffc4dbfa000 	C:\WINDOWS\system32\pnrpnsp.dll
0x00007ffc5f460000 - 0x00007ffc5f478000 	C:\WINDOWS\system32\NLAapi.dll
0x00007ffc5fd20000 - 0x00007ffc5fdca000 	C:\WINDOWS\SYSTEM32\DNSAPI.dll
0x00007ffc4db00000 - 0x00007ffc4db0d000 	C:\WINDOWS\System32\winrnr.dll
0x000000006d980000 - 0x000000006d9a6000 	C:\Program Files\Bonjour\mdnsNSP.dll
0x00007ffc52cc0000 - 0x00007ffc52cd5000 	C:\WINDOWS\System32\wshbth.dll
0x00007ffc4eb00000 - 0x00007ffc4eb0a000 	C:\Windows\System32\rasadhlp.dll
0x00007ffc59190000 - 0x00007ffc591f7000 	C:\WINDOWS\System32\fwpuclnt.dll
0x000000006b630000 - 0x000000006b672000 	C:\Program Files\Java\jdk1.8.0_60\jre\bin\t2k.dll
0x00007ffc652c0000 - 0x00007ffc65367000 	C:\WINDOWS\system32\clbcatq.dll
0x00007ffc5e620000 - 0x00007ffc5e7d1000 	C:\WINDOWS\SYSTEM32\WindowsCodecs.dll
0x00007ffc5ef70000 - 0x00007ffc5f218000 	C:\WINDOWS\system32\d3d11.dll
0x00007ffc5ee70000 - 0x00007ffc5ef12000 	C:\WINDOWS\system32\dxgi.dll
0x000000006b2f0000 - 0x000000006b2f7000 	C:\Program Files\Java\jdk1.8.0_60\jre\bin\jawt.dll
0x00007ffc3d510000 - 0x00007ffc3d5a4000 	D:\java-cef\src\binary_distrib\win64\bin\lib\win64\chrome_elf.dll
0x00007ffc16430000 - 0x00007ffc1bd8b000 	D:\java-cef\src\binary_distrib\win64\bin\lib\win64\libcef.dll
0x00007ffc632c0000 - 0x00007ffc633cb000 	C:\WINDOWS\system32\COMDLG32.dll
0x00007ffc620e0000 - 0x00007ffc62166000 	C:\WINDOWS\system32\FirewallAPI.dll
0x00007ffc57170000 - 0x00007ffc571da000 	C:\WINDOWS\SYSTEM32\OLEACC.dll
0x00007ffc5ed70000 - 0x00007ffc5ed83000 	C:\WINDOWS\SYSTEM32\WTSAPI32.dll
0x00007ffc62aa0000 - 0x00007ffc62ab7000 	C:\WINDOWS\system32\NETAPI32.dll
0x00007ffc628d0000 - 0x00007ffc62a98000 	C:\WINDOWS\system32\CRYPT32.dll
0x00007ffc61d40000 - 0x00007ffc61d50000 	C:\WINDOWS\system32\MSASN1.dll
0x00007ffc61d70000 - 0x00007ffc61dc5000 	C:\WINDOWS\system32\WINTRUST.dll
0x00007ffc60ec0000 - 0x00007ffc6104c000 	C:\WINDOWS\SYSTEM32\dbghelp.dll
0x00007ffc3b0f0000 - 0x00007ffc3b108000 	C:\WINDOWS\SYSTEM32\USP10.dll
0x00007ffc28ea0000 - 0x00007ffc28ed6000 	C:\WINDOWS\SYSTEM32\credui.dll
0x00007ffc3d470000 - 0x00007ffc3d509000 	C:\WINDOWS\SYSTEM32\CRYPTUI.dll
0x00007ffc5a0d0000 - 0x00007ffc5a32e000 	C:\WINDOWS\SYSTEM32\DWrite.dll
0x00007ffc61850000 - 0x00007ffc61877000 	C:\WINDOWS\SYSTEM32\ncrypt.dll
0x00007ffc60660000 - 0x00007ffc6066c000 	C:\WINDOWS\SYSTEM32\Secur32.dll
0x00007ffc5e800000 - 0x00007ffc5e8c7000 	C:\WINDOWS\SYSTEM32\WINHTTP.dll
0x00007ffc580e0000 - 0x00007ffc58297000 	C:\WINDOWS\SYSTEM32\urlmon.dll
0x00007ffc572e0000 - 0x00007ffc572ec000 	C:\WINDOWS\SYSTEM32\DAVHLPR.DLL
0x00007ffc3e3d0000 - 0x00007ffc3e5e0000 	C:\WINDOWS\SYSTEM32\d3d9.dll
0x00007ffc3e3a0000 - 0x00007ffc3e3c3000 	C:\WINDOWS\SYSTEM32\dxva2.dll
0x00007ffc59b60000 - 0x00007ffc59be4000 	C:\WINDOWS\SYSTEM32\WINSPOOL.DRV
0x00007ffc54340000 - 0x00007ffc54361000 	C:\WINDOWS\SYSTEM32\FONTSUB.dll
0x00007ffc61810000 - 0x00007ffc6184a000 	C:\WINDOWS\SYSTEM32\NTASN1.dll
0x00007ffc5aa40000 - 0x00007ffc5adc9000 	C:\WINDOWS\SYSTEM32\iertutil.dll
0x00007ffc595d0000 - 0x00007ffc595e9000 	C:\WINDOWS\SYSTEM32\SAMCLI.DLL
0x00007ffc610f0000 - 0x00007ffc610fc000 	C:\WINDOWS\SYSTEM32\NETUTILS.DLL
0x00007ffc61960000 - 0x00007ffc6198d000 	C:\WINDOWS\SYSTEM32\SSPICLI.DLL
0x00007ffc600e0000 - 0x00007ffc60112000 	C:\WINDOWS\SYSTEM32\fwbase.dll
0x00007ffc3b160000 - 0x00007ffc3b23d000 	D:\java-cef\src\binary_distrib\win64\bin\lib\win64\jcef.dll
0x00007ffc63720000 - 0x00007ffc63b49000 	C:\WINDOWS\system32\SETUPAPI.dll
0x00007ffc60e90000 - 0x00007ffc60eb7000 	C:\WINDOWS\SYSTEM32\DEVOBJ.dll
0x00007ffc59ad0000 - 0x00007ffc59b58000 	C:\WINDOWS\system32\audioses.dll
0x00007ffc5c3e0000 - 0x00007ffc5c450000 	C:\WINDOWS\system32\MMDevAPI.DLL
0x00007ffc5dcb0000 - 0x00007ffc5dde6000 	C:\WINDOWS\SYSTEM32\wintypes.dll
0x00007ffc5e390000 - 0x00007ffc5e516000 	C:\WINDOWS\system32\PROPSYS.dll
0x000000006b5a0000 - 0x000000006b5ca000 	C:\Program Files\Java\jdk1.8.0_60\jre\bin\dcpr.dll
0x00007ffc2e8f0000 - 0x00007ffc2e981000 	C:\WINDOWS\SYSTEM32\mscms.dll
0x00007ffc61bb0000 - 0x00007ffc61c06000 	C:\WINDOWS\SYSTEM32\WINSTA.dll
0x00007ffc5e050000 - 0x00007ffc5e0db000 	C:\WINDOWS\system32\directmanipulation.dll
0x00007ffc56210000 - 0x00007ffc56220000 	C:\WINDOWS\SYSTEM32\atlthunk.dll
0x00007ffc603b0000 - 0x00007ffc603d4000 	C:\WINDOWS\SYSTEM32\gpapi.dll
0x00007ffc517e0000 - 0x00007ffc5180f000 	C:\WINDOWS\SYSTEM32\cryptnet.dll
0x00007ffc59660000 - 0x00007ffc5966b000 	C:\WINDOWS\SYSTEM32\WINNSI.DLL
0x00007ffc51f20000 - 0x00007ffc51fca000 	C:\WINDOWS\WinSxS\amd64_microsoft.windows.common-controls_6595b64144ccf1df_5.82.10586.0_none_396e892957c7fb25\comctl32.dll

VM Arguments:
jvm_args: -Dfile.encoding=UTF-8 -Djava.library.path=D:\java-cef\src\binary_distrib\win64\bin\lib\win64 
java_command: Main
java_class_path (initial): D:\ETRACS25\ETRACStraining\libnew\RXTXcomm.jar;D:\ETRACS25\ETRACStraining\libnew\SigPlus2_60.jar;D:\ETRACS25\ETRACStraining\libnew\activation.jar;D:\ETRACS25\ETRACStraining\libnew\antlr-runtime-3.1.3.jar;D:\ETRACS25\ETRACStraining\libnew\anubis-cms2.jar;D:\ETRACS25\ETRACStraining\libnew\barbecue-1.5.jar;D:\ETRACS25\ETRACStraining\libnew\client-system.jar;D:\ETRACS25\ETRACStraining\libnew\client-ui-extended.jar;D:\ETRACS25\ETRACStraining\libnew\commons-beanutils-1.8.0.jar;D:\ETRACS25\ETRACStraining\libnew\commons-collections-3.2.1.jar;D:\ETRACS25\ETRACStraining\libnew\commons-digester-1.7.jar;D:\ETRACS25\ETRACStraining\libnew\commons-fileupload-1.2.1.jar;D:\ETRACS25\ETRACStraining\libnew\commons-io-1.4.jar;D:\ETRACS25\ETRACStraining\libnew\commons-lang-2.5.jar;D:\ETRACS25\ETRACStraining\libnew\commons-logging-1.1.jar;D:\ETRACS25\ETRACStraining\libnew\db-dialect.jar;D:\ETRACS25\ETRACStraining\libnew\dpuareu.jar;D:\ETRACS25\ETRACStraining\libnew\drools-api-5.1.1.jar;D:\ETRACS25\ETRACStraining\libnew\drools-compiler-5.1.1.jar;D:\ETRACS25\ETRACStraining\libnew\drools-core-5.1.1.jar;D:\ETRACS25\ETRACStraining\libnew\drools-decisiontables-5.1.1.jar;D:\ETRACS25\ETRACStraining\libnew\ezmorph-1.0.6.jar;D:\ETRACS25\ETRACStraining\libnew\groovy-all-1.5.5.jar;D:\ETRACS25\ETRACStraining\libnew\guava-14.0-rc1.jar;D:\ETRACS25\ETRACStraining\libnew\itext-1.3.1.jar;D:\ETRACS25\ETRACStraining\libnew\itextpdf-5.1.2.jar;D:\ETRACS25\ETRACStraining\libnew\janino-2.5.15.jar;D:\ETRACS25\ETRACStraining\libnew\jasperreports-3.0.0.jar;D:\ETRACS25\ETRACStraining\libnew\jcommon-1.0.0.jar;D:\ETRACS25\ETRACStraining\libnew\jdt-compiler-3.1.1.jar;D:\ETRACS25\ETRACStraining\libnew\jetty-continuation-8.1.3.v20120416.jar;D:\ETRACS25\ETRACStraining\libnew\jetty-http-8.1.3.v20120416.jar;D:\ETRACS25\ETRACStraining\libnew\jetty-io-8.1.3.v20120416.jar;D:\ETRACS25\ETRACStraining\libnew\jetty-security-8.1.3.v20120416.jar;D:\ETRACS25\ETRACStraining\libnew\jetty-server-8.1.3.v20120
Launcher Type: SUN_STANDARD

Environment Variables:
PATH=C:\Program Files (x86)\NVIDIA Corporation\PhysX\Common;C:\ProgramData\Oracle\Java\javapath;C:\Program Files (x86)\Intel\iCLS Client\;C:\Program Files\Intel\iCLS Client\;C:\Program Files (x86)\AMD APP\bin\x86_64;C:\Program Files (x86)\AMD APP\bin\x86;C:\WINDOWS\system32;C:\WINDOWS;C:\WINDOWS\System32\Wbem;C:\WINDOWS\System32\WindowsPowerShell\v1.0\;C:\Program Files (x86)\Windows Live\Shared;C:\Program Files (x86)\ATI Technologies\ATI.ACE\Core-Static;C:\Program Files\Intel\Intel(R) Management Engine Components\DAL;C:\Program Files\Intel\Intel(R) Management Engine Components\IPT;C:\Program Files (x86)\Intel\Intel(R) Management Engine Components\DAL;C:\Program Files (x86)\Intel\Intel(R) Management Engine Components\IPT;C:\Program Files (x86)\MySQL\MySQL Server 5.1\bin;C:\Program Files (x86)\Bitvise SSH Client;C:\Program Files\Microsoft SQL Server\120\Tools\Binn\;C:\Program Files (x86)\Windows Kits\10\Windows Performance Toolkit\;C:\Program Files\Microsoft SQL Server\Client SDK\ODBC\110\Tools\Binn\;C:\Program Files (x86)\Microsoft SQL Server\120\Tools\Binn\;C:\Program Files\Microsoft SQL Server\120\DTS\Binn\;C:\Program Files (x86)\QuickTime\QTSystem\;C:\Program Files\Microsoft SQL Server\130\Tools\Binn\;C:\Program Files\Git\cmd;C:\xampp\php;C:\ProgramData\ComposerSetup\bin;C:\Program Files (x86)\nodejs\;C:\Program Files\dotnet\;C:\HashiCorp\Vagrant\bin;C:\Program Files (x86)\Skype\Phone\;C:\Program Files\Amazon\AWSCLI\;C:\Program Files\MySQL\MySQL Server 5.1\bin;C:\Program Files\OpenVPN\bin;C:\Program Files\CMake\bin;C:\Program Files (x86)\Cracklock\Bin;C:\Users\rufino\.dnx\bin;C:\Users\rufino\AppData\Roaming\Composer\vendor\bin;C:\Program Files (x86)\Microsoft VS Code\bin;C:\Users\rufino\AppData\Roaming\npm;C:\Program Files\Java\jdk1.8.0_60\bin;C:\Python27
USERNAME=rufino
OS=Windows_NT
PROCESSOR_IDENTIFIER=Intel64 Family 6 Model 58 Stepping 9, GenuineIntel



---------------  S Y S T E M  ---------------

OS: Windows 10.0 , 64 bit Build 10586 (10.0.10586.589)

CPU:total 4 (2 cores per cpu, 2 threads per core) family 6 model 58 stepping 9, cmov, cx8, fxsr, mmx, sse, sse2, sse3, ssse3, sse4.1, sse4.2, popcnt, avx, aes, clmul, erms, ht, tsc, tscinvbit, tscinv

Memory: 4k page, physical 8282396k(2498520k free), swap 15884572k(7497332k free)

vm_info: Java HotSpot(TM) 64-Bit Server VM (25.60-b23) for windows-amd64 JRE (1.8.0_60-b27), built on Aug  4 2015 11:06:27 by "java_re" with MS VC++ 10.0 (VS2010)

time: Thu May 25 10:31:30 2017
elapsed time: 49 seconds (0d 0h 0m 49s)

